bca650c4c15e3d94cafdbf98ba223377  Lane1_flowcellA_Sample_JR716_Peril_L43_E14-5_whole_brain_wtM1_CAGATC.R1.fastq.gz
ff128a2b83d2b57d028b1e10bf8fa6f2  Lane1_flowcellA_Sample_JR716_Peril_L43_E14-5_whole_brain_wtM1_CAGATC.R2.fastq.gz
2e25bf4b8ec50616931153979d884644  Lane1_flowcellA_Sample_JR717_Peril_L43_E14-5_whole_brain_wtF3_ACTTGA.R1.fastq.gz
5e07ce03a30d2de42743b89f7feb4cb9  Lane1_flowcellA_Sample_JR717_Peril_L43_E14-5_whole_brain_wtF3_ACTTGA.R2.fastq.gz
e5a95f0aa0ee045b18dbed79cfb4cae1  Lane1_flowcellA_Sample_JR718_Peril_L43_E14-5_whole_brain_koM4_GATCAG.R1.fastq.gz
c158a4d93a7aa0426a7cf6cf38741e91  Lane1_flowcellA_Sample_JR718_Peril_L43_E14-5_whole_brain_koM4_GATCAG.R2.fastq.gz
ed1ae1a8e6762cfa052c2eed2cfda8d5  Lane1_flowcellA_Sample_JR719_Peril_L43_E14-5_whole_brain_wtM8_TAGCTT.R1.fastq.gz
ab3fb5ce93991fec2edffb684d149871  Lane1_flowcellA_Sample_JR719_Peril_L43_E14-5_whole_brain_wtM8_TAGCTT.R2.fastq.gz
cd3db4ad70fbf03c2b0ad738919920e1  Lane1_flowcellA_Sample_JR720_Peril_L43_E14-5_whole_brain_koF9_GGCTAC.R1.fastq.gz
817257bc2da217e9571c0591d504c46f  Lane1_flowcellA_Sample_JR720_Peril_L43_E14-5_whole_brain_koF9_GGCTAC.R2.fastq.gz
2fd5be5ffe4a8dd801d8d76f36a95088  Lane1_flowcellA_Sample_JR721_Peril_L43_E14-5_whole_brain_koF10_CTTGTA.R1.fastq.gz
ed8a4cb433623f1edc4e44cc83ffb4ab  Lane1_flowcellA_Sample_JR721_Peril_L43_E14-5_whole_brain_koF10_CTTGTA.R2.fastq.gz
11e171a43ff1f01b660911eb3c37fe1d  Lane1_flowcellA_Sample_JR734_linc-Evi1_190-3_A27_WT-F_adult_brain_CGATGT.R1.fastq.gz
3a88b85bec21ef9631474678611810f6  Lane1_flowcellA_Sample_JR734_linc-Evi1_190-3_A27_WT-F_adult_brain_CGATGT.R2.fastq.gz
c0816e19d583d23c454b58eeb2d24ba9  Lane1_flowcellA_Sample_JR735_linc-HoxA1_290-4_A29_WT-M_adult_brain_TGACCA.R1.fastq.gz
1140dae62de1eae5297a5a3c58a9bf43  Lane1_flowcellA_Sample_JR735_linc-HoxA1_290-4_A29_WT-M_adult_brain_TGACCA.R2.fastq.gz
7d5373204081a72e1a7b1af708cb4f51  Lane1_flowcellA_Sample_JR736_linc-Enc1_299-4_A5_KO-M_adult_brain_CAGATC.R1.fastq.gz
5a5aa8785cc7b7e78c94a5cfa94b54dd  Lane1_flowcellA_Sample_JR736_linc-Enc1_299-4_A5_KO-M_adult_brain_CAGATC.R2.fastq.gz
0857a419e3a3f088959ec4e67eb8e94c  Lane1_flowcellA_Sample_JR737_linc-Evi1_190-5_A17_KO-M_adult_brain_GTCCGC.R1.fastq.gz
bccade8a291b2e8ca05f87915e08706f  Lane1_flowcellA_Sample_JR737_linc-Evi1_190-5_A17_KO-M_adult_brain_GTCCGC.R2.fastq.gz
813b0990729d560c453e9507d9183c27  Lane1_flowcellA_Sample_JR738_linc-HoxA1_290-3_A18_KO-F_adult_brain_CCGTCC.R1.fastq.gz
9bea9d61f45e2d8c27520664692ba726  Lane1_flowcellA_Sample_JR738_linc-HoxA1_290-3_A18_KO-F_adult_brain_CCGTCC.R2.fastq.gz
68dd7689a29cd6c085dc85471fc5507b  Lane1_flowcellA_Sample_JR739_linc-Insig2_315-1_A9_KO-M_adult_brain_GTTTCG.R1.fastq.gz
98bb59dd871c8cdcb2cee518f81dce73  Lane1_flowcellA_Sample_JR739_linc-Insig2_315-1_A9_KO-M_adult_brain_GTTTCG.R2.fastq.gz
e99d3a6fe43f044c9a5eec15a1c7e963  Lane1_flowcellA_Sample_JR740_linc-Egfr_339-6_A3_WT-F_adult_brain_ATCACG.R1.fastq.gz
34b033ab4c3dd59a4c91d1e2f46314b4  Lane1_flowcellA_Sample_JR740_linc-Egfr_339-6_A3_WT-F_adult_brain_ATCACG.R2.fastq.gz
a084cf6e4b9dd13ca712e8d8f4830f39  Lane1_flowcellA_Sample_JR741_linc-Irx5_299-4_A6_KO-M_adult_brain_ACTTGA.R1.fastq.gz
9bb9462905dbb92bb4c431ab26a3b4f8  Lane1_flowcellA_Sample_JR741_linc-Irx5_299-4_A6_KO-M_adult_brain_ACTTGA.R2.fastq.gz
e494b162cbdcc7657cd004d844341a96  Lane1_flowcellA_Sample_JR742_linc-Jarid1c_301-3_A38_KO-F_adult_brain_TAGCTT.R1.fastq.gz
ce7ca0e9cac37b15511651b763b3f30c  Lane1_flowcellA_Sample_JR742_linc-Jarid1c_301-3_A38_KO-F_adult_brain_TAGCTT.R2.fastq.gz
cdfeadfc3c67a9553c33c7ab4626e079  Lane1_flowcellA_Sample_JR743_linc-p21_260-1_A11_KO-M_adult_brain_GGCTAC.R1.fastq.gz
7b0e3c12bdc98b7135d4f0ba61b0039a  Lane1_flowcellA_Sample_JR743_linc-p21_260-1_A11_KO-M_adult_brain_GGCTAC.R2.fastq.gz
8c5749e8b9c5f383b72c83120b53239f  Lane1_flowcellA_Sample_JR744_linc-Sox2_351-8_A16_KO-M_adult_brain_GTCCGC.R1.fastq.gz
1f5ef608f2d6facdbc89f033f5e21497  Lane1_flowcellA_Sample_JR744_linc-Sox2_351-8_A16_KO-M_adult_brain_GTCCGC.R2.fastq.gz
d1feb07cc480424c9353a1a2b54cc919  Lane1_flowcellA_Sample_JR745_Tug1_200-3_A26_KO-M_adult_brain_ACTGAT.R1.fastq.gz
fa0564b8694686c190e10b1d8da50fa9  Lane1_flowcellA_Sample_JR745_Tug1_200-3_A26_KO-M_adult_brain_ACTGAT.R2.fastq.gz
e76d962be2cadfe70bcb05a4dd4dc7a2  Lane1_flowcellA_Sample_JR746_linc-Jarid1c_L12-7_WT-M_E14.5_brain_ACAGTG.R1.fastq.gz
4048f476436170ad269671b09f402201  Lane1_flowcellA_Sample_JR746_linc-Jarid1c_L12-7_WT-M_E14.5_brain_ACAGTG.R2.fastq.gz
a18f526af9d858b1919e5c7a10bee2bd  Lane1_flowcellA_Sample_JR747_linc-Jarid1c_L13-2_KO-F_E14.5_brain_GCCAAT.R1.fastq.gz
131d0fda84d8346ac27ef8a3697948ae  Lane1_flowcellA_Sample_JR747_linc-Jarid1c_L13-2_KO-F_E14.5_brain_GCCAAT.R2.fastq.gz
6f2cfed1bb4d9cfe7602ade275886d67  Lane1_flowcellA_Sample_JR748_linc-p21_L17-2_WT-F_E14.5_brain_CTTGTA.R1.fastq.gz
5303427c817f0d824a46e33d0639503f  Lane1_flowcellA_Sample_JR748_linc-p21_L17-2_WT-F_E14.5_brain_CTTGTA.R2.fastq.gz
4c18df941aa416ce55383f930b86971a  Lane1_flowcellA_Sample_JR749_linc-p21_L17-3_KO-M_E14.5_brain_AGTCAA.R1.fastq.gz
1439c6d886257ac963566c0968e317aa  Lane1_flowcellA_Sample_JR749_linc-p21_L17-3_KO-M_E14.5_brain_AGTCAA.R2.fastq.gz
4c09f350e7619e4150312c9708a203f5  Lane1_flowcellA_Sample_JR750_linc-Evi1_L19-1_WT-F_E14.5_brain_GTGAAA.R1.fastq.gz
6bbd4379d8e7bc7ee06eed4088e4d1a1  Lane1_flowcellA_Sample_JR750_linc-Evi1_L19-1_WT-F_E14.5_brain_GTGAAA.R2.fastq.gz
db2ea39b7d188c7f48ec149e6f074338  Lane1_flowcellA_Sample_JR751_linc-Evi1_L19-7_KO-F_E14.5_brain_GAGTGG.R1.fastq.gz
a28f0aef0605c3761df1f486ce08df21  Lane1_flowcellA_Sample_JR751_linc-Evi1_L19-7_KO-F_E14.5_brain_GAGTGG.R2.fastq.gz
69c17bbef7d309ac680e4e7529ba67ae  Lane1_flowcellA_Sample_JR752_linc-Enc1_L12-1_KO-F_E14_5_brain_CGATGT.R1.fastq.gz
8209260665f9e6be5ff0fb7e8d6b3021  Lane1_flowcellA_Sample_JR752_linc-Enc1_L12-1_KO-F_E14_5_brain_CGATGT.R2.fastq.gz
dba3ad8e7b0823b53f35c00d4fb207da  Lane1_flowcellA_Sample_JR753_linc-Enc1_L12-4_WT-M_E14_5_brain_TGACCA.R1.fastq.gz
872dcdc908aa568ee49831493aa06d60  Lane1_flowcellA_Sample_JR753_linc-Enc1_L12-4_WT-M_E14_5_brain_TGACCA.R2.fastq.gz
3545f949760c804da107322fcbdd8a8b  Lane1_flowcellA_Sample_JR754_linc-HoxA1_L1-6_KO-F_E14_5_brain_CAGATC.R1.fastq.gz
898c1ae81dd5d56ccfde2ba7c9598d19  Lane1_flowcellA_Sample_JR754_linc-HoxA1_L1-6_KO-F_E14_5_brain_CAGATC.R2.fastq.gz
2870314c7caff645d2450e4c073ccafa  Lane1_flowcellA_Sample_JR755_linc-HoxA1_L1-7_WT-F_E14_5_brain_GATCAG.R1.fastq.gz
0fcb6bfb6bab8aa46b2a137e373bf20b  Lane1_flowcellA_Sample_JR755_linc-HoxA1_L1-7_WT-F_E14_5_brain_GATCAG.R2.fastq.gz
267ac7312e6c8a5564606da3df69da40  Lane1_flowcellA_Sample_JR756_Tug1_L12-3_WT-F_E14_5_brain_CCGTCC.R1.fastq.gz
e8bf6a16ea34b2fada0ce6b7aef829b4  Lane1_flowcellA_Sample_JR756_Tug1_L12-3_WT-F_E14_5_brain_CCGTCC.R2.fastq.gz
ae02dfe2bc9b145c5ecfaeed124eb45e  Lane1_flowcellA_Sample_JR757_Tug1_L12-4_KO-F_E14_5_brain_GTTTCG.R1.fastq.gz
3af7a74cdc5161a5d7d3fb3fe7c91ea5  Lane1_flowcellA_Sample_JR757_Tug1_L12-4_KO-F_E14_5_brain_GTTTCG.R2.fastq.gz
2dce6f06a659b02051667590a3fa7cba  Lane1_flowcellA_Sample_JR758_linc-Brn1b_L42-3_KO-F_E14_5_brain_ATCACG.R1.fastq.gz
bb37d895de44faad500ba5d7556adb10  Lane1_flowcellA_Sample_JR758_linc-Brn1b_L42-3_KO-F_E14_5_brain_ATCACG.R2.fastq.gz
e0066496de26f61d4848f83e79ce2763  Lane1_flowcellA_Sample_JR759_linc-HoxA1_L2-8_KO-M_E14_5_brain_ACTTGA.R1.fastq.gz
2dbe1e5af1d22240297d7ded9c2371c3  Lane1_flowcellA_Sample_JR759_linc-HoxA1_L2-8_KO-M_E14_5_brain_ACTTGA.R2.fastq.gz
a94f711460115b9d5e16518d0fb19c1b  Lane1_flowcellA_Sample_JR760_linc-Insig2_L27-4_KO-F_E14_5_brain_TAGCTT.R1.fastq.gz
139476c99a9e2ee373b17fc8e39aae35  Lane1_flowcellA_Sample_JR760_linc-Insig2_L27-4_KO-F_E14_5_brain_TAGCTT.R2.fastq.gz
22bb179205b72cb3d512582f233d5f59  Lane1_flowcellA_Sample_JR761_linc-Insig2_L27-7_WT-M_E14_5_brain_GGCTAC.R1.fastq.gz
16e153007d5d199caa989bf4f6042d3f  Lane1_flowcellA_Sample_JR761_linc-Insig2_L27-7_WT-M_E14_5_brain_GGCTAC.R2.fastq.gz
455c9cf10514cec9afe773fa7f494069  Lane1_flowcellA_Sample_JR762_linc-Jarid1c_L12-1_WT-M_E14_5_brain_GTCCGC.R1.fastq.gz
703b8adf8a000c550785f9755117f206  Lane1_flowcellA_Sample_JR762_linc-Jarid1c_L12-1_WT-M_E14_5_brain_GTCCGC.R2.fastq.gz
c205f2358814cb832ff6d9de8533ed97  Lane1_flowcellA_Sample_JR764_linc-Brn1b_L42-6_KO-M_E14_5_brain_ACAGTG.R1.fastq.gz
9b941e80f8915821eaecf478f75e4ef8  Lane1_flowcellA_Sample_JR764_linc-Brn1b_L42-6_KO-M_E14_5_brain_ACAGTG.R2.fastq.gz
c68f0c66420af9f1f64d4b19f4a17eea  Lane1_flowcellA_Sample_JR767_linc-HoxA1_L2-6_KO-M_E14_5_brain_AGTCAA.R1.fastq.gz
52ac25ac6770c78dbb7841855cf6b28d  Lane1_flowcellA_Sample_JR767_linc-HoxA1_L2-6_KO-M_E14_5_brain_AGTCAA.R2.fastq.gz
a2389208f56ce3bfd1b1f78fef475bb6  Lane1_flowcellA_Sample_JR768_linc-HoxA1_L2-7_WT-M_E14_5_brain_GTGAAA.R1.fastq.gz
a9d487de38cf686c8a4e55ac49064057  Lane1_flowcellA_Sample_JR768_linc-HoxA1_L2-7_WT-M_E14_5_brain_GTGAAA.R2.fastq.gz
58f99d13c689835f421bb38a43483e32  Lane1_flowcellA_Sample_JR770_linc-Enc1_L12-5_KO-F_E14_5_brain_CGATGT.R1.fastq.gz
af1dd219a9e92516cab3aa5af2c7a0c0  Lane1_flowcellA_Sample_JR770_linc-Enc1_L12-5_KO-F_E14_5_brain_CGATGT.R2.fastq.gz
6c9ab0f5335e951069d7bf37eb397260  Lane1_flowcellA_Sample_JR771_linc-Evi1_L20-3_WT-F_E14_5_brain_TGACCA.R1.fastq.gz
e3bd7e5b686eeb2097dd226c8820ebfc  Lane1_flowcellA_Sample_JR771_linc-Evi1_L20-3_WT-F_E14_5_brain_TGACCA.R2.fastq.gz
1edc50d1d71f647f82b998b35c9cc851  Lane1_flowcellA_Sample_JR772_linc-Evi1_L20-4_KO-F_E14_5_brain_CAGATC.R1.fastq.gz
df2a2babbebb040311dd87a4ba7ffb59  Lane1_flowcellA_Sample_JR772_linc-Evi1_L20-4_KO-F_E14_5_brain_CAGATC.R2.fastq.gz
28b95ce31069af76578f47750927fd9e  Lane1_flowcellA_Sample_JR773_linc-Insig2_L23-7_KO-F_E14_5_brain_GATCAG.R1.fastq.gz
90d004edb9bc9ee2b319270166018dfa  Lane1_flowcellA_Sample_JR773_linc-Insig2_L23-7_KO-F_E14_5_brain_GATCAG.R2.fastq.gz
4c21e66816318c1fed6ece705a8ec362  Lane1_flowcellA_Sample_JR774_linc-Jarid1c_L12-2_WT-M_E14_5_brain_CCGTCC.R1.fastq.gz
f30f68c6ac7d31b9f032db36cbb2cbb5  Lane1_flowcellA_Sample_JR774_linc-Jarid1c_L12-2_WT-M_E14_5_brain_CCGTCC.R2.fastq.gz
280c7392425e53115271ee05c6833118  Lane1_flowcellA_Sample_JR775_linc-Jarid1c_L12-8_KO-M_E14_5_brain_GTTTCG.R1.fastq.gz
ecaca4f846c2ec89f8aa82f49fc9ccf3  Lane1_flowcellA_Sample_JR775_linc-Jarid1c_L12-8_KO-M_E14_5_brain_GTTTCG.R2.fastq.gz
a7c5c2d16a8728a511d49102f9470b0d  Lane1_flowcellA_Sample_JR776_linc-Cox2_153-3_A13_KO-M_adult_brain_ATCACG.R1.fastq.gz
d7dc7cd99033fe94ea98064e3e1471c6  Lane1_flowcellA_Sample_JR776_linc-Cox2_153-3_A13_KO-M_adult_brain_ATCACG.R2.fastq.gz
a28c6426de2efb80520daaf9e37dd330  Lane1_flowcellA_Sample_JR777_linc-Egfr_340-4_A33_KO-M_adult_brain_ACTTGA.R1.fastq.gz
c714ef4a2cf46af5c4a746f1ed966f63  Lane1_flowcellA_Sample_JR777_linc-Egfr_340-4_A33_KO-M_adult_brain_ACTTGA.R2.fastq.gz
ddcb9698df2852338c3808e6cd7e1c0c  Lane1_flowcellA_Sample_JR778_linc-Enc1_300-7_A25_WT-M_adult_brain_TAGCTT.R1.fastq.gz
735b590c4b9001e8e831a6ecc1bb9ba4  Lane1_flowcellA_Sample_JR778_linc-Enc1_300-7_A25_WT-M_adult_brain_TAGCTT.R2.fastq.gz
a201ae1e51bfa14fb6cfc002bb287371  Lane1_flowcellA_Sample_JR779_linc-Enc1_300-4_A21_KO-F_adult_brain_GGCTAC.R1.fastq.gz
7c435678d6986e9ae3d27aad74d2f4e0  Lane1_flowcellA_Sample_JR779_linc-Enc1_300-4_A21_KO-F_adult_brain_GGCTAC.R2.fastq.gz
516ba530ae1c82036b8bd8be4eb5d703  Lane1_flowcellA_Sample_JR780_linc-Evi1_190-4_A20_KO-M_adult_brain_ACTGAT.R1.fastq.gz
9ff3a0a119cc1f4f64663b9f47d00914  Lane1_flowcellA_Sample_JR780_linc-Evi1_190-4_A20_KO-M_adult_brain_ACTGAT.R2.fastq.gz
641de4c9ee9eb4d9efa774df9b57f421  Lane1_flowcellA_Sample_JR781_linc-P21_261-2_A51_WT-M_adult_brain_ACAGTG.R1.fastq.gz
a023f96a626450a95afd0c4795a67ccc  Lane1_flowcellA_Sample_JR781_linc-P21_261-2_A51_WT-M_adult_brain_ACAGTG.R2.fastq.gz
529269f9d2f448ad1f405e5d79086700  Lane1_flowcellA_Sample_JR782_linc-HoxA1_290-5_A22_KO-M_adult_brain_GCCAAT.R1.fastq.gz
0602bf651e54c67b88ce4ad8269ef8a3  Lane1_flowcellA_Sample_JR782_linc-HoxA1_290-5_A22_KO-M_adult_brain_GCCAAT.R2.fastq.gz
806dbd4ff2fd3191c06f7b2b327fb745  Lane1_flowcellA_Sample_JR783_linc-Insig2_315-2_A10_KO-F_adult_brain_CTTGTA.R1.fastq.gz
2a677260c4023f355c733e0883fade1a  Lane1_flowcellA_Sample_JR783_linc-Insig2_315-2_A10_KO-F_adult_brain_CTTGTA.R2.fastq.gz
79b7eca1ed33615d12d9e7f48e0573d3  Lane1_flowcellA_Sample_JR784_linc-Irx5_300-2_A57_KO-M_adult_brain_AGTCAA.R1.fastq.gz
6c01c029b82885d98e127fcc2114ee24  Lane1_flowcellA_Sample_JR784_linc-Irx5_300-2_A57_KO-M_adult_brain_AGTCAA.R2.fastq.gz
445d107b31661ffb7a6b96d6e1f18417  Lane1_flowcellA_Sample_JR785_linc-Irx5_301-2_A55_WT-F_adult_brain_GTGAAA.R1.fastq.gz
fb1994a1cfbe6604de20a7be00a5c954  Lane1_flowcellA_Sample_JR785_linc-Irx5_301-2_A55_WT-F_adult_brain_GTGAAA.R2.fastq.gz
a9a99f2ff451f0c013602a3d0f2d693e  Lane1_flowcellA_Sample_JR786_linc-p21_260-8_A12_KO-F_adult_brain_GAGTGG.R1.fastq.gz
586e7cf22e1d3567b243892e6554b928  Lane1_flowcellA_Sample_JR786_linc-p21_260-8_A12_KO-F_adult_brain_GAGTGG.R2.fastq.gz
34e78042cb7f135fce2085635d05381d  Lane1_flowcellA_Sample_JR787_linc-Egfr_L6-4_KO-M_E14_5_brain_CGATGT.R1.fastq.gz
5cd0db5fd153e1b80ba568d3ca6d5303  Lane1_flowcellA_Sample_JR787_linc-Egfr_L6-4_KO-M_E14_5_brain_CGATGT.R2.fastq.gz
1e6db7969830c936e3c38ead27c69ced  Lane1_flowcellA_Sample_JR788_linc-Evi1_L23-4_KO-M_E14_5_brain_ATCACG.R1.fastq.gz
19b3b2275a5ad0802612e919b7d1914a  Lane1_flowcellA_Sample_JR788_linc-Evi1_L23-4_KO-M_E14_5_brain_ATCACG.R2.fastq.gz
5e6fe83d7b0de2f38700cb4ca0502456  Lane1_flowcellA_Sample_JR789_linc-Irx5_L20-5_WT-M_E14_5_brain_ACTTGA.R1.fastq.gz
2cb622eac4477b23ee75900531172252  Lane1_flowcellA_Sample_JR789_linc-Irx5_L20-5_WT-M_E14_5_brain_ACTTGA.R2.fastq.gz
720feed171e88554ba627ec6e71956e6  Lane1_flowcellA_Sample_JR790_linc-Irx5_L20-7_KO-M_E14_5_brain_TAGCTT.R1.fastq.gz
7fcb58e0bb30e78554e515b7d0b3ba48  Lane1_flowcellA_Sample_JR790_linc-Irx5_L20-7_KO-M_E14_5_brain_TAGCTT.R2.fastq.gz
ac553284b57743397309b269e8ae083a  Lane1_flowcellA_Sample_JR792_linc-Sox2_L49-2_KO-F_E14_5_brain_ACTGAT.R1.fastq.gz
77ee2da5ca94ad03f57e685feb98160e  Lane1_flowcellA_Sample_JR792_linc-Sox2_L49-2_KO-F_E14_5_brain_ACTGAT.R2.fastq.gz
7f7d8071612c0b5ec4774b6a02bf7405  Lane1_flowcellA_Sample_JR793_linc-Irx5_L20-2_KO-F_E14_5_brain_GATCAG.R1.fastq.gz
5335180d219abf2139a88b278ccec389  Lane1_flowcellA_Sample_JR793_linc-Irx5_L20-2_KO-F_E14_5_brain_GATCAG.R2.fastq.gz
f049d2cc24fb49859fce266eab706424  Lane1_flowcellA_Sample_JR796_linc-Brn1a_318-3_A28_WT-M_adult_brain_ACAGTG.R1.fastq.gz
bb5fba71b006d78eb94f6ee99043ab23  Lane1_flowcellA_Sample_JR796_linc-Brn1a_318-3_A28_WT-M_adult_brain_ACAGTG.R2.fastq.gz
461e92eef03b659d8028b306c39bb56c  Lane1_flowcellA_Sample_JR797_linc-Brn1b_385-6_A49_WT-M_adult_brain_GCCAAT.R1.fastq.gz
b408289aa33ea7680480fb47149e3567  Lane1_flowcellA_Sample_JR797_linc-Brn1b_385-6_A49_WT-M_adult_brain_GCCAAT.R2.fastq.gz
ae143d7437d1fd16876e175a3d407e6f  Lane1_flowcellA_Sample_JR798_linc-Cox2_171-1_A44_KO-F_adult_brain_CTTGTA.R1.fastq.gz
f9863426c811eec5e06019c00f7f75db  Lane1_flowcellA_Sample_JR798_linc-Cox2_171-1_A44_KO-F_adult_brain_CTTGTA.R2.fastq.gz
513785f335785f445000c5279915b0ae  Lane1_flowcellA_Sample_JR799_linc-Egfr_340-1_A34_KO-F_adult_brain_AGTCAA.R1.fastq.gz
86b9a8ce9cd1dc90683ef62bb320e418  Lane1_flowcellA_Sample_JR799_linc-Egfr_340-1_A34_KO-F_adult_brain_AGTCAA.R2.fastq.gz
838033ef1fd8c2faf1e0d68be4cea4ed  Lane1_flowcellA_Sample_JR800_linc-Enc1_300-3_A24_WT-M_adult_brain_GTGAAA.R1.fastq.gz
dbb3d8d9ac462451883f2844ec531f73  Lane1_flowcellA_Sample_JR800_linc-Enc1_300-3_A24_WT-M_adult_brain_GTGAAA.R2.fastq.gz
8586f9e859d53d1f8f18aeec4533da8e  Lane1_flowcellA_Sample_JR801_linc-Evi1_192-2_A46_KO-M_adult_brain_GAGTGG.R1.fastq.gz
143226a76610e239aa3fe412db117a2f  Lane1_flowcellA_Sample_JR801_linc-Evi1_192-2_A46_KO-M_adult_brain_GAGTGG.R2.fastq.gz
fbce8b52161237cc43e8cd607d0c4a75  Lane1_flowcellA_Sample_JR802_linc-Evi1_192-5_A52_WT-F_adult_brain_CGATGT.R1.fastq.gz
ed8301b5be315f3ebb91b8e8ba7616a3  Lane1_flowcellA_Sample_JR802_linc-Evi1_192-5_A52_WT-F_adult_brain_CGATGT.R2.fastq.gz
76f28937f800975ce8c027f988fdbaa7  Lane1_flowcellA_Sample_JR803_linc-HoxA1_289-4_A1_WT-M_adult_brain_TGACCA.R1.fastq.gz
180fa0a6887bc9414705992794b03675  Lane1_flowcellA_Sample_JR803_linc-HoxA1_289-4_A1_WT-M_adult_brain_TGACCA.R2.fastq.gz
df8e4477ee902f8a4f0112341f94c2f6  Lane1_flowcellA_Sample_JR804_linc-Insig2_316-5_A42_KO-M_adult_brain_CAGATC.R1.fastq.gz
639e1963844613205a729887d41ac38c  Lane1_flowcellA_Sample_JR804_linc-Insig2_316-5_A42_KO-M_adult_brain_CAGATC.R2.fastq.gz
5ea5023ca0b241938fee6423590e913c  Lane1_flowcellA_Sample_JR805_linc-P21_261-6_A47_KO-M_adult_brain_GATCAG.R1.fastq.gz
f81d8a31201e3cbb74f1db4186643051  Lane1_flowcellA_Sample_JR805_linc-P21_261-6_A47_KO-M_adult_brain_GATCAG.R2.fastq.gz
93b777691a58a578e51842783d8ed028  Lane1_flowcellA_Sample_JR806_linc-Sox2_351-4_A15_KO-M_adult_brain_CCGTCC.R1.fastq.gz
ce95c4f7c11d7c308e5b4dc0fe3fba56  Lane1_flowcellA_Sample_JR806_linc-Sox2_351-4_A15_KO-M_adult_brain_CCGTCC.R2.fastq.gz
6a8b9943dbf8b9ecdf6240e672287846  Lane1_flowcellA_Sample_JR807_Tug1_201-3_A31_KO-M_adult_brain_GTTTCG.R1.fastq.gz
aef6f66a8d97a4a251f45ba33a249aa6  Lane1_flowcellA_Sample_JR807_Tug1_201-3_A31_KO-M_adult_brain_GTTTCG.R2.fastq.gz
6cebb769aa320795a0523d2246ada0bf  Lane1_flowcellA_Sample_JR808_linc-Brn1b_L43-5_KO-M_E14_5_brain_ACAGTG.R1.fastq.gz
951c20668bc3eee5dbef115c4ac47b3f  Lane1_flowcellA_Sample_JR808_linc-Brn1b_L43-5_KO-M_E14_5_brain_ACAGTG.R2.fastq.gz
00a8d51ef980d1782fe8262f175153ab  Lane1_flowcellA_Sample_JR809_linc-Cox2_L1-3_KO-F_E14_5_brain_GCCAAT.R1.fastq.gz
9f81a7bfa93c944797b5d3c846743f4a  Lane1_flowcellA_Sample_JR809_linc-Cox2_L1-3_KO-F_E14_5_brain_GCCAAT.R2.fastq.gz
fca4dc820c51ea31775f8f7334ee73e1  Lane1_flowcellA_Sample_JR810_linc-Egfr_L6-5_KO-F_E14_5_brain_CTTGTA.R1.fastq.gz
d4df93e8a67271027b2181dd26e154ff  Lane1_flowcellA_Sample_JR810_linc-Egfr_L6-5_KO-F_E14_5_brain_CTTGTA.R2.fastq.gz
3f87c056a0500fb302389eeb0b92dc77  Lane1_flowcellA_Sample_JR811_linc-HoxA1_L2-3_WT-M_E14_5_brain_AGTCAA.R1.fastq.gz
a896ae010fd423956edeb830b0a400ab  Lane1_flowcellA_Sample_JR811_linc-HoxA1_L2-3_WT-M_E14_5_brain_AGTCAA.R2.fastq.gz
05e18d82f53ce6ce89dfbb9f9be5bb9d  Lane1_flowcellA_Sample_JR812_linc-Jarid1c_L13-4_KO-M_E14_5_brain_GTGAAA.R1.fastq.gz
a20b362a03cceab05050136f0c0dd759  Lane1_flowcellA_Sample_JR812_linc-Jarid1c_L13-4_KO-M_E14_5_brain_GTGAAA.R2.fastq.gz
7ca3ca5370db4773d1f66175963b255e  Lane1_flowcellA_Sample_JR814_linc-p21_20-3_KO-F_E14_5_brain_CGATGT.R1.fastq.gz
b0e2b190b6707090a5e921db029b6e46  Lane1_flowcellA_Sample_JR814_linc-p21_20-3_KO-F_E14_5_brain_CGATGT.R2.fastq.gz
717509299b7118ef2db7b91801ae1bd2  Lane1_flowcellA_Sample_JR815_linc-Irx5_L20-1_WT-F_E14_5_brain_TGACCA.R1.fastq.gz
cef6c749f171a9899fd4fbc33a80207f  Lane1_flowcellA_Sample_JR815_linc-Irx5_L20-1_WT-F_E14_5_brain_TGACCA.R2.fastq.gz
346f53000ea27b8cfbc397ad65d540ed  Lane1_flowcellA_Sample_JR816_linc-Cox2_L1-5_KO-M_E14_5_brain_CAGATC.R1.fastq.gz
eb59e34b33433f730cc3a4cf0951716b  Lane1_flowcellA_Sample_JR816_linc-Cox2_L1-5_KO-M_E14_5_brain_CAGATC.R2.fastq.gz
f943d8d006b6852a2cbad26bfad1cb11  Lane1_flowcellA_Sample_JR819_linc-Jarid1c_301-4_A39_KO-M_adult_brain_TAGCTT.R1.fastq.gz
a839fd86e92f99b47f6c090fcf71eabb  Lane1_flowcellA_Sample_JR819_linc-Jarid1c_301-4_A39_KO-M_adult_brain_TAGCTT.R2.fastq.gz
78e6742960839c9468235db9fcfb2786  Lane1_flowcellA_Sample_JR820_linc-Jarid1c_308-1_A59_WT-M_adult_brain_GGCTAC.R1.fastq.gz
7bd1dc2a71f139b295237c2ce9e53797  Lane1_flowcellA_Sample_JR820_linc-Jarid1c_308-1_A59_WT-M_adult_brain_GGCTAC.R2.fastq.gz
b30ea6ea3a14cc1bcd77b79f25d09f06  Lane1_flowcellA_Sample_JR821_linc-Jarid1c_308-10_A58_WT-M_adult_brain_GTCCGC.R1.fastq.gz
4811102cab627d1ff20edd11a6f25ea9  Lane1_flowcellA_Sample_JR821_linc-Jarid1c_308-10_A58_WT-M_adult_brain_GTCCGC.R2.fastq.gz
5fba9b7388ffbba0c604e693dbf64c78  Lane1_flowcellA_Sample_JR822_linc-Sox2_8_A61_KO-M_adult_brain_ACTGAT.R1.fastq.gz
515f469eedb37a7683b5a0b8d7629e2b  Lane1_flowcellA_Sample_JR822_linc-Sox2_8_A61_KO-M_adult_brain_ACTGAT.R2.fastq.gz
bb33473c3b0a3de26b517c7187624bc6  Lane1_flowcellA_Sample_JR823_linc-Jarid1c_301-7_A37_KO-F_adult_brain_ACAGTG.R1.fastq.gz
a8c671de460f564a2fd109d568b5d123  Lane1_flowcellA_Sample_JR823_linc-Jarid1c_301-7_A37_KO-F_adult_brain_ACAGTG.R2.fastq.gz
ef1ce38600a1d4ded2c9a869c210955f  Lane1_flowcellA_Sample_JR824_linc-Jarid1c_300-3_A60_WT-M_adult_brain_GCCAAT.R1.fastq.gz
e2b972ba9f27a05339282ea8487f76a4  Lane1_flowcellA_Sample_JR824_linc-Jarid1c_300-3_A60_WT-M_adult_brain_GCCAAT.R2.fastq.gz
0a1cadfd319be153f184a98df108fc93  Lane1_flowcellA_Sample_JR825_linc-Enc1_301-4_A45_KO-M_adult_brain_CTTGTA.R1.fastq.gz
48ddd3d71f0825859308d49a2ad05315  Lane1_flowcellA_Sample_JR825_linc-Enc1_301-4_A45_KO-M_adult_brain_CTTGTA.R2.fastq.gz
35ec64beb4e2e3f40018111ac20618c6  Lane1_flowcellA_Sample_JR826_linc-HoxA1_291-3_A43_KO-F_adult_brain_AGTCAA.R1.fastq.gz
48761193254615e5044aa75ba404d08f  Lane1_flowcellA_Sample_JR826_linc-HoxA1_291-3_A43_KO-F_adult_brain_AGTCAA.R2.fastq.gz
9c719f5ec4d83d5e9c2c894baeb3f41d  Lane1_flowcellA_Sample_JR827_linc-Enc1_300-5_A35_WT-F_adult_brain_GTGAAA.R1.fastq.gz
f9f5659d4d419d48ed05a86446b76825  Lane1_flowcellA_Sample_JR827_linc-Enc1_300-5_A35_WT-F_adult_brain_GTGAAA.R2.fastq.gz
2c451d270047175011a24bac3437ef0b  Lane1_flowcellA_Sample_JR829_linc-Cox2_L2-2_KO-M_E14_5_brain_CCGTCC.R1.fastq.gz
d5c2de5efecf91c995b77f01036ea52c  Lane1_flowcellA_Sample_JR829_linc-Cox2_L2-2_KO-M_E14_5_brain_CCGTCC.R2.fastq.gz
7021b90a4fa29ecbce82ffbd3ca71e7c  Lane1_flowcellA_Sample_JR830_linc-Irx5_L21-10_KO-F_E14_5_brain_GTTTCG.R1.fastq.gz
263b74d7d282c3b7f8a1d464d70d5ebf  Lane1_flowcellA_Sample_JR830_linc-Irx5_L21-10_KO-F_E14_5_brain_GTTTCG.R2.fastq.gz
6d358d9caf3acc171749cbb079084ab9  Lane1_flowcellA_Sample_JR835linc-Brn1b_386-4A62_KO-F_adultbrain_CGATGT.R1.fastq.gz
c57342da160b4e9aab6fa232454c534e  Lane1_flowcellA_Sample_JR835linc-Brn1b_386-4A62_KO-F_adultbrain_CGATGT.R2.fastq.gz
d7234324280440aa79a650fcca8c60bb  Lane1_flowcellA_Sample_JR836linc-Brn1b_386-8A63_KO-F_adultbrain_TGACCA.R1.fastq.gz
2ec2070a161483cfc95da6715c15ae42  Lane1_flowcellA_Sample_JR836linc-Brn1b_386-8A63_KO-F_adultbrain_TGACCA.R2.fastq.gz
913996113ff77cdf78c457886e002a38  Lane1_flowcellA_Sample_JR837linc-Brn1a_320-4A64_KO-M_adultbrain_CAGATC.R1.fastq.gz
fb64d7308f58e2a5aa0e77e6803048e9  Lane1_flowcellA_Sample_JR837linc-Brn1a_320-4A64_KO-M_adultbrain_CAGATC.R2.fastq.gz
b63e4980df7f745c698c4c98ced73b23  Lane1_flowcellA_Sample_JR838linc-Egfr_L9-4_KO-M_E14_5brain_GATCAG.R1.fastq.gz
872abade85327b22090815d3f1c4fe35  Lane1_flowcellA_Sample_JR838linc-Egfr_L9-4_KO-M_E14_5brain_GATCAG.R2.fastq.gz
fcd8c27a0b4f4f51dccaab4e41650a2c  Lane1_flowcellA_Sample_JR839linc-Enc1_L17-1_KO-M_E14_5brain_CCGTCC.R1.fastq.gz
96030f393fb4d16cfe50acb9cf89200a  Lane1_flowcellA_Sample_JR839linc-Enc1_L17-1_KO-M_E14_5brain_CCGTCC.R2.fastq.gz
6af29777c6c4957918e3628d58ff09a0  Lane1_flowcellA_Sample_JR857Tug1_L13-8_KO-M_E14_5brain_GTTTCG.R1.fastq.gz
5ae7c71cf1071a361ca4e99386ab0ecf  Lane1_flowcellA_Sample_JR857Tug1_L13-8_KO-M_E14_5brain_GTTTCG.R2.fastq.gz
72a9138e3a3dc9ba7a92fee1dc9f91f8  Lane1_flowcellA_Sample_JR858_linc-Brn1a_L38-4_KO-F_E14_5_brain_ATCACG.R1.fastq.gz
a57e03cf9023092fa4a710c3641a172c  Lane1_flowcellA_Sample_JR858_linc-Brn1a_L38-4_KO-F_E14_5_brain_ATCACG.R2.fastq.gz
b4e1a34481fa8ad204eaf26aa82d7bcb  Lane1_flowcellA_Sample_JR859_linc-Brn1a_L39-2_KO-M_E14_5_brain_ACTTGA.R1.fastq.gz
91b858da3418669760e39d57396cddf2  Lane1_flowcellA_Sample_JR859_linc-Brn1a_L39-2_KO-M_E14_5_brain_ACTTGA.R2.fastq.gz
13bb576eea9dc2b6da60ebc6b6ec6e2f  Lane1_flowcellA_Sample_JR860_linc-Brn1a_L39-5_KO-F_E14_5_brain_TAGCTT.R1.fastq.gz
bfe55a581b313562aee2183b1abcd964  Lane1_flowcellA_Sample_JR860_linc-Brn1a_L39-5_KO-F_E14_5_brain_TAGCTT.R2.fastq.gz
8b8bcf5359b867a3e18040312f952a48  Lane1_flowcellA_Sample_JR861_Tug1_L14-4_KO-M_E14_5_brain_GGCTAC.R1.fastq.gz
aa9ad05a5a8e470d39d050846b729c7f  Lane1_flowcellA_Sample_JR861_Tug1_L14-4_KO-M_E14_5_brain_GGCTAC.R2.fastq.gz
c10cf6690ae5917f8e772e7a78e033aa  Lane1_flowcellA_Sample_JR862_linc-p21_L20-6_KO-F_E14_5_brain_GTCCGC.R1.fastq.gz
6528e9398372402d25a7d42ebe20b954  Lane1_flowcellA_Sample_JR862_linc-p21_L20-6_KO-F_E14_5_brain_GTCCGC.R2.fastq.gz
b6e858f25e7671611f7530177933c451  Lane1_flowcellA_Sample_JR863_linc-Insig2_L23-3_KO-M_E14_5_brain_ACTGAT.R1.fastq.gz
8ccd166be7d5a5f90c48e20e484e808d  Lane1_flowcellA_Sample_JR863_linc-Insig2_L23-3_KO-M_E14_5_brain_ACTGAT.R2.fastq.gz
3d922722e38fa9ae2413b66d0d62ddc7  Lane1_flowcellA_Sample_linc-Brn1a_317-1_A4_WT-F_adult_brain_GCCAAT.R1.fastq.gz
575cee4be8944844acfbcbe4b50697f0  Lane1_flowcellA_Sample_linc-Brn1a_317-1_A4_WT-F_adult_brain_GCCAAT.R2.fastq.gz
969d04af099eb8fcf455fe522f21c844  Lane1_flowcellA_Sample_linc-Brn1a_317-4_A2_WT-M_adult_brain_ACAGTG.R1.fastq.gz
9a06793fa4a73996135a6d092ace68f6  Lane1_flowcellA_Sample_linc-Brn1a_317-4_A2_WT-M_adult_brain_ACAGTG.R2.fastq.gz
8d266c3d337a3a3d94c3a2c880eae2c3  Lane1_flowcellA_Sample_linc-Brn1a_318-7_A19_KO-M_adult_brain_CTTGTA.R1.fastq.gz
fd9e424a2274266bdd57b69dc6b368f3  Lane1_flowcellA_Sample_linc-Brn1a_318-7_A19_KO-M_adult_brain_CTTGTA.R2.fastq.gz
76b8f2afc2944672fb5849e0d030c288  Lane1_flowcellA_Sample_linc-Brn1b_385-7_A32_KO-M_adult_brain_AGTCAA.R1.fastq.gz
e2aebdb2ed2ce184aede42acf0bfbff6  Lane1_flowcellA_Sample_linc-Brn1b_385-7_A32_KO-M_adult_brain_AGTCAA.R2.fastq.gz
7490d94ecc42e033780e62bb72503f2a  Lane1_flowcellA_Sample_linc-Cox2_153-2_A14_KO-F_adult_brain_GTGAAA.R1.fastq.gz
4ac7367308c2a718e167792dc30abc1c  Lane1_flowcellA_Sample_linc-Cox2_153-2_A14_KO-F_adult_brain_GTGAAA.R2.fastq.gz
ef17ba46054909aef6fdf5deeaa0d0cb  Lane1_flowcellB_Sample_JR858_linc-Brn1a_L38-4_KO-F_E14_5_brain_ATCACG.R1.fastq.gz
5beb1abc9ee86a5f22646086a8e7cd60  Lane1_flowcellB_Sample_JR858_linc-Brn1a_L38-4_KO-F_E14_5_brain_ATCACG.R2.fastq.gz
c024ccec4b7a2d4e1090f6999933db2c  Lane1_flowcellB_Sample_JR859_linc-Brn1a_L39-2_KO-M_E14_5_brain_ACTTGA.R1.fastq.gz
752bdd303d39af5b3365e5d8d36e0ac9  Lane1_flowcellB_Sample_JR859_linc-Brn1a_L39-2_KO-M_E14_5_brain_ACTTGA.R2.fastq.gz
a3879ccd3ac4c4c8e811c5a11e577ddf  Lane1_flowcellB_Sample_JR860_linc-Brn1a_L39-5_KO-F_E14_5_brain_TAGCTT.R1.fastq.gz
dd07985fcc74b96917fc5429691b53c6  Lane1_flowcellB_Sample_JR860_linc-Brn1a_L39-5_KO-F_E14_5_brain_TAGCTT.R2.fastq.gz
8101b0f5341d3f2fcb906648c030ff51  Lane1_flowcellB_Sample_JR861_Tug1_L14-4_KO-M_E14_5_brain_GGCTAC.R1.fastq.gz
bb4dc6f1ae1e5f843d83dbbbd5cad646  Lane1_flowcellB_Sample_JR861_Tug1_L14-4_KO-M_E14_5_brain_GGCTAC.R2.fastq.gz
d525de778d6d1faf9a57b5efdfc55349  Lane1_flowcellB_Sample_JR862_linc-p21_L20-6_KO-F_E14_5_brain_GTCCGC.R1.fastq.gz
6379de3a045cea9ce21a8e92ef67cce8  Lane1_flowcellB_Sample_JR862_linc-p21_L20-6_KO-F_E14_5_brain_GTCCGC.R2.fastq.gz
cc6c0b3f446422f4393d93b485f9ff1f  Lane1_flowcellB_Sample_JR863_linc-Insig2_L23-3_KO-M_E14_5_brain_ACTGAT.R1.fastq.gz
bfea005e478a4c230f869e53bd380f0e  Lane1_flowcellB_Sample_JR863_linc-Insig2_L23-3_KO-M_E14_5_brain_ACTGAT.R2.fastq.gz
