1
/n/rinn_data1/seq/lgoff/Projects/BrainMap/data/flowcells/140514_D00365_0206_AH9F8UADXX/BclToFastq_Lane1_Indexlength6_Run1/Project_H9F8UADXX/Sample_JR717_Peril_L43_E14-5_whole_brain_wtF3_ACTTGA.R1.fastq.gz
2
/n/rinn_data1/seq/lgoff/Projects/BrainMap/data/flowcells/140514_D00365_0206_AH9F8UADXX/BclToFastq_Lane1_Indexlength6_Run1/Project_H9F8UADXX/Sample_JR717_Peril_L43_E14-5_whole_brain_wtF3_ACTTGA.R2.fastq.gz
3
/n/rinn_data1/seq/lgoff/Projects/BrainMap/data/flowcells/140514_D00365_0206_AH9F8UADXX/BclToFastq_Lane1_Indexlength6_Run1/Project_H9F8UADXX/Sample_JR718_Peril_L43_E14-5_whole_brain_koM4_GATCAG.R1.fastq.gz
4
/n/rinn_data1/seq/lgoff/Projects/BrainMap/data/flowcells/140514_D00365_0206_AH9F8UADXX/BclToFastq_Lane1_Indexlength6_Run1/Project_H9F8UADXX/Sample_JR718_Peril_L43_E14-5_whole_brain_koM4_GATCAG.R2.fastq.gz
5
/n/rinn_data1/seq/lgoff/Projects/BrainMap/data/flowcells/140514_D00365_0206_AH9F8UADXX/BclToFastq_Lane1_Indexlength6_Run1/Project_H9F8UADXX/Sample_JR719_Peril_L43_E14-5_whole_brain_wtM8_TAGCTT.R1.fastq.gz
6
/n/rinn_data1/seq/lgoff/Projects/BrainMap/data/flowcells/140514_D00365_0206_AH9F8UADXX/BclToFastq_Lane1_Indexlength6_Run1/Project_H9F8UADXX/Sample_JR719_Peril_L43_E14-5_whole_brain_wtM8_TAGCTT.R2.fastq.gz
7
/n/rinn_data1/seq/lgoff/Projects/BrainMap/data/flowcells/140514_D00365_0206_AH9F8UADXX/BclToFastq_Lane1_Indexlength6_Run1/Project_H9F8UADXX/Sample_JR720_Peril_L43_E14-5_whole_brain_koF9_GGCTAC.R1.fastq.gz
8
/n/rinn_data1/seq/lgoff/Projects/BrainMap/data/flowcells/140514_D00365_0206_AH9F8UADXX/BclToFastq_Lane1_Indexlength6_Run1/Project_H9F8UADXX/Sample_JR720_Peril_L43_E14-5_whole_brain_koF9_GGCTAC.R2.fastq.gz
9
/n/rinn_data1/seq/lgoff/Projects/BrainMap/data/flowcells/140514_D00365_0207_BH9F8YADXX/BclToFastq_Lane1_Indexlength6_Run1/Project_H9F8YADXX/Sample_JR716_Peril_L43_E14-5_whole_brain_wtM1_CAGATC.R1.fastq.gz
10
/n/rinn_data1/seq/lgoff/Projects/BrainMap/data/flowcells/140514_D00365_0207_BH9F8YADXX/BclToFastq_Lane1_Indexlength6_Run1/Project_H9F8YADXX/Sample_JR716_Peril_L43_E14-5_whole_brain_wtM1_CAGATC.R2.fastq.gz
11
/n/rinn_data1/seq/lgoff/Projects/BrainMap/data/flowcells/140514_D00365_0207_BH9F8YADXX/BclToFastq_Lane1_Indexlength6_Run1/Project_H9F8YADXX/Sample_JR721_Peril_L43_E14-5_whole_brain_koF10_CTTGTA.R1.fastq.gz
12
/n/rinn_data1/seq/lgoff/Projects/BrainMap/data/flowcells/140514_D00365_0207_BH9F8YADXX/BclToFastq_Lane1_Indexlength6_Run1/Project_H9F8YADXX/Sample_JR721_Peril_L43_E14-5_whole_brain_koF10_CTTGTA.R2.fastq.gz
13
/n/rinn_data1/seq/lgoff/Projects/BrainMap/data/flowcells/140515_D00365_0209_BH9ELLADXX/BclToFastq_Lane1_Indexlength6_Run1/Project_H9ELLADXX/Sample_linc-Brn1a_317-1_A4_WT-F_adult_brain_GCCAAT.R1.fastq.gz
14
/n/rinn_data1/seq/lgoff/Projects/BrainMap/data/flowcells/140515_D00365_0209_BH9ELLADXX/BclToFastq_Lane1_Indexlength6_Run1/Project_H9ELLADXX/Sample_linc-Brn1a_317-1_A4_WT-F_adult_brain_GCCAAT.R2.fastq.gz
15
/n/rinn_data1/seq/lgoff/Projects/BrainMap/data/flowcells/140515_D00365_0209_BH9ELLADXX/BclToFastq_Lane1_Indexlength6_Run1/Project_H9ELLADXX/Sample_linc-Brn1a_317-4_A2_WT-M_adult_brain_ACAGTG.R1.fastq.gz
16
/n/rinn_data1/seq/lgoff/Projects/BrainMap/data/flowcells/140515_D00365_0209_BH9ELLADXX/BclToFastq_Lane1_Indexlength6_Run1/Project_H9ELLADXX/Sample_linc-Brn1a_317-4_A2_WT-M_adult_brain_ACAGTG.R2.fastq.gz
17
/n/rinn_data1/seq/lgoff/Projects/BrainMap/data/flowcells/140515_D00365_0209_BH9ELLADXX/BclToFastq_Lane1_Indexlength6_Run1/Project_H9ELLADXX/Sample_linc-Brn1a_318-7_A19_KO-M_adult_brain_CTTGTA.R1.fastq.gz
18
/n/rinn_data1/seq/lgoff/Projects/BrainMap/data/flowcells/140515_D00365_0209_BH9ELLADXX/BclToFastq_Lane1_Indexlength6_Run1/Project_H9ELLADXX/Sample_linc-Brn1a_318-7_A19_KO-M_adult_brain_CTTGTA.R2.fastq.gz
19
/n/rinn_data1/seq/lgoff/Projects/BrainMap/data/flowcells/140515_D00365_0209_BH9ELLADXX/BclToFastq_Lane1_Indexlength6_Run1/Project_H9ELLADXX/Sample_linc-Brn1b_385-7_A32_KO-M_adult_brain_AGTCAA.R1.fastq.gz
20
/n/rinn_data1/seq/lgoff/Projects/BrainMap/data/flowcells/140515_D00365_0209_BH9ELLADXX/BclToFastq_Lane1_Indexlength6_Run1/Project_H9ELLADXX/Sample_linc-Brn1b_385-7_A32_KO-M_adult_brain_AGTCAA.R2.fastq.gz
21
/n/rinn_data1/seq/lgoff/Projects/BrainMap/data/flowcells/140515_D00365_0209_BH9ELLADXX/BclToFastq_Lane1_Indexlength6_Run1/Project_H9ELLADXX/Sample_linc-Cox2_153-2_A14_KO-F_adult_brain_GTGAAA.R1.fastq.gz
22
/n/rinn_data1/seq/lgoff/Projects/BrainMap/data/flowcells/140515_D00365_0209_BH9ELLADXX/BclToFastq_Lane1_Indexlength6_Run1/Project_H9ELLADXX/Sample_linc-Cox2_153-2_A14_KO-F_adult_brain_GTGAAA.R2.fastq.gz
23
/n/rinn_data1/seq/lgoff/Projects/BrainMap/data/flowcells/140516_D00365_0210_AH8VCDADXX/BclToFastq_Lane1_Indexlength6_Run1/Project_H8VCDADXX/Sample_JR734_linc-Evi1_190-3_A27_WT-F_adult_brain_CGATGT.R1.fastq.gz
24
/n/rinn_data1/seq/lgoff/Projects/BrainMap/data/flowcells/140516_D00365_0210_AH8VCDADXX/BclToFastq_Lane1_Indexlength6_Run1/Project_H8VCDADXX/Sample_JR734_linc-Evi1_190-3_A27_WT-F_adult_brain_CGATGT.R2.fastq.gz
25
/n/rinn_data1/seq/lgoff/Projects/BrainMap/data/flowcells/140516_D00365_0210_AH8VCDADXX/BclToFastq_Lane1_Indexlength6_Run1/Project_H8VCDADXX/Sample_JR735_linc-HoxA1_290-4_A29_WT-M_adult_brain_TGACCA.R1.fastq.gz
26
/n/rinn_data1/seq/lgoff/Projects/BrainMap/data/flowcells/140516_D00365_0210_AH8VCDADXX/BclToFastq_Lane1_Indexlength6_Run1/Project_H8VCDADXX/Sample_JR735_linc-HoxA1_290-4_A29_WT-M_adult_brain_TGACCA.R2.fastq.gz
27
/n/rinn_data1/seq/lgoff/Projects/BrainMap/data/flowcells/140516_D00365_0210_AH8VCDADXX/BclToFastq_Lane1_Indexlength6_Run1/Project_H8VCDADXX/Sample_JR736_linc-Enc1_299-4_A5_KO-M_adult_brain_CAGATC.R1.fastq.gz
28
/n/rinn_data1/seq/lgoff/Projects/BrainMap/data/flowcells/140516_D00365_0210_AH8VCDADXX/BclToFastq_Lane1_Indexlength6_Run1/Project_H8VCDADXX/Sample_JR736_linc-Enc1_299-4_A5_KO-M_adult_brain_CAGATC.R2.fastq.gz
29
/n/rinn_data1/seq/lgoff/Projects/BrainMap/data/flowcells/140516_D00365_0210_AH8VCDADXX/BclToFastq_Lane1_Indexlength6_Run1/Project_H8VCDADXX/Sample_JR738_linc-HoxA1_290-3_A18_KO-F_adult_brain_CCGTCC.R1.fastq.gz
30
/n/rinn_data1/seq/lgoff/Projects/BrainMap/data/flowcells/140516_D00365_0210_AH8VCDADXX/BclToFastq_Lane1_Indexlength6_Run1/Project_H8VCDADXX/Sample_JR738_linc-HoxA1_290-3_A18_KO-F_adult_brain_CCGTCC.R2.fastq.gz
31
/n/rinn_data1/seq/lgoff/Projects/BrainMap/data/flowcells/140516_D00365_0210_AH8VCDADXX/BclToFastq_Lane1_Indexlength6_Run1/Project_H8VCDADXX/Sample_JR739_linc-Insig2_315-1_A9_KO-M_adult_brain_GTTTCG.R1.fastq.gz
32
/n/rinn_data1/seq/lgoff/Projects/BrainMap/data/flowcells/140516_D00365_0210_AH8VCDADXX/BclToFastq_Lane1_Indexlength6_Run1/Project_H8VCDADXX/Sample_JR739_linc-Insig2_315-1_A9_KO-M_adult_brain_GTTTCG.R2.fastq.gz
33
/n/rinn_data1/seq/lgoff/Projects/BrainMap/data/flowcells/140519_D00365_0212_AH9N30ADXX/BclToFastq_Lane1_Indexlength6_Run1/Project_H9N30ADXX/Sample_JR740_linc-Egfr_339-6_A3_WT-F_adult_brain_ATCACG.R1.fastq.gz
34
/n/rinn_data1/seq/lgoff/Projects/BrainMap/data/flowcells/140519_D00365_0212_AH9N30ADXX/BclToFastq_Lane1_Indexlength6_Run1/Project_H9N30ADXX/Sample_JR740_linc-Egfr_339-6_A3_WT-F_adult_brain_ATCACG.R2.fastq.gz
35
/n/rinn_data1/seq/lgoff/Projects/BrainMap/data/flowcells/140519_D00365_0212_AH9N30ADXX/BclToFastq_Lane1_Indexlength6_Run1/Project_H9N30ADXX/Sample_JR741_linc-Irx5_299-4_A6_KO-M_adult_brain_ACTTGA.R1.fastq.gz
36
/n/rinn_data1/seq/lgoff/Projects/BrainMap/data/flowcells/140519_D00365_0212_AH9N30ADXX/BclToFastq_Lane1_Indexlength6_Run1/Project_H9N30ADXX/Sample_JR741_linc-Irx5_299-4_A6_KO-M_adult_brain_ACTTGA.R2.fastq.gz
37
/n/rinn_data1/seq/lgoff/Projects/BrainMap/data/flowcells/140519_D00365_0212_AH9N30ADXX/BclToFastq_Lane1_Indexlength6_Run1/Project_H9N30ADXX/Sample_JR742_linc-Jarid1c_301-3_A38_KO-F_adult_brain_TAGCTT.R1.fastq.gz
38
/n/rinn_data1/seq/lgoff/Projects/BrainMap/data/flowcells/140519_D00365_0212_AH9N30ADXX/BclToFastq_Lane1_Indexlength6_Run1/Project_H9N30ADXX/Sample_JR742_linc-Jarid1c_301-3_A38_KO-F_adult_brain_TAGCTT.R2.fastq.gz
39
/n/rinn_data1/seq/lgoff/Projects/BrainMap/data/flowcells/140519_D00365_0212_AH9N30ADXX/BclToFastq_Lane1_Indexlength6_Run1/Project_H9N30ADXX/Sample_JR743_linc-p21_260-1_A11_KO-M_adult_brain_GGCTAC.R1.fastq.gz
40
/n/rinn_data1/seq/lgoff/Projects/BrainMap/data/flowcells/140519_D00365_0212_AH9N30ADXX/BclToFastq_Lane1_Indexlength6_Run1/Project_H9N30ADXX/Sample_JR743_linc-p21_260-1_A11_KO-M_adult_brain_GGCTAC.R2.fastq.gz
41
/n/rinn_data1/seq/lgoff/Projects/BrainMap/data/flowcells/140519_D00365_0212_AH9N30ADXX/BclToFastq_Lane1_Indexlength6_Run1/Project_H9N30ADXX/Sample_JR744_linc-Sox2_351-8_A16_KO-M_adult_brain_GTCCGC.R1.fastq.gz
42
/n/rinn_data1/seq/lgoff/Projects/BrainMap/data/flowcells/140519_D00365_0212_AH9N30ADXX/BclToFastq_Lane1_Indexlength6_Run1/Project_H9N30ADXX/Sample_JR744_linc-Sox2_351-8_A16_KO-M_adult_brain_GTCCGC.R2.fastq.gz
43
/n/rinn_data1/seq/lgoff/Projects/BrainMap/data/flowcells/140519_D00365_0212_AH9N30ADXX/BclToFastq_Lane1_Indexlength6_Run1/Project_H9N30ADXX/Sample_JR745_Tug1_200-3_A26_KO-M_adult_brain_ACTGAT.R1.fastq.gz
44
/n/rinn_data1/seq/lgoff/Projects/BrainMap/data/flowcells/140519_D00365_0212_AH9N30ADXX/BclToFastq_Lane1_Indexlength6_Run1/Project_H9N30ADXX/Sample_JR745_Tug1_200-3_A26_KO-M_adult_brain_ACTGAT.R2.fastq.gz
45
/n/rinn_data1/seq/lgoff/Projects/BrainMap/data/flowcells/140519_D00365_0213_BH9N1UADXX/BclToFastq_Lane1_Indexlength6_Run1/Project_H9N1VADXX/Sample_JR746_linc-Jarid1c_L12-7_WT-M_E14.5_brain_ACAGTG.R1.fastq.gz
46
/n/rinn_data1/seq/lgoff/Projects/BrainMap/data/flowcells/140519_D00365_0213_BH9N1UADXX/BclToFastq_Lane1_Indexlength6_Run1/Project_H9N1VADXX/Sample_JR746_linc-Jarid1c_L12-7_WT-M_E14.5_brain_ACAGTG.R2.fastq.gz
47
/n/rinn_data1/seq/lgoff/Projects/BrainMap/data/flowcells/140519_D00365_0213_BH9N1UADXX/BclToFastq_Lane1_Indexlength6_Run1/Project_H9N1VADXX/Sample_JR747_linc-Jarid1c_L13-2_KO-F_E14.5_brain_GCCAAT.R1.fastq.gz
48
/n/rinn_data1/seq/lgoff/Projects/BrainMap/data/flowcells/140519_D00365_0213_BH9N1UADXX/BclToFastq_Lane1_Indexlength6_Run1/Project_H9N1VADXX/Sample_JR747_linc-Jarid1c_L13-2_KO-F_E14.5_brain_GCCAAT.R2.fastq.gz
49
/n/rinn_data1/seq/lgoff/Projects/BrainMap/data/flowcells/140519_D00365_0213_BH9N1UADXX/BclToFastq_Lane1_Indexlength6_Run1/Project_H9N1VADXX/Sample_JR748_linc-p21_L17-2_WT-F_E14.5_brain_CTTGTA.R1.fastq.gz
50
/n/rinn_data1/seq/lgoff/Projects/BrainMap/data/flowcells/140519_D00365_0213_BH9N1UADXX/BclToFastq_Lane1_Indexlength6_Run1/Project_H9N1VADXX/Sample_JR748_linc-p21_L17-2_WT-F_E14.5_brain_CTTGTA.R2.fastq.gz
51
/n/rinn_data1/seq/lgoff/Projects/BrainMap/data/flowcells/140519_D00365_0213_BH9N1UADXX/BclToFastq_Lane1_Indexlength6_Run1/Project_H9N1VADXX/Sample_JR749_linc-p21_L17-3_KO-M_E14.5_brain_AGTCAA.R1.fastq.gz
52
/n/rinn_data1/seq/lgoff/Projects/BrainMap/data/flowcells/140519_D00365_0213_BH9N1UADXX/BclToFastq_Lane1_Indexlength6_Run1/Project_H9N1VADXX/Sample_JR749_linc-p21_L17-3_KO-M_E14.5_brain_AGTCAA.R2.fastq.gz
53
/n/rinn_data1/seq/lgoff/Projects/BrainMap/data/flowcells/140519_D00365_0213_BH9N1UADXX/BclToFastq_Lane1_Indexlength6_Run1/Project_H9N1VADXX/Sample_JR750_linc-Evi1_L19-1_WT-F_E14.5_brain_GTGAAA.R1.fastq.gz
54
/n/rinn_data1/seq/lgoff/Projects/BrainMap/data/flowcells/140519_D00365_0213_BH9N1UADXX/BclToFastq_Lane1_Indexlength6_Run1/Project_H9N1VADXX/Sample_JR750_linc-Evi1_L19-1_WT-F_E14.5_brain_GTGAAA.R2.fastq.gz
55
/n/rinn_data1/seq/lgoff/Projects/BrainMap/data/flowcells/140519_D00365_0213_BH9N1UADXX/BclToFastq_Lane1_Indexlength6_Run1/Project_H9N1VADXX/Sample_JR751_linc-Evi1_L19-7_KO-F_E14.5_brain_GAGTGG.R1.fastq.gz
56
/n/rinn_data1/seq/lgoff/Projects/BrainMap/data/flowcells/140519_D00365_0213_BH9N1UADXX/BclToFastq_Lane1_Indexlength6_Run1/Project_H9N1VADXX/Sample_JR751_linc-Evi1_L19-7_KO-F_E14.5_brain_GAGTGG.R2.fastq.gz
57
/n/rinn_data1/seq/lgoff/Projects/BrainMap/data/flowcells/140520_D00365_0214_AH9N3KADXX/BclToFastq_Lane1_Indexlength6_Run1/Project_H9N3KADXX/Sample_JR752_linc-Enc1_L12-1_KO-F_E14_5_brain_CGATGT.R1.fastq.gz
58
/n/rinn_data1/seq/lgoff/Projects/BrainMap/data/flowcells/140520_D00365_0214_AH9N3KADXX/BclToFastq_Lane1_Indexlength6_Run1/Project_H9N3KADXX/Sample_JR752_linc-Enc1_L12-1_KO-F_E14_5_brain_CGATGT.R2.fastq.gz
59
/n/rinn_data1/seq/lgoff/Projects/BrainMap/data/flowcells/140520_D00365_0214_AH9N3KADXX/BclToFastq_Lane1_Indexlength6_Run1/Project_H9N3KADXX/Sample_JR753_linc-Enc1_L12-4_WT-M_E14_5_brain_TGACCA.R1.fastq.gz
60
/n/rinn_data1/seq/lgoff/Projects/BrainMap/data/flowcells/140520_D00365_0214_AH9N3KADXX/BclToFastq_Lane1_Indexlength6_Run1/Project_H9N3KADXX/Sample_JR753_linc-Enc1_L12-4_WT-M_E14_5_brain_TGACCA.R2.fastq.gz
61
/n/rinn_data1/seq/lgoff/Projects/BrainMap/data/flowcells/140520_D00365_0214_AH9N3KADXX/BclToFastq_Lane1_Indexlength6_Run1/Project_H9N3KADXX/Sample_JR754_linc-HoxA1_L1-6_KO-F_E14_5_brain_CAGATC.R1.fastq.gz
62
/n/rinn_data1/seq/lgoff/Projects/BrainMap/data/flowcells/140520_D00365_0214_AH9N3KADXX/BclToFastq_Lane1_Indexlength6_Run1/Project_H9N3KADXX/Sample_JR754_linc-HoxA1_L1-6_KO-F_E14_5_brain_CAGATC.R2.fastq.gz
63
/n/rinn_data1/seq/lgoff/Projects/BrainMap/data/flowcells/140520_D00365_0214_AH9N3KADXX/BclToFastq_Lane1_Indexlength6_Run1/Project_H9N3KADXX/Sample_JR755_linc-HoxA1_L1-7_WT-F_E14_5_brain_GATCAG.R1.fastq.gz
64
/n/rinn_data1/seq/lgoff/Projects/BrainMap/data/flowcells/140520_D00365_0214_AH9N3KADXX/BclToFastq_Lane1_Indexlength6_Run1/Project_H9N3KADXX/Sample_JR755_linc-HoxA1_L1-7_WT-F_E14_5_brain_GATCAG.R2.fastq.gz
65
/n/rinn_data1/seq/lgoff/Projects/BrainMap/data/flowcells/140520_D00365_0214_AH9N3KADXX/BclToFastq_Lane1_Indexlength6_Run1/Project_H9N3KADXX/Sample_JR756_Tug1_L12-3_WT-F_E14_5_brain_CCGTCC.R1.fastq.gz
66
/n/rinn_data1/seq/lgoff/Projects/BrainMap/data/flowcells/140520_D00365_0214_AH9N3KADXX/BclToFastq_Lane1_Indexlength6_Run1/Project_H9N3KADXX/Sample_JR756_Tug1_L12-3_WT-F_E14_5_brain_CCGTCC.R2.fastq.gz
67
/n/rinn_data1/seq/lgoff/Projects/BrainMap/data/flowcells/140520_D00365_0214_AH9N3KADXX/BclToFastq_Lane1_Indexlength6_Run1/Project_H9N3KADXX/Sample_JR757_Tug1_L12-4_KO-F_E14_5_brain_GTTTCG.R1.fastq.gz
68
/n/rinn_data1/seq/lgoff/Projects/BrainMap/data/flowcells/140520_D00365_0214_AH9N3KADXX/BclToFastq_Lane1_Indexlength6_Run1/Project_H9N3KADXX/Sample_JR757_Tug1_L12-4_KO-F_E14_5_brain_GTTTCG.R2.fastq.gz
69
/n/rinn_data1/seq/lgoff/Projects/BrainMap/data/flowcells/140520_D00365_0215_BH9N1NADXX/BclToFastq_Lane1_Indexlength6_Run1/Project_H9N1NADXX/Sample_JR758_linc-Brn1b_L42-3_KO-F_E14_5_brain_ATCACG.R1.fastq.gz
70
/n/rinn_data1/seq/lgoff/Projects/BrainMap/data/flowcells/140520_D00365_0215_BH9N1NADXX/BclToFastq_Lane1_Indexlength6_Run1/Project_H9N1NADXX/Sample_JR758_linc-Brn1b_L42-3_KO-F_E14_5_brain_ATCACG.R2.fastq.gz
71
/n/rinn_data1/seq/lgoff/Projects/BrainMap/data/flowcells/140520_D00365_0215_BH9N1NADXX/BclToFastq_Lane1_Indexlength6_Run1/Project_H9N1NADXX/Sample_JR759_linc-HoxA1_L2-8_KO-M_E14_5_brain_ACTTGA.R1.fastq.gz
72
/n/rinn_data1/seq/lgoff/Projects/BrainMap/data/flowcells/140520_D00365_0215_BH9N1NADXX/BclToFastq_Lane1_Indexlength6_Run1/Project_H9N1NADXX/Sample_JR759_linc-HoxA1_L2-8_KO-M_E14_5_brain_ACTTGA.R2.fastq.gz
73
/n/rinn_data1/seq/lgoff/Projects/BrainMap/data/flowcells/140520_D00365_0215_BH9N1NADXX/BclToFastq_Lane1_Indexlength6_Run1/Project_H9N1NADXX/Sample_JR760_linc-Insig2_L27-4_KO-F_E14_5_brain_TAGCTT.R1.fastq.gz
74
/n/rinn_data1/seq/lgoff/Projects/BrainMap/data/flowcells/140520_D00365_0215_BH9N1NADXX/BclToFastq_Lane1_Indexlength6_Run1/Project_H9N1NADXX/Sample_JR760_linc-Insig2_L27-4_KO-F_E14_5_brain_TAGCTT.R2.fastq.gz
75
/n/rinn_data1/seq/lgoff/Projects/BrainMap/data/flowcells/140520_D00365_0215_BH9N1NADXX/BclToFastq_Lane1_Indexlength6_Run1/Project_H9N1NADXX/Sample_JR761_linc-Insig2_L27-7_WT-M_E14_5_brain_GGCTAC.R1.fastq.gz
76
/n/rinn_data1/seq/lgoff/Projects/BrainMap/data/flowcells/140520_D00365_0215_BH9N1NADXX/BclToFastq_Lane1_Indexlength6_Run1/Project_H9N1NADXX/Sample_JR761_linc-Insig2_L27-7_WT-M_E14_5_brain_GGCTAC.R2.fastq.gz
77
/n/rinn_data1/seq/lgoff/Projects/BrainMap/data/flowcells/140520_D00365_0215_BH9N1NADXX/BclToFastq_Lane1_Indexlength6_Run1/Project_H9N1NADXX/Sample_JR762_linc-Jarid1c_L12-1_WT-M_E14_5_brain_GTCCGC.R1.fastq.gz
78
/n/rinn_data1/seq/lgoff/Projects/BrainMap/data/flowcells/140520_D00365_0215_BH9N1NADXX/BclToFastq_Lane1_Indexlength6_Run1/Project_H9N1NADXX/Sample_JR762_linc-Jarid1c_L12-1_WT-M_E14_5_brain_GTCCGC.R2.fastq.gz
79
/n/rinn_data1/seq/lgoff/Projects/BrainMap/data/flowcells/140521_D00365_0216_AH9N38ADXX/BclToFastq_Lane1_Indexlength6_Run1/Project_H9N38ADXX/Sample_JR764_linc-Brn1b_L42-6_KO-M_E14_5_brain_ACAGTG.R1.fastq.gz
80
/n/rinn_data1/seq/lgoff/Projects/BrainMap/data/flowcells/140521_D00365_0216_AH9N38ADXX/BclToFastq_Lane1_Indexlength6_Run1/Project_H9N38ADXX/Sample_JR764_linc-Brn1b_L42-6_KO-M_E14_5_brain_ACAGTG.R2.fastq.gz
81
/n/rinn_data1/seq/lgoff/Projects/BrainMap/data/flowcells/140521_D00365_0216_AH9N38ADXX/BclToFastq_Lane1_Indexlength6_Run1/Project_H9N38ADXX/Sample_JR767_linc-HoxA1_L2-6_KO-M_E14_5_brain_AGTCAA.R1.fastq.gz
82
/n/rinn_data1/seq/lgoff/Projects/BrainMap/data/flowcells/140521_D00365_0216_AH9N38ADXX/BclToFastq_Lane1_Indexlength6_Run1/Project_H9N38ADXX/Sample_JR767_linc-HoxA1_L2-6_KO-M_E14_5_brain_AGTCAA.R2.fastq.gz
83
/n/rinn_data1/seq/lgoff/Projects/BrainMap/data/flowcells/140521_D00365_0216_AH9N38ADXX/BclToFastq_Lane1_Indexlength6_Run1/Project_H9N38ADXX/Sample_JR768_linc-HoxA1_L2-7_WT-M_E14_5_brain_GTGAAA.R1.fastq.gz
84
/n/rinn_data1/seq/lgoff/Projects/BrainMap/data/flowcells/140521_D00365_0216_AH9N38ADXX/BclToFastq_Lane1_Indexlength6_Run1/Project_H9N38ADXX/Sample_JR768_linc-HoxA1_L2-7_WT-M_E14_5_brain_GTGAAA.R2.fastq.gz
85
/n/rinn_data1/seq/lgoff/Projects/BrainMap/data/flowcells/140521_D00365_0217_BH9N1EADXX/BclToFastq_Lane1_Indexlength6_Run1/Project_H9N1EADXX/Sample_JR770_linc-Enc1_L12-5_KO-F_E14_5_brain_CGATGT.R1.fastq.gz
86
/n/rinn_data1/seq/lgoff/Projects/BrainMap/data/flowcells/140521_D00365_0217_BH9N1EADXX/BclToFastq_Lane1_Indexlength6_Run1/Project_H9N1EADXX/Sample_JR770_linc-Enc1_L12-5_KO-F_E14_5_brain_CGATGT.R2.fastq.gz
87
/n/rinn_data1/seq/lgoff/Projects/BrainMap/data/flowcells/140521_D00365_0217_BH9N1EADXX/BclToFastq_Lane1_Indexlength6_Run1/Project_H9N1EADXX/Sample_JR771_linc-Evi1_L20-3_WT-F_E14_5_brain_TGACCA.R1.fastq.gz
88
/n/rinn_data1/seq/lgoff/Projects/BrainMap/data/flowcells/140521_D00365_0217_BH9N1EADXX/BclToFastq_Lane1_Indexlength6_Run1/Project_H9N1EADXX/Sample_JR771_linc-Evi1_L20-3_WT-F_E14_5_brain_TGACCA.R2.fastq.gz
89
/n/rinn_data1/seq/lgoff/Projects/BrainMap/data/flowcells/140521_D00365_0217_BH9N1EADXX/BclToFastq_Lane1_Indexlength6_Run1/Project_H9N1EADXX/Sample_JR772_linc-Evi1_L20-4_KO-F_E14_5_brain_CAGATC.R1.fastq.gz
90
/n/rinn_data1/seq/lgoff/Projects/BrainMap/data/flowcells/140521_D00365_0217_BH9N1EADXX/BclToFastq_Lane1_Indexlength6_Run1/Project_H9N1EADXX/Sample_JR772_linc-Evi1_L20-4_KO-F_E14_5_brain_CAGATC.R2.fastq.gz
91
/n/rinn_data1/seq/lgoff/Projects/BrainMap/data/flowcells/140521_D00365_0217_BH9N1EADXX/BclToFastq_Lane1_Indexlength6_Run1/Project_H9N1EADXX/Sample_JR773_linc-Insig2_L23-7_KO-F_E14_5_brain_GATCAG.R1.fastq.gz
92
/n/rinn_data1/seq/lgoff/Projects/BrainMap/data/flowcells/140521_D00365_0217_BH9N1EADXX/BclToFastq_Lane1_Indexlength6_Run1/Project_H9N1EADXX/Sample_JR773_linc-Insig2_L23-7_KO-F_E14_5_brain_GATCAG.R2.fastq.gz
93
/n/rinn_data1/seq/lgoff/Projects/BrainMap/data/flowcells/140521_D00365_0217_BH9N1EADXX/BclToFastq_Lane1_Indexlength6_Run1/Project_H9N1EADXX/Sample_JR774_linc-Jarid1c_L12-2_WT-M_E14_5_brain_CCGTCC.R1.fastq.gz
94
/n/rinn_data1/seq/lgoff/Projects/BrainMap/data/flowcells/140521_D00365_0217_BH9N1EADXX/BclToFastq_Lane1_Indexlength6_Run1/Project_H9N1EADXX/Sample_JR774_linc-Jarid1c_L12-2_WT-M_E14_5_brain_CCGTCC.R2.fastq.gz
95
/n/rinn_data1/seq/lgoff/Projects/BrainMap/data/flowcells/140521_D00365_0217_BH9N1EADXX/BclToFastq_Lane1_Indexlength6_Run1/Project_H9N1EADXX/Sample_JR775_linc-Jarid1c_L12-8_KO-M_E14_5_brain_GTTTCG.R1.fastq.gz
96
/n/rinn_data1/seq/lgoff/Projects/BrainMap/data/flowcells/140521_D00365_0217_BH9N1EADXX/BclToFastq_Lane1_Indexlength6_Run1/Project_H9N1EADXX/Sample_JR775_linc-Jarid1c_L12-8_KO-M_E14_5_brain_GTTTCG.R2.fastq.gz
97
/n/rinn_data1/seq/lgoff/Projects/BrainMap/data/flowcells/140522_D00365_0218_AH9N06ADXX/BclToFastq_Lane1_Indexlength6_Run1/Project_H9N06ADXX/Sample_JR737_linc-Evi1_190-5_A17_KO-M_adult_brain_GTCCGC.R1.fastq.gz
98
/n/rinn_data1/seq/lgoff/Projects/BrainMap/data/flowcells/140522_D00365_0218_AH9N06ADXX/BclToFastq_Lane1_Indexlength6_Run1/Project_H9N06ADXX/Sample_JR737_linc-Evi1_190-5_A17_KO-M_adult_brain_GTCCGC.R2.fastq.gz
99
/n/rinn_data1/seq/lgoff/Projects/BrainMap/data/flowcells/140522_D00365_0218_AH9N06ADXX/BclToFastq_Lane1_Indexlength6_Run1/Project_H9N06ADXX/Sample_JR776_linc-Cox2_153-3_A13_KO-M_adult_brain_ATCACG.R1.fastq.gz
100
/n/rinn_data1/seq/lgoff/Projects/BrainMap/data/flowcells/140522_D00365_0218_AH9N06ADXX/BclToFastq_Lane1_Indexlength6_Run1/Project_H9N06ADXX/Sample_JR776_linc-Cox2_153-3_A13_KO-M_adult_brain_ATCACG.R2.fastq.gz
101
/n/rinn_data1/seq/lgoff/Projects/BrainMap/data/flowcells/140522_D00365_0218_AH9N06ADXX/BclToFastq_Lane1_Indexlength6_Run1/Project_H9N06ADXX/Sample_JR777_linc-Egfr_340-4_A33_KO-M_adult_brain_ACTTGA.R1.fastq.gz
102
/n/rinn_data1/seq/lgoff/Projects/BrainMap/data/flowcells/140522_D00365_0218_AH9N06ADXX/BclToFastq_Lane1_Indexlength6_Run1/Project_H9N06ADXX/Sample_JR777_linc-Egfr_340-4_A33_KO-M_adult_brain_ACTTGA.R2.fastq.gz
103
/n/rinn_data1/seq/lgoff/Projects/BrainMap/data/flowcells/140522_D00365_0218_AH9N06ADXX/BclToFastq_Lane1_Indexlength6_Run1/Project_H9N06ADXX/Sample_JR778_linc-Enc1_300-7_A25_WT-M_adult_brain_TAGCTT.R1.fastq.gz
104
/n/rinn_data1/seq/lgoff/Projects/BrainMap/data/flowcells/140522_D00365_0218_AH9N06ADXX/BclToFastq_Lane1_Indexlength6_Run1/Project_H9N06ADXX/Sample_JR778_linc-Enc1_300-7_A25_WT-M_adult_brain_TAGCTT.R2.fastq.gz
105
/n/rinn_data1/seq/lgoff/Projects/BrainMap/data/flowcells/140522_D00365_0218_AH9N06ADXX/BclToFastq_Lane1_Indexlength6_Run1/Project_H9N06ADXX/Sample_JR779_linc-Enc1_300-4_A21_KO-F_adult_brain_GGCTAC.R1.fastq.gz
106
/n/rinn_data1/seq/lgoff/Projects/BrainMap/data/flowcells/140522_D00365_0218_AH9N06ADXX/BclToFastq_Lane1_Indexlength6_Run1/Project_H9N06ADXX/Sample_JR779_linc-Enc1_300-4_A21_KO-F_adult_brain_GGCTAC.R2.fastq.gz
107
/n/rinn_data1/seq/lgoff/Projects/BrainMap/data/flowcells/140522_D00365_0218_AH9N06ADXX/BclToFastq_Lane1_Indexlength6_Run1/Project_H9N06ADXX/Sample_JR780_linc-Evi1_190-4_A20_KO-M_adult_brain_ACTGAT.R1.fastq.gz
108
/n/rinn_data1/seq/lgoff/Projects/BrainMap/data/flowcells/140522_D00365_0218_AH9N06ADXX/BclToFastq_Lane1_Indexlength6_Run1/Project_H9N06ADXX/Sample_JR780_linc-Evi1_190-4_A20_KO-M_adult_brain_ACTGAT.R2.fastq.gz
109
/n/rinn_data1/seq/lgoff/Projects/BrainMap/data/flowcells/140522_D00365_0219_BH9N23ADXX/BclToFastq_Lane1_Indexlength6_Run1/Project_H9N23ADXX/Sample_JR781_linc-P21_261-2_A51_WT-M_adult_brain_ACAGTG.R1.fastq.gz
110
/n/rinn_data1/seq/lgoff/Projects/BrainMap/data/flowcells/140522_D00365_0219_BH9N23ADXX/BclToFastq_Lane1_Indexlength6_Run1/Project_H9N23ADXX/Sample_JR781_linc-P21_261-2_A51_WT-M_adult_brain_ACAGTG.R2.fastq.gz
111
/n/rinn_data1/seq/lgoff/Projects/BrainMap/data/flowcells/140522_D00365_0219_BH9N23ADXX/BclToFastq_Lane1_Indexlength6_Run1/Project_H9N23ADXX/Sample_JR782_linc-HoxA1_290-5_A22_KO-M_adult_brain_GCCAAT.R1.fastq.gz
112
/n/rinn_data1/seq/lgoff/Projects/BrainMap/data/flowcells/140522_D00365_0219_BH9N23ADXX/BclToFastq_Lane1_Indexlength6_Run1/Project_H9N23ADXX/Sample_JR782_linc-HoxA1_290-5_A22_KO-M_adult_brain_GCCAAT.R2.fastq.gz
113
/n/rinn_data1/seq/lgoff/Projects/BrainMap/data/flowcells/140522_D00365_0219_BH9N23ADXX/BclToFastq_Lane1_Indexlength6_Run1/Project_H9N23ADXX/Sample_JR783_linc-Insig2_315-2_A10_KO-F_adult_brain_CTTGTA.R1.fastq.gz
114
/n/rinn_data1/seq/lgoff/Projects/BrainMap/data/flowcells/140522_D00365_0219_BH9N23ADXX/BclToFastq_Lane1_Indexlength6_Run1/Project_H9N23ADXX/Sample_JR783_linc-Insig2_315-2_A10_KO-F_adult_brain_CTTGTA.R2.fastq.gz
115
/n/rinn_data1/seq/lgoff/Projects/BrainMap/data/flowcells/140522_D00365_0219_BH9N23ADXX/BclToFastq_Lane1_Indexlength6_Run1/Project_H9N23ADXX/Sample_JR784_linc-Irx5_300-2_A57_KO-M_adult_brain_AGTCAA.R1.fastq.gz
116
/n/rinn_data1/seq/lgoff/Projects/BrainMap/data/flowcells/140522_D00365_0219_BH9N23ADXX/BclToFastq_Lane1_Indexlength6_Run1/Project_H9N23ADXX/Sample_JR784_linc-Irx5_300-2_A57_KO-M_adult_brain_AGTCAA.R2.fastq.gz
117
/n/rinn_data1/seq/lgoff/Projects/BrainMap/data/flowcells/140522_D00365_0219_BH9N23ADXX/BclToFastq_Lane1_Indexlength6_Run1/Project_H9N23ADXX/Sample_JR785_linc-Irx5_301-2_A55_WT-F_adult_brain_GTGAAA.R1.fastq.gz
118
/n/rinn_data1/seq/lgoff/Projects/BrainMap/data/flowcells/140522_D00365_0219_BH9N23ADXX/BclToFastq_Lane1_Indexlength6_Run1/Project_H9N23ADXX/Sample_JR785_linc-Irx5_301-2_A55_WT-F_adult_brain_GTGAAA.R2.fastq.gz
119
/n/rinn_data1/seq/lgoff/Projects/BrainMap/data/flowcells/140522_D00365_0219_BH9N23ADXX/BclToFastq_Lane1_Indexlength6_Run1/Project_H9N23ADXX/Sample_JR786_linc-p21_260-8_A12_KO-F_adult_brain_GAGTGG.R1.fastq.gz
120
/n/rinn_data1/seq/lgoff/Projects/BrainMap/data/flowcells/140522_D00365_0219_BH9N23ADXX/BclToFastq_Lane1_Indexlength6_Run1/Project_H9N23ADXX/Sample_JR786_linc-p21_260-8_A12_KO-F_adult_brain_GAGTGG.R2.fastq.gz
121
/n/rinn_data1/seq/lgoff/Projects/BrainMap/data/flowcells/140527_D00365_0222_AH9N3WADXX/BclToFastq_Lane1_Indexlength6_Run1/Project_H9N3WADXX/Sample_JR787_linc-Egfr_L6-4_KO-M_E14_5_brain_CGATGT.R1.fastq.gz
122
/n/rinn_data1/seq/lgoff/Projects/BrainMap/data/flowcells/140527_D00365_0222_AH9N3WADXX/BclToFastq_Lane1_Indexlength6_Run1/Project_H9N3WADXX/Sample_JR787_linc-Egfr_L6-4_KO-M_E14_5_brain_CGATGT.R2.fastq.gz
123
/n/rinn_data1/seq/lgoff/Projects/BrainMap/data/flowcells/140527_D00365_0222_AH9N3WADXX/BclToFastq_Lane1_Indexlength6_Run1/Project_H9N3WADXX/Sample_JR788_linc-Evi1_L23-4_KO-M_E14_5_brain_ATCACG.R1.fastq.gz
124
/n/rinn_data1/seq/lgoff/Projects/BrainMap/data/flowcells/140527_D00365_0222_AH9N3WADXX/BclToFastq_Lane1_Indexlength6_Run1/Project_H9N3WADXX/Sample_JR788_linc-Evi1_L23-4_KO-M_E14_5_brain_ATCACG.R2.fastq.gz
125
/n/rinn_data1/seq/lgoff/Projects/BrainMap/data/flowcells/140527_D00365_0222_AH9N3WADXX/BclToFastq_Lane1_Indexlength6_Run1/Project_H9N3WADXX/Sample_JR789_linc-Irx5_L20-5_WT-M_E14_5_brain_ACTTGA.R1.fastq.gz
126
/n/rinn_data1/seq/lgoff/Projects/BrainMap/data/flowcells/140527_D00365_0222_AH9N3WADXX/BclToFastq_Lane1_Indexlength6_Run1/Project_H9N3WADXX/Sample_JR789_linc-Irx5_L20-5_WT-M_E14_5_brain_ACTTGA.R2.fastq.gz
127
/n/rinn_data1/seq/lgoff/Projects/BrainMap/data/flowcells/140527_D00365_0222_AH9N3WADXX/BclToFastq_Lane1_Indexlength6_Run1/Project_H9N3WADXX/Sample_JR790_linc-Irx5_L20-7_KO-M_E14_5_brain_TAGCTT.R1.fastq.gz
128
/n/rinn_data1/seq/lgoff/Projects/BrainMap/data/flowcells/140527_D00365_0222_AH9N3WADXX/BclToFastq_Lane1_Indexlength6_Run1/Project_H9N3WADXX/Sample_JR790_linc-Irx5_L20-7_KO-M_E14_5_brain_TAGCTT.R2.fastq.gz
129
/n/rinn_data1/seq/lgoff/Projects/BrainMap/data/flowcells/140527_D00365_0222_AH9N3WADXX/BclToFastq_Lane1_Indexlength6_Run1/Project_H9N3WADXX/Sample_JR792_linc-Sox2_L49-2_KO-F_E14_5_brain_ACTGAT.R1.fastq.gz
130
/n/rinn_data1/seq/lgoff/Projects/BrainMap/data/flowcells/140527_D00365_0222_AH9N3WADXX/BclToFastq_Lane1_Indexlength6_Run1/Project_H9N3WADXX/Sample_JR792_linc-Sox2_L49-2_KO-F_E14_5_brain_ACTGAT.R2.fastq.gz
131
/n/rinn_data1/seq/lgoff/Projects/BrainMap/data/flowcells/140528_D00365_0224_AH9N40ADXX/BclToFastq_Lane1_Indexlength6_Run1/Project_H9N40ADXX/Sample_JR796_linc-Brn1a_318-3_A28_WT-M_adult_brain_ACAGTG.R1.fastq.gz
132
/n/rinn_data1/seq/lgoff/Projects/BrainMap/data/flowcells/140528_D00365_0224_AH9N40ADXX/BclToFastq_Lane1_Indexlength6_Run1/Project_H9N40ADXX/Sample_JR796_linc-Brn1a_318-3_A28_WT-M_adult_brain_ACAGTG.R2.fastq.gz
133
/n/rinn_data1/seq/lgoff/Projects/BrainMap/data/flowcells/140528_D00365_0224_AH9N40ADXX/BclToFastq_Lane1_Indexlength6_Run1/Project_H9N40ADXX/Sample_JR797_linc-Brn1b_385-6_A49_WT-M_adult_brain_GCCAAT.R1.fastq.gz
134
/n/rinn_data1/seq/lgoff/Projects/BrainMap/data/flowcells/140528_D00365_0224_AH9N40ADXX/BclToFastq_Lane1_Indexlength6_Run1/Project_H9N40ADXX/Sample_JR797_linc-Brn1b_385-6_A49_WT-M_adult_brain_GCCAAT.R2.fastq.gz
135
/n/rinn_data1/seq/lgoff/Projects/BrainMap/data/flowcells/140528_D00365_0224_AH9N40ADXX/BclToFastq_Lane1_Indexlength6_Run1/Project_H9N40ADXX/Sample_JR798_linc-Cox2_171-1_A44_KO-F_adult_brain_CTTGTA.R1.fastq.gz
136
/n/rinn_data1/seq/lgoff/Projects/BrainMap/data/flowcells/140528_D00365_0224_AH9N40ADXX/BclToFastq_Lane1_Indexlength6_Run1/Project_H9N40ADXX/Sample_JR798_linc-Cox2_171-1_A44_KO-F_adult_brain_CTTGTA.R2.fastq.gz
137
/n/rinn_data1/seq/lgoff/Projects/BrainMap/data/flowcells/140528_D00365_0224_AH9N40ADXX/BclToFastq_Lane1_Indexlength6_Run1/Project_H9N40ADXX/Sample_JR799_linc-Egfr_340-1_A34_KO-F_adult_brain_AGTCAA.R1.fastq.gz
138
/n/rinn_data1/seq/lgoff/Projects/BrainMap/data/flowcells/140528_D00365_0224_AH9N40ADXX/BclToFastq_Lane1_Indexlength6_Run1/Project_H9N40ADXX/Sample_JR799_linc-Egfr_340-1_A34_KO-F_adult_brain_AGTCAA.R2.fastq.gz
139
/n/rinn_data1/seq/lgoff/Projects/BrainMap/data/flowcells/140528_D00365_0224_AH9N40ADXX/BclToFastq_Lane1_Indexlength6_Run1/Project_H9N40ADXX/Sample_JR800_linc-Enc1_300-3_A24_WT-M_adult_brain_GTGAAA.R1.fastq.gz
140
/n/rinn_data1/seq/lgoff/Projects/BrainMap/data/flowcells/140528_D00365_0224_AH9N40ADXX/BclToFastq_Lane1_Indexlength6_Run1/Project_H9N40ADXX/Sample_JR800_linc-Enc1_300-3_A24_WT-M_adult_brain_GTGAAA.R2.fastq.gz
141
/n/rinn_data1/seq/lgoff/Projects/BrainMap/data/flowcells/140528_D00365_0224_AH9N40ADXX/BclToFastq_Lane1_Indexlength6_Run1/Project_H9N40ADXX/Sample_JR801_linc-Evi1_192-2_A46_KO-M_adult_brain_GAGTGG.R1.fastq.gz
142
/n/rinn_data1/seq/lgoff/Projects/BrainMap/data/flowcells/140528_D00365_0224_AH9N40ADXX/BclToFastq_Lane1_Indexlength6_Run1/Project_H9N40ADXX/Sample_JR801_linc-Evi1_192-2_A46_KO-M_adult_brain_GAGTGG.R2.fastq.gz
143
/n/rinn_data1/seq/lgoff/Projects/BrainMap/data/flowcells/140530_D00365_0226_BH9N43ADXX/BclToFastq_Lane1_Indexlength6_Run1/Project_H9N43ADXX/Sample_JR802_linc-Evi1_192-5_A52_WT-F_adult_brain_CGATGT.R1.fastq.gz
144
/n/rinn_data1/seq/lgoff/Projects/BrainMap/data/flowcells/140530_D00365_0226_BH9N43ADXX/BclToFastq_Lane1_Indexlength6_Run1/Project_H9N43ADXX/Sample_JR802_linc-Evi1_192-5_A52_WT-F_adult_brain_CGATGT.R2.fastq.gz
145
/n/rinn_data1/seq/lgoff/Projects/BrainMap/data/flowcells/140530_D00365_0226_BH9N43ADXX/BclToFastq_Lane1_Indexlength6_Run1/Project_H9N43ADXX/Sample_JR803_linc-HoxA1_289-4_A1_WT-M_adult_brain_TGACCA.R1.fastq.gz
146
/n/rinn_data1/seq/lgoff/Projects/BrainMap/data/flowcells/140530_D00365_0226_BH9N43ADXX/BclToFastq_Lane1_Indexlength6_Run1/Project_H9N43ADXX/Sample_JR803_linc-HoxA1_289-4_A1_WT-M_adult_brain_TGACCA.R2.fastq.gz
147
/n/rinn_data1/seq/lgoff/Projects/BrainMap/data/flowcells/140530_D00365_0226_BH9N43ADXX/BclToFastq_Lane1_Indexlength6_Run1/Project_H9N43ADXX/Sample_JR804_linc-Insig2_316-5_A42_KO-M_adult_brain_CAGATC.R1.fastq.gz
148
/n/rinn_data1/seq/lgoff/Projects/BrainMap/data/flowcells/140530_D00365_0226_BH9N43ADXX/BclToFastq_Lane1_Indexlength6_Run1/Project_H9N43ADXX/Sample_JR804_linc-Insig2_316-5_A42_KO-M_adult_brain_CAGATC.R2.fastq.gz
149
/n/rinn_data1/seq/lgoff/Projects/BrainMap/data/flowcells/140530_D00365_0226_BH9N43ADXX/BclToFastq_Lane1_Indexlength6_Run1/Project_H9N43ADXX/Sample_JR805_linc-P21_261-6_A47_KO-M_adult_brain_GATCAG.R1.fastq.gz
150
/n/rinn_data1/seq/lgoff/Projects/BrainMap/data/flowcells/140530_D00365_0226_BH9N43ADXX/BclToFastq_Lane1_Indexlength6_Run1/Project_H9N43ADXX/Sample_JR805_linc-P21_261-6_A47_KO-M_adult_brain_GATCAG.R2.fastq.gz
151
/n/rinn_data1/seq/lgoff/Projects/BrainMap/data/flowcells/140530_D00365_0226_BH9N43ADXX/BclToFastq_Lane1_Indexlength6_Run1/Project_H9N43ADXX/Sample_JR806_linc-Sox2_351-4_A15_KO-M_adult_brain_CCGTCC.R1.fastq.gz
152
/n/rinn_data1/seq/lgoff/Projects/BrainMap/data/flowcells/140530_D00365_0226_BH9N43ADXX/BclToFastq_Lane1_Indexlength6_Run1/Project_H9N43ADXX/Sample_JR806_linc-Sox2_351-4_A15_KO-M_adult_brain_CCGTCC.R2.fastq.gz
153
/n/rinn_data1/seq/lgoff/Projects/BrainMap/data/flowcells/140530_D00365_0226_BH9N43ADXX/BclToFastq_Lane1_Indexlength6_Run1/Project_H9N43ADXX/Sample_JR807_Tug1_201-3_A31_KO-M_adult_brain_GTTTCG.R1.fastq.gz
154
/n/rinn_data1/seq/lgoff/Projects/BrainMap/data/flowcells/140530_D00365_0226_BH9N43ADXX/BclToFastq_Lane1_Indexlength6_Run1/Project_H9N43ADXX/Sample_JR807_Tug1_201-3_A31_KO-M_adult_brain_GTTTCG.R2.fastq.gz
155
/n/rinn_data1/seq/lgoff/Projects/BrainMap/data/flowcells/140604_D00365_0229_AH9NMGADXX/BclToFastq_Lane1_Indexlength6_Run1/Project_H9NMGADXX/Sample_JR808_linc-Brn1b_L43-5_KO-M_E14_5_brain_ACAGTG.R1.fastq.gz
156
/n/rinn_data1/seq/lgoff/Projects/BrainMap/data/flowcells/140604_D00365_0229_AH9NMGADXX/BclToFastq_Lane1_Indexlength6_Run1/Project_H9NMGADXX/Sample_JR808_linc-Brn1b_L43-5_KO-M_E14_5_brain_ACAGTG.R2.fastq.gz
157
/n/rinn_data1/seq/lgoff/Projects/BrainMap/data/flowcells/140604_D00365_0229_AH9NMGADXX/BclToFastq_Lane1_Indexlength6_Run1/Project_H9NMGADXX/Sample_JR809_linc-Cox2_L1-3_KO-F_E14_5_brain_GCCAAT.R1.fastq.gz
158
/n/rinn_data1/seq/lgoff/Projects/BrainMap/data/flowcells/140604_D00365_0229_AH9NMGADXX/BclToFastq_Lane1_Indexlength6_Run1/Project_H9NMGADXX/Sample_JR809_linc-Cox2_L1-3_KO-F_E14_5_brain_GCCAAT.R2.fastq.gz
159
/n/rinn_data1/seq/lgoff/Projects/BrainMap/data/flowcells/140604_D00365_0229_AH9NMGADXX/BclToFastq_Lane1_Indexlength6_Run1/Project_H9NMGADXX/Sample_JR810_linc-Egfr_L6-5_KO-F_E14_5_brain_CTTGTA.R1.fastq.gz
160
/n/rinn_data1/seq/lgoff/Projects/BrainMap/data/flowcells/140604_D00365_0229_AH9NMGADXX/BclToFastq_Lane1_Indexlength6_Run1/Project_H9NMGADXX/Sample_JR810_linc-Egfr_L6-5_KO-F_E14_5_brain_CTTGTA.R2.fastq.gz
161
/n/rinn_data1/seq/lgoff/Projects/BrainMap/data/flowcells/140604_D00365_0229_AH9NMGADXX/BclToFastq_Lane1_Indexlength6_Run1/Project_H9NMGADXX/Sample_JR811_linc-HoxA1_L2-3_WT-M_E14_5_brain_AGTCAA.R1.fastq.gz
162
/n/rinn_data1/seq/lgoff/Projects/BrainMap/data/flowcells/140604_D00365_0229_AH9NMGADXX/BclToFastq_Lane1_Indexlength6_Run1/Project_H9NMGADXX/Sample_JR811_linc-HoxA1_L2-3_WT-M_E14_5_brain_AGTCAA.R2.fastq.gz
163
/n/rinn_data1/seq/lgoff/Projects/BrainMap/data/flowcells/140604_D00365_0229_AH9NMGADXX/BclToFastq_Lane1_Indexlength6_Run1/Project_H9NMGADXX/Sample_JR812_linc-Jarid1c_L13-4_KO-M_E14_5_brain_GTGAAA.R1.fastq.gz
164
/n/rinn_data1/seq/lgoff/Projects/BrainMap/data/flowcells/140604_D00365_0229_AH9NMGADXX/BclToFastq_Lane1_Indexlength6_Run1/Project_H9NMGADXX/Sample_JR812_linc-Jarid1c_L13-4_KO-M_E14_5_brain_GTGAAA.R2.fastq.gz
165
/n/rinn_data1/seq/lgoff/Projects/BrainMap/data/flowcells/140604_D00365_0230_BH9N5CADXX/BclToFastq_Lane1_Indexlength6_Run1/Project_H9N5CADXX/Sample_JR819_linc-Jarid1c_301-4_A39_KO-M_adult_brain_TAGCTT.R1.fastq.gz
166
/n/rinn_data1/seq/lgoff/Projects/BrainMap/data/flowcells/140604_D00365_0230_BH9N5CADXX/BclToFastq_Lane1_Indexlength6_Run1/Project_H9N5CADXX/Sample_JR819_linc-Jarid1c_301-4_A39_KO-M_adult_brain_TAGCTT.R2.fastq.gz
167
/n/rinn_data1/seq/lgoff/Projects/BrainMap/data/flowcells/140604_D00365_0230_BH9N5CADXX/BclToFastq_Lane1_Indexlength6_Run1/Project_H9N5CADXX/Sample_JR820_linc-Jarid1c_308-1_A59_WT-M_adult_brain_GGCTAC.R1.fastq.gz
168
/n/rinn_data1/seq/lgoff/Projects/BrainMap/data/flowcells/140604_D00365_0230_BH9N5CADXX/BclToFastq_Lane1_Indexlength6_Run1/Project_H9N5CADXX/Sample_JR820_linc-Jarid1c_308-1_A59_WT-M_adult_brain_GGCTAC.R2.fastq.gz
169
/n/rinn_data1/seq/lgoff/Projects/BrainMap/data/flowcells/140604_D00365_0230_BH9N5CADXX/BclToFastq_Lane1_Indexlength6_Run1/Project_H9N5CADXX/Sample_JR821_linc-Jarid1c_308-10_A58_WT-M_adult_brain_GTCCGC.R1.fastq.gz
170
/n/rinn_data1/seq/lgoff/Projects/BrainMap/data/flowcells/140604_D00365_0230_BH9N5CADXX/BclToFastq_Lane1_Indexlength6_Run1/Project_H9N5CADXX/Sample_JR821_linc-Jarid1c_308-10_A58_WT-M_adult_brain_GTCCGC.R2.fastq.gz
171
/n/rinn_data1/seq/lgoff/Projects/BrainMap/data/flowcells/140604_D00365_0230_BH9N5CADXX/BclToFastq_Lane1_Indexlength6_Run1/Project_H9N5CADXX/Sample_JR822_linc-Sox2_8_A61_KO-M_adult_brain_ACTGAT.R1.fastq.gz
172
/n/rinn_data1/seq/lgoff/Projects/BrainMap/data/flowcells/140604_D00365_0230_BH9N5CADXX/BclToFastq_Lane1_Indexlength6_Run1/Project_H9N5CADXX/Sample_JR822_linc-Sox2_8_A61_KO-M_adult_brain_ACTGAT.R2.fastq.gz
173
/n/rinn_data1/seq/lgoff/Projects/BrainMap/data/flowcells/140605_D00365_0231_AH9N42ADXX/BclToFastq_Lane1_Indexlength6_Run1/Project_H9N42ADXX/Sample_JR823_linc-Jarid1c_301-7_A37_KO-F_adult_brain_ACAGTG.R1.fastq.gz
174
/n/rinn_data1/seq/lgoff/Projects/BrainMap/data/flowcells/140605_D00365_0231_AH9N42ADXX/BclToFastq_Lane1_Indexlength6_Run1/Project_H9N42ADXX/Sample_JR823_linc-Jarid1c_301-7_A37_KO-F_adult_brain_ACAGTG.R2.fastq.gz
175
/n/rinn_data1/seq/lgoff/Projects/BrainMap/data/flowcells/140605_D00365_0231_AH9N42ADXX/BclToFastq_Lane1_Indexlength6_Run1/Project_H9N42ADXX/Sample_JR824_linc-Jarid1c_300-3_A60_WT-M_adult_brain_GCCAAT.R1.fastq.gz
176
/n/rinn_data1/seq/lgoff/Projects/BrainMap/data/flowcells/140605_D00365_0231_AH9N42ADXX/BclToFastq_Lane1_Indexlength6_Run1/Project_H9N42ADXX/Sample_JR824_linc-Jarid1c_300-3_A60_WT-M_adult_brain_GCCAAT.R2.fastq.gz
177
/n/rinn_data1/seq/lgoff/Projects/BrainMap/data/flowcells/140605_D00365_0231_AH9N42ADXX/BclToFastq_Lane1_Indexlength6_Run1/Project_H9N42ADXX/Sample_JR825_linc-Enc1_301-4_A45_KO-M_adult_brain_CTTGTA.R1.fastq.gz
178
/n/rinn_data1/seq/lgoff/Projects/BrainMap/data/flowcells/140605_D00365_0231_AH9N42ADXX/BclToFastq_Lane1_Indexlength6_Run1/Project_H9N42ADXX/Sample_JR825_linc-Enc1_301-4_A45_KO-M_adult_brain_CTTGTA.R2.fastq.gz
179
/n/rinn_data1/seq/lgoff/Projects/BrainMap/data/flowcells/140605_D00365_0231_AH9N42ADXX/BclToFastq_Lane1_Indexlength6_Run1/Project_H9N42ADXX/Sample_JR826_linc-HoxA1_291-3_A43_KO-F_adult_brain_AGTCAA.R1.fastq.gz
180
/n/rinn_data1/seq/lgoff/Projects/BrainMap/data/flowcells/140605_D00365_0231_AH9N42ADXX/BclToFastq_Lane1_Indexlength6_Run1/Project_H9N42ADXX/Sample_JR826_linc-HoxA1_291-3_A43_KO-F_adult_brain_AGTCAA.R2.fastq.gz
181
/n/rinn_data1/seq/lgoff/Projects/BrainMap/data/flowcells/140605_D00365_0231_AH9N42ADXX/BclToFastq_Lane1_Indexlength6_Run1/Project_H9N42ADXX/Sample_JR827_linc-Enc1_300-5_A35_WT-F_adult_brain_GTGAAA.R1.fastq.gz
182
/n/rinn_data1/seq/lgoff/Projects/BrainMap/data/flowcells/140605_D00365_0231_AH9N42ADXX/BclToFastq_Lane1_Indexlength6_Run1/Project_H9N42ADXX/Sample_JR827_linc-Enc1_300-5_A35_WT-F_adult_brain_GTGAAA.R2.fastq.gz
183
/n/rinn_data1/seq/lgoff/Projects/BrainMap/data/flowcells/140609_D00365_0235_AH9N3YADXX/BclToFastq_Lane1_Indexlength6_Run1/Project_H9N3YADXX/Sample_JR793_linc-Irx5_L20-2_KO-F_E14_5_brain_GATCAG.R1.fastq.gz
184
/n/rinn_data1/seq/lgoff/Projects/BrainMap/data/flowcells/140609_D00365_0235_AH9N3YADXX/BclToFastq_Lane1_Indexlength6_Run1/Project_H9N3YADXX/Sample_JR793_linc-Irx5_L20-2_KO-F_E14_5_brain_GATCAG.R2.fastq.gz
185
/n/rinn_data1/seq/lgoff/Projects/BrainMap/data/flowcells/140609_D00365_0235_AH9N3YADXX/BclToFastq_Lane1_Indexlength6_Run1/Project_H9N3YADXX/Sample_JR814_linc-p21_20-3_KO-F_E14_5_brain_CGATGT.R1.fastq.gz
186
/n/rinn_data1/seq/lgoff/Projects/BrainMap/data/flowcells/140609_D00365_0235_AH9N3YADXX/BclToFastq_Lane1_Indexlength6_Run1/Project_H9N3YADXX/Sample_JR814_linc-p21_20-3_KO-F_E14_5_brain_CGATGT.R2.fastq.gz
187
/n/rinn_data1/seq/lgoff/Projects/BrainMap/data/flowcells/140609_D00365_0235_AH9N3YADXX/BclToFastq_Lane1_Indexlength6_Run1/Project_H9N3YADXX/Sample_JR815_linc-Irx5_L20-1_WT-F_E14_5_brain_TGACCA.R1.fastq.gz
188
/n/rinn_data1/seq/lgoff/Projects/BrainMap/data/flowcells/140609_D00365_0235_AH9N3YADXX/BclToFastq_Lane1_Indexlength6_Run1/Project_H9N3YADXX/Sample_JR815_linc-Irx5_L20-1_WT-F_E14_5_brain_TGACCA.R2.fastq.gz
189
/n/rinn_data1/seq/lgoff/Projects/BrainMap/data/flowcells/140609_D00365_0235_AH9N3YADXX/BclToFastq_Lane1_Indexlength6_Run1/Project_H9N3YADXX/Sample_JR816_linc-Cox2_L1-5_KO-M_E14_5_brain_CAGATC.R1.fastq.gz
190
/n/rinn_data1/seq/lgoff/Projects/BrainMap/data/flowcells/140609_D00365_0235_AH9N3YADXX/BclToFastq_Lane1_Indexlength6_Run1/Project_H9N3YADXX/Sample_JR816_linc-Cox2_L1-5_KO-M_E14_5_brain_CAGATC.R2.fastq.gz
191
/n/rinn_data1/seq/lgoff/Projects/BrainMap/data/flowcells/140609_D00365_0235_AH9N3YADXX/BclToFastq_Lane1_Indexlength6_Run1/Project_H9N3YADXX/Sample_JR829_linc-Cox2_L2-2_KO-M_E14_5_brain_CCGTCC.R1.fastq.gz
192
/n/rinn_data1/seq/lgoff/Projects/BrainMap/data/flowcells/140609_D00365_0235_AH9N3YADXX/BclToFastq_Lane1_Indexlength6_Run1/Project_H9N3YADXX/Sample_JR829_linc-Cox2_L2-2_KO-M_E14_5_brain_CCGTCC.R2.fastq.gz
193
/n/rinn_data1/seq/lgoff/Projects/BrainMap/data/flowcells/140609_D00365_0235_AH9N3YADXX/BclToFastq_Lane1_Indexlength6_Run1/Project_H9N3YADXX/Sample_JR830_linc-Irx5_L21-10_KO-F_E14_5_brain_GTTTCG.R1.fastq.gz
194
/n/rinn_data1/seq/lgoff/Projects/BrainMap/data/flowcells/140609_D00365_0235_AH9N3YADXX/BclToFastq_Lane1_Indexlength6_Run1/Project_H9N3YADXX/Sample_JR830_linc-Irx5_L21-10_KO-F_E14_5_brain_GTTTCG.R2.fastq.gz
195
/n/rinn_data1/seq/lgoff/Projects/BrainMap/data/flowcells/140611_D00365_0239_AH9N50ADXX/BclToFastq_Lane1_Indexlength6_Run1/Project_H9N50ADXX/Sample_JR835linc-Brn1b_386-4A62_KO-F_adultbrain_CGATGT.R1.fastq.gz
196
/n/rinn_data1/seq/lgoff/Projects/BrainMap/data/flowcells/140611_D00365_0239_AH9N50ADXX/BclToFastq_Lane1_Indexlength6_Run1/Project_H9N50ADXX/Sample_JR835linc-Brn1b_386-4A62_KO-F_adultbrain_CGATGT.R2.fastq.gz
197
/n/rinn_data1/seq/lgoff/Projects/BrainMap/data/flowcells/140611_D00365_0239_AH9N50ADXX/BclToFastq_Lane1_Indexlength6_Run1/Project_H9N50ADXX/Sample_JR836linc-Brn1b_386-8A63_KO-F_adultbrain_TGACCA.R1.fastq.gz
198
/n/rinn_data1/seq/lgoff/Projects/BrainMap/data/flowcells/140611_D00365_0239_AH9N50ADXX/BclToFastq_Lane1_Indexlength6_Run1/Project_H9N50ADXX/Sample_JR836linc-Brn1b_386-8A63_KO-F_adultbrain_TGACCA.R2.fastq.gz
199
/n/rinn_data1/seq/lgoff/Projects/BrainMap/data/flowcells/140611_D00365_0239_AH9N50ADXX/BclToFastq_Lane1_Indexlength6_Run1/Project_H9N50ADXX/Sample_JR837linc-Brn1a_320-4A64_KO-M_adultbrain_CAGATC.R1.fastq.gz
200
/n/rinn_data1/seq/lgoff/Projects/BrainMap/data/flowcells/140611_D00365_0239_AH9N50ADXX/BclToFastq_Lane1_Indexlength6_Run1/Project_H9N50ADXX/Sample_JR837linc-Brn1a_320-4A64_KO-M_adultbrain_CAGATC.R2.fastq.gz
201
/n/rinn_data1/seq/lgoff/Projects/BrainMap/data/flowcells/140611_D00365_0239_AH9N50ADXX/BclToFastq_Lane1_Indexlength6_Run1/Project_H9N50ADXX/Sample_JR838linc-Egfr_L9-4_KO-M_E14_5brain_GATCAG.R1.fastq.gz
202
/n/rinn_data1/seq/lgoff/Projects/BrainMap/data/flowcells/140611_D00365_0239_AH9N50ADXX/BclToFastq_Lane1_Indexlength6_Run1/Project_H9N50ADXX/Sample_JR838linc-Egfr_L9-4_KO-M_E14_5brain_GATCAG.R2.fastq.gz
203
/n/rinn_data1/seq/lgoff/Projects/BrainMap/data/flowcells/140611_D00365_0239_AH9N50ADXX/BclToFastq_Lane1_Indexlength6_Run1/Project_H9N50ADXX/Sample_JR839linc-Enc1_L17-1_KO-M_E14_5brain_CCGTCC.R1.fastq.gz
204
/n/rinn_data1/seq/lgoff/Projects/BrainMap/data/flowcells/140611_D00365_0239_AH9N50ADXX/BclToFastq_Lane1_Indexlength6_Run1/Project_H9N50ADXX/Sample_JR839linc-Enc1_L17-1_KO-M_E14_5brain_CCGTCC.R2.fastq.gz
205
/n/rinn_data1/seq/lgoff/Projects/BrainMap/data/flowcells/140611_D00365_0239_AH9N50ADXX/BclToFastq_Lane1_Indexlength6_Run1/Project_H9N50ADXX/Sample_JR857Tug1_L13-8_KO-M_E14_5brain_GTTTCG.R1.fastq.gz
206
/n/rinn_data1/seq/lgoff/Projects/BrainMap/data/flowcells/140611_D00365_0239_AH9N50ADXX/BclToFastq_Lane1_Indexlength6_Run1/Project_H9N50ADXX/Sample_JR857Tug1_L13-8_KO-M_E14_5brain_GTTTCG.R2.fastq.gz
207
/n/rinn_data1/seq/lgoff/Projects/BrainMap/data/flowcells/140707_D00365_0273_AH9YRUADXX/BclToFastq_Lane1_Indexlength6_Run1/Project_H9YRUADXX/Sample_JR858_linc-Brn1a_L38-4_KO-F_E14_5_brain_ATCACG.R1.fastq.gz
208
/n/rinn_data1/seq/lgoff/Projects/BrainMap/data/flowcells/140707_D00365_0273_AH9YRUADXX/BclToFastq_Lane1_Indexlength6_Run1/Project_H9YRUADXX/Sample_JR858_linc-Brn1a_L38-4_KO-F_E14_5_brain_ATCACG.R2.fastq.gz
209
/n/rinn_data1/seq/lgoff/Projects/BrainMap/data/flowcells/140707_D00365_0273_AH9YRUADXX/BclToFastq_Lane1_Indexlength6_Run1/Project_H9YRUADXX/Sample_JR859_linc-Brn1a_L39-2_KO-M_E14_5_brain_ACTTGA.R1.fastq.gz
210
/n/rinn_data1/seq/lgoff/Projects/BrainMap/data/flowcells/140707_D00365_0273_AH9YRUADXX/BclToFastq_Lane1_Indexlength6_Run1/Project_H9YRUADXX/Sample_JR859_linc-Brn1a_L39-2_KO-M_E14_5_brain_ACTTGA.R2.fastq.gz
211
/n/rinn_data1/seq/lgoff/Projects/BrainMap/data/flowcells/140707_D00365_0273_AH9YRUADXX/BclToFastq_Lane1_Indexlength6_Run1/Project_H9YRUADXX/Sample_JR860_linc-Brn1a_L39-5_KO-F_E14_5_brain_TAGCTT.R1.fastq.gz
212
/n/rinn_data1/seq/lgoff/Projects/BrainMap/data/flowcells/140707_D00365_0273_AH9YRUADXX/BclToFastq_Lane1_Indexlength6_Run1/Project_H9YRUADXX/Sample_JR860_linc-Brn1a_L39-5_KO-F_E14_5_brain_TAGCTT.R2.fastq.gz
213
/n/rinn_data1/seq/lgoff/Projects/BrainMap/data/flowcells/140707_D00365_0273_AH9YRUADXX/BclToFastq_Lane1_Indexlength6_Run1/Project_H9YRUADXX/Sample_JR861_Tug1_L14-4_KO-M_E14_5_brain_GGCTAC.R1.fastq.gz
214
/n/rinn_data1/seq/lgoff/Projects/BrainMap/data/flowcells/140707_D00365_0273_AH9YRUADXX/BclToFastq_Lane1_Indexlength6_Run1/Project_H9YRUADXX/Sample_JR861_Tug1_L14-4_KO-M_E14_5_brain_GGCTAC.R2.fastq.gz
215
/n/rinn_data1/seq/lgoff/Projects/BrainMap/data/flowcells/140707_D00365_0273_AH9YRUADXX/BclToFastq_Lane1_Indexlength6_Run1/Project_H9YRUADXX/Sample_JR862_linc-p21_L20-6_KO-F_E14_5_brain_GTCCGC.R1.fastq.gz
216
/n/rinn_data1/seq/lgoff/Projects/BrainMap/data/flowcells/140707_D00365_0273_AH9YRUADXX/BclToFastq_Lane1_Indexlength6_Run1/Project_H9YRUADXX/Sample_JR862_linc-p21_L20-6_KO-F_E14_5_brain_GTCCGC.R2.fastq.gz
217
/n/rinn_data1/seq/lgoff/Projects/BrainMap/data/flowcells/140707_D00365_0273_AH9YRUADXX/BclToFastq_Lane1_Indexlength6_Run1/Project_H9YRUADXX/Sample_JR863_linc-Insig2_L23-3_KO-M_E14_5_brain_ACTGAT.R1.fastq.gz
218
/n/rinn_data1/seq/lgoff/Projects/BrainMap/data/flowcells/140707_D00365_0273_AH9YRUADXX/BclToFastq_Lane1_Indexlength6_Run1/Project_H9YRUADXX/Sample_JR863_linc-Insig2_L23-3_KO-M_E14_5_brain_ACTGAT.R2.fastq.gz
219
/n/rinn_data1/seq/lgoff/Projects/BrainMap/data/flowcells/140709_D00365_0275_AH9YNLADXX/BclToFastq_Lane1_Indexlength6_Run1/Project_H9YNLADXX/Sample_JR858_linc-Brn1a_L38-4_KO-F_E14_5_brain_ATCACG.R1.fastq.gz
220
/n/rinn_data1/seq/lgoff/Projects/BrainMap/data/flowcells/140709_D00365_0275_AH9YNLADXX/BclToFastq_Lane1_Indexlength6_Run1/Project_H9YNLADXX/Sample_JR858_linc-Brn1a_L38-4_KO-F_E14_5_brain_ATCACG.R2.fastq.gz
221
/n/rinn_data1/seq/lgoff/Projects/BrainMap/data/flowcells/140709_D00365_0275_AH9YNLADXX/BclToFastq_Lane1_Indexlength6_Run1/Project_H9YNLADXX/Sample_JR859_linc-Brn1a_L39-2_KO-M_E14_5_brain_ACTTGA.R1.fastq.gz
222
/n/rinn_data1/seq/lgoff/Projects/BrainMap/data/flowcells/140709_D00365_0275_AH9YNLADXX/BclToFastq_Lane1_Indexlength6_Run1/Project_H9YNLADXX/Sample_JR859_linc-Brn1a_L39-2_KO-M_E14_5_brain_ACTTGA.R2.fastq.gz
223
/n/rinn_data1/seq/lgoff/Projects/BrainMap/data/flowcells/140709_D00365_0275_AH9YNLADXX/BclToFastq_Lane1_Indexlength6_Run1/Project_H9YNLADXX/Sample_JR860_linc-Brn1a_L39-5_KO-F_E14_5_brain_TAGCTT.R1.fastq.gz
224
/n/rinn_data1/seq/lgoff/Projects/BrainMap/data/flowcells/140709_D00365_0275_AH9YNLADXX/BclToFastq_Lane1_Indexlength6_Run1/Project_H9YNLADXX/Sample_JR860_linc-Brn1a_L39-5_KO-F_E14_5_brain_TAGCTT.R2.fastq.gz
225
/n/rinn_data1/seq/lgoff/Projects/BrainMap/data/flowcells/140709_D00365_0275_AH9YNLADXX/BclToFastq_Lane1_Indexlength6_Run1/Project_H9YNLADXX/Sample_JR861_Tug1_L14-4_KO-M_E14_5_brain_GGCTAC.R1.fastq.gz
226
/n/rinn_data1/seq/lgoff/Projects/BrainMap/data/flowcells/140709_D00365_0275_AH9YNLADXX/BclToFastq_Lane1_Indexlength6_Run1/Project_H9YNLADXX/Sample_JR861_Tug1_L14-4_KO-M_E14_5_brain_GGCTAC.R2.fastq.gz
227
/n/rinn_data1/seq/lgoff/Projects/BrainMap/data/flowcells/140709_D00365_0275_AH9YNLADXX/BclToFastq_Lane1_Indexlength6_Run1/Project_H9YNLADXX/Sample_JR862_linc-p21_L20-6_KO-F_E14_5_brain_GTCCGC.R1.fastq.gz
228
/n/rinn_data1/seq/lgoff/Projects/BrainMap/data/flowcells/140709_D00365_0275_AH9YNLADXX/BclToFastq_Lane1_Indexlength6_Run1/Project_H9YNLADXX/Sample_JR862_linc-p21_L20-6_KO-F_E14_5_brain_GTCCGC.R2.fastq.gz
229
/n/rinn_data1/seq/lgoff/Projects/BrainMap/data/flowcells/140709_D00365_0275_AH9YNLADXX/BclToFastq_Lane1_Indexlength6_Run1/Project_H9YNLADXX/Sample_JR863_linc-Insig2_L23-3_KO-M_E14_5_brain_ACTGAT.R1.fastq.gz
230
/n/rinn_data1/seq/lgoff/Projects/BrainMap/data/flowcells/140709_D00365_0275_AH9YNLADXX/BclToFastq_Lane1_Indexlength6_Run1/Project_H9YNLADXX/Sample_JR863_linc-Insig2_L23-3_KO-M_E14_5_brain_ACTGAT.R2.fastq.gz
