[1] "Kantr_vs_WT_Adult"
[1] "Kantr"
Warning message:
In dir.create(filename) : 'Kantr_vs_WT_Adult' already exists
Loading required package: BiocGenerics
Loading required package: methods
Loading required package: parallel

Attaching package: 'BiocGenerics'

The following objects are masked from 'package:parallel':

    clusterApply, clusterApplyLB, clusterCall, clusterEvalQ,
    clusterExport, clusterMap, parApply, parCapply, parLapply,
    parLapplyLB, parRapply, parSapply, parSapplyLB

The following object is masked from 'package:stats':

    xtabs

The following objects are masked from 'package:base':

    anyDuplicated, append, as.data.frame, as.vector, cbind,
    colnames, duplicated, eval, evalq, Filter, Find, get,
    intersect, is.unsorted, lapply, Map, mapply, match, mget,
    order, paste, pmax, pmax.int, pmin, pmin.int, Position, rank,
    rbind, Reduce, rep.int, rownames, sapply, setdiff, sort,
    table, tapply, union, unique, unlist

Loading required package: RSQLite
Loading required package: DBI
Loading required package: ggplot2
Loading required package: reshape2
Loading required package: fastcluster

Attaching package: 'fastcluster'

The following object is masked from 'package:stats':

    hclust

Loading required package: rtracklayer
Loading required package: GenomicRanges
Loading required package: IRanges
Loading required package: XVector
Loading required package: Gviz
Loading required package: grid

Attaching package: 'cummeRbund'

The following object is masked from 'package:GenomicRanges':

    promoters

The following object is masked from 'package:IRanges':

    promoters

The following object is masked from 'package:BiocGenerics':

    conditions


Attaching package: 'limma'

The following object is masked from 'package:BiocGenerics':

    plotMA

KernSmooth 2.23 loaded
Copyright M. P. Wand 1997-2009

Attaching package: 'gplots'

The following object is masked from 'package:rtracklayer':

    space

The following object is masked from 'package:IRanges':

    space

The following object is masked from 'package:stats':

    lowess


Attaching package: 'RMySQL'

The following objects are masked from 'package:RSQLite':

    dbBuildTableDefinition, isIdCurrent, safe.write

Read 674 records
Read 38949 items
Read 217 records
Read 4964 items
Read 186 records
Read 13247 items
Scale for 'x' is already present. Adding another scale for 'x', which will replace the existing scale.
geom_smooth: method="auto" and size of largest group is >=1000, so using gam with formula: y ~ s(x, bs = "cs"). Use 'method = x' to change the smoothing method.
Scale for 'x' is already present. Adding another scale for 'x', which will replace the existing scale.
geom_smooth: method="auto" and size of largest group is >=1000, so using gam with formula: y ~ s(x, bs = "cs"). Use 'method = x' to change the smoothing method.
Getting gene information:
	FPKM
	Differential Expression Data
	Annotation Data
	Replicate FPKMs
	Counts
Getting isoforms information:
	FPKM
	Differential Expression Data
	Annotation Data
	Replicate FPKMs
	Counts
Getting CDS information:
	FPKM
	Differential Expression Data
	Annotation Data
	Replicate FPKMs
	Counts
Getting TSS information:
	FPKM
	Differential Expression Data
	Annotation Data
	Replicate FPKMs
	Counts
Getting promoter information:
	distData
Getting splicing information:
	distData
Getting relCDS information:
	distData
Scale for 'colour' is already present. Adding another scale for 'colour', which will replace the existing scale.
ymax not defined: adjusting position using y instead
Using tracking_id, rep_name as id variables
No id variables; using all as measure variables
Loading required package: AnnotationDbi
Loading required package: Biobase
Welcome to Bioconductor

    Vignettes contain introductory material; view with
    'browseVignettes()'. To cite Bioconductor, see
    'citation("Biobase")', and for packages 'citation("pkgname")'.


Attaching package: 'Biobase'

The following object is masked from 'package:cummeRbund':

    samples


Attaching package: 'GenomicFeatures'

The following objects are masked from 'package:cummeRbund':

    features, genes

	BamTracks
	plotting...
Getting gene information:
	FPKM
	Differential Expression Data
	Annotation Data
	Replicate FPKMs
	Counts
Getting isoforms information:
	FPKM
	Differential Expression Data
	Annotation Data
	Replicate FPKMs
	Counts
Getting CDS information:
	FPKM
	Differential Expression Data
	Annotation Data
	Replicate FPKMs
	Counts
Getting TSS information:
	FPKM
	Differential Expression Data
	Annotation Data
	Replicate FPKMs
	Counts
Getting promoter information:
	distData
Getting splicing information:
	distData
Getting relCDS information:
	distData
Using tracking_id, rep_name as id variables
No id variables; using all as measure variables
Using tracking_id, sample_name as id variables
Error in seq.default(range[1], range[2], length = n) : 
  'from' cannot be NA, NaN or infinite
In addition: Warning messages:
1: Removed 4810 rows containing missing values (geom_point). 
2: Removed 4809 rows containing missing values (geom_point). 
Using tracking_id, rep_name as id variables
No id variables; using all as measure variables
Getting gene information:
	FPKM
	Differential Expression Data
	Annotation Data
	Replicate FPKMs
	Counts
Getting isoforms information:
	FPKM
	Differential Expression Data
	Annotation Data
	Replicate FPKMs
	Counts
Getting CDS information:
	FPKM
	Differential Expression Data
	Annotation Data
	Replicate FPKMs
	Counts
Getting TSS information:
	FPKM
	Differential Expression Data
	Annotation Data
	Replicate FPKMs
	Counts
Getting promoter information:
	distData
Getting splicing information:
	distData
Getting relCDS information:
	distData
Using tracking_id, rep_name as id variables
No id variables; using all as measure variables
Using tracking_id, rep_name as id variables
No id variables; using all as measure variables



Attaching package: 'DOSE'

The following object is masked from 'package:ReactomePA':

    gseAnalyzer

Getting gene information:
	FPKM
	Differential Expression Data
	Annotation Data
	Replicate FPKMs
	Counts
Getting isoforms information:
	FPKM
	Differential Expression Data
	Annotation Data
	Replicate FPKMs
	Counts
Getting CDS information:
	FPKM
	Differential Expression Data
	Annotation Data
	Replicate FPKMs
	Counts
Getting TSS information:
	FPKM
	Differential Expression Data
	Annotation Data
	Replicate FPKMs
	Counts
Getting promoter information:
	distData
Getting splicing information:
	distData
Getting relCDS information:
	distData

KEGG.db contains mappings based on older data because the original
  resource was removed from the the public domain before the most
  recent update was produced. This package should now be
  considered deprecated and future versions of Bioconductor may
  not have it available.  Users who want more current data are
  encouraged to look at the KEGGREST or reactome.db packages

Loading required package: biomaRt

Attaching package: 'biomaRt'

The following object is masked from 'package:cummeRbund':

    getGene

Loading required package: org.Mm.eg.db

Loading required package: GO.db
Loading required package: BSgenome
Loading required package: Biostrings

Attaching package: 'BSgenome'

The following object is masked from 'package:AnnotationDbi':

    species


Attaching package: 'plyr'

The following object is masked from 'package:cummeRbund':

    count

The following object is masked from 'package:XVector':

    compact

The following objects are masked from 'package:IRanges':

    desc, rename

First Split
Second Split
1
0
2
0
3
0
4
0
5
0
6
3
7
0
8
0
9
4
10
0
11
0
12
5
13
0
14
5
15
1
16
2
17
1
18
4
19
0
20
0
21
0
22
0
23
1
24
5
25
0
26
0
27
4
28
0
29
1
30
0
31
2
32
2
33
1
34
0
35
0
36
0
37
1
38
5
39
1
40
1
41
0
42
0
43
2
44
0
45
0
46
0
47
1
48
2
49
0
50
0
51
0
52
0
53
0
54
0
55
0
56
0
57
0
58
0
59
3
60
4
61
0
62
2
63
2
64
1
65
0
66
1
67
0
68
2
69
1
70
0
71
0
72
0
73
3
74
0
75
1
76
0
77
0
78
1
79
4
80
0
81
0
82
0
83
0
84
0
85
1
86
2
87
0
88
3
89
1
90
1
91
0
92
0
93
0
94
0
95
2
96
1
97
1
98
1
99
0
100
1
101
1
102
2
103
0
104
2
105
0
106
0
107
0
108
0
109
0
110
0
111
1
112
3
113
0
114
0
115
0
116
0
117
1
118
0
119
0
120
1
121
0
122
2
123
0
124
7
125
0
126
0
127
1
128
1
129
0
130
0
131
0
132
0
133
0
134
0
135
0
136
0
137
1
138
0
139
1
140
0
141
1
142
0
143
0
144
4
145
2
146
1
147
0
148
1
149
3
150
1
151
1
152
2
153
0
154
1
155
0
156
1
157
3
158
1
159
1
160
1
161
1
162
0
163
0
164
0
165
1
166
0
167
0
168
0
169
1
170
0
171
1
172
2
173
0
174
0
175
3
176
3
177
0
178
3
179
0
180
2
181
0
182
0
183
0
184
0
185
2
186
2
187
1
188
0
189
2
190
0
191
0
192
0
193
0
194
3
195
1
196
1
197
0
198
2
199
1
200
0
201
3
202
3
203
0
204
4
205
1
206
0
207
1
208
0
209
1
210
0
211
0
212
1
213
0
214
0
215
0
216
0
217
0
218
0
219
0
220
2
221
1
222
1
223
0
224
0
225
0
226
0
227
1
228
0
229
2
230
1
231
1
232
2
233
1
234
0
235
0
236
4
237
0
238
1
239
0
240
3
241
0
242
1
243
0
244
0
245
1
246
0
247
0
248
0
249
1
250
0
251
0
252
4
253
0
254
1
255
0
256
0
257
1
258
0
259
3
260
0
261
0
262
2
263
1
264
3
265
1
266
0
267
1
268
0
269
0
270
0
271
0
272
0
273
5
274
2
275
0
276
1
277
1
278
3
279
0
280
1
281
1
282
0
283
0
284
1
285
1
286
1
287
0
288
4
289
0
290
1
291
0
292
0
293
0
294
0
295
0
296
0
297
3
298
3
299
2
300
1
301
3
302
1
303
0
304
0
305
4
306
1
307
2
308
2
309
0
310
1
311
0
312
1
313
1
314
0
315
2
316
3
317
0
318
2
319
0
320
0
321
0
322
0
323
0
324
0
325
0
326
0
327
0
328
0
329
1
330
0
331
0
332
0
333
0
334
0
335
1
336
0
337
1
338
3
339
0
340
1
341
4
342
0
343
0
344
1
345
1
346
1
347
2
348
0
349
1
350
0
351
0
352
0
353
5
354
2
355
0
356
0
357
1
358
0
359
0
360
0
361
1
362
4
363
0
364
0
365
0
366
2
367
0
368
1
369
0
370
0
371
1
372
3
373
0
374
0
375
0
376
4
377
0
378
1
379
0
380
0
381
0
382
1
383
0
384
3
385
1
386
0
387
0
388
0
389
1
390
0
391
0
392
1
393
0
394
1
395
1
396
0
397
0
398
2
399
2
400
0
401
0
402
0
403
1
404
4
405
0
406
1
407
0
408
1
409
0
410
3
411
8
412
2
413
1
414
2
415
0
416
4
417
0
418
0
419
1
420
1
421
0
422
1
423
3
424
0
425
1
426
0
427
5
428
0
429
0
430
0
431
4
432
3
433
2
434
0
435
0
436
1
437
3
438
0
439
2
440
1
441
0
442
1
443
1
444
0
445
0
446
0
447
2
448
0
449
1
450
0
451
3
452
1
453
1
454
3
455
0
456
0
457
0
458
1
459
0
460
2
461
2
462
2
463
1
464
0
465
0
466
1
467
6
468
0
469
0
470
0
471
1
472
0
473
0
474
1
475
0
476
3
477
0
478
0
479
0
480
0
481
1
482
0
483
1
484
2
485
1
486
2
487
0
488
0
489
3
490
0
491
0
492
0
493
3
494
0
495
0
496
0
497
0
498
0
499
1
500
0
501
1
502
2
503
0
504
0
505
0
506
1
507
0
508
2
509
1
510
2
511
0
512
0
513
1
514
0
515
0
516
1
517
0
518
0
519
0
520
1
521
1
522
1
523
3
524
0
525
1
526
0
527
3
528
1
529
0
530
1
531
2
532
0
533
0
534
0
535
3
536
0
537
0
538
4
539
1
540
0
541
1
542
0
543
4
544
0
545
2
546
1
547
0
548
0
549
2
550
1
551
0
552
1
553
2
554
0
555
0
556
3
557
0
558
0
559
0
560
0
561
0
562
0
563
1
564
0
565
3
566
0
567
1
568
0
569
4
570
1
571
1
572
0
573
1
574
1
575
0
576
1
577
4
578
0
579
0
580
2
581
0
582
2
583
0
584
1
585
0
586
1
587
0
588
1
589
0
590
0
591
0
592
1
593
2
594
1
595
0
596
0
597
0
598
2
599
0
600
1
601
2
602
1
603
1
604
1
605
0
606
0
607
2
608
3
609
0
610
3
611
0
612
2
613
1
614
1
615
2
616
0
617
0
618
0
619
1
620
0
621
4
622
0
623
2
624
0
625
0
626
1
627
1
628
0
629
1
630
0
631
1
632
0
633
0
634
1
635
3
636
2
637
2
638
1
639
0
640
2
641
0
642
0
643
0
644
0
645
0
646
7
647
1
648
0
649
0
650
3
651
1
652
0
653
0
654
0
655
0
656
2
657
1
658
0
659
0
660
0
661
0
662
0
663
1
664
0
665
0
666
0
667
0
668
0
669
1
670
1
671
0
672
0
673
1
674
0
675
0
676
0
677
4
678
2
679
0
680
6
681
0
682
4
683
0
684
0
685
1
686
1
687
0
688
4
689
0
690
0
691
1
692
0
693
1
694
0
695
2
696
1
697
0
698
1
699
1
700
0
701
0
702
2
703
1
704
1
705
0
706
2
707
1
708
0
709
2
710
1
711
0
712
1
713
2
714
1
715
0
716
0
717
1
718
4
719
1
720
0
721
1
722
0
723
0
724
2
725
2
726
0
727
2
728
1
729
0
730
1
731
0
732
0
733
0
734
2
735
1
736
0
737
0
738
1
739
3
740
1
741
2
742
0
743
0
744
1
745
0
746
1
747
0
748
0
749
1
750
0
751
0
752
0
753
0
754
0
755
0
756
1
757
0
758
2
759
0
760
0
761
1
762
0
763
2
764
1
765
0
766
4
767
0
768
0
769
0
770
0
771
5
772
1
773
0
774
0
775
1
776
2
777
2
778
0
779
2
780
3
781
1
782
0
783
1
784
2
785
0
786
1
787
0
788
0
789
0
790
1
791
0
792
1
793
1
794
0
795
0
796
0
797
0
798
1
799
0
800
4
801
2
802
0
803
3
804
2
805
2
806
1
807
2
808
1
809
0
810
1
811
2
812
0
813
0
814
1
815
0
816
0
817
1
818
0
819
2
820
0
821
1
822
2
823
0
824
2
825
0
826
0
827
0
828
0
829
0
830
2
831
0
832
0
833
0
834
2
835
1
836
5
837
0
838
0
839
1
840
0
841
3
842
0
843
2
844
1
845
0
846
1
847
2
848
0
849
0
850
1
851
0
852
0
853
2
854
1
855
2
856
0
857
1
858
0
859
0
860
0
861
3
862
0
863
2
864
0
865
1
866
0
867
0
868
3
869
2
870
4
871
3
872
1
873
0
874
0
875
1
876
0
877
0
878
2
879
0
880
0
881
7
882
1
883
1
884
1
885
0
886
0
887
0
888
0
889
0
890
1
891
0
892
1
893
2
894
5
895
2
896
1
897
1
898
1
899
6
900
2
901
0
902
1
903
0
904
0
905
0
906
0
907
1
908
1
909
5
910
0
911
1
912
0
913
0
914
4
915
0
916
0
917
0
918
3
919
0
920
0
921
2
922
0
923
0
924
0
925
0
926
1
927
2
928
0
929
0
930
0
931
0
932
0
933
0
934
6
935
0
936
1
937
0
938
0
939
1
940
3
941
1
942
1
943
1
944
0
945
2
946
2
947
0
948
1
949
0
950
1
951
2
952
0
953
0
954
2
955
1
956
1
957
0
958
4
959
2
960
0
961
1
962
0
963
3
964
0
965
1
966
0
967
0
968
1
969
1
970
1
971
0
972
0
973
2
974
2
975
0
976
1
977
2
978
0
979
3
980
1
981
0
982
1
983
0
984
0
985
0
986
0
987
0
988
4
989
1
990
4
991
0
992
2
993
0
994
1
995
0
996
4
997
2
998
2
999
0
1000
0
Warning messages:
1: Removed 177 rows containing missing values (geom_point). 
2: In image.default(z = matrix(z, ncol = 1), col = col, breaks = tmpbreaks,  :
  unsorted 'breaks' will be sorted before use
3: In fun(libname, pkgname) :
  couldn't connect to display "rclogin06.rc.fas.harvard.edu:14.0"
4: In rm(splicingSigGenes) : object 'splicingSigGenes' not found
5: In rm(spliceAnnot) : object 'spliceAnnot' not found
