[1] "linc-Brn1a_vs_WT_Embryonic"
[1] "linc-Brn1a"
Warning message:
In dir.create(filename) : 'linc-Brn1a_vs_WT_Embryonic' already exists
Loading required package: BiocGenerics
Loading required package: methods
Loading required package: parallel

Attaching package: 'BiocGenerics'

The following objects are masked from 'package:parallel':

    clusterApply, clusterApplyLB, clusterCall, clusterEvalQ,
    clusterExport, clusterMap, parApply, parCapply, parLapply,
    parLapplyLB, parRapply, parSapply, parSapplyLB

The following object is masked from 'package:stats':

    xtabs

The following objects are masked from 'package:base':

    anyDuplicated, append, as.data.frame, as.vector, cbind,
    colnames, duplicated, eval, evalq, Filter, Find, get,
    intersect, is.unsorted, lapply, Map, mapply, match, mget,
    order, paste, pmax, pmax.int, pmin, pmin.int, Position, rank,
    rbind, Reduce, rep.int, rownames, sapply, setdiff, sort,
    table, tapply, union, unique, unlist

Loading required package: RSQLite
Loading required package: DBI
Loading required package: ggplot2
Loading required package: reshape2
Loading required package: fastcluster

Attaching package: 'fastcluster'

The following object is masked from 'package:stats':

    hclust

Loading required package: rtracklayer
Loading required package: GenomicRanges
Loading required package: IRanges
Loading required package: XVector
Loading required package: Gviz
Loading required package: grid

Attaching package: 'cummeRbund'

The following object is masked from 'package:GenomicRanges':

    promoters

The following object is masked from 'package:IRanges':

    promoters

The following object is masked from 'package:BiocGenerics':

    conditions


Attaching package: 'limma'

The following object is masked from 'package:BiocGenerics':

    plotMA

KernSmooth 2.23 loaded
Copyright M. P. Wand 1997-2009

Attaching package: 'gplots'

The following object is masked from 'package:rtracklayer':

    space

The following object is masked from 'package:IRanges':

    space

The following object is masked from 'package:stats':

    lowess


Attaching package: 'RMySQL'

The following objects are masked from 'package:RSQLite':

    dbBuildTableDefinition, isIdCurrent, safe.write

Read 674 records
Read 38949 items
Read 217 records
Read 4964 items
Read 186 records
Read 13247 items
Read 2 records
Read 1004 items
Read 189 records
Read 31697 items
Read 1910 records
Read 385167 items
Read 615 records
Read 165360 items
Scale for 'x' is already present. Adding another scale for 'x', which will replace the existing scale.
geom_smooth: method="auto" and size of largest group is >=1000, so using gam with formula: y ~ s(x, bs = "cs"). Use 'method = x' to change the smoothing method.
Scale for 'x' is already present. Adding another scale for 'x', which will replace the existing scale.
geom_smooth: method="auto" and size of largest group is >=1000, so using gam with formula: y ~ s(x, bs = "cs"). Use 'method = x' to change the smoothing method.
Getting gene information:
	FPKM
	Differential Expression Data
	Annotation Data
	Replicate FPKMs
	Counts
Getting isoforms information:
	FPKM
	Differential Expression Data
	Annotation Data
	Replicate FPKMs
	Counts
Getting CDS information:
	FPKM
	Differential Expression Data
	Annotation Data
	Replicate FPKMs
	Counts
Getting TSS information:
	FPKM
	Differential Expression Data
	Annotation Data
	Replicate FPKMs
	Counts
Getting promoter information:
	distData
Getting splicing information:
	distData
Getting relCDS information:
	distData
Scale for 'colour' is already present. Adding another scale for 'colour', which will replace the existing scale.
ymax not defined: adjusting position using y instead
Using tracking_id, rep_name as id variables
No id variables; using all as measure variables
Loading required package: AnnotationDbi
Loading required package: Biobase
Welcome to Bioconductor

    Vignettes contain introductory material; view with
    'browseVignettes()'. To cite Bioconductor, see
    'citation("Biobase")', and for packages 'citation("pkgname")'.


Attaching package: 'Biobase'

The following object is masked from 'package:cummeRbund':

    samples


Attaching package: 'GenomicFeatures'

The following objects are masked from 'package:cummeRbund':

    features, genes

	BamTracks
	plotting...
Getting gene information:
	FPKM
	Differential Expression Data
	Annotation Data
	Replicate FPKMs
	Counts
Getting isoforms information:
	FPKM
	Differential Expression Data
	Annotation Data
	Replicate FPKMs
	Counts
Getting CDS information:
	FPKM
	Differential Expression Data
	Annotation Data
	Replicate FPKMs
	Counts
Getting TSS information:
	FPKM
	Differential Expression Data
	Annotation Data
	Replicate FPKMs
	Counts
Getting promoter information:
	distData
Getting splicing information:
	distData
Getting relCDS information:
	distData
Using tracking_id, rep_name as id variables
No id variables; using all as measure variables
Using tracking_id, sample_name as id variables
Using tracking_id, rep_name as id variables
No id variables; using all as measure variables
Getting gene information:
	FPKM
	Differential Expression Data
	Annotation Data
	Replicate FPKMs
	Counts
Getting isoforms information:
	FPKM
	Differential Expression Data
	Annotation Data
	Replicate FPKMs
	Counts
Getting CDS information:
	FPKM
	Differential Expression Data
	Annotation Data
	Replicate FPKMs
	Counts
Getting TSS information:
	FPKM
	Differential Expression Data
	Annotation Data
	Replicate FPKMs
	Counts
Getting promoter information:
	distData
Getting splicing information:
	distData
Getting relCDS information:
	distData
Using tracking_id, rep_name as id variables
No id variables; using all as measure variables
Using tracking_id, rep_name as id variables
No id variables; using all as measure variables
Getting gene information:
	FPKM
	Differential Expression Data
	Annotation Data
	Replicate FPKMs
	Counts
Getting isoforms information:
	FPKM
	Differential Expression Data
	Annotation Data
	Replicate FPKMs
	Counts
Getting CDS information:
	FPKM
	Differential Expression Data
	Annotation Data
	Replicate FPKMs
	Counts
Getting TSS information:
	FPKM
	Differential Expression Data
	Annotation Data
	Replicate FPKMs
	Counts
Getting promoter information:
	distData
Getting splicing information:
	distData
Getting relCDS information:
	distData



Attaching package: 'DOSE'

The following object is masked from 'package:ReactomePA':

    gseAnalyzer

Getting gene information:
	FPKM
	Differential Expression Data
	Annotation Data
	Replicate FPKMs
	Counts
Getting isoforms information:
	FPKM
	Differential Expression Data
	Annotation Data
	Replicate FPKMs
	Counts
Getting CDS information:
	FPKM
	Differential Expression Data
	Annotation Data
	Replicate FPKMs
	Counts
Getting TSS information:
	FPKM
	Differential Expression Data
	Annotation Data
	Replicate FPKMs
	Counts
Getting promoter information:
	distData
Getting splicing information:
	distData
Getting relCDS information:
	distData

KEGG.db contains mappings based on older data because the original
  resource was removed from the the public domain before the most
  recent update was produced. This package should now be
  considered deprecated and future versions of Bioconductor may
  not have it available.  Users who want more current data are
  encouraged to look at the KEGGREST or reactome.db packages

Loading required package: biomaRt

Attaching package: 'biomaRt'

The following object is masked from 'package:cummeRbund':

    getGene

Loading required package: org.Mm.eg.db

Loading required package: GO.db
gdata: read.xls support for 'XLS' (Excel 97-2004) files ENABLED.

gdata: read.xls support for 'XLSX' (Excel 2007+) files ENABLED.

Attaching package: 'gdata'

The following object is masked from 'package:Biobase':

    combine

The following object is masked from 'package:IRanges':

    trim

The following object is masked from 'package:BiocGenerics':

    combine

The following object is masked from 'package:stats':

    nobs

The following object is masked from 'package:utils':

    object.size

Getting gene information:
	FPKM
	Differential Expression Data
	Annotation Data
	Replicate FPKMs
	Counts
Getting isoforms information:
	FPKM
	Differential Expression Data
	Annotation Data
	Replicate FPKMs
	Counts
Getting CDS information:
	FPKM
	Differential Expression Data
	Annotation Data
	Replicate FPKMs
	Counts
Getting TSS information:
	FPKM
	Differential Expression Data
	Annotation Data
	Replicate FPKMs
	Counts
Getting promoter information:
	distData
Getting splicing information:
	distData
Getting relCDS information:
	distData
Using gene_short_name, significant, Stage as id variables
Getting gene information:
	FPKM
	Differential Expression Data
	Annotation Data
	Replicate FPKMs
	Counts
Getting isoforms information:
	FPKM
	Differential Expression Data
	Annotation Data
	Replicate FPKMs
	Counts
Getting CDS information:
	FPKM
	Differential Expression Data
	Annotation Data
	Replicate FPKMs
	Counts
Getting TSS information:
	FPKM
	Differential Expression Data
	Annotation Data
	Replicate FPKMs
	Counts
Getting promoter information:
	distData
Getting splicing information:
	distData
Getting relCDS information:
	distData
Using gene_short_name, significant, Layer as id variables
Getting gene information:
	FPKM
	Differential Expression Data
	Annotation Data
	Replicate FPKMs
	Counts
Getting isoforms information:
	FPKM
	Differential Expression Data
	Annotation Data
	Replicate FPKMs
	Counts
Getting CDS information:
	FPKM
	Differential Expression Data
	Annotation Data
	Replicate FPKMs
	Counts
Getting TSS information:
	FPKM
	Differential Expression Data
	Annotation Data
	Replicate FPKMs
	Counts
Getting promoter information:
	distData
Getting splicing information:
	distData
Getting relCDS information:
	distData
Using gene_short_name, significant, Cell_type as id variables
Getting gene information:
	FPKM
	Differential Expression Data
	Annotation Data
	Replicate FPKMs
	Counts
Getting isoforms information:
	FPKM
	Differential Expression Data
	Annotation Data
	Replicate FPKMs
	Counts
Getting CDS information:
	FPKM
	Differential Expression Data
	Annotation Data
	Replicate FPKMs
	Counts
Getting TSS information:
	FPKM
	Differential Expression Data
	Annotation Data
	Replicate FPKMs
	Counts
Getting promoter information:
	distData
Getting splicing information:
	distData
Getting relCDS information:
	distData
Using gene_short_name, significant, Cell_type as id variables
Loading required package: BSgenome
Loading required package: Biostrings

Attaching package: 'BSgenome'

The following object is masked from 'package:AnnotationDbi':

    species


Attaching package: 'plyr'

The following object is masked from 'package:cummeRbund':

    count

The following object is masked from 'package:XVector':

    compact

The following objects are masked from 'package:IRanges':

    desc, rename

First Split
Second Split
1
3
2
4
3
3
4
7
5
0
6
5
7
5
8
4
9
6
10
10
11
5
12
1
13
6
14
2
15
1
16
1
17
4
18
7
19
1
20
3
21
14
22
5
23
1
24
13
25
9
26
8
27
10
28
4
29
8
30
8
31
3
32
1
33
7
34
3
35
1
36
2
37
7
38
2
39
5
40
1
41
1
42
1
43
4
44
1
45
0
46
4
47
4
48
3
49
1
50
6
51
3
52
2
53
1
54
6
55
3
56
3
57
5
58
2
59
2
60
2
61
13
62
1
63
1
64
3
65
3
66
14
67
4
68
1
69
4
70
7
71
4
72
3
73
8
74
5
75
2
76
6
77
2
78
2
79
16
80
5
81
3
82
6
83
1
84
6
85
4
86
11
87
6
88
3
89
1
90
3
91
4
92
2
93
4
94
4
95
8
96
5
97
0
98
2
99
2
100
1
101
8
102
12
103
1
104
0
105
4
106
3
107
4
108
4
109
11
110
4
111
6
112
4
113
1
114
4
115
9
116
6
117
4
118
7
119
8
120
5
121
6
122
3
123
10
124
1
125
0
126
2
127
12
128
3
129
5
130
0
131
6
132
3
133
5
134
6
135
2
136
5
137
2
138
5
139
0
140
1
141
3
142
5
143
0
144
6
145
7
146
3
147
7
148
5
149
8
150
3
151
4
152
4
153
3
154
4
155
15
156
0
157
2
158
5
159
5
160
3
161
11
162
4
163
1
164
1
165
5
166
12
167
4
168
7
169
2
170
2
171
4
172
5
173
3
174
2
175
1
176
3
177
8
178
7
179
2
180
3
181
2
182
1
183
3
184
1
185
13
186
6
187
1
188
3
189
4
190
3
191
2
192
2
193
1
194
3
195
3
196
6
197
8
198
9
199
5
200
3
201
9
202
1
203
5
204
6
205
10
206
3
207
3
208
3
209
3
210
6
211
3
212
6
213
9
214
2
215
8
216
0
217
1
218
5
219
3
220
14
221
3
222
4
223
6
224
4
225
6
226
4
227
8
228
1
229
0
230
5
231
1
232
9
233
3
234
3
235
6
236
5
237
0
238
4
239
1
240
3
241
7
242
11
243
5
244
3
245
8
246
5
247
4
248
4
249
1
250
4
251
13
252
3
253
1
254
9
255
2
256
2
257
4
258
5
259
1
260
2
261
5
262
9
263
8
264
0
265
3
266
3
267
5
268
2
269
6
270
10
271
4
272
9
273
0
274
11
275
3
276
5
277
1
278
2
279
1
280
7
281
4
282
5
283
7
284
2
285
8
286
5
287
2
288
7
289
1
290
6
291
4
292
1
293
8
294
2
295
7
296
6
297
6
298
3
299
3
300
4
301
6
302
6
303
4
304
4
305
3
306
4
307
1
308
10
309
5
310
4
311
1
312
7
313
8
314
4
315
1
316
4
317
3
318
4
319
7
320
5
321
10
322
1
323
2
324
2
325
2
326
3
327
4
328
1
329
4
330
7
331
6
332
9
333
1
334
5
335
11
336
0
337
4
338
3
339
2
340
0
341
0
342
3
343
6
344
12
345
5
346
3
347
5
348
1
349
11
350
4
351
10
352
9
353
8
354
2
355
4
356
1
357
4
358
5
359
7
360
0
361
4
362
17
363
8
364
7
365
9
366
4
367
9
368
4
369
11
370
0
371
2
372
9
373
3
374
8
375
11
376
5
377
0
378
11
379
3
380
6
381
0
382
5
383
3
384
6
385
2
386
3
387
8
388
3
389
3
390
4
391
3
392
5
393
2
394
9
395
0
396
7
397
1
398
1
399
0
400
3
401
10
402
0
403
1
404
5
405
7
406
2
407
5
408
7
409
7
410
2
411
2
412
3
413
0
414
6
415
9
416
5
417
9
418
1
419
7
420
10
421
3
422
6
423
2
424
5
425
8
426
6
427
3
428
2
429
5
430
2
431
6
432
4
433
6
434
5
435
8
436
2
437
0
438
1
439
9
440
4
441
0
442
1
443
2
444
6
445
0
446
1
447
6
448
3
449
7
450
8
451
5
452
1
453
7
454
9
455
11
456
3
457
5
458
0
459
3
460
3
461
2
462
5
463
2
464
3
465
5
466
2
467
7
468
3
469
7
470
3
471
4
472
5
473
3
474
3
475
2
476
2
477
3
478
10
479
9
480
1
481
3
482
9
483
11
484
11
485
14
486
8
487
8
488
6
489
6
490
0
491
3
492
10
493
2
494
4
495
4
496
4
497
6
498
0
499
2
500
3
501
6
502
4
503
6
504
3
505
8
506
9
507
5
508
0
509
5
510
2
511
3
512
2
513
7
514
4
515
12
516
4
517
1
518
4
519
3
520
10
521
7
522
3
523
6
524
5
525
5
526
0
527
11
528
0
529
3
530
2
531
8
532
4
533
12
534
0
535
4
536
5
537
10
538
2
539
4
540
8
541
3
542
5
543
4
544
6
545
3
546
3
547
2
548
4
549
5
550
13
551
5
552
10
553
6
554
5
555
7
556
5
557
1
558
0
559
7
560
0
561
4
562
4
563
2
564
10
565
6
566
4
567
1
568
0
569
6
570
2
571
1
572
3
573
16
574
9
575
3
576
7
577
2
578
3
579
1
580
2
581
13
582
6
583
2
584
3
585
3
586
7
587
5
588
7
589
4
590
8
591
1
592
4
593
9
594
8
595
3
596
9
597
7
598
6
599
3
600
1
601
12
602
13
603
3
604
2
605
2
606
4
607
14
608
3
609
8
610
10
611
14
612
5
613
0
614
3
615
3
616
3
617
4
618
1
619
0
620
2
621
4
622
5
623
6
624
7
625
4
626
7
627
3
628
4
629
0
630
7
631
3
632
3
633
1
634
7
635
1
636
2
637
4
638
6
639
6
640
3
641
5
642
6
643
2
644
6
645
2
646
2
647
5
648
3
649
14
650
0
651
1
652
3
653
12
654
0
655
2
656
6
657
4
658
4
659
4
660
4
661
4
662
5
663
4
664
0
665
8
666
3
667
1
668
3
669
7
670
3
671
4
672
4
673
4
674
4
675
0
676
4
677
5
678
8
679
1
680
5
681
4
682
4
683
11
684
9
685
3
686
3
687
6
688
4
689
6
690
15
691
4
692
2
693
2
694
4
695
3
696
8
697
5
698
13
699
4
700
0
701
4
702
3
703
2
704
4
705
14
706
5
707
6
708
9
709
0
710
3
711
3
712
9
713
3
714
4
715
3
716
3
717
0
718
4
719
5
720
3
721
4
722
4
723
3
724
2
725
3
726
3
727
4
728
2
729
2
730
2
731
1
732
1
733
8
734
6
735
10
736
4
737
0
738
3
739
5
740
4
741
8
742
6
743
0
744
8
745
3
746
0
747
3
748
2
749
4
750
4
751
3
752
3
753
2
754
5
755
1
756
3
757
0
758
0
759
4
760
0
761
6
762
9
763
3
764
9
765
4
766
3
767
10
768
9
769
1
770
10
771
2
772
2
773
4
774
0
775
4
776
7
777
0
778
5
779
8
780
9
781
5
782
6
783
5
784
4
785
8
786
1
787
9
788
9
789
0
790
5
791
6
792
1
793
2
794
3
795
4
796
9
797
5
798
7
799
2
800
4
801
4
802
5
803
2
804
3
805
4
806
7
807
3
808
0
809
7
810
4
811
3
812
3
813
7
814
2
815
5
816
15
817
1
818
1
819
8
820
4
821
1
822
4
823
9
824
0
825
4
826
5
827
1
828
1
829
5
830
3
831
1
832
5
833
0
834
17
835
2
836
2
837
5
838
4
839
2
840
0
841
1
842
5
843
8
844
2
845
1
846
6
847
19
848
3
849
4
850
8
851
2
852
4
853
2
854
4
855
4
856
2
857
6
858
1
859
1
860
6
861
1
862
2
863
3
864
6
865
4
866
7
867
11
868
3
869
2
870
4
871
1
872
2
873
1
874
0
875
4
876
2
877
2
878
0
879
11
880
5
881
7
882
6
883
11
884
6
885
1
886
8
887
1
888
3
889
2
890
12
891
8
892
3
893
3
894
2
895
4
896
13
897
10
898
0
899
0
900
6
901
3
902
1
903
6
904
6
905
8
906
13
907
9
908
8
909
4
910
8
911
4
912
7
913
0
914
10
915
4
916
2
917
3
918
5
919
4
920
0
921
8
922
7
923
4
924
2
925
0
926
4
927
3
928
3
929
3
930
2
931
3
932
1
933
5
934
1
935
1
936
4
937
1
938
0
939
6
940
1
941
1
942
1
943
11
944
9
945
5
946
6
947
5
948
2
949
6
950
14
951
6
952
2
953
2
954
3
955
0
956
6
957
0
958
2
959
2
960
0
961
6
962
2
963
7
964
1
965
6
966
3
967
0
968
4
969
4
970
1
971
6
972
2
973
2
974
2
975
2
976
12
977
2
978
6
979
0
980
4
981
1
982
4
983
4
984
8
985
10
986
7
987
9
988
1
989
6
990
1
991
4
992
4
993
0
994
11
995
5
996
6
997
4
998
3
999
3
1000
0
Warning messages:
1: Removed 4260 rows containing missing values (geom_point). 
2: Removed 4258 rows containing missing values (geom_point). 
3: Removed 167 rows containing missing values (geom_point). 
4: In fun(libname, pkgname) :
  Can't find a usable tk.tcl in the following directories: 
    /n/sw/centos6/tcl8.5.14/lib/tcl8.5/tk8.5 /n/sw/centos6/tcl8.5.14/lib/tk8.5 ./lib/tk8.5 ./library



This probably means that tk wasn't installed properly.
5: In rm(splicingSigGenes) : object 'splicingSigGenes' not found
6: In rm(spliceAnnot) : object 'spliceAnnot' not found
