[1] "linc-Brn1a_vs_WT_Embryonic"
[1] "linc-Brn1a"
Warning message:
In dir.create(filename) : 'linc-Brn1a_vs_WT_Embryonic' already exists
Loading required package: BiocGenerics
Loading required package: methods
Loading required package: parallel

Attaching package: 'BiocGenerics'

The following objects are masked from 'package:parallel':

    clusterApply, clusterApplyLB, clusterCall, clusterEvalQ,
    clusterExport, clusterMap, parApply, parCapply, parLapply,
    parLapplyLB, parRapply, parSapply, parSapplyLB

The following object is masked from 'package:stats':

    xtabs

The following objects are masked from 'package:base':

    anyDuplicated, append, as.data.frame, as.vector, cbind,
    colnames, duplicated, eval, evalq, Filter, Find, get,
    intersect, is.unsorted, lapply, Map, mapply, match, mget,
    order, paste, pmax, pmax.int, pmin, pmin.int, Position, rank,
    rbind, Reduce, rep.int, rownames, sapply, setdiff, sort,
    table, tapply, union, unique, unlist

Loading required package: RSQLite
Loading required package: DBI
Loading required package: ggplot2
Loading required package: reshape2
Loading required package: fastcluster

Attaching package: 'fastcluster'

The following object is masked from 'package:stats':

    hclust

Loading required package: rtracklayer
Loading required package: GenomicRanges
Loading required package: IRanges
Loading required package: XVector
Loading required package: Gviz
Loading required package: grid

Attaching package: 'cummeRbund'

The following object is masked from 'package:GenomicRanges':

    promoters

The following object is masked from 'package:IRanges':

    promoters

The following object is masked from 'package:BiocGenerics':

    conditions


Attaching package: 'limma'

The following object is masked from 'package:BiocGenerics':

    plotMA

KernSmooth 2.23 loaded
Copyright M. P. Wand 1997-2009

Attaching package: 'gplots'

The following object is masked from 'package:rtracklayer':

    space

The following object is masked from 'package:IRanges':

    space

The following object is masked from 'package:stats':

    lowess


Attaching package: 'RMySQL'

The following objects are masked from 'package:RSQLite':

    dbBuildTableDefinition, isIdCurrent, safe.write

Read 674 records
Read 38949 items
Read 217 records
Read 4964 items
Read 186 records
Read 13247 items
Read 2 records
Read 1004 items
Read 189 records
Read 31697 items
Read 1910 records
Read 385167 items
Read 615 records
Read 165360 items
Scale for 'x' is already present. Adding another scale for 'x', which will replace the existing scale.
geom_smooth: method="auto" and size of largest group is >=1000, so using gam with formula: y ~ s(x, bs = "cs"). Use 'method = x' to change the smoothing method.
Scale for 'x' is already present. Adding another scale for 'x', which will replace the existing scale.
geom_smooth: method="auto" and size of largest group is >=1000, so using gam with formula: y ~ s(x, bs = "cs"). Use 'method = x' to change the smoothing method.
Getting gene information:
	FPKM
	Differential Expression Data
	Annotation Data
	Replicate FPKMs
	Counts
Getting isoforms information:
	FPKM
	Differential Expression Data
	Annotation Data
	Replicate FPKMs
	Counts
Getting CDS information:
	FPKM
	Differential Expression Data
	Annotation Data
	Replicate FPKMs
	Counts
Getting TSS information:
	FPKM
	Differential Expression Data
	Annotation Data
	Replicate FPKMs
	Counts
Getting promoter information:
	distData
Getting splicing information:
	distData
Getting relCDS information:
	distData
Scale for 'colour' is already present. Adding another scale for 'colour', which will replace the existing scale.
ymax not defined: adjusting position using y instead
Using tracking_id, rep_name as id variables
No id variables; using all as measure variables
Loading required package: AnnotationDbi
Loading required package: Biobase
Welcome to Bioconductor

    Vignettes contain introductory material; view with
    'browseVignettes()'. To cite Bioconductor, see
    'citation("Biobase")', and for packages 'citation("pkgname")'.


Attaching package: 'Biobase'

The following object is masked from 'package:cummeRbund':

    samples


Attaching package: 'GenomicFeatures'

The following objects are masked from 'package:cummeRbund':

    features, genes

	BamTracks
	plotting...
Getting gene information:
	FPKM
	Differential Expression Data
	Annotation Data
	Replicate FPKMs
	Counts
Getting isoforms information:
	FPKM
	Differential Expression Data
	Annotation Data
	Replicate FPKMs
	Counts
Getting CDS information:
	FPKM
	Differential Expression Data
	Annotation Data
	Replicate FPKMs
	Counts
Getting TSS information:
	FPKM
	Differential Expression Data
	Annotation Data
	Replicate FPKMs
	Counts
Getting promoter information:
	distData
Getting splicing information:
	distData
Getting relCDS information:
	distData
Using tracking_id, rep_name as id variables
No id variables; using all as measure variables
Using tracking_id, sample_name as id variables
Using tracking_id, rep_name as id variables
No id variables; using all as measure variables
Getting gene information:
	FPKM
	Differential Expression Data
	Annotation Data
	Replicate FPKMs
	Counts
Getting isoforms information:
	FPKM
	Differential Expression Data
	Annotation Data
	Replicate FPKMs
	Counts
Getting CDS information:
	FPKM
	Differential Expression Data
	Annotation Data
	Replicate FPKMs
	Counts
Getting TSS information:
	FPKM
	Differential Expression Data
	Annotation Data
	Replicate FPKMs
	Counts
Getting promoter information:
	distData
Getting splicing information:
	distData
Getting relCDS information:
	distData
Using tracking_id, rep_name as id variables
No id variables; using all as measure variables
Using tracking_id, rep_name as id variables
No id variables; using all as measure variables
Getting gene information:
	FPKM
	Differential Expression Data
	Annotation Data
	Replicate FPKMs
	Counts
Getting isoforms information:
	FPKM
	Differential Expression Data
	Annotation Data
	Replicate FPKMs
	Counts
Getting CDS information:
	FPKM
	Differential Expression Data
	Annotation Data
	Replicate FPKMs
	Counts
Getting TSS information:
	FPKM
	Differential Expression Data
	Annotation Data
	Replicate FPKMs
	Counts
Getting promoter information:
	distData
Getting splicing information:
	distData
Getting relCDS information:
	distData



Attaching package: 'DOSE'

The following object is masked from 'package:ReactomePA':

    gseAnalyzer

Getting gene information:
	FPKM
	Differential Expression Data
	Annotation Data
	Replicate FPKMs
	Counts
Getting isoforms information:
	FPKM
	Differential Expression Data
	Annotation Data
	Replicate FPKMs
	Counts
Getting CDS information:
	FPKM
	Differential Expression Data
	Annotation Data
	Replicate FPKMs
	Counts
Getting TSS information:
	FPKM
	Differential Expression Data
	Annotation Data
	Replicate FPKMs
	Counts
Getting promoter information:
	distData
Getting splicing information:
	distData
Getting relCDS information:
	distData

KEGG.db contains mappings based on older data because the original
  resource was removed from the the public domain before the most
  recent update was produced. This package should now be
  considered deprecated and future versions of Bioconductor may
  not have it available.  Users who want more current data are
  encouraged to look at the KEGGREST or reactome.db packages

Loading required package: biomaRt

Attaching package: 'biomaRt'

The following object is masked from 'package:cummeRbund':

    getGene

Loading required package: org.Mm.eg.db

Loading required package: GO.db
gdata: read.xls support for 'XLS' (Excel 97-2004) files ENABLED.

gdata: read.xls support for 'XLSX' (Excel 2007+) files ENABLED.

Attaching package: 'gdata'

The following object is masked from 'package:Biobase':

    combine

The following object is masked from 'package:IRanges':

    trim

The following object is masked from 'package:BiocGenerics':

    combine

The following object is masked from 'package:stats':

    nobs

The following object is masked from 'package:utils':

    object.size

Getting gene information:
	FPKM
	Differential Expression Data
	Annotation Data
	Replicate FPKMs
	Counts
Getting isoforms information:
	FPKM
	Differential Expression Data
	Annotation Data
	Replicate FPKMs
	Counts
Getting CDS information:
	FPKM
	Differential Expression Data
	Annotation Data
	Replicate FPKMs
	Counts
Getting TSS information:
	FPKM
	Differential Expression Data
	Annotation Data
	Replicate FPKMs
	Counts
Getting promoter information:
	distData
Getting splicing information:
	distData
Getting relCDS information:
	distData
Using gene_short_name, significant, Stage as id variables
Getting gene information:
	FPKM
	Differential Expression Data
	Annotation Data
	Replicate FPKMs
	Counts
Getting isoforms information:
	FPKM
	Differential Expression Data
	Annotation Data
	Replicate FPKMs
	Counts
Getting CDS information:
	FPKM
	Differential Expression Data
	Annotation Data
	Replicate FPKMs
	Counts
Getting TSS information:
	FPKM
	Differential Expression Data
	Annotation Data
	Replicate FPKMs
	Counts
Getting promoter information:
	distData
Getting splicing information:
	distData
Getting relCDS information:
	distData
Using gene_short_name, significant, Layer as id variables
Getting gene information:
	FPKM
	Differential Expression Data
	Annotation Data
	Replicate FPKMs
	Counts
Getting isoforms information:
	FPKM
	Differential Expression Data
	Annotation Data
	Replicate FPKMs
	Counts
Getting CDS information:
	FPKM
	Differential Expression Data
	Annotation Data
	Replicate FPKMs
	Counts
Getting TSS information:
	FPKM
	Differential Expression Data
	Annotation Data
	Replicate FPKMs
	Counts
Getting promoter information:
	distData
Getting splicing information:
	distData
Getting relCDS information:
	distData
Using gene_short_name, significant, Cell_type as id variables
Getting gene information:
	FPKM
	Differential Expression Data
	Annotation Data
	Replicate FPKMs
	Counts
Getting isoforms information:
	FPKM
	Differential Expression Data
	Annotation Data
	Replicate FPKMs
	Counts
Getting CDS information:
	FPKM
	Differential Expression Data
	Annotation Data
	Replicate FPKMs
	Counts
Getting TSS information:
	FPKM
	Differential Expression Data
	Annotation Data
	Replicate FPKMs
	Counts
Getting promoter information:
	distData
Getting splicing information:
	distData
Getting relCDS information:
	distData
Using gene_short_name, significant, Cell_type as id variables
Loading required package: BSgenome
Loading required package: Biostrings

Attaching package: 'BSgenome'

The following object is masked from 'package:AnnotationDbi':

    species


Attaching package: 'plyr'

The following object is masked from 'package:cummeRbund':

    count

The following object is masked from 'package:XVector':

    compact

The following objects are masked from 'package:IRanges':

    desc, rename

First Split
Second Split
1
5
2
12
3
1
4
3
5
7
6
6
7
1
8
0
9
1
10
10
11
4
12
1
13
6
14
9
15
3
16
5
17
14
18
0
19
12
20
2
21
5
22
1
23
6
24
1
25
3
26
5
27
3
28
5
29
3
30
4
31
7
32
4
33
10
34
1
35
7
36
1
37
1
38
3
39
1
40
4
41
8
42
0
43
0
44
3
45
0
46
3
47
8
48
5
49
4
50
9
51
5
52
4
53
0
54
1
55
4
56
9
57
6
58
8
59
3
60
8
61
3
62
0
63
4
64
6
65
7
66
3
67
1
68
13
69
2
70
7
71
9
72
9
73
17
74
0
75
1
76
0
77
5
78
8
79
5
80
2
81
2
82
1
83
2
84
2
85
7
86
8
87
6
88
1
89
3
90
9
91
3
92
3
93
2
94
11
95
6
96
4
97
0
98
3
99
1
100
0
101
4
102
0
103
6
104
9
105
2
106
7
107
0
108
3
109
1
110
1
111
2
112
3
113
8
114
11
115
4
116
3
117
8
118
5
119
3
120
6
121
10
122
2
123
0
124
5
125
4
126
2
127
0
128
0
129
5
130
2
131
0
132
3
133
2
134
3
135
1
136
3
137
2
138
4
139
13
140
4
141
5
142
4
143
2
144
3
145
8
146
3
147
2
148
6
149
3
150
3
151
5
152
6
153
6
154
4
155
5
156
4
157
11
158
4
159
10
160
3
161
5
162
3
163
3
164
6
165
1
166
6
167
3
168
9
169
3
170
5
171
6
172
1
173
7
174
21
175
4
176
2
177
2
178
1
179
6
180
5
181
4
182
1
183
5
184
2
185
0
186
3
187
6
188
3
189
8
190
4
191
4
192
8
193
1
194
1
195
2
196
4
197
0
198
4
199
11
200
2
201
8
202
2
203
5
204
0
205
2
206
0
207
14
208
10
209
0
210
2
211
5
212
6
213
4
214
4
215
3
216
12
217
2
218
5
219
4
220
4
221
2
222
5
223
1
224
9
225
6
226
11
227
3
228
0
229
2
230
6
231
3
232
5
233
3
234
6
235
4
236
4
237
9
238
6
239
2
240
3
241
5
242
4
243
3
244
4
245
4
246
6
247
4
248
5
249
3
250
2
251
4
252
2
253
3
254
1
255
4
256
7
257
4
258
8
259
3
260
7
261
4
262
4
263
10
264
0
265
7
266
4
267
8
268
10
269
2
270
6
271
3
272
3
273
4
274
7
275
3
276
8
277
0
278
4
279
1
280
2
281
3
282
0
283
3
284
4
285
2
286
2
287
3
288
12
289
9
290
3
291
0
292
6
293
5
294
4
295
5
296
3
297
3
298
0
299
3
300
3
301
2
302
9
303
9
304
12
305
5
306
4
307
4
308
4
309
6
310
1
311
3
312
1
313
4
314
7
315
1
316
6
317
9
318
10
319
1
320
10
321
3
322
4
323
9
324
9
325
5
326
1
327
1
328
6
329
6
330
2
331
5
332
4
333
3
334
3
335
0
336
4
337
1
338
10
339
6
340
2
341
3
342
8
343
8
344
3
345
8
346
3
347
0
348
1
349
6
350
5
351
4
352
3
353
1
354
6
355
0
356
1
357
1
358
10
359
0
360
6
361
3
362
3
363
7
364
0
365
2
366
2
367
4
368
2
369
2
370
4
371
0
372
10
373
3
374
5
375
4
376
7
377
2
378
4
379
8
380
4
381
1
382
0
383
3
384
2
385
1
386
2
387
5
388
7
389
4
390
1
391
7
392
3
393
4
394
2
395
6
396
5
397
4
398
1
399
2
400
0
401
0
402
3
403
0
404
3
405
8
406
4
407
5
408
3
409
4
410
3
411
1
412
10
413
8
414
4
415
2
416
4
417
5
418
0
419
1
420
6
421
9
422
3
423
11
424
3
425
2
426
0
427
3
428
3
429
2
430
8
431
3
432
14
433
13
434
1
435
4
436
10
437
4
438
5
439
6
440
0
441
0
442
3
443
1
444
1
445
3
446
3
447
7
448
8
449
12
450
0
451
5
452
1
453
5
454
0
455
3
456
4
457
1
458
0
459
2
460
2
461
3
462
0
463
4
464
4
465
4
466
4
467
0
468
8
469
0
470
4
471
3
472
1
473
2
474
3
475
4
476
13
477
0
478
11
479
3
480
6
481
5
482
1
483
11
484
0
485
3
486
4
487
7
488
4
489
3
490
8
491
5
492
3
493
4
494
3
495
9
496
3
497
4
498
9
499
2
500
3
501
12
502
0
503
8
504
8
505
5
506
11
507
13
508
7
509
6
510
5
511
2
512
1
513
2
514
16
515
9
516
14
517
8
518
2
519
4
520
13
521
5
522
4
523
6
524
3
525
5
526
0
527
4
528
3
529
3
530
6
531
5
532
17
533
0
534
3
535
0
536
13
537
0
538
1
539
2
540
4
541
5
542
3
543
13
544
3
545
3
546
6
547
14
548
5
549
3
550
2
551
13
552
8
553
2
554
5
555
2
556
6
557
1
558
1
559
4
560
7
561
0
562
15
563
4
564
11
565
8
566
4
567
2
568
8
569
0
570
10
571
2
572
0
573
6
574
1
575
5
576
5
577
6
578
2
579
6
580
4
581
2
582
4
583
4
584
6
585
5
586
8
587
2
588
8
589
3
590
1
591
4
592
6
593
9
594
3
595
11
596
5
597
12
598
9
599
2
600
2
601
0
602
11
603
1
604
6
605
2
606
5
607
4
608
1
609
14
610
4
611
4
612
2
613
2
614
8
615
22
616
4
617
9
618
5
619
6
620
1
621
11
622
1
623
4
624
3
625
19
626
7
627
14
628
8
629
6
630
8
631
4
632
16
633
7
634
12
635
1
636
1
637
8
638
11
639
4
640
8
641
0
642
8
643
4
644
1
645
15
646
10
647
3
648
9
649
5
650
2
651
1
652
13
653
0
654
4
655
0
656
4
657
0
658
6
659
0
660
12
661
3
662
2
663
2
664
3
665
2
666
22
667
10
668
5
669
9
670
5
671
1
672
5
673
3
674
4
675
2
676
4
677
8
678
1
679
4
680
2
681
4
682
4
683
9
684
1
685
4
686
15
687
5
688
2
689
0
690
8
691
0
692
5
693
8
694
3
695
1
696
5
697
7
698
15
699
14
700
2
701
14
702
2
703
4
704
9
705
2
706
0
707
10
708
22
709
3
710
11
711
6
712
2
713
6
714
3
715
4
716
2
717
6
718
5
719
4
720
11
721
4
722
4
723
4
724
1
725
4
726
2
727
7
728
7
729
5
730
2
731
0
732
1
733
3
734
5
735
12
736
9
737
1
738
9
739
11
740
2
741
4
742
3
743
3
744
1
745
1
746
7
747
4
748
0
749
2
750
9
751
4
752
4
753
1
754
7
755
1
756
7
757
2
758
3
759
1
760
11
761
3
762
0
763
1
764
15
765
6
766
1
767
0
768
2
769
10
770
4
771
5
772
9
773
0
774
7
775
3
776
1
777
1
778
3
779
6
780
3
781
4
782
1
783
6
784
5
785
5
786
5
787
0
788
2
789
8
790
3
791
0
792
15
793
1
794
0
795
13
796
5
797
3
798
10
799
9
800
5
801
8
802
3
803
3
804
3
805
0
806
2
807
1
808
8
809
3
810
9
811
0
812
4
813
5
814
5
815
3
816
2
817
3
818
3
819
4
820
5
821
6
822
4
823
0
824
8
825
11
826
2
827
10
828
2
829
8
830
4
831
6
832
1
833
2
834
10
835
4
836
3
837
1
838
2
839
4
840
1
841
1
842
4
843
1
844
8
845
5
846
1
847
10
848
4
849
13
850
0
851
5
852
2
853
13
854
3
855
3
856
1
857
9
858
3
859
4
860
3
861
2
862
4
863
3
864
5
865
2
866
7
867
0
868
6
869
3
870
4
871
3
872
11
873
4
874
8
875
2
876
5
877
1
878
11
879
0
880
1
881
5
882
7
883
1
884
4
885
7
886
9
887
4
888
3
889
0
890
12
891
3
892
4
893
4
894
1
895
10
896
8
897
3
898
0
899
3
900
12
901
3
902
3
903
2
904
7
905
3
906
5
907
6
908
1
909
2
910
1
911
4
912
2
913
5
914
3
915
8
916
3
917
3
918
5
919
9
920
9
921
3
922
1
923
4
924
4
925
5
926
3
927
6
928
12
929
0
930
4
931
1
932
0
933
4
934
3
935
4
936
8
937
0
938
1
939
5
940
4
941
8
942
6
943
5
944
12
945
7
946
3
947
5
948
10
949
3
950
5
951
1
952
7
953
6
954
5
955
7
956
13
957
11
958
0
959
4
960
3
961
4
962
0
963
15
964
8
965
7
966
3
967
6
968
4
969
4
970
6
971
13
972
1
973
11
974
3
975
2
976
2
977
9
978
4
979
11
980
1
981
4
982
6
983
3
984
9
985
3
986
11
987
2
988
3
989
11
990
1
991
7
992
5
993
3
994
1
995
3
996
4
997
3
998
8
999
6
1000
6
Warning messages:
1: Removed 4260 rows containing missing values (geom_point). 
2: Removed 4258 rows containing missing values (geom_point). 
3: Removed 167 rows containing missing values (geom_point). 
4: In fun(libname, pkgname) :
  Can't find a usable tk.tcl in the following directories: 
    /n/sw/centos6/tcl8.5.14/lib/tcl8.5/tk8.5 /n/sw/centos6/tcl8.5.14/lib/tk8.5 ./lib/tk8.5 ./library



This probably means that tk wasn't installed properly.
5: In rm(splicingSigGenes) : object 'splicingSigGenes' not found
6: In rm(spliceAnnot) : object 'spliceAnnot' not found
