[1] "Celrr_vs_WT_Embryonic"
[1] "Celrr"
Warning message:
In dir.create(filename) : 'Celrr_vs_WT_Embryonic' already exists
Loading required package: BiocGenerics
Loading required package: methods
Loading required package: parallel

Attaching package: 'BiocGenerics'

The following objects are masked from 'package:parallel':

    clusterApply, clusterApplyLB, clusterCall, clusterEvalQ,
    clusterExport, clusterMap, parApply, parCapply, parLapply,
    parLapplyLB, parRapply, parSapply, parSapplyLB

The following object is masked from 'package:stats':

    xtabs

The following objects are masked from 'package:base':

    anyDuplicated, append, as.data.frame, as.vector, cbind,
    colnames, duplicated, eval, evalq, Filter, Find, get,
    intersect, is.unsorted, lapply, Map, mapply, match, mget,
    order, paste, pmax, pmax.int, pmin, pmin.int, Position, rank,
    rbind, Reduce, rep.int, rownames, sapply, setdiff, sort,
    table, tapply, union, unique, unlist

Loading required package: RSQLite
Loading required package: DBI
Loading required package: ggplot2
Loading required package: reshape2
Loading required package: fastcluster

Attaching package: 'fastcluster'

The following object is masked from 'package:stats':

    hclust

Loading required package: rtracklayer
Loading required package: GenomicRanges
Loading required package: IRanges
Loading required package: XVector
Loading required package: Gviz
Loading required package: grid

Attaching package: 'cummeRbund'

The following object is masked from 'package:GenomicRanges':

    promoters

The following object is masked from 'package:IRanges':

    promoters

The following object is masked from 'package:BiocGenerics':

    conditions


Attaching package: 'limma'

The following object is masked from 'package:BiocGenerics':

    plotMA

KernSmooth 2.23 loaded
Copyright M. P. Wand 1997-2009

Attaching package: 'gplots'

The following object is masked from 'package:rtracklayer':

    space

The following object is masked from 'package:IRanges':

    space

The following object is masked from 'package:stats':

    lowess


Attaching package: 'RMySQL'

The following objects are masked from 'package:RSQLite':

    dbBuildTableDefinition, isIdCurrent, safe.write

Read 674 records
Read 38949 items
Read 217 records
Read 4964 items
Read 186 records
Read 13247 items
Read 2 records
Read 1004 items
Creating database /n/rinn_data1/seq/lgoff/Projects/BrainMap/data/diffs/Celrr_vs_WT_Embryonic/cuffData.db
Reading Run Info File /n/rinn_data1/seq/lgoff/Projects/BrainMap/data/diffs/Celrr_vs_WT_Embryonic/run.info
Writing runInfo Table
Reading Read Group Info  /n/rinn_data1/seq/lgoff/Projects/BrainMap/data/diffs/Celrr_vs_WT_Embryonic/read_groups.info
Writing replicates Table
Reading Var Model Info  /n/rinn_data1/seq/lgoff/Projects/BrainMap/data/diffs/Celrr_vs_WT_Embryonic/var_model.info
Writing varModel Table
Reading GTF file
Writing GTF features to 'features' table...
Reading /n/rinn_data1/seq/lgoff/Projects/BrainMap/data/diffs/Celrr_vs_WT_Embryonic/genes.fpkm_tracking
Checking samples table...
Populating samples table...
Writing genes table
Reshaping geneData table
Recasting
Writing geneData table
Reading /n/rinn_data1/seq/lgoff/Projects/BrainMap/data/diffs/Celrr_vs_WT_Embryonic/gene_exp.diff
Writing geneExpDiffData table
Reading /n/rinn_data1/seq/lgoff/Projects/BrainMap/data/diffs/Celrr_vs_WT_Embryonic/promoters.diff
Writing promoterDiffData table
No records found in /n/rinn_data1/seq/lgoff/Projects/BrainMap/data/diffs/Celrr_vs_WT_Embryonic/promoters.diff
Reading /n/rinn_data1/seq/lgoff/Projects/BrainMap/data/diffs/Celrr_vs_WT_Embryonic/genes.count_tracking
Reshaping geneCount table
Recasting
Writing geneCount table
Reading read group info in /n/rinn_data1/seq/lgoff/Projects/BrainMap/data/diffs/Celrr_vs_WT_Embryonic/genes.read_group_tracking
Writing geneReplicateData table
Reading /n/rinn_data1/seq/lgoff/Projects/BrainMap/data/diffs/Celrr_vs_WT_Embryonic/isoforms.fpkm_tracking
Checking samples table...
OK!
Writing isoforms table
Reshaping isoformData table
Recasting
Writing isoformData table
Reading /n/rinn_data1/seq/lgoff/Projects/BrainMap/data/diffs/Celrr_vs_WT_Embryonic/isoform_exp.diff
Writing isoformExpDiffData table
Reading /n/rinn_data1/seq/lgoff/Projects/BrainMap/data/diffs/Celrr_vs_WT_Embryonic/isoforms.count_tracking
Reshaping isoformCount table
Recasting
Writing isoformCount table
Reading read group info in /n/rinn_data1/seq/lgoff/Projects/BrainMap/data/diffs/Celrr_vs_WT_Embryonic/isoforms.read_group_tracking
Writing isoformReplicateData table
Reading /n/rinn_data1/seq/lgoff/Projects/BrainMap/data/diffs/Celrr_vs_WT_Embryonic/tss_groups.fpkm_tracking
Checking samples table...
OK!
Writing TSS table
No records found in /n/rinn_data1/seq/lgoff/Projects/BrainMap/data/diffs/Celrr_vs_WT_Embryonic/tss_groups.fpkm_tracking
TSS FPKM tracking file was empty.
Reading /n/rinn_data1/seq/lgoff/Projects/BrainMap/data/diffs/Celrr_vs_WT_Embryonic/tss_group_exp.diff
No records found in /n/rinn_data1/seq/lgoff/Projects/BrainMap/data/diffs/Celrr_vs_WT_Embryonic/tss_group_exp.diff
Reading /n/rinn_data1/seq/lgoff/Projects/BrainMap/data/diffs/Celrr_vs_WT_Embryonic/splicing.diff
No records found in /n/rinn_data1/seq/lgoff/Projects/BrainMap/data/diffs/Celrr_vs_WT_Embryonic/splicing.diff
Reading /n/rinn_data1/seq/lgoff/Projects/BrainMap/data/diffs/Celrr_vs_WT_Embryonic/tss_groups.count_tracking
No records found in /n/rinn_data1/seq/lgoff/Projects/BrainMap/data/diffs/Celrr_vs_WT_Embryonic/tss_groups.count_tracking
Reading read group info in /n/rinn_data1/seq/lgoff/Projects/BrainMap/data/diffs/Celrr_vs_WT_Embryonic/tss_groups.read_group_tracking
No records found in /n/rinn_data1/seq/lgoff/Projects/BrainMap/data/diffs/Celrr_vs_WT_Embryonic/tss_groups.read_group_tracking
Reading /n/rinn_data1/seq/lgoff/Projects/BrainMap/data/diffs/Celrr_vs_WT_Embryonic/cds.fpkm_tracking
Checking samples table...
OK!
Writing CDS table
Reshaping CDSData table
Recasting
Writing CDSData table
Reading /n/rinn_data1/seq/lgoff/Projects/BrainMap/data/diffs/Celrr_vs_WT_Embryonic/cds_exp.diff
Writing CDSExpDiffData table
Reading /n/rinn_data1/seq/lgoff/Projects/BrainMap/data/diffs/Celrr_vs_WT_Embryonic/cds.diff
Writing CDSDiffData table
Reading /n/rinn_data1/seq/lgoff/Projects/BrainMap/data/diffs/Celrr_vs_WT_Embryonic/cds.count_tracking
Reshaping CDSCount table
Recasting
Writing CDSCount table
Reading read group info in /n/rinn_data1/seq/lgoff/Projects/BrainMap/data/diffs/Celrr_vs_WT_Embryonic/cds.read_group_tracking
Writing CDSReplicateData table
Indexing Tables...
Scale for 'x' is already present. Adding another scale for 'x', which will replace the existing scale.
geom_smooth: method="auto" and size of largest group is >=1000, so using gam with formula: y ~ s(x, bs = "cs"). Use 'method = x' to change the smoothing method.
Scale for 'x' is already present. Adding another scale for 'x', which will replace the existing scale.
geom_smooth: method="auto" and size of largest group is >=1000, so using gam with formula: y ~ s(x, bs = "cs"). Use 'method = x' to change the smoothing method.
Getting gene information:
	FPKM
	Differential Expression Data
	Annotation Data
	Replicate FPKMs
	Counts
Getting isoforms information:
	FPKM
	Differential Expression Data
	Annotation Data
	Replicate FPKMs
	Counts
Getting CDS information:
	FPKM
	Differential Expression Data
	Annotation Data
	Replicate FPKMs
	Counts
Getting TSS information:
	FPKM
	Differential Expression Data
	Annotation Data
	Replicate FPKMs
	Counts
Getting promoter information:
	distData
Getting splicing information:
	distData
Getting relCDS information:
	distData
Scale for 'colour' is already present. Adding another scale for 'colour', which will replace the existing scale.
ymax not defined: adjusting position using y instead
Using tracking_id, rep_name as id variables
No id variables; using all as measure variables
Loading required package: AnnotationDbi
Loading required package: Biobase
Welcome to Bioconductor

    Vignettes contain introductory material; view with
    'browseVignettes()'. To cite Bioconductor, see
    'citation("Biobase")', and for packages 'citation("pkgname")'.


Attaching package: 'Biobase'

The following object is masked from 'package:cummeRbund':

    samples


Attaching package: 'GenomicFeatures'

The following objects are masked from 'package:cummeRbund':

    features, genes

	BamTracks
	plotting...
Getting gene information:
	FPKM
	Differential Expression Data
	Annotation Data
	Replicate FPKMs
	Counts
Getting isoforms information:
	FPKM
	Differential Expression Data
	Annotation Data
	Replicate FPKMs
	Counts
Getting CDS information:
	FPKM
	Differential Expression Data
	Annotation Data
	Replicate FPKMs
	Counts
Getting TSS information:
	FPKM
	Differential Expression Data
	Annotation Data
	Replicate FPKMs
	Counts
Getting promoter information:
	distData
Getting splicing information:
	distData
Getting relCDS information:
	distData
Using tracking_id, rep_name as id variables
No id variables; using all as measure variables
Using tracking_id, sample_name as id variables
Error in lm.wfit(x, y, w, offset = offset, singular.ok = singular.ok,  : 
  NA/NaN/Inf in 'y'
In addition: Warning messages:
1: attributes are not identical across measure variables; they will be dropped 
2: attributes are not identical across measure variables; they will be dropped 
3: attributes are not identical across measure variables; they will be dropped 
4: attributes are not identical across measure variables; they will be dropped 
5: attributes are not identical across measure variables; they will be dropped 
6: attributes are not identical across measure variables; they will be dropped 
7: Removed 4243 rows containing missing values (geom_point). 
8: Removed 4243 rows containing missing values (geom_point). 
Using tracking_id, rep_name as id variables
No id variables; using all as measure variables
Getting gene information:
	FPKM
	Differential Expression Data
	Annotation Data
	Replicate FPKMs
	Counts
Getting isoforms information:
	FPKM
	Differential Expression Data
	Annotation Data
	Replicate FPKMs
	Counts
Getting CDS information:
	FPKM
	Differential Expression Data
	Annotation Data
	Replicate FPKMs
	Counts
Getting TSS information:
	FPKM
	Differential Expression Data
	Annotation Data
	Replicate FPKMs
	Counts
Getting promoter information:
	distData
Getting splicing information:
	distData
Getting relCDS information:
	distData
Using tracking_id, rep_name as id variables
No id variables; using all as measure variables
Using tracking_id, rep_name as id variables
No id variables; using all as measure variables



Attaching package: 'DOSE'

The following object is masked from 'package:ReactomePA':

    gseAnalyzer

Getting gene information:
	FPKM
	Differential Expression Data
	Annotation Data
	Replicate FPKMs
	Counts
Getting isoforms information:
	FPKM
	Differential Expression Data
	Annotation Data
	Replicate FPKMs
	Counts
Getting CDS information:
	FPKM
	Differential Expression Data
	Annotation Data
	Replicate FPKMs
	Counts
Getting TSS information:
	FPKM
	Differential Expression Data
	Annotation Data
	Replicate FPKMs
	Counts
Getting promoter information:
	distData
Getting splicing information:
	distData
Getting relCDS information:
	distData

KEGG.db contains mappings based on older data because the original
  resource was removed from the the public domain before the most
  recent update was produced. This package should now be
  considered deprecated and future versions of Bioconductor may
  not have it available.  Users who want more current data are
  encouraged to look at the KEGGREST or reactome.db packages

Loading required package: biomaRt

Attaching package: 'biomaRt'

The following object is masked from 'package:cummeRbund':

    getGene

Loading required package: org.Mm.eg.db

Loading required package: GO.db
Warning messages:
1: Removed 185 rows containing missing values (geom_point). 
2: In fun(libname, pkgname) :
  Can't find a usable tk.tcl in the following directories: 
    /n/sw/centos6/tcl8.5.14/lib/tcl8.5/tk8.5 /n/sw/centos6/tcl8.5.14/lib/tk8.5 ./lib/tk8.5 ./library



This probably means that tk wasn't installed properly.
Loading required package: BSgenome
Loading required package: Biostrings

Attaching package: 'BSgenome'

The following object is masked from 'package:AnnotationDbi':

    species


Attaching package: 'plyr'

The following object is masked from 'package:cummeRbund':

    count

The following object is masked from 'package:XVector':

    compact

The following objects are masked from 'package:IRanges':

    desc, rename

First Split
Second Split
1
6
2
15
3
2
4
3
5
4
6
6
7
5
8
1
9
4
10
4
11
2
12
1
13
1
14
1
15
7
16
9
17
9
18
7
19
2
20
2
21
6
22
12
23
9
24
10
25
7
26
4
27
3
28
4
29
8
30
2
31
5
32
2
33
4
34
8
35
1
36
6
37
2
38
2
39
8
40
13
41
3
42
4
43
9
44
7
45
6
46
2
47
7
48
0
49
0
50
12
51
12
52
2
53
9
54
5
55
3
56
7
57
1
58
2
59
2
60
5
61
2
62
2
63
1
64
9
65
5
66
15
67
2
68
3
69
6
70
2
71
1
72
6
73
6
74
2
75
5
76
3
77
1
78
5
79
3
80
15
81
0
82
2
83
4
84
4
85
3
86
3
87
2
88
11
89
2
90
3
91
1
92
3
93
3
94
7
95
1
96
1
97
1
98
1
99
4
100
7
101
2
102
10
103
1
104
3
105
2
106
9
107
0
108
1
109
3
110
12
111
1
112
7
113
5
114
14
115
6
116
3
117
2
118
3
119
9
120
4
121
3
122
13
123
1
124
5
125
13
126
2
127
6
128
0
129
1
130
8
131
1
132
4
133
3
134
13
135
0
136
1
137
1
138
5
139
1
140
0
141
1
142
3
143
9
144
4
145
0
146
3
147
8
148
4
149
5
150
20
151
4
152
2
153
3
154
5
155
1
156
1
157
4
158
6
159
2
160
10
161
3
162
7
163
7
164
4
165
5
166
4
167
10
168
4
169
5
170
2
171
5
172
3
173
2
174
3
175
0
176
1
177
2
178
2
179
5
180
3
181
2
182
1
183
3
184
5
185
0
186
15
187
9
188
7
189
2
190
4
191
5
192
3
193
4
194
2
195
0
196
6
197
8
198
14
199
4
200
5
201
1
202
5
203
5
204
6
205
2
206
5
207
12
208
2
209
6
210
3
211
8
212
2
213
5
214
1
215
6
216
5
217
0
218
5
219
5
220
20
221
10
222
5
223
4
224
6
225
0
226
5
227
12
228
2
229
2
230
2
231
2
232
3
233
3
234
13
235
6
236
0
237
7
238
0
239
7
240
1
241
0
242
1
243
8
244
5
245
0
246
4
247
2
248
12
249
8
250
6
251
2
252
2
253
23
254
1
255
2
256
1
257
4
258
7
259
4
260
6
261
3
262
3
263
14
264
15
265
0
266
2
267
0
268
2
269
4
270
7
271
2
272
2
273
2
274
16
275
7
276
0
277
3
278
0
279
8
280
3
281
2
282
3
283
1
284
7
285
4
286
22
287
1
288
5
289
2
290
3
291
6
292
3
293
0
294
3
295
8
296
7
297
8
298
7
299
0
300
5
301
7
302
7
303
5
304
3
305
6
306
4
307
0
308
4
309
3
310
0
311
5
312
3
313
7
314
3
315
5
316
11
317
0
318
2
319
11
320
9
321
1
322
3
323
7
324
2
325
4
326
1
327
11
328
0
329
13
330
3
331
8
332
1
333
3
334
3
335
1
336
1
337
6
338
3
339
0
340
4
341
5
342
0
343
5
344
5
345
3
346
5
347
0
348
7
349
0
350
6
351
5
352
2
353
5
354
10
355
3
356
4
357
3
358
13
359
2
360
4
361
7
362
2
363
3
364
13
365
10
366
1
367
0
368
8
369
1
370
3
371
4
372
4
373
1
374
0
375
11
376
7
377
9
378
3
379
6
380
6
381
7
382
2
383
9
384
2
385
6
386
5
387
1
388
1
389
2
390
8
391
5
392
2
393
4
394
4
395
4
396
6
397
6
398
9
399
5
400
1
401
0
402
1
403
2
404
11
405
3
406
4
407
13
408
13
409
4
410
0
411
6
412
4
413
8
414
6
415
2
416
2
417
7
418
6
419
2
420
3
421
5
422
0
423
3
424
4
425
4
426
1
427
14
428
6
429
3
430
6
431
1
432
4
433
7
434
9
435
3
436
3
437
4
438
2
439
6
440
2
441
1
442
3
443
0
444
4
445
3
446
10
447
4
448
2
449
0
450
6
451
3
452
3
453
5
454
3
455
3
456
0
457
3
458
4
459
4
460
1
461
1
462
9
463
2
464
5
465
0
466
5
467
4
468
1
469
2
470
4
471
3
472
5
473
3
474
5
475
2
476
10
477
4
478
5
479
11
480
4
481
3
482
1
483
2
484
10
485
5
486
6
487
2
488
4
489
3
490
3
491
5
492
3
493
6
494
6
495
4
496
5
497
11
498
5
499
6
500
2
501
5
502
3
503
12
504
3
505
5
506
11
507
5
508
6
509
2
510
2
511
1
512
0
513
3
514
1
515
7
516
4
517
1
518
4
519
4
520
1
521
9
522
9
523
2
524
4
525
9
526
7
527
5
528
3
529
4
530
2
531
4
532
4
533
4
534
3
535
2
536
1
537
5
538
11
539
5
540
3
541
7
542
3
543
13
544
1
545
7
546
3
547
10
548
0
549
8
550
1
551
2
552
0
553
9
554
5
555
4
556
1
557
3
558
0
559
0
560
1
561
3
562
4
563
4
564
1
565
0
566
7
567
8
568
6
569
3
570
3
571
3
572
8
573
4
574
0
575
1
576
0
577
4
578
0
579
5
580
7
581
9
582
16
583
5
584
8
585
7
586
5
587
7
588
1
589
13
590
6
591
7
592
1
593
4
594
7
595
2
596
0
597
1
598
1
599
8
600
0
601
6
602
0
603
4
604
2
605
17
606
6
607
1
608
1
609
7
610
6
611
10
612
4
613
3
614
1
615
2
616
13
617
8
618
4
619
7
620
16
621
5
622
3
623
0
624
20
625
5
626
3
627
3
628
4
629
10
630
0
631
1
632
5
633
3
634
1
635
3
636
5
637
5
638
9
639
3
640
5
641
0
642
5
643
7
644
5
645
5
646
2
647
3
648
4
649
8
650
9
651
4
652
13
653
6
654
1
655
8
656
8
657
5
658
0
659
0
660
1
661
23
662
20
663
4
664
4
665
0
666
8
667
3
668
4
669
5
670
11
671
1
672
5
673
7
674
8
675
8
676
4
677
8
678
0
679
5
680
2
681
1
682
0
683
0
684
3
685
2
686
7
687
1
688
4
689
8
690
2
691
8
692
8
693
3
694
3
695
1
696
0
697
6
698
7
699
1
700
8
701
3
702
0
703
6
704
3
705
8
706
5
707
16
708
5
709
4
710
6
711
12
712
6
713
5
714
2
715
2
716
4
717
4
718
7
719
0
720
1
721
5
722
24
723
2
724
3
725
2
726
14
727
8
728
4
729
3
730
0
731
6
732
7
733
8
734
5
735
0
736
0
737
3
738
7
739
2
740
2
741
4
742
3
743
5
744
1
745
8
746
4
747
3
748
17
749
6
750
0
751
8
752
3
753
5
754
0
755
1
756
10
757
4
758
7
759
4
760
6
761
10
762
1
763
2
764
17
765
3
766
3
767
6
768
9
769
11
770
0
771
3
772
1
773
4
774
2
775
3
776
12
777
2
778
1
779
3
780
8
781
0
782
1
783
5
784
4
785
12
786
2
787
5
788
4
789
3
790
6
791
2
792
4
793
0
794
5
795
2
796
8
797
4
798
3
799
2
800
1
801
10
802
3
803
6
804
0
805
7
806
0
807
4
808
5
809
1
810
2
811
6
812
1
813
0
814
7
815
4
816
4
817
0
818
2
819
3
820
8
821
4
822
9
823
1
824
7
825
12
826
4
827
2
828
3
829
5
830
4
831
4
832
5
833
3
834
3
835
4
836
8
837
2
838
12
839
7
840
4
841
4
842
1
843
1
844
3
845
0
846
7
847
1
848
9
849
3
850
10
851
6
852
0
853
0
854
2
855
3
856
3
857
3
858
5
859
3
860
2
861
5
862
4
863
0
864
5
865
4
866
0
867
3
868
8
869
2
870
5
871
1
872
3
873
4
874
4
875
7
876
5
877
13
878
5
879
5
880
6
881
1
882
10
883
16
884
0
885
3
886
2
887
5
888
6
889
4
890
0
891
7
892
10
893
1
894
3
895
3
896
0
897
2
898
4
899
7
900
4
901
4
902
8
903
5
904
8
905
7
906
2
907
3
908
0
909
10
910
1
911
5
912
2
913
3
914
8
915
2
916
6
917
3
918
3
919
1
920
6
921
5
922
0
923
2
924
3
925
1
926
6
927
2
928
3
929
5
930
4
931
7
932
4
933
3
934
1
935
1
936
0
937
0
938
1
939
0
940
1
941
4
942
0
943
5
944
9
945
4
946
6
947
2
948
3
949
9
950
10
951
2
952
0
953
2
954
2
955
15
956
1
957
1
958
2
959
2
960
4
961
3
962
2
963
2
964
7
965
4
966
6
967
2
968
4
969
5
970
8
971
4
972
3
973
9
974
4
975
4
976
1
977
6
978
2
979
1
980
6
981
11
982
4
983
4
984
5
985
3
986
6
987
8
988
6
989
7
990
6
991
3
992
3
993
0
994
6
995
9
996
0
997
1
998
5
999
2
1000
7
Warning messages:
1: In rm(splicingSigGenes) : object 'splicingSigGenes' not found
2: In rm(pathway) : object 'pathway' not found
3: In rm(spliceAnnot) : object 'spliceAnnot' not found
