Loading required package: BiocGenerics
Loading required package: methods
Loading required package: parallel

Attaching package: ‘BiocGenerics’

The following objects are masked from ‘package:parallel’:

    clusterApply, clusterApplyLB, clusterCall, clusterEvalQ,
    clusterExport, clusterMap, parApply, parCapply, parLapply,
    parLapplyLB, parRapply, parSapply, parSapplyLB

The following object is masked from ‘package:stats’:

    xtabs

The following objects are masked from ‘package:base’:

    anyDuplicated, append, as.data.frame, as.vector, cbind, colnames,
    duplicated, eval, evalq, Filter, Find, get, intersect, is.unsorted,
    lapply, Map, mapply, match, mget, order, paste, pmax, pmax.int,
    pmin, pmin.int, Position, rank, rbind, Reduce, rep.int, rownames,
    sapply, setdiff, sort, table, tapply, union, unique, unlist

Loading required package: RSQLite
Loading required package: DBI
Loading required package: ggplot2
Loading required package: reshape2
Loading required package: fastcluster

Attaching package: ‘fastcluster’

The following object is masked from ‘package:stats’:

    hclust

Loading required package: rtracklayer
Loading required package: GenomicRanges
Loading required package: IRanges
Loading required package: XVector
Loading required package: Gviz
Loading required package: grid

Attaching package: ‘cummeRbund’

The following object is masked from ‘package:GenomicRanges’:

    promoters

The following object is masked from ‘package:IRanges’:

    promoters

The following object is masked from ‘package:BiocGenerics’:

    conditions

[1] "Haunt_vs_WT_Adult"
[1] "Haunt"
