[1] "linc-Cox2_vs_WT_Adult"
[1] "linc-Cox2"
Warning message:
In dir.create(filename) : 'linc-Cox2_vs_WT_Adult' already exists
Loading required package: BiocGenerics
Loading required package: methods
Loading required package: parallel

Attaching package: 'BiocGenerics'

The following objects are masked from 'package:parallel':

    clusterApply, clusterApplyLB, clusterCall, clusterEvalQ,
    clusterExport, clusterMap, parApply, parCapply, parLapply,
    parLapplyLB, parRapply, parSapply, parSapplyLB

The following object is masked from 'package:stats':

    xtabs

The following objects are masked from 'package:base':

    anyDuplicated, append, as.data.frame, as.vector, cbind,
    colnames, duplicated, eval, evalq, Filter, Find, get,
    intersect, is.unsorted, lapply, Map, mapply, match, mget,
    order, paste, pmax, pmax.int, pmin, pmin.int, Position, rank,
    rbind, Reduce, rep.int, rownames, sapply, setdiff, sort,
    table, tapply, union, unique, unlist

Loading required package: RSQLite
Loading required package: DBI
Loading required package: ggplot2
Loading required package: reshape2
Loading required package: fastcluster

Attaching package: 'fastcluster'

The following object is masked from 'package:stats':

    hclust

Loading required package: rtracklayer
Loading required package: GenomicRanges
Loading required package: IRanges
Loading required package: XVector
Loading required package: Gviz
Loading required package: grid

Attaching package: 'cummeRbund'

The following object is masked from 'package:GenomicRanges':

    promoters

The following object is masked from 'package:IRanges':

    promoters

The following object is masked from 'package:BiocGenerics':

    conditions


Attaching package: 'limma'

The following object is masked from 'package:BiocGenerics':

    plotMA

KernSmooth 2.23 loaded
Copyright M. P. Wand 1997-2009

Attaching package: 'gplots'

The following object is masked from 'package:rtracklayer':

    space

The following object is masked from 'package:IRanges':

    space

The following object is masked from 'package:stats':

    lowess


Attaching package: 'RMySQL'

The following objects are masked from 'package:RSQLite':

    dbBuildTableDefinition, isIdCurrent, safe.write

Read 674 records
Read 38949 items
Read 217 records
Read 4964 items
Read 186 records
Read 13247 items
Read 2 records
Read 1004 items
Creating database /n/rinn_data1/seq/lgoff/Projects/BrainMap/data/diffs/linc-Cox2_vs_WT_Adult/cuffData.db
Reading Run Info File /n/rinn_data1/seq/lgoff/Projects/BrainMap/data/diffs/linc-Cox2_vs_WT_Adult/run.info
Writing runInfo Table
Reading Read Group Info  /n/rinn_data1/seq/lgoff/Projects/BrainMap/data/diffs/linc-Cox2_vs_WT_Adult/read_groups.info
Writing replicates Table
Reading Var Model Info  /n/rinn_data1/seq/lgoff/Projects/BrainMap/data/diffs/linc-Cox2_vs_WT_Adult/var_model.info
Writing varModel Table
Reading GTF file
Writing GTF features to 'features' table...
Reading /n/rinn_data1/seq/lgoff/Projects/BrainMap/data/diffs/linc-Cox2_vs_WT_Adult/genes.fpkm_tracking
Checking samples table...
Populating samples table...
Writing genes table
Reshaping geneData table
Recasting
Writing geneData table
Reading /n/rinn_data1/seq/lgoff/Projects/BrainMap/data/diffs/linc-Cox2_vs_WT_Adult/gene_exp.diff
Writing geneExpDiffData table
Reading /n/rinn_data1/seq/lgoff/Projects/BrainMap/data/diffs/linc-Cox2_vs_WT_Adult/promoters.diff
Writing promoterDiffData table
No records found in /n/rinn_data1/seq/lgoff/Projects/BrainMap/data/diffs/linc-Cox2_vs_WT_Adult/promoters.diff
Reading /n/rinn_data1/seq/lgoff/Projects/BrainMap/data/diffs/linc-Cox2_vs_WT_Adult/genes.count_tracking
Reshaping geneCount table
Recasting
Writing geneCount table
Reading read group info in /n/rinn_data1/seq/lgoff/Projects/BrainMap/data/diffs/linc-Cox2_vs_WT_Adult/genes.read_group_tracking
Writing geneReplicateData table
Reading /n/rinn_data1/seq/lgoff/Projects/BrainMap/data/diffs/linc-Cox2_vs_WT_Adult/isoforms.fpkm_tracking
Checking samples table...
OK!
Writing isoforms table
Reshaping isoformData table
Recasting
Writing isoformData table
Reading /n/rinn_data1/seq/lgoff/Projects/BrainMap/data/diffs/linc-Cox2_vs_WT_Adult/isoform_exp.diff
Writing isoformExpDiffData table
Reading /n/rinn_data1/seq/lgoff/Projects/BrainMap/data/diffs/linc-Cox2_vs_WT_Adult/isoforms.count_tracking
Reshaping isoformCount table
Recasting
Writing isoformCount table
Reading read group info in /n/rinn_data1/seq/lgoff/Projects/BrainMap/data/diffs/linc-Cox2_vs_WT_Adult/isoforms.read_group_tracking
Writing isoformReplicateData table
Reading /n/rinn_data1/seq/lgoff/Projects/BrainMap/data/diffs/linc-Cox2_vs_WT_Adult/tss_groups.fpkm_tracking
Checking samples table...
OK!
Writing TSS table
No records found in /n/rinn_data1/seq/lgoff/Projects/BrainMap/data/diffs/linc-Cox2_vs_WT_Adult/tss_groups.fpkm_tracking
TSS FPKM tracking file was empty.
Reading /n/rinn_data1/seq/lgoff/Projects/BrainMap/data/diffs/linc-Cox2_vs_WT_Adult/tss_group_exp.diff
No records found in /n/rinn_data1/seq/lgoff/Projects/BrainMap/data/diffs/linc-Cox2_vs_WT_Adult/tss_group_exp.diff
Reading /n/rinn_data1/seq/lgoff/Projects/BrainMap/data/diffs/linc-Cox2_vs_WT_Adult/splicing.diff
No records found in /n/rinn_data1/seq/lgoff/Projects/BrainMap/data/diffs/linc-Cox2_vs_WT_Adult/splicing.diff
Reading /n/rinn_data1/seq/lgoff/Projects/BrainMap/data/diffs/linc-Cox2_vs_WT_Adult/tss_groups.count_tracking
No records found in /n/rinn_data1/seq/lgoff/Projects/BrainMap/data/diffs/linc-Cox2_vs_WT_Adult/tss_groups.count_tracking
Reading read group info in /n/rinn_data1/seq/lgoff/Projects/BrainMap/data/diffs/linc-Cox2_vs_WT_Adult/tss_groups.read_group_tracking
No records found in /n/rinn_data1/seq/lgoff/Projects/BrainMap/data/diffs/linc-Cox2_vs_WT_Adult/tss_groups.read_group_tracking
Reading /n/rinn_data1/seq/lgoff/Projects/BrainMap/data/diffs/linc-Cox2_vs_WT_Adult/cds.fpkm_tracking
Checking samples table...
OK!
Writing CDS table
Reshaping CDSData table
Recasting
Writing CDSData table
Reading /n/rinn_data1/seq/lgoff/Projects/BrainMap/data/diffs/linc-Cox2_vs_WT_Adult/cds_exp.diff
Writing CDSExpDiffData table
Reading /n/rinn_data1/seq/lgoff/Projects/BrainMap/data/diffs/linc-Cox2_vs_WT_Adult/cds.diff
Writing CDSDiffData table
Reading /n/rinn_data1/seq/lgoff/Projects/BrainMap/data/diffs/linc-Cox2_vs_WT_Adult/cds.count_tracking
Reshaping CDSCount table
Recasting
Writing CDSCount table
Reading read group info in /n/rinn_data1/seq/lgoff/Projects/BrainMap/data/diffs/linc-Cox2_vs_WT_Adult/cds.read_group_tracking
Writing CDSReplicateData table
Indexing Tables...
Scale for 'x' is already present. Adding another scale for 'x', which will replace the existing scale.
geom_smooth: method="auto" and size of largest group is >=1000, so using gam with formula: y ~ s(x, bs = "cs"). Use 'method = x' to change the smoothing method.
Scale for 'x' is already present. Adding another scale for 'x', which will replace the existing scale.
geom_smooth: method="auto" and size of largest group is >=1000, so using gam with formula: y ~ s(x, bs = "cs"). Use 'method = x' to change the smoothing method.
Getting gene information:
	FPKM
	Differential Expression Data
	Annotation Data
	Replicate FPKMs
	Counts
Getting isoforms information:
	FPKM
	Differential Expression Data
	Annotation Data
	Replicate FPKMs
	Counts
Getting CDS information:
	FPKM
	Differential Expression Data
	Annotation Data
	Replicate FPKMs
	Counts
Getting TSS information:
	FPKM
	Differential Expression Data
	Annotation Data
	Replicate FPKMs
	Counts
Getting promoter information:
	distData
Getting splicing information:
	distData
Getting relCDS information:
	distData
Scale for 'colour' is already present. Adding another scale for 'colour', which will replace the existing scale.
ymax not defined: adjusting position using y instead
Using tracking_id, rep_name as id variables
No id variables; using all as measure variables
Loading required package: AnnotationDbi
Loading required package: Biobase
Welcome to Bioconductor

    Vignettes contain introductory material; view with
    'browseVignettes()'. To cite Bioconductor, see
    'citation("Biobase")', and for packages 'citation("pkgname")'.


Attaching package: 'Biobase'

The following object is masked from 'package:cummeRbund':

    samples


Attaching package: 'GenomicFeatures'

The following objects are masked from 'package:cummeRbund':

    features, genes

	BamTracks
	plotting...
Getting gene information:
	FPKM
	Differential Expression Data
	Annotation Data
	Replicate FPKMs
	Counts
Getting isoforms information:
	FPKM
	Differential Expression Data
	Annotation Data
	Replicate FPKMs
	Counts
Getting CDS information:
	FPKM
	Differential Expression Data
	Annotation Data
	Replicate FPKMs
	Counts
Getting TSS information:
	FPKM
	Differential Expression Data
	Annotation Data
	Replicate FPKMs
	Counts
Getting promoter information:
	distData
Getting splicing information:
	distData
Getting relCDS information:
	distData
Using tracking_id, rep_name as id variables
No id variables; using all as measure variables
Using tracking_id, sample_name as id variables
Using tracking_id, rep_name as id variables
No id variables; using all as measure variables
Getting gene information:
	FPKM
	Differential Expression Data
	Annotation Data
	Replicate FPKMs
	Counts
Getting isoforms information:
	FPKM
	Differential Expression Data
	Annotation Data
	Replicate FPKMs
	Counts
Getting CDS information:
	FPKM
	Differential Expression Data
	Annotation Data
	Replicate FPKMs
	Counts
Getting TSS information:
	FPKM
	Differential Expression Data
	Annotation Data
	Replicate FPKMs
	Counts
Getting promoter information:
	distData
Getting splicing information:
	distData
Getting relCDS information:
	distData
Using tracking_id, rep_name as id variables
No id variables; using all as measure variables
Using tracking_id, rep_name as id variables
No id variables; using all as measure variables



Attaching package: 'DOSE'

The following object is masked from 'package:ReactomePA':

    gseAnalyzer

Getting gene information:
	FPKM
	Differential Expression Data
	Annotation Data
	Replicate FPKMs
	Counts
Getting isoforms information:
	FPKM
	Differential Expression Data
	Annotation Data
	Replicate FPKMs
	Counts
Getting CDS information:
	FPKM
	Differential Expression Data
	Annotation Data
	Replicate FPKMs
	Counts
Getting TSS information:
	FPKM
	Differential Expression Data
	Annotation Data
	Replicate FPKMs
	Counts
Getting promoter information:
	distData
Getting splicing information:
	distData
Getting relCDS information:
	distData

KEGG.db contains mappings based on older data because the original
  resource was removed from the the public domain before the most
  recent update was produced. This package should now be
  considered deprecated and future versions of Bioconductor may
  not have it available.  Users who want more current data are
  encouraged to look at the KEGGREST or reactome.db packages

Loading required package: biomaRt

Attaching package: 'biomaRt'

The following object is masked from 'package:cummeRbund':

    getGene

Loading required package: org.Mm.eg.db

Loading required package: GO.db
Loading required package: BSgenome
Loading required package: Biostrings

Attaching package: 'BSgenome'

The following object is masked from 'package:AnnotationDbi':

    species


Attaching package: 'plyr'

The following object is masked from 'package:cummeRbund':

    count

The following object is masked from 'package:XVector':

    compact

The following objects are masked from 'package:IRanges':

    desc, rename

First Split
Second Split
1
0
2
0
3
2
4
1
5
0
6
1
7
0
8
0
9
0
10
1
11
0
12
0
13
0
14
2
15
0
16
0
17
1
18
0
19
0
20
0
21
0
22
0
23
0
24
0
25
0
26
1
27
0
28
1
29
0
30
0
31
0
32
0
33
0
34
0
35
0
36
0
37
0
38
0
39
0
40
0
41
0
42
0
43
0
44
0
45
0
46
0
47
1
48
0
49
0
50
1
51
0
52
1
53
0
54
2
55
0
56
0
57
0
58
0
59
0
60
0
61
0
62
1
63
0
64
0
65
0
66
0
67
0
68
0
69
0
70
0
71
0
72
0
73
0
74
0
75
0
76
0
77
2
78
0
79
0
80
0
81
0
82
3
83
0
84
1
85
0
86
0
87
1
88
0
89
0
90
0
91
0
92
0
93
0
94
0
95
0
96
0
97
0
98
1
99
0
100
0
101
0
102
2
103
0
104
0
105
0
106
0
107
0
108
1
109
0
110
0
111
0
112
0
113
0
114
0
115
0
116
0
117
0
118
0
119
1
120
0
121
1
122
1
123
0
124
0
125
0
126
1
127
0
128
0
129
0
130
0
131
0
132
0
133
0
134
0
135
1
136
2
137
0
138
0
139
1
140
0
141
0
142
0
143
1
144
0
145
0
146
0
147
0
148
0
149
0
150
0
151
0
152
0
153
0
154
0
155
2
156
0
157
0
158
0
159
0
160
0
161
0
162
0
163
0
164
0
165
0
166
1
167
0
168
0
169
0
170
0
171
0
172
0
173
0
174
0
175
0
176
0
177
0
178
0
179
0
180
0
181
0
182
3
183
1
184
0
185
2
186
1
187
0
188
0
189
0
190
0
191
0
192
0
193
0
194
0
195
0
196
0
197
0
198
0
199
0
200
0
201
0
202
2
203
0
204
0
205
0
206
0
207
0
208
0
209
0
210
0
211
1
212
0
213
0
214
0
215
0
216
0
217
0
218
0
219
0
220
0
221
0
222
0
223
0
224
0
225
0
226
0
227
0
228
0
229
0
230
0
231
0
232
0
233
1
234
0
235
0
236
0
237
0
238
0
239
1
240
0
241
0
242
0
243
1
244
0
245
0
246
0
247
0
248
1
249
0
250
0
251
0
252
0
253
0
254
0
255
3
256
0
257
0
258
2
259
0
260
0
261
0
262
0
263
3
264
1
265
0
266
0
267
1
268
0
269
1
270
0
271
1
272
0
273
0
274
0
275
0
276
0
277
0
278
0
279
0
280
0
281
0
282
0
283
0
284
0
285
0
286
0
287
0
288
0
289
0
290
0
291
0
292
0
293
1
294
0
295
0
296
0
297
1
298
0
299
0
300
0
301
0
302
0
303
0
304
0
305
0
306
0
307
0
308
1
309
0
310
1
311
3
312
0
313
0
314
0
315
0
316
0
317
0
318
0
319
0
320
0
321
1
322
1
323
0
324
0
325
0
326
0
327
0
328
0
329
0
330
0
331
0
332
1
333
0
334
0
335
0
336
1
337
0
338
0
339
0
340
1
341
0
342
1
343
0
344
0
345
0
346
0
347
0
348
0
349
0
350
0
351
1
352
0
353
0
354
0
355
1
356
0
357
0
358
0
359
0
360
4
361
0
362
0
363
0
364
0
365
0
366
1
367
0
368
0
369
0
370
0
371
0
372
0
373
0
374
2
375
0
376
0
377
0
378
0
379
0
380
0
381
6
382
1
383
0
384
0
385
0
386
0
387
0
388
0
389
0
390
0
391
0
392
0
393
0
394
0
395
0
396
0
397
0
398
1
399
0
400
0
401
0
402
0
403
0
404
1
405
0
406
0
407
2
408
0
409
0
410
1
411
0
412
0
413
0
414
0
415
0
416
0
417
1
418
0
419
0
420
0
421
1
422
0
423
0
424
0
425
0
426
0
427
0
428
0
429
0
430
2
431
0
432
1
433
0
434
0
435
0
436
0
437
0
438
0
439
0
440
0
441
0
442
0
443
0
444
1
445
0
446
0
447
0
448
0
449
0
450
0
451
0
452
0
453
2
454
0
455
0
456
0
457
1
458
2
459
0
460
0
461
0
462
0
463
0
464
0
465
0
466
0
467
0
468
0
469
0
470
0
471
0
472
0
473
0
474
0
475
0
476
0
477
0
478
0
479
0
480
0
481
0
482
0
483
0
484
0
485
0
486
1
487
0
488
0
489
1
490
0
491
0
492
2
493
0
494
0
495
0
496
0
497
0
498
0
499
0
500
0
501
0
502
0
503
0
504
1
505
0
506
0
507
0
508
0
509
0
510
0
511
0
512
0
513
6
514
1
515
0
516
0
517
0
518
0
519
0
520
1
521
1
522
0
523
0
524
0
525
0
526
4
527
0
528
0
529
0
530
0
531
0
532
0
533
0
534
0
535
3
536
0
537
0
538
0
539
0
540
1
541
0
542
0
543
0
544
0
545
0
546
1
547
0
548
0
549
0
550
0
551
0
552
0
553
1
554
0
555
0
556
0
557
0
558
0
559
0
560
0
561
0
562
0
563
1
564
0
565
0
566
0
567
1
568
1
569
0
570
0
571
0
572
0
573
2
574
0
575
0
576
1
577
0
578
1
579
0
580
0
581
0
582
0
583
0
584
2
585
1
586
0
587
0
588
5
589
0
590
0
591
1
592
2
593
0
594
0
595
0
596
0
597
0
598
6
599
0
600
0
601
2
602
0
603
0
604
0
605
0
606
0
607
1
608
0
609
0
610
1
611
0
612
0
613
1
614
1
615
0
616
0
617
0
618
0
619
0
620
0
621
0
622
0
623
2
624
0
625
0
626
0
627
0
628
0
629
0
630
1
631
0
632
0
633
0
634
0
635
0
636
0
637
0
638
1
639
2
640
0
641
0
642
0
643
0
644
0
645
0
646
1
647
0
648
0
649
0
650
0
651
2
652
0
653
3
654
0
655
0
656
2
657
0
658
3
659
0
660
1
661
1
662
0
663
6
664
0
665
0
666
1
667
1
668
0
669
0
670
0
671
0
672
0
673
0
674
0
675
0
676
0
677
0
678
0
679
0
680
0
681
0
682
0
683
1
684
0
685
0
686
0
687
0
688
0
689
0
690
0
691
2
692
0
693
0
694
0
695
0
696
1
697
0
698
0
699
0
700
2
701
0
702
0
703
0
704
0
705
0
706
0
707
0
708
0
709
0
710
1
711
0
712
1
713
0
714
0
715
0
716
0
717
0
718
0
719
0
720
0
721
0
722
0
723
0
724
0
725
0
726
0
727
1
728
0
729
0
730
1
731
0
732
0
733
0
734
1
735
0
736
0
737
0
738
0
739
0
740
0
741
0
742
0
743
0
744
0
745
0
746
1
747
2
748
0
749
0
750
0
751
2
752
1
753
0
754
0
755
0
756
3
757
1
758
0
759
0
760
0
761
0
762
0
763
0
764
0
765
0
766
0
767
0
768
0
769
0
770
1
771
0
772
0
773
1
774
0
775
3
776
0
777
0
778
0
779
0
780
0
781
0
782
0
783
0
784
0
785
0
786
2
787
0
788
0
789
2
790
2
791
