[1] "linc-Enc1_vs_WT_Embryonic"
[1] "linc-Enc1"
Warning message:
In dir.create(filename) : 'linc-Enc1_vs_WT_Embryonic' already exists
Loading required package: BiocGenerics
Loading required package: methods
Loading required package: parallel

Attaching package: 'BiocGenerics'

The following objects are masked from 'package:parallel':

    clusterApply, clusterApplyLB, clusterCall, clusterEvalQ,
    clusterExport, clusterMap, parApply, parCapply, parLapply,
    parLapplyLB, parRapply, parSapply, parSapplyLB

The following object is masked from 'package:stats':

    xtabs

The following objects are masked from 'package:base':

    anyDuplicated, append, as.data.frame, as.vector, cbind,
    colnames, duplicated, eval, evalq, Filter, Find, get,
    intersect, is.unsorted, lapply, Map, mapply, match, mget,
    order, paste, pmax, pmax.int, pmin, pmin.int, Position, rank,
    rbind, Reduce, rep.int, rownames, sapply, setdiff, sort,
    table, tapply, union, unique, unlist

Loading required package: RSQLite
Loading required package: DBI
Loading required package: ggplot2
Loading required package: reshape2
Loading required package: fastcluster

Attaching package: 'fastcluster'

The following object is masked from 'package:stats':

    hclust

Loading required package: rtracklayer
Loading required package: GenomicRanges
Loading required package: IRanges
Loading required package: XVector
Loading required package: Gviz
Loading required package: grid

Attaching package: 'cummeRbund'

The following object is masked from 'package:GenomicRanges':

    promoters

The following object is masked from 'package:IRanges':

    promoters

The following object is masked from 'package:BiocGenerics':

    conditions


Attaching package: 'limma'

The following object is masked from 'package:BiocGenerics':

    plotMA

KernSmooth 2.23 loaded
Copyright M. P. Wand 1997-2009

Attaching package: 'gplots'

The following object is masked from 'package:rtracklayer':

    space

The following object is masked from 'package:IRanges':

    space

The following object is masked from 'package:stats':

    lowess


Attaching package: 'RMySQL'

The following objects are masked from 'package:RSQLite':

    dbBuildTableDefinition, isIdCurrent, safe.write

Read 674 records
Read 38949 items
Read 217 records
Read 4964 items
Read 186 records
Read 13247 items
Read 2 records
Read 1004 items
Creating database /n/rinn_data1/seq/lgoff/Projects/BrainMap/data/diffs/linc-Enc1_vs_WT_Embryonic/cuffData.db
Reading Run Info File /n/rinn_data1/seq/lgoff/Projects/BrainMap/data/diffs/linc-Enc1_vs_WT_Embryonic/run.info
Writing runInfo Table
Reading Read Group Info  /n/rinn_data1/seq/lgoff/Projects/BrainMap/data/diffs/linc-Enc1_vs_WT_Embryonic/read_groups.info
Writing replicates Table
Reading Var Model Info  /n/rinn_data1/seq/lgoff/Projects/BrainMap/data/diffs/linc-Enc1_vs_WT_Embryonic/var_model.info
Writing varModel Table
Reading GTF file
slurmstepd: error: *** JOB 13616251 CANCELLED AT 2014-07-14T12:52:08 ***
