[1] "linc-Brn1a_vs_WT_Embryonic"
[1] "linc-Brn1a"
Warning message:
In dir.create(filename) : 'linc-Brn1a_vs_WT_Embryonic' already exists
Loading required package: BiocGenerics
Loading required package: methods
Loading required package: parallel

Attaching package: 'BiocGenerics'

The following objects are masked from 'package:parallel':

    clusterApply, clusterApplyLB, clusterCall, clusterEvalQ,
    clusterExport, clusterMap, parApply, parCapply, parLapply,
    parLapplyLB, parRapply, parSapply, parSapplyLB

The following object is masked from 'package:stats':

    xtabs

The following objects are masked from 'package:base':

    anyDuplicated, append, as.data.frame, as.vector, cbind,
    colnames, duplicated, eval, evalq, Filter, Find, get,
    intersect, is.unsorted, lapply, Map, mapply, match, mget,
    order, paste, pmax, pmax.int, pmin, pmin.int, Position, rank,
    rbind, Reduce, rep.int, rownames, sapply, setdiff, sort,
    table, tapply, union, unique, unlist

Loading required package: RSQLite
Loading required package: DBI
Loading required package: ggplot2
Loading required package: reshape2
Loading required package: fastcluster

Attaching package: 'fastcluster'

The following object is masked from 'package:stats':

    hclust

Loading required package: rtracklayer
Loading required package: GenomicRanges
Loading required package: IRanges
Loading required package: XVector
Loading required package: Gviz
Loading required package: grid

Attaching package: 'cummeRbund'

The following object is masked from 'package:GenomicRanges':

    promoters

The following object is masked from 'package:IRanges':

    promoters

The following object is masked from 'package:BiocGenerics':

    conditions


Attaching package: 'limma'

The following object is masked from 'package:BiocGenerics':

    plotMA

KernSmooth 2.23 loaded
Copyright M. P. Wand 1997-2009

Attaching package: 'gplots'

The following object is masked from 'package:rtracklayer':

    space

The following object is masked from 'package:IRanges':

    space

The following object is masked from 'package:stats':

    lowess


Attaching package: 'RMySQL'

The following objects are masked from 'package:RSQLite':

    dbBuildTableDefinition, isIdCurrent, safe.write

Read 674 records
Read 38949 items
Read 217 records
Read 4964 items
Read 186 records
Read 13247 items
Read 2 records
Read 1004 items
Read 189 records
Read 31697 items
Read 1910 records
Read 385167 items
Read 615 records
Read 165360 items
Scale for 'x' is already present. Adding another scale for 'x', which will replace the existing scale.
geom_smooth: method="auto" and size of largest group is >=1000, so using gam with formula: y ~ s(x, bs = "cs"). Use 'method = x' to change the smoothing method.
Scale for 'x' is already present. Adding another scale for 'x', which will replace the existing scale.
geom_smooth: method="auto" and size of largest group is >=1000, so using gam with formula: y ~ s(x, bs = "cs"). Use 'method = x' to change the smoothing method.
Getting gene information:
	FPKM
	Differential Expression Data
	Annotation Data
	Replicate FPKMs
	Counts
Getting isoforms information:
	FPKM
	Differential Expression Data
	Annotation Data
	Replicate FPKMs
	Counts
Getting CDS information:
	FPKM
	Differential Expression Data
	Annotation Data
	Replicate FPKMs
	Counts
Getting TSS information:
	FPKM
	Differential Expression Data
	Annotation Data
	Replicate FPKMs
	Counts
Getting promoter information:
	distData
Getting splicing information:
	distData
Getting relCDS information:
	distData
Scale for 'colour' is already present. Adding another scale for 'colour', which will replace the existing scale.
ymax not defined: adjusting position using y instead
Using tracking_id, rep_name as id variables
No id variables; using all as measure variables
Loading required package: AnnotationDbi
Loading required package: Biobase
Welcome to Bioconductor

    Vignettes contain introductory material; view with
    'browseVignettes()'. To cite Bioconductor, see
    'citation("Biobase")', and for packages 'citation("pkgname")'.


Attaching package: 'Biobase'

The following object is masked from 'package:cummeRbund':

    samples


Attaching package: 'GenomicFeatures'

The following objects are masked from 'package:cummeRbund':

    features, genes

	BamTracks
	plotting...
Getting gene information:
	FPKM
	Differential Expression Data
	Annotation Data
	Replicate FPKMs
	Counts
Getting isoforms information:
	FPKM
	Differential Expression Data
	Annotation Data
	Replicate FPKMs
	Counts
Getting CDS information:
	FPKM
	Differential Expression Data
	Annotation Data
	Replicate FPKMs
	Counts
Getting TSS information:
	FPKM
	Differential Expression Data
	Annotation Data
	Replicate FPKMs
	Counts
Getting promoter information:
	distData
Getting splicing information:
	distData
Getting relCDS information:
	distData
Using tracking_id, rep_name as id variables
No id variables; using all as measure variables
Using tracking_id, sample_name as id variables
Using tracking_id, rep_name as id variables
No id variables; using all as measure variables
Getting gene information:
	FPKM
	Differential Expression Data
	Annotation Data
	Replicate FPKMs
	Counts
Getting isoforms information:
	FPKM
	Differential Expression Data
	Annotation Data
	Replicate FPKMs
	Counts
Getting CDS information:
	FPKM
	Differential Expression Data
	Annotation Data
	Replicate FPKMs
	Counts
Getting TSS information:
	FPKM
	Differential Expression Data
	Annotation Data
	Replicate FPKMs
	Counts
Getting promoter information:
	distData
Getting splicing information:
	distData
Getting relCDS information:
	distData
Using tracking_id, rep_name as id variables
No id variables; using all as measure variables
Using tracking_id, rep_name as id variables
No id variables; using all as measure variables
Getting gene information:
	FPKM
	Differential Expression Data
	Annotation Data
	Replicate FPKMs
	Counts
Getting isoforms information:
	FPKM
	Differential Expression Data
	Annotation Data
	Replicate FPKMs
	Counts
Getting CDS information:
	FPKM
	Differential Expression Data
	Annotation Data
	Replicate FPKMs
	Counts
Getting TSS information:
	FPKM
	Differential Expression Data
	Annotation Data
	Replicate FPKMs
	Counts
Getting promoter information:
	distData
Getting splicing information:
	distData
Getting relCDS information:
	distData



Attaching package: 'DOSE'

The following object is masked from 'package:ReactomePA':

    gseAnalyzer

Getting gene information:
	FPKM
	Differential Expression Data
	Annotation Data
	Replicate FPKMs
	Counts
Getting isoforms information:
	FPKM
	Differential Expression Data
	Annotation Data
	Replicate FPKMs
	Counts
Getting CDS information:
	FPKM
	Differential Expression Data
	Annotation Data
	Replicate FPKMs
	Counts
Getting TSS information:
	FPKM
	Differential Expression Data
	Annotation Data
	Replicate FPKMs
	Counts
Getting promoter information:
	distData
Getting splicing information:
	distData
Getting relCDS information:
	distData

KEGG.db contains mappings based on older data because the original
  resource was removed from the the public domain before the most
  recent update was produced. This package should now be
  considered deprecated and future versions of Bioconductor may
  not have it available.  Users who want more current data are
  encouraged to look at the KEGGREST or reactome.db packages

Loading required package: biomaRt

Attaching package: 'biomaRt'

The following object is masked from 'package:cummeRbund':

    getGene

Loading required package: org.Mm.eg.db

Loading required package: GO.db
gdata: read.xls support for 'XLS' (Excel 97-2004) files ENABLED.

gdata: read.xls support for 'XLSX' (Excel 2007+) files ENABLED.

Attaching package: 'gdata'

The following object is masked from 'package:Biobase':

    combine

The following object is masked from 'package:IRanges':

    trim

The following object is masked from 'package:BiocGenerics':

    combine

The following object is masked from 'package:stats':

    nobs

The following object is masked from 'package:utils':

    object.size

Getting gene information:
	FPKM
	Differential Expression Data
	Annotation Data
	Replicate FPKMs
	Counts
Getting isoforms information:
	FPKM
	Differential Expression Data
	Annotation Data
	Replicate FPKMs
	Counts
Getting CDS information:
	FPKM
	Differential Expression Data
	Annotation Data
	Replicate FPKMs
	Counts
Getting TSS information:
	FPKM
	Differential Expression Data
	Annotation Data
	Replicate FPKMs
	Counts
Getting promoter information:
	distData
Getting splicing information:
	distData
Getting relCDS information:
	distData
Using gene_short_name, significant, Stage as id variables
Getting gene information:
	FPKM
	Differential Expression Data
	Annotation Data
	Replicate FPKMs
	Counts
Getting isoforms information:
	FPKM
	Differential Expression Data
	Annotation Data
	Replicate FPKMs
	Counts
Getting CDS information:
	FPKM
	Differential Expression Data
	Annotation Data
	Replicate FPKMs
	Counts
Getting TSS information:
	FPKM
	Differential Expression Data
	Annotation Data
	Replicate FPKMs
	Counts
Getting promoter information:
	distData
Getting splicing information:
	distData
Getting relCDS information:
	distData
Using gene_short_name, significant, Layer as id variables
Getting gene information:
	FPKM
	Differential Expression Data
	Annotation Data
	Replicate FPKMs
	Counts
Getting isoforms information:
	FPKM
	Differential Expression Data
	Annotation Data
	Replicate FPKMs
	Counts
Getting CDS information:
	FPKM
	Differential Expression Data
	Annotation Data
	Replicate FPKMs
	Counts
Getting TSS information:
	FPKM
	Differential Expression Data
	Annotation Data
	Replicate FPKMs
	Counts
Getting promoter information:
	distData
Getting splicing information:
	distData
Getting relCDS information:
	distData
Using gene_short_name, significant, Cell_type as id variables
Getting gene information:
	FPKM
	Differential Expression Data
	Annotation Data
	Replicate FPKMs
	Counts
Getting isoforms information:
	FPKM
	Differential Expression Data
	Annotation Data
	Replicate FPKMs
	Counts
Getting CDS information:
	FPKM
	Differential Expression Data
	Annotation Data
	Replicate FPKMs
	Counts
Getting TSS information:
	FPKM
	Differential Expression Data
	Annotation Data
	Replicate FPKMs
	Counts
Getting promoter information:
	distData
Getting splicing information:
	distData
Getting relCDS information:
	distData
Using gene_short_name, significant, Cell_type as id variables
Loading required package: BSgenome
Loading required package: Biostrings

Attaching package: 'BSgenome'

The following object is masked from 'package:AnnotationDbi':

    species


Attaching package: 'plyr'

The following object is masked from 'package:cummeRbund':

    count

The following object is masked from 'package:XVector':

    compact

The following objects are masked from 'package:IRanges':

    desc, rename

First Split
Second Split
1
1
2
4
3
16
4
1
5
3
6
6
7
6
8
11
9
4
10
6
11
5
12
7
13
7
14
2
15
0
16
4
17
9
18
10
19
2
20
2
21
5
22
4
23
1
24
5
25
0
26
2
27
4
28
3
29
3
30
1
31
3
32
3
33
6
34
8
35
12
36
2
37
4
38
2
39
3
40
22
41
2
42
5
43
4
44
6
45
5
46
5
47
13
48
7
49
4
50
4
51
11
52
13
53
4
54
4
55
5
56
3
57
2
58
1
59
5
60
1
61
1
62
5
63
2
64
5
65
4
66
2
67
5
68
2
69
3
70
3
71
4
72
0
73
6
74
7
75
3
76
5
77
3
78
13
79
5
80
12
81
4
82
1
83
6
84
5
85
4
86
10
87
1
88
14
89
0
90
5
91
6
92
4
93
1
94
6
95
1
96
2
97
4
98
6
99
5
100
1
101
0
102
5
103
3
104
7
105
15
106
6
107
2
108
4
109
1
110
3
111
0
112
1
113
3
114
7
115
3
116
8
117
1
118
9
119
1
120
1
121
1
122
2
123
5
124
0
125
2
126
0
127
10
128
3
129
3
130
0
131
2
132
3
133
13
134
10
135
2
136
10
137
0
138
13
139
0
140
11
141
2
142
5
143
1
144
11
145
4
146
6
147
6
148
2
149
4
150
1
151
3
152
4
153
5
154
1
155
7
156
5
157
9
158
4
159
4
160
0
161
3
162
7
163
12
164
6
165
6
166
4
167
5
168
3
169
10
170
4
171
8
172
0
173
6
174
4
175
1
176
8
177
0
178
6
179
1
180
12
181
2
182
3
183
6
184
7
185
13
186
3
187
4
188
10
189
7
190
1
191
5
192
3
193
1
194
5
195
8
196
14
197
2
198
6
199
0
200
12
201
5
202
6
203
2
204
4
205
3
206
9
207
4
208
5
209
0
210
9
211
3
212
7
213
1
214
1
215
1
216
4
217
3
218
6
219
2
220
5
221
3
222
1
223
9
224
2
225
1
226
0
227
3
228
2
229
0
230
3
231
1
232
0
233
3
234
3
235
6
236
3
237
9
238
1
239
7
240
1
241
9
242
12
243
0
244
3
245
3
246
3
247
15
248
0
249
4
250
7
251
10
252
1
253
10
254
15
255
5
256
2
257
3
258
0
259
9
260
3
261
5
262
1
263
5
264
4
265
5
266
0
267
6
268
3
269
5
270
3
271
4
272
4
273
5
274
14
275
6
276
4
277
1
278
3
279
1
280
10
281
0
282
8
283
2
284
2
285
2
286
5
287
8
288
2
289
3
290
2
291
2
292
6
293
6
294
5
295
2
296
3
297
0
298
3
299
15
300
7
301
1
302
15
303
4
304
2
305
2
306
2
307
11
308
5
309
1
310
2
311
6
312
1
313
6
314
1
315
4
316
3
317
5
318
1
319
9
320
5
321
3
322
5
323
8
324
9
325
5
326
2
327
10
328
3
329
0
330
11
331
3
332
0
333
2
334
2
335
2
336
3
337
5
338
8
339
10
340
2
341
2
342
3
343
6
344
3
345
5
346
10
347
1
348
2
349
3
350
20
351
7
352
4
353
1
354
9
355
3
356
4
357
8
358
4
359
3
360
4
361
2
362
7
363
3
364
7
365
5
366
3
367
6
368
9
369
4
370
11
371
3
372
13
373
5
374
4
375
2
376
2
377
5
378
7
379
3
380
10
381
4
382
4
383
5
384
8
385
7
386
7
387
8
388
4
389
1
390
4
391
5
392
3
393
3
394
6
395
5
396
3
397
4
398
7
399
5
400
9
401
3
402
4
403
5
404
6
405
7
406
12
407
12
408
1
409
4
410
3
411
13
412
3
413
2
414
15
415
7
416
5
417
4
418
9
419
7
420
1
421
0
422
3
423
3
424
1
425
4
426
8
427
8
428
5
429
2
430
4
431
1
432
11
433
5
434
11
435
0
436
9
437
9
438
11
439
3
440
4
441
17
442
6
443
5
444
3
445
4
446
4
447
14
448
13
449
9
450
3
451
12
452
0
453
2
454
4
455
2
456
5
457
4
458
5
459
6
460
10
461
3
462
3
463
9
464
3
465
1
466
3
467
3
468
6
469
5
470
13
471
0
472
0
473
2
474
3
475
2
476
4
477
4
478
4
479
3
480
9
481
3
482
6
483
0
484
5
485
7
486
8
487
7
488
9
489
6
490
3
491
6
492
5
493
3
494
1
495
0
496
1
497
6
498
3
499
0
500
1
501
3
502
3
503
4
504
7
505
4
506
4
507
5
508
3
509
1
510
2
511
8
512
1
513
8
514
3
515
3
516
1
517
5
518
4
519
1
520
1
521
3
522
1
523
2
524
4
525
3
526
10
527
5
528
4
529
0
530
5
531
1
532
14
533
8
534
1
535
5
536
4
537
2
538
1
539
5
540
10
541
2
542
3
543
5
544
4
545
1
546
4
547
2
548
4
549
0
550
6
551
1
552
1
553
1
554
3
555
7
556
5
557
4
558
6
559
1
560
4
561
2
562
4
563
0
564
4
565
5
566
2
567
4
568
6
569
10
570
6
571
3
572
0
573
0
574
3
575
1
576
7
577
2
578
7
579
10
580
3
581
1
582
8
583
3
584
1
585
6
586
2
587
2
588
16
589
2
590
5
591
4
592
13
593
9
594
6
595
1
596
1
597
3
598
4
599
7
600
2
601
5
602
0
603
2
604
3
605
4
606
0
607
8
608
2
609
3
610
4
611
5
612
2
613
2
614
8
615
5
616
1
617
5
618
5
619
4
620
0
621
6
622
7
623
4
624
2
625
3
626
0
627
3
628
3
629
5
630
3
631
7
632
6
633
6
634
14
635
10
636
5
637
5
638
1
639
6
640
3
641
3
642
15
643
1
644
4
645
3
646
5
647
7
648
1
649
3
650
5
651
7
652
2
653
4
654
4
655
2
656
14
657
7
658
4
659
0
660
6
661
14
662
1
663
4
664
9
665
2
666
3
667
4
668
6
669
2
670
5
671
5
672
3
673
6
674
3
675
5
676
1
677
2
678
5
679
2
680
0
681
5
682
5
683
8
684
0
685
8
686
0
687
5
688
0
689
3
690
0
691
4
692
2
693
1
694
1
695
2
696
3
697
4
698
7
699
22
700
7
701
5
702
1
703
10
704
0
705
10
706
8
707
5
708
5
709
7
710
3
711
10
712
3
713
6
714
4
715
12
716
5
717
4
718
3
719
2
720
0
721
3
722
7
723
7
724
0
725
2
726
6
727
6
728
4
729
4
730
6
731
8
732
2
733
7
734
4
735
1
736
4
737
12
738
2
739
7
740
5
741
2
742
12
743
6
744
3
745
1
746
4
747
3
748
9
749
3
750
15
751
14
752
2
753
1
754
4
755
7
756
4
757
6
758
7
759
13
760
1
761
8
762
13
763
0
764
3
765
5
766
5
767
3
768
8
769
1
770
3
771
7
772
3
773
1
774
2
775
7
776
6
777
7
778
6
779
4
780
4
781
0
782
3
783
7
784
3
785
2
786
11
787
1
788
2
789
7
790
2
791
15
792
5
793
2
794
2
795
0
796
7
797
9
798
4
799
8
800
2
801
1
802
4
803
0
804
3
805
5
806
9
807
3
808
1
809
12
810
8
811
6
812
15
813
5
814
3
815
5
816
4
817
2
818
2
819
1
820
2
821
3
822
9
823
6
824
3
825
4
826
3
827
2
828
2
829
0
830
2
831
1
832
2
833
4
834
8
835
5
836
10
837
10
838
14
839
8
840
1
841
3
842
3
843
4
844
4
845
9
846
13
847
3
848
4
849
2
850
0
851
4
852
10
853
7
854
2
855
4
856
0
857
6
858
1
859
XIO:  fatal IO error 11 (Resource temporarily unavailable) on X server "rclogin11.rc.fas.harvard.edu:11.0"
      after 67 requests (67 known processed) with 0 events remaining.
