[1] "linc-Brn1a_vs_WT_Embryonic"
[1] "linc-Brn1a"
Warning message:
In dir.create(filename) : 'linc-Brn1a_vs_WT_Embryonic' already exists
Loading required package: BiocGenerics
Loading required package: methods
Loading required package: parallel

Attaching package: 'BiocGenerics'

The following objects are masked from 'package:parallel':

    clusterApply, clusterApplyLB, clusterCall, clusterEvalQ,
    clusterExport, clusterMap, parApply, parCapply, parLapply,
    parLapplyLB, parRapply, parSapply, parSapplyLB

The following object is masked from 'package:stats':

    xtabs

The following objects are masked from 'package:base':

    anyDuplicated, append, as.data.frame, as.vector, cbind,
    colnames, duplicated, eval, evalq, Filter, Find, get,
    intersect, is.unsorted, lapply, Map, mapply, match, mget,
    order, paste, pmax, pmax.int, pmin, pmin.int, Position, rank,
    rbind, Reduce, rep.int, rownames, sapply, setdiff, sort,
    table, tapply, union, unique, unlist

Loading required package: RSQLite
Loading required package: DBI
Loading required package: ggplot2
Loading required package: reshape2
Loading required package: fastcluster

Attaching package: 'fastcluster'

The following object is masked from 'package:stats':

    hclust

Loading required package: rtracklayer
Loading required package: GenomicRanges
Loading required package: IRanges
Loading required package: XVector
Loading required package: Gviz
Loading required package: grid

Attaching package: 'cummeRbund'

The following object is masked from 'package:GenomicRanges':

    promoters

The following object is masked from 'package:IRanges':

    promoters

The following object is masked from 'package:BiocGenerics':

    conditions


Attaching package: 'limma'

The following object is masked from 'package:BiocGenerics':

    plotMA

KernSmooth 2.23 loaded
Copyright M. P. Wand 1997-2009

Attaching package: 'gplots'

The following object is masked from 'package:rtracklayer':

    space

The following object is masked from 'package:IRanges':

    space

The following object is masked from 'package:stats':

    lowess


Attaching package: 'RMySQL'

The following objects are masked from 'package:RSQLite':

    dbBuildTableDefinition, isIdCurrent, safe.write

Read 674 records
Read 38949 items
Read 217 records
Read 4964 items
Read 186 records
Read 13247 items
Read 2 records
Read 1004 items
Read 189 records
Read 31697 items
Read 1910 records
Read 385167 items
Read 615 records
Read 165360 items
Scale for 'x' is already present. Adding another scale for 'x', which will replace the existing scale.
geom_smooth: method="auto" and size of largest group is >=1000, so using gam with formula: y ~ s(x, bs = "cs"). Use 'method = x' to change the smoothing method.
Scale for 'x' is already present. Adding another scale for 'x', which will replace the existing scale.
geom_smooth: method="auto" and size of largest group is >=1000, so using gam with formula: y ~ s(x, bs = "cs"). Use 'method = x' to change the smoothing method.
Getting gene information:
	FPKM
	Differential Expression Data
	Annotation Data
	Replicate FPKMs
	Counts
Getting isoforms information:
	FPKM
	Differential Expression Data
	Annotation Data
	Replicate FPKMs
	Counts
Getting CDS information:
	FPKM
	Differential Expression Data
	Annotation Data
	Replicate FPKMs
	Counts
Getting TSS information:
	FPKM
	Differential Expression Data
	Annotation Data
	Replicate FPKMs
	Counts
Getting promoter information:
	distData
Getting splicing information:
	distData
Getting relCDS information:
	distData
Scale for 'colour' is already present. Adding another scale for 'colour', which will replace the existing scale.
ymax not defined: adjusting position using y instead
Using tracking_id, rep_name as id variables
No id variables; using all as measure variables
Loading required package: AnnotationDbi
Loading required package: Biobase
Welcome to Bioconductor

    Vignettes contain introductory material; view with
    'browseVignettes()'. To cite Bioconductor, see
    'citation("Biobase")', and for packages 'citation("pkgname")'.


Attaching package: 'Biobase'

The following object is masked from 'package:cummeRbund':

    samples


Attaching package: 'GenomicFeatures'

The following objects are masked from 'package:cummeRbund':

    features, genes

	BamTracks
	plotting...
Getting gene information:
	FPKM
	Differential Expression Data
	Annotation Data
	Replicate FPKMs
	Counts
Getting isoforms information:
	FPKM
	Differential Expression Data
	Annotation Data
	Replicate FPKMs
	Counts
Getting CDS information:
	FPKM
	Differential Expression Data
	Annotation Data
	Replicate FPKMs
	Counts
Getting TSS information:
	FPKM
	Differential Expression Data
	Annotation Data
	Replicate FPKMs
	Counts
Getting promoter information:
	distData
Getting splicing information:
	distData
Getting relCDS information:
	distData
Using tracking_id, rep_name as id variables
No id variables; using all as measure variables
Using tracking_id, sample_name as id variables
Using tracking_id, rep_name as id variables
No id variables; using all as measure variables
Getting gene information:
	FPKM
	Differential Expression Data
	Annotation Data
	Replicate FPKMs
	Counts
Getting isoforms information:
	FPKM
	Differential Expression Data
	Annotation Data
	Replicate FPKMs
	Counts
Getting CDS information:
	FPKM
	Differential Expression Data
	Annotation Data
	Replicate FPKMs
	Counts
Getting TSS information:
	FPKM
	Differential Expression Data
	Annotation Data
	Replicate FPKMs
	Counts
Getting promoter information:
	distData
Getting splicing information:
	distData
Getting relCDS information:
	distData
Using tracking_id, rep_name as id variables
No id variables; using all as measure variables
Using tracking_id, rep_name as id variables
No id variables; using all as measure variables
Getting gene information:
	FPKM
	Differential Expression Data
	Annotation Data
	Replicate FPKMs
	Counts
Getting isoforms information:
	FPKM
	Differential Expression Data
	Annotation Data
	Replicate FPKMs
	Counts
Getting CDS information:
	FPKM
	Differential Expression Data
	Annotation Data
	Replicate FPKMs
	Counts
Getting TSS information:
	FPKM
	Differential Expression Data
	Annotation Data
	Replicate FPKMs
	Counts
Getting promoter information:
	distData
Getting splicing information:
	distData
Getting relCDS information:
	distData



Attaching package: 'DOSE'

The following object is masked from 'package:ReactomePA':

    gseAnalyzer

Getting gene information:
	FPKM
	Differential Expression Data
	Annotation Data
	Replicate FPKMs
	Counts
Getting isoforms information:
	FPKM
	Differential Expression Data
	Annotation Data
	Replicate FPKMs
	Counts
Getting CDS information:
	FPKM
	Differential Expression Data
	Annotation Data
	Replicate FPKMs
	Counts
Getting TSS information:
	FPKM
	Differential Expression Data
	Annotation Data
	Replicate FPKMs
	Counts
Getting promoter information:
	distData
Getting splicing information:
	distData
Getting relCDS information:
	distData

KEGG.db contains mappings based on older data because the original
  resource was removed from the the public domain before the most
  recent update was produced. This package should now be
  considered deprecated and future versions of Bioconductor may
  not have it available.  Users who want more current data are
  encouraged to look at the KEGGREST or reactome.db packages

Loading required package: biomaRt

Attaching package: 'biomaRt'

The following object is masked from 'package:cummeRbund':

    getGene

Loading required package: org.Mm.eg.db

Loading required package: GO.db
gdata: read.xls support for 'XLS' (Excel 97-2004) files ENABLED.

gdata: read.xls support for 'XLSX' (Excel 2007+) files ENABLED.

Attaching package: 'gdata'

The following object is masked from 'package:Biobase':

    combine

The following object is masked from 'package:IRanges':

    trim

The following object is masked from 'package:BiocGenerics':

    combine

The following object is masked from 'package:stats':

    nobs

The following object is masked from 'package:utils':

    object.size

Getting gene information:
	FPKM
	Differential Expression Data
	Annotation Data
	Replicate FPKMs
	Counts
Getting isoforms information:
	FPKM
	Differential Expression Data
	Annotation Data
	Replicate FPKMs
	Counts
Getting CDS information:
	FPKM
	Differential Expression Data
	Annotation Data
	Replicate FPKMs
	Counts
Getting TSS information:
	FPKM
	Differential Expression Data
	Annotation Data
	Replicate FPKMs
	Counts
Getting promoter information:
	distData
Getting splicing information:
	distData
Getting relCDS information:
	distData
Using gene_short_name, significant, Stage as id variables
Getting gene information:
	FPKM
	Differential Expression Data
	Annotation Data
	Replicate FPKMs
	Counts
Getting isoforms information:
	FPKM
	Differential Expression Data
	Annotation Data
	Replicate FPKMs
	Counts
Getting CDS information:
	FPKM
	Differential Expression Data
	Annotation Data
	Replicate FPKMs
	Counts
Getting TSS information:
	FPKM
	Differential Expression Data
	Annotation Data
	Replicate FPKMs
	Counts
Getting promoter information:
	distData
Getting splicing information:
	distData
Getting relCDS information:
	distData
Using gene_short_name, significant, Layer as id variables
Getting gene information:
	FPKM
	Differential Expression Data
	Annotation Data
	Replicate FPKMs
	Counts
Getting isoforms information:
	FPKM
	Differential Expression Data
	Annotation Data
	Replicate FPKMs
	Counts
Getting CDS information:
	FPKM
	Differential Expression Data
	Annotation Data
	Replicate FPKMs
	Counts
Getting TSS information:
	FPKM
	Differential Expression Data
	Annotation Data
	Replicate FPKMs
	Counts
Getting promoter information:
	distData
Getting splicing information:
	distData
Getting relCDS information:
	distData
Using gene_short_name, significant, Cell_type as id variables
Getting gene information:
	FPKM
	Differential Expression Data
	Annotation Data
	Replicate FPKMs
	Counts
Getting isoforms information:
	FPKM
	Differential Expression Data
	Annotation Data
	Replicate FPKMs
	Counts
Getting CDS information:
	FPKM
	Differential Expression Data
	Annotation Data
	Replicate FPKMs
	Counts
Getting TSS information:
	FPKM
	Differential Expression Data
	Annotation Data
	Replicate FPKMs
	Counts
Getting promoter information:
	distData
Getting splicing information:
	distData
Getting relCDS information:
	distData
Using gene_short_name, significant, Cell_type as id variables
Loading required package: BSgenome
Loading required package: Biostrings

Attaching package: 'BSgenome'

The following object is masked from 'package:AnnotationDbi':

    species


Attaching package: 'plyr'

The following object is masked from 'package:cummeRbund':

    count

The following object is masked from 'package:XVector':

    compact

The following objects are masked from 'package:IRanges':

    desc, rename

First Split
Second Split
1
4
2
3
3
0
4
4
5
1
6
5
7
1
8
10
9
0
10
0
11
2
12
4
13
7
14
9
15
4
16
5
17
0
18
4
19
8
20
13
21
2
22
6
23
3
24
3
25
1
26
10
27
9
28
1
29
1
30
1
31
6
32
4
33
1
34
4
35
5
36
1
37
0
38
0
39
7
40
9
41
2
42
1
43
3
44
5
45
0
46
11
47
4
48
3
49
3
50
11
51
5
52
6
53
8
54
0
55
3
56
1
57
3
58
2
59
4
60
5
61
6
62
1
63
9
64
22
65
2
66
3
67
9
68
3
69
1
70
0
71
2
72
1
73
4
74
13
75
4
76
6
77
8
78
1
79
4
80
4
81
2
82
2
83
4
84
0
85
5
86
2
87
5
88
3
89
1
90
11
91
1
92
1
93
0
94
2
95
5
96
6
97
4
98
8
99
1
100
2
101
1
102
1
103
8
104
1
105
8
106
2
107
3
108
4
109
8
110
1
111
7
112
0
113
4
114
7
115
8
116
3
117
13
118
8
119
3
120
4
121
9
122
0
123
11
124
3
125
1
126
7
127
1
128
4
129
6
130
16
131
7
132
0
133
1
134
3
135
0
136
10
137
3
138
8
139
3
140
2
141
9
142
5
143
13
144
3
145
6
146
3
147
2
148
5
149
4
150
3
151
6
152
4
153
2
154
2
155
4
156
2
157
5
158
7
159
5
160
3
161
1
162
8
163
0
164
14
165
2
166
4
167
3
168
5
169
0
170
10
171
8
172
4
173
1
174
7
175
10
176
5
177
3
178
4
179
3
180
5
181
2
182
0
183
9
184
6
185
3
186
8
187
12
188
3
189
1
190
1
191
2
192
3
193
1
194
4
195
0
196
2
197
1
198
2
199
8
200
4
201
3
202
10
203
9
204
3
205
3
206
8
207
1
208
6
209
5
210
2
211
5
212
2
213
1
214
0
215
1
216
7
217
5
218
4
219
5
220
3
221
10
222
12
223
9
224
5
225
8
226
0
227
4
228
6
229
1
230
4
231
9
232
5
233
8
234
3
235
1
236
3
237
1
238
6
239
11
240
1
241
3
242
2
243
7
244
7
245
1
246
11
247
2
248
3
249
2
250
2
251
3
252
3
253
14
254
3
255
2
256
13
257
6
258
4
259
3
260
2
261
3
262
5
263
3
264
1
265
0
266
4
267
3
268
7
269
3
270
4
271
13
272
7
273
1
274
4
275
6
276
4
277
4
278
4
279
4
280
13
281
8
282
0
283
6
284
11
285
5
286
0
287
1
288
6
289
4
290
3
291
9
292
5
293
3
294
2
295
0
296
2
297
3
298
4
299
3
300
1
301
13
302
6
303
5
304
0
305
5
306
3
307
4
308
0
309
14
310
3
311
2
312
4
313
3
314
5
315
5
316
2
317
4
318
2
319
5
320
5
321
1
322
10
323
8
324
20
325
7
326
9
327
3
328
9
329
4
330
3
331
9
332
1
333
11
334
7
335
2
336
2
337
4
338
8
339
3
340
7
341
5
342
6
343
3
344
3
345
13
346
6
347
4
348
4
349
3
350
3
351
1
352
1
353
7
354
0
355
3
356
5
357
15
358
3
359
3
360
10
361
4
362
1
363
3
364
3
365
5
366
5
367
2
368
4
369
2
370
7
371
0
372
8
373
8
374
4
375
7
376
1
377
5
378
3
379
6
380
5
381
6
382
2
383
3
384
4
385
2
386
3
387
9
388
3
389
5
390
6
391
3
392
3
393
5
394
4
395
5
396
3
397
1
398
2
399
3
400
7
401
4
402
8
403
0
404
10
405
3
406
3
407
9
408
3
409
7
410
0
411
5
412
5
413
3
414
3
415
2
416
8
417
0
418
5
419
4
420
1
421
3
422
0
423
8
424
3
425
2
426
6
427
6
428
15
429
5
430
9
431
6
432
1
433
3
434
6
435
3
436
4
437
0
438
11
439
7
440
6
441
12
442
0
443
3
444
6
445
4
446
4
447
2
448
9
449
3
450
4
451
5
452
2
453
8
454
6
455
12
456
6
457
1
458
8
459
7
460
0
461
5
462
1
463
3
464
4
465
6
466
8
467
2
468
6
469
4
470
5
471
3
472
0
473
9
474
1
475
4
476
11
477
8
478
1
479
8
480
5
481
5
482
5
483
5
484
4
485
3
486
7
487
10
488
3
489
3
490
6
491
13
492
6
493
6
494
3
495
11
496
0
497
1
498
10
499
4
500
6
501
6
502
5
503
9
504
4
505
4
506
0
507
5
508
8
509
4
510
3
511
14
512
0
513
11
514
8
515
