[1] "linc-Brn1a_vs_WT_Embryonic"
[1] "linc-Brn1a"
Warning message:
In dir.create(filename) : 'linc-Brn1a_vs_WT_Embryonic' already exists
Loading required package: BiocGenerics
Loading required package: methods
Loading required package: parallel

Attaching package: 'BiocGenerics'

The following objects are masked from 'package:parallel':

    clusterApply, clusterApplyLB, clusterCall, clusterEvalQ,
    clusterExport, clusterMap, parApply, parCapply, parLapply,
    parLapplyLB, parRapply, parSapply, parSapplyLB

The following object is masked from 'package:stats':

    xtabs

The following objects are masked from 'package:base':

    anyDuplicated, append, as.data.frame, as.vector, cbind,
    colnames, duplicated, eval, evalq, Filter, Find, get,
    intersect, is.unsorted, lapply, Map, mapply, match, mget,
    order, paste, pmax, pmax.int, pmin, pmin.int, Position, rank,
    rbind, Reduce, rep.int, rownames, sapply, setdiff, sort,
    table, tapply, union, unique, unlist

Loading required package: RSQLite
Loading required package: DBI
Loading required package: ggplot2
Loading required package: reshape2
Loading required package: fastcluster

Attaching package: 'fastcluster'

The following object is masked from 'package:stats':

    hclust

Loading required package: rtracklayer
Loading required package: GenomicRanges
Loading required package: IRanges
Loading required package: XVector
Loading required package: Gviz
Loading required package: grid

Attaching package: 'cummeRbund'

The following object is masked from 'package:GenomicRanges':

    promoters

The following object is masked from 'package:IRanges':

    promoters

The following object is masked from 'package:BiocGenerics':

    conditions


Attaching package: 'limma'

The following object is masked from 'package:BiocGenerics':

    plotMA

KernSmooth 2.23 loaded
Copyright M. P. Wand 1997-2009

Attaching package: 'gplots'

The following object is masked from 'package:rtracklayer':

    space

The following object is masked from 'package:IRanges':

    space

The following object is masked from 'package:stats':

    lowess


Attaching package: 'RMySQL'

The following objects are masked from 'package:RSQLite':

    dbBuildTableDefinition, isIdCurrent, safe.write

Read 674 records
Read 38949 items
Read 217 records
Read 4964 items
Read 186 records
Read 13247 items
Read 2 records
Read 1004 items
Scale for 'x' is already present. Adding another scale for 'x', which will replace the existing scale.
geom_smooth: method="auto" and size of largest group is >=1000, so using gam with formula: y ~ s(x, bs = "cs"). Use 'method = x' to change the smoothing method.
Scale for 'x' is already present. Adding another scale for 'x', which will replace the existing scale.
geom_smooth: method="auto" and size of largest group is >=1000, so using gam with formula: y ~ s(x, bs = "cs"). Use 'method = x' to change the smoothing method.
Getting gene information:
	FPKM
	Differential Expression Data
	Annotation Data
	Replicate FPKMs
	Counts
Getting isoforms information:
	FPKM
	Differential Expression Data
	Annotation Data
	Replicate FPKMs
	Counts
Getting CDS information:
	FPKM
	Differential Expression Data
	Annotation Data
	Replicate FPKMs
	Counts
Getting TSS information:
	FPKM
	Differential Expression Data
	Annotation Data
	Replicate FPKMs
	Counts
Getting promoter information:
	distData
Getting splicing information:
	distData
Getting relCDS information:
	distData
Scale for 'colour' is already present. Adding another scale for 'colour', which will replace the existing scale.
ymax not defined: adjusting position using y instead
Using tracking_id, rep_name as id variables
No id variables; using all as measure variables
Loading required package: AnnotationDbi
Loading required package: Biobase
Welcome to Bioconductor

    Vignettes contain introductory material; view with
    'browseVignettes()'. To cite Bioconductor, see
    'citation("Biobase")', and for packages 'citation("pkgname")'.


Attaching package: 'Biobase'

The following object is masked from 'package:cummeRbund':

    samples


Attaching package: 'GenomicFeatures'

The following objects are masked from 'package:cummeRbund':

    features, genes

	BamTracks
	plotting...
Getting gene information:
	FPKM
	Differential Expression Data
	Annotation Data
	Replicate FPKMs
	Counts
Getting isoforms information:
	FPKM
	Differential Expression Data
	Annotation Data
	Replicate FPKMs
	Counts
Getting CDS information:
	FPKM
	Differential Expression Data
	Annotation Data
	Replicate FPKMs
	Counts
Getting TSS information:
	FPKM
	Differential Expression Data
	Annotation Data
	Replicate FPKMs
	Counts
Getting promoter information:
	distData
Getting splicing information:
	distData
Getting relCDS information:
	distData
Using tracking_id, rep_name as id variables
No id variables; using all as measure variables
Using tracking_id, sample_name as id variables
Using tracking_id, rep_name as id variables
No id variables; using all as measure variables
Getting gene information:
	FPKM
	Differential Expression Data
	Annotation Data
	Replicate FPKMs
	Counts
Getting isoforms information:
	FPKM
	Differential Expression Data
	Annotation Data
	Replicate FPKMs
	Counts
Getting CDS information:
	FPKM
	Differential Expression Data
	Annotation Data
	Replicate FPKMs
	Counts
Getting TSS information:
	FPKM
	Differential Expression Data
	Annotation Data
	Replicate FPKMs
	Counts
Getting promoter information:
	distData
Getting splicing information:
	distData
Getting relCDS information:
	distData
Using tracking_id, rep_name as id variables
No id variables; using all as measure variables
Using tracking_id, rep_name as id variables
No id variables; using all as measure variables



Attaching package: 'DOSE'

The following object is masked from 'package:ReactomePA':

    gseAnalyzer

Getting gene information:
	FPKM
	Differential Expression Data
	Annotation Data
	Replicate FPKMs
	Counts
Getting isoforms information:
	FPKM
	Differential Expression Data
	Annotation Data
	Replicate FPKMs
	Counts
Getting CDS information:
	FPKM
	Differential Expression Data
	Annotation Data
	Replicate FPKMs
	Counts
Getting TSS information:
	FPKM
	Differential Expression Data
	Annotation Data
	Replicate FPKMs
	Counts
Getting promoter information:
	distData
Getting splicing information:
	distData
Getting relCDS information:
	distData

KEGG.db contains mappings based on older data because the original
  resource was removed from the the public domain before the most
  recent update was produced. This package should now be
  considered deprecated and future versions of Bioconductor may
  not have it available.  Users who want more current data are
  encouraged to look at the KEGGREST or reactome.db packages

Loading required package: biomaRt

Attaching package: 'biomaRt'

The following object is masked from 'package:cummeRbund':

    getGene

Loading required package: org.Mm.eg.db

Loading required package: GO.db
Loading required package: BSgenome
Loading required package: Biostrings

Attaching package: 'BSgenome'

The following object is masked from 'package:AnnotationDbi':

    species


Attaching package: 'plyr'

The following object is masked from 'package:cummeRbund':

    count

The following object is masked from 'package:XVector':

    compact

The following objects are masked from 'package:IRanges':

    desc, rename

First Split
Second Split
1
1
2
4
3
7
4
10
5
4
6
7
7
3
8
3
9
5
10
6
11
3
12
7
13
4
14
5
15
2
16
2
17
7
18
9
19
0
20
3
21
5
22
4
23
0
24
4
25
3
26
1
27
2
28
1
29
3
30
10
31
5
32
7
33
4
34
1
35
3
36
4
37
4
38
4
39
1
40
1
41
9
42
4
43
4
44
4
45
1
46
5
47
10
48
6
49
0
50
2
51
8
52
7
53
11
54
5
55
0
56
5
57
4
58
0
59
4
60
4
61
9
62
3
63
8
64
3
65
3
66
4
67
0
68
3
69
9
70
5
71
1
72
10
73
4
74
14
75
6
76
5
77
1
78
10
79
5
80
7
81
6
82
3
83
1
84
8
85
19
86
6
87
2
88
9
89
5
90
3
91
5
92
0
93
2
94
3
95
4
96
4
97
1
98
9
99
4
100
7
101
2
102
2
103
2
104
5
105
0
106
3
107
3
108
4
109
1
110
7
111
6
112
6
113
6
114
2
115
15
116
0
117
5
118
4
119
6
120
3
121
3
122
5
123
4
124
1
125
9
126
5
127
5
128
2
129
0
130
1
131
1
132
4
133
5
134
3
135
4
136
4
137
14
138
2
139
4
140
2
141
3
142
5
143
6
144
3
145
1
146
3
147
3
148
5
149
4
150
6
151
8
152
3
153
0
154
0
155
3
156
2
157
6
158
6
159
6
160
6
161
6
162
2
163
2
164
2
165
1
166
3
167
6
168
0
169
9
170
3
171
2
172
8
173
4
174
4
175
1
176
3
177
15
178
2
179
4
180
4
181
1
182
4
183
11
184
4
185
5
186
2
187
4
188
10
189
7
190
9
191
8
192
3
193
6
194
1
195
11
196
13
197
2
198
7
199
2
200
0
201
9
202
4
203
13
204
3
205
3
206
0
207
8
208
5
209
3
210
6
211
3
212
4
213
5
214
1
215
8
216
5
217
3
218
16
219
7
220
2
221
5
222
4
223
7
224
0
225
6
226
2
227
6
228
9
229
0
230
9
231
2
232
4
233
0
234
7
235
6
236
3
237
1
238
1
239
0
240
1
241
4
242
0
243
4
244
3
245
1
246
1
247
5
248
8
249
15
250
5
251
3
252
1
253
3
254
4
255
5
256
5
257
5
258
6
259
7
260
4
261
3
262
3
263
6
264
6
265
1
266
0
267
5
268
9
269
0
270
16
271
5
272
1
273
6
274
5
275
2
276
4
277
4
278
4
279
1
280
1
281
3
282
5
283
3
284
1
285
1
286
4
287
4
288
1
289
1
290
2
291
2
292
12
293
1
294
0
295
7
296
3
297
4
298
6
299
1
300
2
301
3
302
2
303
1
304
9
305
6
306
2
307
6
308
16
309
3
310
7
311
4
312
0
313
8
314
2
315
6
316
2
317
2
318
6
319
1
320
9
321
11
322
2
323
2
324
4
325
7
326
8
327
1
328
5
329
3
330
2
331
0
332
1
333
3
334
4
335
5
336
0
337
9
338
3
339
1
340
2
341
2
342
6
343
1
344
4
345
4
346
1
347
5
348
3
349
5
350
3
351
4
352
4
353
8
354
10
355
7
356
1
357
12
358
10
359
2
360
2
361
7
362
4
363
5
364
4
365
4
366
1
367
5
368
9
369
3
370
0
371
3
372
1
373
0
374
0
375
3
376
3
377
4
378
0
379
2
380
3
381
7
382
2
383
4
384
5
385
5
386
4
387
5
388
2
389
1
390
3
391
7
392
14
393
0
394
4
395
5
396
13
397
2
398
1
399
8
400
6
401
2
402
1
403
5
404
6
405
3
406
2
407
0
408
0
409
0
410
3
411
2
412
2
413
11
414
3
415
1
416
0
417
5
418
9
419
4
420
6
421
8
422
4
423
2
424
7
425
3
426
3
427
1
428
2
429
4
430
1
431
8
432
3
433
3
434
11
435
1
436
19
437
5
438
2
439
7
440
8
441
5
442
5
443
5
444
4
445
3
446
8
447
6
448
2
449
6
450
5
451
1
452
10
453
0
454
4
455
4
456
3
457
3
458
13
459
15
460
11
461
2
462
2
463
4
464
5
465
4
466
8
467
4
468
6
469
4
470
5
471
2
472
6
473
1
474
3
475
1
476
0
477
2
478
3
479
8
480
0
481
2
482
6
483
5
484
3
485
4
486
0
487
5
488
9
489
4
490
5
491
10
492
4
493
0
494
4
495
4
496
5
497
3
498
13
499
1
500
6
501
9
502
5
503
0
504
5
505
1
506
10
507
14
508
12
509
3
510
3
511
2
512
3
513
3
514
5
515
0
516
5
517
1
518
9
519
5
520
4
521
4
522
5
523
6
524
2
525
3
526
3
527
0
528
7
529
11
530
12
531
9
532
1
533
15
534
3
535
4
536
5
537
3
538
7
539
3
540
2
541
3
542
0
543
3
544
3
545
5
546
4
547
7
548
3
549
7
550
3
551
1
552
1
553
2
554
15
555
13
556
4
557
1
558
1
559
7
560
3
561
3
562
7
563
13
564
1
565
6
566
15
567
9
568
10
569
2
570
3
571
3
572
15
573
13
574
8
575
5
576
1
577
10
578
2
579
1
580
3
581
3
582
3
583
1
584
4
585
0
586
15
587
3
588
8
589
1
590
1
591
3
592
1
593
4
594
4
595
1
596
0
597
11
598
4
599
16
600
4
601
5
602
1
603
4
604
9
605
0
606
4
607
1
608
3
609
2
610
2
611
4
612
8
613
3
614
9
615
12
616
7
617
0
618
11
619
4
620
3
621
1
622
2
623
2
624
7
625
3
626
6
627
3
628
8
629
8
630
2
631
5
632
14
633
4
634
5
635
3
636
0
637
11
638
10
639
4
640
6
641
4
642
4
643
0
644
7
645
4
646
4
647
8
648
2
649
0
650
1
651
1
652
1
653
5
654
12
655
8
656
4
657
1
658
4
659
0
660
4
661
3
662
5
663
4
664
6
665
6
666
4
667
0
668
3
669
3
670
1
671
3
672
4
673
3
674
11
675
0
676
3
677
1
678
3
679
3
680
5
681
4
682
2
683
1
684
5
685
6
686
4
687
3
688
3
689
5
690
4
691
8
692
1
693
1
694
1
695
7
696
3
697
5
698
5
699
5
700
5
701
5
702
3
703
3
704
9
705
1
706
4
707
2
708
10
709
15
710
2
711
5
712
9
713
4
714
11
715
6
716
8
717
8
718
2
719
1
720
2
721
0
722
1
723
2
724
2
725
0
726
1
727
2
728
3
729
11
730
3
731
5
732
4
733
3
734
1
735
4
736
1
737
5
738
8
739
8
740
7
741
5
742
7
743
0
744
3
745
2
746
3
747
6
748
2
749
2
750
3
751
7
752
2
753
4
754
2
755
9
756
0
757
4
758
6
759
4
760
5
761
7
762
15
763
2
764
2
765
7
766
3
767
2
768
2
769
4
770
9
771
4
772
6
773
2
774
1
775
4
776
13
777
3
778
2
779
3
780
5
781
4
782
1
783
1
784
2
785
3
786
7
787
2
788
4
789
3
790
8
791
4
792
4
793
0
794
5
795
2
796
2
797
5
798
6
799
5
800
6
801
3
802
7
803
2
804
2
805
4
806
2
807
4
808
3
809
0
810
2
811
3
812
6
813
1
814
5
815
5
816
1
817
5
818
3
819
3
820
6
821
4
822
14
823
3
824
4
825
1
826
3
827
3
828
10
829
9
830
3
831
3
832
5
833
0
834
1
835
3
836
19
837
3
838
0
839
4
840
1
841
3
842
2
843
6
844
2
845
4
846
6
847
5
848
0
849
2
850
9
851
3
852
8
853
7
854
5
855
6
856
13
857
6
858
6
859
8
860
1
861
10
862
1
863
4
864
5
865
3
866
3
867
6
868
2
869
4
870
7
871
10
872
4
873
3
874
4
875
8
876
0
877
6
878
0
879
7
880
1
881
0
882
5
883
1
884
6
885
1
886
4
887
9
888
5
889
2
890
2
891
3
892
4
893
5
894
0
895
5
896
10
897
2
898
2
899
4
900
4
901
3
902
4
903
1
904
4
905
3
906
0
907
3
908
5
909
8
910
3
911
1
912
3
913
1
914
8
915
2
916
3
917
7
918
4
919
4
920
1
921
0
922
6
923
4
924
3
925
2
926
2
927
22
928
3
929
4
930
1
931
3
932
2
933
8
934
2
935
6
936
0
937
2
938
5
939
2
940
1
941
4
942
7
943
1
944
5
945
0
946
2
947
7
948
4
949
8
950
10
951
10
952
5
953
0
954
4
955
7
956
12
957
3
958
2
959
0
960
9
961
9
962
3
963
5
964
3
965
1
966
0
967
11
968
9
969
3
970
3
971
10
972
12
973
4
974
3
975
0
976
10
977
4
978
4
979
2
980
1
981
4
982
1
983
0
984
6
985
5
986
10
987
2
988
1
989
1
990
6
991
7
992
2
993
0
994
3
995
8
996
1
997
5
998
2
999
2
1000
5
Warning messages:
1: Removed 4260 rows containing missing values (geom_point). 
2: Removed 4258 rows containing missing values (geom_point). 
3: Removed 167 rows containing missing values (geom_point). 
4: In fun(libname, pkgname) :
  Can't find a usable tk.tcl in the following directories: 
    /n/sw/centos6/tcl8.5.14/lib/tcl8.5/tk8.5 /n/sw/centos6/tcl8.5.14/lib/tk8.5 ./lib/tk8.5 ./library



This probably means that tk wasn't installed properly.
5: In rm(splicingSigGenes) : object 'splicingSigGenes' not found
6: In rm(spliceAnnot) : object 'spliceAnnot' not found
