[1] "linc-Brn1a_vs_WT_Embryonic"
[1] "linc-Brn1a"
Warning message:
In dir.create(filename) : 'linc-Brn1a_vs_WT_Embryonic' already exists
Loading required package: BiocGenerics
Loading required package: methods
Loading required package: parallel

Attaching package: 'BiocGenerics'

The following objects are masked from 'package:parallel':

    clusterApply, clusterApplyLB, clusterCall, clusterEvalQ,
    clusterExport, clusterMap, parApply, parCapply, parLapply,
    parLapplyLB, parRapply, parSapply, parSapplyLB

The following object is masked from 'package:stats':

    xtabs

The following objects are masked from 'package:base':

    anyDuplicated, append, as.data.frame, as.vector, cbind,
    colnames, duplicated, eval, evalq, Filter, Find, get,
    intersect, is.unsorted, lapply, Map, mapply, match, mget,
    order, paste, pmax, pmax.int, pmin, pmin.int, Position, rank,
    rbind, Reduce, rep.int, rownames, sapply, setdiff, sort,
    table, tapply, union, unique, unlist

Loading required package: RSQLite
Loading required package: DBI
Loading required package: ggplot2
Loading required package: reshape2
Loading required package: fastcluster

Attaching package: 'fastcluster'

The following object is masked from 'package:stats':

    hclust

Loading required package: rtracklayer
Loading required package: GenomicRanges
Loading required package: IRanges
Loading required package: XVector
Loading required package: Gviz
Loading required package: grid

Attaching package: 'cummeRbund'

The following object is masked from 'package:GenomicRanges':

    promoters

The following object is masked from 'package:IRanges':

    promoters

The following object is masked from 'package:BiocGenerics':

    conditions


Attaching package: 'limma'

The following object is masked from 'package:BiocGenerics':

    plotMA

KernSmooth 2.23 loaded
Copyright M. P. Wand 1997-2009

Attaching package: 'gplots'

The following object is masked from 'package:rtracklayer':

    space

The following object is masked from 'package:IRanges':

    space

The following object is masked from 'package:stats':

    lowess


Attaching package: 'RMySQL'

The following objects are masked from 'package:RSQLite':

    dbBuildTableDefinition, isIdCurrent, safe.write

Read 674 records
Read 38949 items
Read 217 records
Read 4964 items
Read 186 records
Read 13247 items
Read 2 records
Read 1004 items
Read 189 records
Read 31697 items
Read 1910 records
Read 385167 items
Read 615 records
Read 165360 items
Scale for 'x' is already present. Adding another scale for 'x', which will replace the existing scale.
geom_smooth: method="auto" and size of largest group is >=1000, so using gam with formula: y ~ s(x, bs = "cs"). Use 'method = x' to change the smoothing method.
Scale for 'x' is already present. Adding another scale for 'x', which will replace the existing scale.
geom_smooth: method="auto" and size of largest group is >=1000, so using gam with formula: y ~ s(x, bs = "cs"). Use 'method = x' to change the smoothing method.
Getting gene information:
	FPKM
	Differential Expression Data
	Annotation Data
	Replicate FPKMs
	Counts
Getting isoforms information:
	FPKM
	Differential Expression Data
	Annotation Data
	Replicate FPKMs
	Counts
Getting CDS information:
	FPKM
	Differential Expression Data
	Annotation Data
	Replicate FPKMs
	Counts
Getting TSS information:
	FPKM
	Differential Expression Data
	Annotation Data
	Replicate FPKMs
	Counts
Getting promoter information:
	distData
Getting splicing information:
	distData
Getting relCDS information:
	distData
Scale for 'colour' is already present. Adding another scale for 'colour', which will replace the existing scale.
ymax not defined: adjusting position using y instead
Using tracking_id, rep_name as id variables
No id variables; using all as measure variables
Loading required package: AnnotationDbi
Loading required package: Biobase
Welcome to Bioconductor

    Vignettes contain introductory material; view with
    'browseVignettes()'. To cite Bioconductor, see
    'citation("Biobase")', and for packages 'citation("pkgname")'.


Attaching package: 'Biobase'

The following object is masked from 'package:cummeRbund':

    samples


Attaching package: 'GenomicFeatures'

The following objects are masked from 'package:cummeRbund':

    features, genes

	BamTracks
	plotting...
Getting gene information:
	FPKM
	Differential Expression Data
	Annotation Data
	Replicate FPKMs
	Counts
Getting isoforms information:
	FPKM
	Differential Expression Data
	Annotation Data
	Replicate FPKMs
	Counts
Getting CDS information:
	FPKM
	Differential Expression Data
	Annotation Data
	Replicate FPKMs
	Counts
Getting TSS information:
	FPKM
	Differential Expression Data
	Annotation Data
	Replicate FPKMs
	Counts
Getting promoter information:
	distData
Getting splicing information:
	distData
Getting relCDS information:
	distData
Using tracking_id, rep_name as id variables
No id variables; using all as measure variables
Using tracking_id, sample_name as id variables
Using tracking_id, rep_name as id variables
No id variables; using all as measure variables
Getting gene information:
	FPKM
	Differential Expression Data
	Annotation Data
	Replicate FPKMs
	Counts
Getting isoforms information:
	FPKM
	Differential Expression Data
	Annotation Data
	Replicate FPKMs
	Counts
Getting CDS information:
	FPKM
	Differential Expression Data
	Annotation Data
	Replicate FPKMs
	Counts
Getting TSS information:
	FPKM
	Differential Expression Data
	Annotation Data
	Replicate FPKMs
	Counts
Getting promoter information:
	distData
Getting splicing information:
	distData
Getting relCDS information:
	distData
Using tracking_id, rep_name as id variables
No id variables; using all as measure variables
Using tracking_id, rep_name as id variables
No id variables; using all as measure variables
Getting gene information:
	FPKM
	Differential Expression Data
	Annotation Data
	Replicate FPKMs
	Counts
Getting isoforms information:
	FPKM
	Differential Expression Data
	Annotation Data
	Replicate FPKMs
	Counts
Getting CDS information:
	FPKM
	Differential Expression Data
	Annotation Data
	Replicate FPKMs
	Counts
Getting TSS information:
	FPKM
	Differential Expression Data
	Annotation Data
	Replicate FPKMs
	Counts
Getting promoter information:
	distData
Getting splicing information:
	distData
Getting relCDS information:
	distData



Attaching package: 'DOSE'

The following object is masked from 'package:ReactomePA':

    gseAnalyzer

Getting gene information:
	FPKM
	Differential Expression Data
	Annotation Data
	Replicate FPKMs
	Counts
Getting isoforms information:
	FPKM
	Differential Expression Data
	Annotation Data
	Replicate FPKMs
	Counts
Getting CDS information:
	FPKM
	Differential Expression Data
	Annotation Data
	Replicate FPKMs
	Counts
Getting TSS information:
	FPKM
	Differential Expression Data
	Annotation Data
	Replicate FPKMs
	Counts
Getting promoter information:
	distData
Getting splicing information:
	distData
Getting relCDS information:
	distData

KEGG.db contains mappings based on older data because the original
  resource was removed from the the public domain before the most
  recent update was produced. This package should now be
  considered deprecated and future versions of Bioconductor may
  not have it available.  Users who want more current data are
  encouraged to look at the KEGGREST or reactome.db packages

Loading required package: biomaRt

Attaching package: 'biomaRt'

The following object is masked from 'package:cummeRbund':

    getGene

Loading required package: org.Mm.eg.db

Loading required package: GO.db
gdata: read.xls support for 'XLS' (Excel 97-2004) files ENABLED.

gdata: read.xls support for 'XLSX' (Excel 2007+) files ENABLED.

Attaching package: 'gdata'

The following object is masked from 'package:Biobase':

    combine

The following object is masked from 'package:IRanges':

    trim

The following object is masked from 'package:BiocGenerics':

    combine

The following object is masked from 'package:stats':

    nobs

The following object is masked from 'package:utils':

    object.size

Getting gene information:
	FPKM
	Differential Expression Data
	Annotation Data
	Replicate FPKMs
	Counts
Getting isoforms information:
	FPKM
	Differential Expression Data
	Annotation Data
	Replicate FPKMs
	Counts
Getting CDS information:
	FPKM
	Differential Expression Data
	Annotation Data
	Replicate FPKMs
	Counts
Getting TSS information:
	FPKM
	Differential Expression Data
	Annotation Data
	Replicate FPKMs
	Counts
Getting promoter information:
	distData
Getting splicing information:
	distData
Getting relCDS information:
	distData
Using gene_short_name, significant, Stage as id variables
Getting gene information:
	FPKM
	Differential Expression Data
	Annotation Data
	Replicate FPKMs
	Counts
Getting isoforms information:
	FPKM
	Differential Expression Data
	Annotation Data
	Replicate FPKMs
	Counts
Getting CDS information:
	FPKM
	Differential Expression Data
	Annotation Data
	Replicate FPKMs
	Counts
Getting TSS information:
	FPKM
	Differential Expression Data
	Annotation Data
	Replicate FPKMs
	Counts
Getting promoter information:
	distData
Getting splicing information:
	distData
Getting relCDS information:
	distData
Using gene_short_name, significant, Layer as id variables
Getting gene information:
	FPKM
	Differential Expression Data
	Annotation Data
	Replicate FPKMs
	Counts
Getting isoforms information:
	FPKM
	Differential Expression Data
	Annotation Data
	Replicate FPKMs
	Counts
Getting CDS information:
	FPKM
	Differential Expression Data
	Annotation Data
	Replicate FPKMs
	Counts
Getting TSS information:
	FPKM
	Differential Expression Data
	Annotation Data
	Replicate FPKMs
	Counts
Getting promoter information:
	distData
Getting splicing information:
	distData
Getting relCDS information:
	distData
Using gene_short_name, significant, Cell_type as id variables
Getting gene information:
	FPKM
	Differential Expression Data
	Annotation Data
	Replicate FPKMs
	Counts
Getting isoforms information:
	FPKM
	Differential Expression Data
	Annotation Data
	Replicate FPKMs
	Counts
Getting CDS information:
	FPKM
	Differential Expression Data
	Annotation Data
	Replicate FPKMs
	Counts
Getting TSS information:
	FPKM
	Differential Expression Data
	Annotation Data
	Replicate FPKMs
	Counts
Getting promoter information:
	distData
Getting splicing information:
	distData
Getting relCDS information:
	distData
Using gene_short_name, significant, Cell_type as id variables
Loading required package: BSgenome
Loading required package: Biostrings

Attaching package: 'BSgenome'

The following object is masked from 'package:AnnotationDbi':

    species


Attaching package: 'plyr'

The following object is masked from 'package:cummeRbund':

    count

The following object is masked from 'package:XVector':

    compact

The following objects are masked from 'package:IRanges':

    desc, rename

First Split
Second Split
1
6
2
4
3
3
4
3
5
0
6
2
7
2
8
16
9
1
10
9
11
4
12
14
13
4
14
4
15
3
16
8
17
8
18
8
19
5
20
7
21
3
22
6
23
6
24
5
25
3
26
3
27
4
28
10
29
1
30
4
31
12
32
4
33
5
34
7
35
2
36
9
37
8
38
1
39
2
40
3
41
2
42
3
43
6
44
3
45
14
46
11
47
6
48
4
49
4
50
2
51
0
52
1
53
1
54
4
55
10
56
6
57
3
58
5
59
4
60
0
61
5
62
10
63
1
64
9
65
5
66
1
67
3
68
6
69
6
70
5
71
4
72
3
73
6
74
4
75
4
76
5
77
2
78
2
79
0
80
9
81
3
82
6
83
5
84
1
85
0
86
9
87
1
88
3
89
10
90
4
91
4
92
2
93
2
94
3
95
10
96
9
97
10
98
11
99
1
100
6
101
1
102
2
103
4
104
4
105
9
106
1
107
2
108
6
109
5
110
2
111
2
112
5
113
4
114
4
115
1
116
2
117
1
118
9
119
7
120
2
121
3
122
4
123
7
124
2
125
3
126
3
127
8
128
3
129
3
130
12
131
3
132
0
133
7
134
4
135
3
136
2
137
5
138
2
139
6
140
6
141
3
142
3
143
7
144
9
145
2
146
7
147
11
148
4
149
2
150
7
151
4
152
6
153
16
154
4
155
2
156
3
157
8
158
3
159
0
160
0
161
10
162
2
163
1
164
2
165
4
166
5
167
1
168
0
169
3
170
0
171
3
172
3
173
1
174
2
175
2
176
4
177
5
178
2
179
1
180
2
181
3
182
3
183
8
184
8
185
5
186
5
187
4
188
3
189
9
190
4
191
6
192
5
193
3
194
2
195
3
196
4
197
3
198
6
199
11
200
11
201
1
202
2
203
11
204
1
205
2
206
2
207
4
208
0
209
0
210
8
211
8
212
4
213
2
214
7
215
6
216
2
217
1
218
0
219
2
220
2
221
3
222
5
223
0
224
15
225
3
226
2
227
1
228
3
229
5
230
8
231
5
232
4
233
10
234
4
235
2
236
2
237
0
238
1
239
3
240
11
241
12
242
4
243
6
244
12
245
8
246
5
247
2
248
0
249
6
250
9
251
1
252
0
253
2
254
1
255
9
256
6
257
2
258
6
259
15
260
1
261
3
262
11
263
1
264
3
265
1
266
9
267
1
268
3
269
4
270
1
271
4
272
11
273
4
274
7
275
1
276
5
277
7
278
5
279
5
280
5
281
4
282
1
283
4
284
4
285
2
286
8
287
6
288
2
289
8
290
2
291
4
292
4
293
2
294
4
295
4
296
5
297
3
298
3
299
3
300
3
301
5
302
0
303
4
304
0
305
5
306
4
307
0
308
2
309
5
310
3
311
9
312
2
313
0
314
8
315
4
316
10
317
1
318
4
319
8
320
2
321
5
322
1
323
8
324
3
325
2
326
2
327
15
328
2
329
1
330
4
331
0
332
1
333
4
334
5
335
2
336
2
337
6
338
9
339
3
340
1
341
2
342
4
343
4
344
2
345
3
346
3
347
10
348
2
349
4
350
1
351
7
352
4
353
1
354
10
355
6
356
7
357
0
358
2
359
8
360
1
361
7
362
3
363
5
364
8
365
5
366
3
367
3
368
3
369
2
370
3
371
3
372
2
373
4
374
0
375
2
376
4
377
2
378
3
379
8
380
3
381
4
382
1
383
3
384
6
385
5
386
1
387
3
388
1
389
2
390
1
391
1
392
6
393
7
394
10
395
2
396
0
397
14
398
3
399
12
400
5
401
2
402
1
403
3
404
0
405
6
406
3
407
3
408
3
409
7
410
5
411
7
412
8
413
5
414
2
415
2
416
4
417
1
418
4
419
5
420
3
421
3
422
14
423
3
424
1
425
9
426
1
427
6
428
6
429
3
430
6
431
4
432
0
433
1
434
6
435
1
436
2
437
5
438
7
439
3
440
4
441
6
442
9
443
4
444
5
445
4
446
8
447
2
448
1
449
8
450
0
451
0
452
2
453
8
454
9
455
2
456
6
457
5
458
7
459
1
460
5
461
0
462
3
463
0
464
0
465
2
466
0
467
4
468
7
469
5
470
1
471
7
472
3
473
4
474
8
475
5
476
0
477
4
478
3
479
2
480
4
481
5
482
2
483
11
484
8
485
15
486
7
487
11
488
0
489
3
490
1
491
6
492
4
493
3
494
7
495
5
496
1
497
2
498
2
499
0
500
8
501
5
502
3
503
4
504
0
505
0
506
7
507
9
508
8
509
4
510
7
511
4
512
8
513
0
514
0
515
1
516
3
517
6
518
2
519
8
520
4
521
7
522
6
523
4
524
2
525
4
526
5
527
5
528
1
529
0
530
10
531
1
532
1
533
4
534
4
535
3
536
8
537
0
538
2
539
6
540
1
541
1
542
5
543
1
544
3
545
1
546
5
547
4
548
2
549
4
550
2
551
5
552
4
553
11
554
6
555
1
556
4
557
4
558
2
559
5
560
3
561
7
562
3
563
1
564
3
565
3
566
7
567
7
568
10
569
2
570
6
571
2
572
0
573
6
574
11
575
8
576
5
577
2
578
3
579
3
580
3
581
3
582
3
583
2
584
9
585
1
586
7
587
1
588
3
589
0
590
6
591
3
592
9
593
1
594
7
595
8
596
1
597
2
598
6
599
5
600
0
601
1
602
3
603
2
604
6
605
1
606
4
607
1
608
11
609
0
610
5
611
2
612
3
613
11
614
5
615
0
616
1
617
1
618
12
619
2
620
2
621
6
622
4
623
1
624
10
625
2
626
6
627
0
628
5
629
1
630
0
631
7
632
3
633
5
634
2
635
8
636
3
637
2
638
0
639
2
640
3
641
2
642
9
643
4
644
10
645
4
646
3
647
1
648
9
649
3
650
7
651
3
652
5
653
0
654
1
655
5
656
3
657
7
658
0
659
5
660
6
661
11
662
0
663
10
664
6
665
0
666
4
667
5
668
1
669
7
670
7
671
6
672
6
673
4
674
4
675
4
676
1
677
10
678
3
679
3
680
5
681
3
682
7
683
2
684
6
685
1
686
1
687
4
688
4
689
2
690
1
691
3
692
1
693
3
694
1
695
2
696
4
697
4
698
1
699
8
700
15
701
0
702
6
703
1
704
0
705
4
706
4
707
2
708
8
709
11
710
9
711
3
712
2
713
2
714
4
715
1
716
2
717
2
718
9
719
6
720
9
721
3
722
6
723
8
724
4
725
3
726
12
727
0
728
5
729
8
730
2
731
6
732
2
733
1
734
2
735
9
736
4
737
6
738
3
739
7
740
6
741
6
742
1
743
2
744
4
745
3
746
6
747
6
748
2
749
1
750
3
751
1
752
1
753
6
754
1
755
5
756
4
757
2
758
1
759
2
760
5
761
11
762
0
763
2
764
6
765
0
766
2
767
3
768
4
769
8
770
3
771
5
772
3
773
4
774
3
775
2
776
4
777
8
778
5
779
3
780
3
781
4
782
7
783
0
784
5
785
5
786
4
787
1
788
2
789
4
790
4
791
2
792
7
793
4
794
5
795
3
796
6
797
4
798
4
799
6
800
3
801
5
802
6
803
1
804
3
805
6
806
5
807
7
808
13
809
3
810
6
811
3
812
4
813
7
814
3
815
15
816
4
817
13
818
5
819
22
820
7
821
5
822
4
823
3
824
3
825
6
826
4
827
7
828
4
829
4
830
7
831
0
832
8
833
7
834
3
835
2
836
7
837
8
838
4
839
7
840
13
841
4
842
2
843
3
844
8
845
6
846
0
847
4
848
3
849
3
850
6
851
0
852
7
853
7
854
2
855
7
856
1
857
4
858
3
859
2
860
1
861
3
862
8
863
13
864
7
865
0
866
5
867
2
868
2
869
1
870
2
871
4
872
1
873
1
874
4
875
6
876
3
877
3
878
5
879
3
880
6
881
3
882
10
883
15
884
7
885
4
886
0
887
0
888
15
889
7
890
0
891
5
892
2
893
5
894
1
895
2
896
5
897
1
898
3
899
1
900
0
901
10
902
2
903
1
904
3
905
5
906
6
907
5
908
6
909
1
910
1
911
10
912
2
913
6
914
1
915
4
916
1
917
11
918
0
919
2
920
3
921
4
922
2
923
4
924
10
925
4
926
4
927
4
928
0
929
1
930
1
931
0
932
1
933
5
934
3
935
5
936
4
937
4
938
4
939
5
940
3
941
4
942
6
943
5
944
3
945
7
946
6
947
3
948
4
949
8
950
6
951
0
952
4
953
3
954
3
955
4
956
6
957
9
958
11
959
0
960
3
961
2
962
5
963
9
964
1
965
11
966
4
967
14
968
5
969
8
970
0
971
11
972
1
973
0
974
6
975
3
976
9
977
4
978
0
979
4
980
6
981
3
982
2
983
4
984
13
985
2
986
4
987
4
988
4
989
3
990
8
991
6
992
3
993
7
994
5
995
3
996
4
997
9
998
2
999
5
1000
16
1001
3
1002
0
1003
4
1004
1
1005
6
1006
3
1007
0
1008
5
1009
0
1010
12
1011
3
1012
1
1013
7
1014
0
1015
7
1016
3
1017
2
1018
4
1019
5
1020
8
1021
4
1022
2
1023
9
1024
2
1025
2
1026
2
1027
8
1028
1
1029
4
1030
6
1031
8
1032
1
1033
7
1034
10
1035
0
1036
3
1037
7
1038
2
1039
7
1040
5
1041
8
1042
5
1043
0
1044
5
1045
1
1046
2
1047
4
1048
5
1049
3
1050
0
1051
3
1052
9
1053
8
1054
3
1055
12
1056
2
1057
3
1058
2
1059
5
1060
7
1061
0
1062
3
1063
4
1064
1
1065
3
1066
4
1067
2
1068
2
1069
2
1070
3
1071
1
1072
6
1073
0
1074
9
1075
9
1076
4
1077
4
1078
4
1079
11
1080
9
1081
0
1082
9
1083
5
1084
11
1085
4
1086
9
1087
1
1088
3
1089
2
1090
3
1091
3
1092
2
1093
4
1094
4
1095
6
1096
0
1097
8
1098
3
1099
0
1100
2
1101
3
1102
5
1103
4
1104
4
1105
6
1106
3
1107
4
1108
3
1109
2
1110
0
1111
1
1112
4
1113
3
1114
8
1115
3
1116
3
1117
14
1118
2
1119
3
1120
7
1121
4
1122
1
1123
4
1124
2
1125
1
1126
15
1127
3
1128
4
1129
4
1130
4
1131
7
1132
5
1133
3
1134
3
1135
2
1136
7
1137
0
1138
10
1139
12
1140
2
1141
6
1142
7
1143
2
1144
0
1145
5
1146
6
1147
3
1148
3
1149
5
1150
0
1151
1
1152
5
1153
2
1154
3
1155
1
1156
8
1157
1
1158
3
1159
5
1160
4
1161
4
1162
10
1163
2
1164
1
1165
2
1166
4
1167
3
1168
2
1169
3
1170
4
1171
2
1172
1
1173
9
1174
4
1175
3
1176
1
1177
4
1178
4
1179
9
1180
6
1181
1
1182
8
1183
5
1184
5
1185
4
1186
7
1187
2
1188
1
1189
7
1190
1
1191
5
1192
9
1193
1
1194
4
1195
3
1196
7
1197
5
1198
0
1199
4
1200
9
1201
2
1202
3
1203
4
1204
3
1205
5
1206
6
1207
2
1208
7
1209
4
1210
10
1211
7
1212
7
1213
3
1214
2
1215
5
1216
4
1217
0
1218
4
1219
6
1220
4
1221
3
1222
4
1223
9
1224
3
1225
4
1226
2
1227
6
1228
2
1229
6
1230
1
1231
0
1232
5
1233
1
1234
2
1235
11
1236
3
1237
3
1238
3
1239
8
1240
3
1241
8
1242
3
1243
0
1244
2
1245
3
1246
3
1247
3
1248
1
1249
4
1250
6
1251
7
1252
7
1253
6
1254
4
1255
9
1256
8
1257
5
1258
2
1259
1
1260
19
1261
2
1262
6
1263
9
1264
5
1265
2
1266
3
1267
1
1268
5
1269
5
1270
7
1271
2
1272
4
1273
5
1274
1
1275
1
1276
2
1277
3
1278
5
1279
13
1280
5
1281
4
1282
2
1283
4
1284
2
1285
2
1286
5
1287
5
1288
2
1289
5
1290
3
1291
20
1292
7
1293
3
1294
0
1295
7
1296
0
1297
15
1298
0
1299
10
1300
3
1301
0
1302
1
1303
4
1304
6
1305
4
1306
2
1307
8
1308
0
1309
4
1310
5
1311
6
1312
4
1313
3
1314
9
1315
3
1316
0
1317
3
1318
1
1319
4
1320
7
1321
4
1322
4
1323
3
1324
6
1325
11
1326
15
1327
7
1328
0
1329
5
1330
4
1331
6
1332
10
1333
8
1334
3
1335
4
1336
4
1337
8
1338
9
1339
8
1340
5
1341
4
1342
3
1343
2
1344
4
1345
5
1346
0
1347
0
1348
6
1349
1
1350
3
1351
3
1352
4
1353
11
1354
6
1355
6
1356
4
1357
2
1358
1
1359
0
1360
2
1361
3
1362
16
1363
5
1364
1
1365
2
1366
7
1367
9
1368
8
1369
3
1370
3
1371
5
1372
1
1373
1
1374
4
1375
3
1376
4
1377
0
1378
3
1379
12
1380
4
1381
6
1382
2
1383
7
1384
4
1385
1
1386
5
1387
10
1388
5
1389
6
1390
7
1391
3
1392
2
1393
3
1394
8
1395
4
1396
0
1397
3
1398
9
1399
1
1400
1
1401
5
1402
6
1403
3
1404
14
1405
1
1406
15
1407
2
1408
2
1409
6
1410
1
1411
4
1412
2
1413
3
1414
6
1415
4
1416
6
1417
1
1418
8
1419
6
1420
7
1421
5
1422
2
1423
6
1424
9
1425
6
1426
2
1427
1
1428
6
1429
5
1430
2
1431
14
1432
4
1433
0
1434
5
1435
4
1436
3
1437
9
1438
1
1439
5
1440
1
1441
10
1442
6
1443
1
1444
8
1445
15
1446
21
1447
8
1448
6
1449
6
1450
5
1451
2
1452
3
1453
2
1454
1
1455
7
1456
3
1457
3
1458
11
1459
3
1460
4
1461
3
1462
6
1463
4
1464
6
1465
2
1466
4
1467
6
1468
5
1469
4
1470
6
1471
4
1472
9
1473
3
1474
2
1475
3
1476
10
1477
4
1478
16
1479
14
1480
2
1481
3
1482
4
1483
5
1484
2
1485
6
1486
1
1487
2
1488
4
1489
3
1490
1
1491
0
1492
5
1493
2
1494
4
1495
2
1496
7
1497
2
1498
10
1499
5
1500
4
1501
2
1502
3
1503
1
1504
7
1505
5
1506
6
1507
3
1508
5
1509
4
1510
3
1511
4
1512
6
1513
1
1514
4
1515
2
1516
5
1517
0
1518
12
1519
5
1520
10
1521
3
1522
0
1523
0
1524
6
1525
2
1526
0
1527
7
1528
1
1529
6
1530
4
1531
3
1532
3
1533
7
1534
4
1535
3
1536
14
1537
2
1538
2
1539
11
1540
2
1541
2
1542
3
1543
4
1544
2
1545
2
1546
2
1547
5
1548
8
1549
6
1550
4
1551
4
1552
1
1553
3
1554
4
1555
2
1556
7
1557
3
1558
7
1559
2
1560
3
1561
4
1562
4
1563
10
1564
3
1565
9
1566
2
1567
9
1568
9
1569
1
1570
3
1571
4
1572
0
1573
1
1574
4
1575
4
1576
8
1577
5
1578
0
1579
9
1580
2
1581
4
1582
8
1583
10
1584
4
1585
8
1586
7
1587
2
1588
7
1589
3
1590
0
1591
1
1592
6
1593
14
1594
5
1595
5
1596
3
1597
5
1598
5
1599
5
1600
3
1601
2
1602
4
1603
4
1604
9
1605
5
1606
5
1607
2
1608
4
1609
7
1610
5
1611
0
1612
5
1613
13
1614
2
1615
0
1616
3
1617
12
1618
2
1619
0
1620
3
1621
5
1622
3
1623
4
1624
9
1625
3
1626
4
1627
4
1628
4
1629
0
1630
7
1631
7
1632
14
1633
1
1634
8
1635
3
1636
3
1637
3
1638
12
1639
1
1640
2
1641
0
1642
5
1643
5
1644
1
1645
6
1646
6
1647
4
1648
2
1649
5
1650
7
1651
1
1652
9
1653
4
1654
3
1655
4
1656
0
1657
3
1658
6
1659
1
1660
10
1661
5
1662
1
1663
14
1664
7
1665
6
1666
2
1667
3
1668
3
1669
2
1670
2
1671
0
1672
6
1673
3
1674
4
1675
4
1676
5
1677
6
1678
3
1679
4
1680
4
1681
4
1682
13
1683
7
1684
4
1685
1
1686
10
1687
6
1688
9
1689
2
1690
5
1691
1
1692
7
1693
14
1694
4
1695
4
1696
0
1697
5
1698
2
1699
1
1700
3
1701
5
1702
4
1703
2
1704
3
1705
4
1706
6
1707
1
1708
5
1709
8
1710
4
1711
3
1712
10
1713
1
1714
1
1715
2
1716
4
1717
0
1718
10
1719
4
1720
16
1721
2
1722
2
1723
6
1724
5
1725
5
1726
4
1727
6
1728
3
1729
4
1730
0
1731
1
1732
11
1733
6
1734
0
1735
0
1736
7
1737
3
1738
0
1739
2
1740
4
1741
4
1742
1
1743
3
1744
1
1745
9
1746
8
1747
0
1748
5
1749
1
1750
3
1751
10
1752
2
1753
4
1754
5
1755
5
1756
2
1757
3
1758
6
1759
13
1760
0
1761
2
1762
9
1763
10
1764
0
1765
1
1766
3
1767
2
1768
5
1769
1
1770
4
1771
5
1772
12
1773
0
1774
5
1775
4
1776
3
1777
5
1778
6
1779
0
1780
2
1781
7
1782
3
1783
4
1784
2
1785
5
1786
3
1787
5
1788
2
1789
0
1790
14
1791
0
1792
2
1793
5
1794
6
1795
3
1796
0
1797
1
1798
0
1799
5
1800
2
1801
4
1802
4
1803
4
1804
3
1805
4
1806
6
1807
1
1808
11
1809
9
1810
3
1811
3
1812
3
1813
2
1814
1
1815
0
1816
4
1817
6
1818
1
1819
0
1820
7
1821
7
1822
9
1823
2
1824
8
1825
1
1826
2
1827
5
1828
4
1829
2
1830
3
1831
0
1832
1
1833
0
1834
2
1835
1
1836
1
1837
5
1838
6
1839
8
1840
4
1841
4
1842
1
1843
4
1844
9
1845
1
1846
5
1847
6
1848
1
1849
12
1850
7
1851
1
1852
14
1853
2
1854
1
1855
4
1856
2
1857
1
1858
2
1859
8
1860
7
1861
7
1862
15
1863
11
1864
4
1865
2
1866
4
1867
0
1868
10
1869
5
1870
5
1871
3
1872
4
1873
0
1874
7
1875
4
1876
4
1877
4
1878
3
1879
9
1880
2
1881
9
1882
5
1883
0
1884
6
1885
21
1886
14
1887
5
1888
6
1889
8
1890
2
1891
5
1892
2
1893
9
1894
3
1895
5
1896
4
1897
1
1898
4
1899
3
1900
3
1901
0
1902
9
1903
1
1904
0
1905
6
1906
5
1907
16
1908
4
1909
3
1910
5
1911
4
1912
2
1913
2
1914
1
1915
8
1916
0
1917
0
1918
0
1919
6
1920
7
1921
12
1922
7
1923
2
1924
5
1925
5
1926
2
1927
6
1928
3
1929
6
1930
12
1931
1
1932
2
1933
7
1934
3
1935
4
1936
0
1937
2
1938
4
1939
3
1940
2
1941
5
1942
11
1943
2
1944
2
1945
2
1946
13
1947
3
1948
4
1949
4
1950
6
1951
5
1952
5
1953
9
1954
3
1955
1
1956
1
1957
6
1958
0
1959
6
1960
3
1961
4
1962
2
1963
2
1964
10
1965
11
1966
2
1967
3
1968
4
1969
5
1970
2
1971
2
1972
6
1973
7
1974
4
1975
16
1976
4
1977
5
1978
11
1979
5
1980
3
1981
13
1982
6
1983
2
1984
2
1985
3
1986
2
1987
6
1988
6
1989
3
1990
13
1991
11
1992
8
1993
5
1994
7
1995
4
1996
1
1997
1
1998
1
1999
3
2000
14
2001
6
2002
5
2003
0
2004
4
2005
0
2006
5
2007
7
2008
5
2009
0
2010
8
2011
5
2012
4
2013
7
2014
0
2015
2
2016
1
2017
7
2018
8
2019
5
2020
5
2021
3
2022
4
2023
1
2024
4
2025
4
2026
4
2027
10
2028
2
2029
3
2030
0
2031
6
2032
3
2033
4
2034
14
2035
1
2036
16
2037
11
2038
6
2039
3
2040
3
2041
1
2042
3
2043
3
2044
2
2045
8
2046
4
2047
2
2048
1
2049
5
2050
5
2051
3
2052
3
2053
2
2054
1
2055
7
2056
10
2057
6
2058
4
2059
5
2060
4
2061
14
2062
1
2063
5
2064
3
2065
2
2066
4
2067
7
2068
4
2069
6
2070
4
2071
1
2072
1
2073
8
2074
7
2075
7
2076
1
2077
2
2078
1
2079
4
2080
1
2081
4
2082
4
2083
3
2084
3
2085
1
2086
6
2087
8
2088
6
2089
2
2090
3
2091
3
2092
4
2093
5
2094
6
2095
6
2096
4
2097
3
2098
6
2099
2
2100
1
2101
4
2102
5
2103
1
2104
2
2105
2
2106
1
2107
14
2108
14
2109
5
2110
2
2111
3
2112
2
2113
6
2114
1
2115
9
2116
0
2117
1
2118
3
2119
9
2120
7
2121
1
2122
4
2123
0
2124
4
2125
5
2126
7
2127
4
2128
3
2129
9
2130
0
2131
4
2132
7
2133
3
2134
14
2135
7
2136
8
2137
5
2138
8
2139
7
2140
14
2141
3
2142
8
2143
5
2144
12
2145
4
2146
5
2147
4
2148
5
2149
8
2150
2
2151
5
2152
4
2153
3
2154
6
2155
3
2156
4
2157
1
2158
5
2159
4
2160
4
2161
0
2162
13
2163
8
2164
4
2165
2
2166
10
2167
0
2168
8
2169
7
2170
8
2171
4
2172
7
2173
4
2174
4
2175
7
2176
11
2177
13
2178
4
2179
4
2180
3
2181
11
2182
10
2183
3
2184
2
2185
3
2186
4
2187
7
2188
1
2189
5
2190
0
2191
2
2192
1
2193
3
2194
7
2195
6
2196
3
2197
10
2198
13
2199
2
2200
5
2201
6
2202
1
2203
0
2204
5
2205
4
2206
5
2207
4
2208
8
2209
2
2210
12
2211
8
2212
8
2213
4
2214
4
2215
4
2216
0
2217
5
2218
3
2219
7
2220
4
2221
1
2222
10
2223
2
2224
11
2225
3
2226
1
2227
4
2228
7
2229
1
2230
0
2231
5
2232
5
2233
1
2234
2
2235
3
2236
4
2237
4
2238
1
2239
0
2240
5
2241
5
2242
4
2243
2
2244
6
2245
4
2246
3
2247
1
2248
4
2249
5
2250
13
2251
3
2252
9
2253
4
2254
5
2255
2
2256
5
2257
13
2258
4
2259
7
2260
8
2261
15
2262
3
2263
2
2264
0
2265
2
2266
5
2267
3
2268
5
2269
12
2270
6
2271
2
2272
5
2273
8
2274
6
2275
1
2276
5
2277
5
2278
3
2279
6
2280
9
2281
13
2282
1
2283
12
2284
7
2285
3
2286
9
2287
6
2288
5
2289
0
2290
3
2291
1
2292
7
2293
15
2294
7
2295
0
2296
4
2297
10
2298
1
2299
0
2300
2
2301
5
2302
0
2303
0
2304
5
2305
1
2306
7
2307
4
2308
5
2309
6
2310
8
2311
0
2312
1
2313
12
2314
0
2315
4
2316
2
2317
0
2318
6
2319
13
2320
5
2321
3
2322
0
2323
0
2324
8
2325
5
2326
0
2327
4
2328
8
2329
3
2330
5
2331
11
2332
1
2333
0
2334
11
2335
5
2336
2
2337
5
2338
2
2339
4
2340
0
2341
1
2342
6
2343
6
2344
1
2345
4
2346
2
2347
7
2348
5
2349
2
2350
6
2351
2
2352
13
2353
9
2354
15
2355
4
2356
5
2357
6
2358
1
2359
8
2360
4
2361
2
2362
3
2363
2
2364
5
2365
4
2366
9
2367
4
2368
1
2369
8
2370
6
2371
1
2372
3
2373
5
2374
1
2375
9
2376
4
2377
5
2378
3
2379
14
2380
0
2381
2
2382
15
2383
1
2384
4
2385
13
2386
8
2387
7
2388
3
2389
3
2390
7
2391
8
2392
2
2393
11
2394
5
2395
4
2396
0
2397
3
2398
0
2399
1
2400
1
2401
1
2402
3
2403
3
2404
0
2405
6
2406
5
2407
4
2408
4
2409
4
2410
2
2411
2
2412
3
2413
0
2414
3
2415
3
2416
3
2417
2
2418
0
2419
4
2420
3
2421
2
2422
11
2423
14
2424
3
2425
3
2426
4
2427
2
2428
4
2429
4
2430
1
2431
1
2432
10
2433
4
2434
5
2435
3
2436
9
2437
1
2438
7
2439
9
2440
7
2441
1
2442
4
2443
1
2444
2
2445
6
2446
7
2447
5
2448
15
2449
4
2450
6
2451
2
2452
4
2453
5
2454
11
2455
1
2456
5
2457
3
2458
3
2459
14
2460
3
2461
1
2462
5
2463
4
2464
2
2465
8
2466
0
2467
8
2468
6
2469
3
2470
3
2471
2
2472
1
2473
2
2474
5
2475
3
2476
7
2477
10
2478
14
2479
1
2480
2
2481
5
2482
4
2483
0
2484
11
2485
6
2486
4
2487
0
2488
3
2489
9
2490
1
2491
3
2492
2
2493
4
2494
1
2495
1
2496
1
2497
0
2498
2
2499
13
2500
0
2501
8
2502
6
2503
6
2504
3
2505
4
2506
2
2507
0
2508
4
2509
2
2510
9
2511
2
2512
0
2513
6
2514
8
2515
1
2516
3
2517
10
2518
0
2519
3
2520
1
2521
5
2522
11
2523
8
2524
1
2525
3
2526
1
2527
11
2528
2
2529
6
2530
5
2531
1
2532
4
2533
0
2534
8
2535
4
2536
0
2537
3
2538
8
2539
3
2540
11
2541
14
2542
5
2543
1
2544
2
2545
8
2546
1
2547
11
2548
1
2549
4
2550
5
2551
2
2552
5
2553
7
2554
2
2555
4
2556
3
2557
1
2558
10
2559
5
2560
2
2561
1
2562
4
2563
3
2564
8
2565
0
2566
2
2567
2
2568
4
2569
1
2570
3
2571
2
2572
11
2573
6
2574
1
2575
3
2576
7
2577
3
2578
5
2579
2
2580
9
2581
3
2582
4
2583
8
2584
7
2585
3
2586
8
2587
0
2588
7
2589
3
2590
1
2591
3
2592
6
2593
2
2594
1
2595
4
2596
11
2597
0
2598
14
2599
6
2600
1
2601
2
2602
6
2603
2
2604
4
2605
1
2606
8
2607
4
2608
9
2609
1
2610
4
2611
3
2612
6
2613
1
2614
5
2615
0
2616
0
2617
0
2618
6
2619
1
2620
9
2621
4
2622
2
2623
6
2624
5
2625
2
2626
0
2627
15
2628
2
2629
6
2630
8
2631
4
2632
2
2633
4
2634
1
2635
5
2636
6
2637
0
2638
0
2639
4
2640
5
2641
1
2642
3
2643
0
2644
2
2645
3
2646
3
2647
6
2648
5
2649
7
2650
9
2651
0
2652
7
2653
9
2654
3
2655
4
2656
1
2657
13
2658
0
2659
5
2660
4
2661
2
2662
6
2663
15
2664
3
2665
2
2666
11
2667
1
2668
2
2669
0
2670
3
2671
2
2672
7
2673
3
2674
7
2675
11
2676
5
2677
6
2678
7
2679
9
2680
7
2681
3
2682
4
2683
7
2684
12
2685
2
2686
1
2687
2
2688
0
2689
3
2690
2
2691
0
2692
13
2693
0
2694
1
2695
5
2696
0
2697
6
2698
2
2699
2
2700
1
2701
5
2702
11
2703
2
2704
4
2705
3
2706
2
2707
4
2708
7
2709
1
2710
6
2711
4
2712
6
2713
4
2714
3
2715
0
2716
6
2717
10
2718
2
2719
4
2720
5
2721
1
2722
10
2723
7
2724
5
2725
6
2726
7
2727
1
2728
4
2729
0
2730
10
2731
1
2732
0
2733
5
2734
4
2735
3
2736
4
2737
8
2738
12
2739
0
2740
7
2741
2
2742
13
2743
7
2744
5
2745
0
2746
5
2747
5
2748
2
2749
3
2750
4
2751
0
2752
5
2753
11
2754
2
2755
0
2756
1
2757
5
2758
5
2759
2
2760
1
2761
2
2762
4
2763
0
2764
19
2765
2
2766
4
2767
8
2768
8
2769
5
2770
4
2771
10
2772
1
2773
5
2774
4
2775
7
2776
6
2777
3
2778
2
2779
4
2780
4
2781
3
2782
4
2783
5
2784
0
2785
0
2786
1
2787
3
2788
5
2789
13
2790
13
2791
9
2792
6
2793
9
2794
5
2795
1
2796
7
2797
5
2798
4
2799
4
2800
6
2801
3
2802
3
2803
2
2804
3
2805
3
2806
5
2807
5
2808
0
2809
1
2810
1
2811
3
2812
4
2813
4
2814
5
2815
3
2816
4
2817
3
2818
2
2819
3
2820
3
2821
0
2822
3
2823
12
2824
0
2825
3
2826
3
2827
8
2828
0
2829
4
2830
9
2831
2
2832
7
2833
4
2834
6
2835
4
2836
2
2837
4
2838
0
2839
7
2840
13
2841
3
2842
14
2843
3
2844
3
2845
4
2846
11
2847
3
2848
6
2849
5
2850
1
2851
5
2852
11
2853
6
2854
3
2855
0
2856
3
2857
4
2858
2
2859
3
2860
1
2861
3
2862
4
2863
2
2864
6
2865
5
2866
6
2867
1
2868
4
2869
1
2870
3
2871
7
2872
7
2873
4
2874
8
2875
3
2876
14
2877
5
2878
11
2879
1
2880
6
2881
1
2882
2
2883
2
2884
2
2885
2
2886
2
2887
2
2888
5
2889
3
2890
6
2891
2
2892
6
2893
8
2894
4
2895
4
2896
13
2897
2
2898
4
2899
8
2900
6
2901
1
2902
5
2903
4
2904
1
2905
2
2906
14
2907
4
2908
4
2909
0
2910
4
2911
2
2912
1
2913
5
2914
2
2915
1
2916
4
2917
4
2918
1
2919
0
2920
0
2921
3
2922
3
2923
4
2924
1
2925
4
2926
3
2927
6
2928
1
2929
0
2930
8
2931
3
2932
4
2933
2
2934
4
2935
2
2936
15
2937
1
2938
8
2939
4
2940
8
2941
3
2942
4
2943
3
2944
2
2945
4
2946
2
2947
13
2948
10
2949
4
2950
6
2951
3
2952
2
2953
3
2954
3
2955
13
2956
8
2957
6
2958
11
2959
6
2960
11
2961
5
2962
7
2963
0
2964
5
2965
2
2966
2
2967
5
2968
6
2969
3
2970
7
2971
3
2972
4
2973
3
2974
2
2975
4
2976
1
2977
3
2978
5
2979
6
2980
2
2981
7
2982
9
2983
1
2984
4
2985
0
2986
5
2987
4
2988
0
2989
11
2990
4
2991
21
2992
6
2993
3
2994
5
2995
4
2996
14
2997
2
2998
4
2999
10
3000
3
3001
1
3002
6
3003
4
3004
3
3005
3
3006
15
3007
3
3008
15
3009
5
3010
4
3011
8
3012
8
3013
1
3014
3
3015
1
3016
0
3017
3
3018
5
3019
3
3020
2
3021
8
3022
4
3023
3
3024
15
3025
4
3026
3
3027
4
3028
3
3029
6
3030
4
3031
1
3032
6
3033
0
3034
2
3035
8
3036
3
3037
13
3038
4
3039
11
3040
0
3041
6
3042
4
3043
3
3044
4
3045
3
3046
0
3047
5
3048
7
3049
5
3050
3
3051
3
3052
8
3053
5
3054
5
3055
5
3056
4
3057
8
3058
4
3059
5
3060
3
3061
4
3062
2
3063
0
3064
3
3065
4
3066
8
3067
5
3068
1
3069
4
3070
14
3071
5
3072
6
3073
8
3074
11
3075
5
3076
6
3077
2
3078
6
3079
0
3080
4
3081
7
3082
9
3083
1
3084
8
3085
2
3086
3
3087
1
3088
4
3089
3
3090
3
3091
1
3092
3
3093
2
3094
2
3095
3
3096
7
3097
8
3098
5
3099
4
3100
1
3101
1
3102
0
3103
7
3104
13
3105
0
3106
1
3107
3
3108
0
3109
2
3110
5
3111
1
3112
7
3113
3
3114
3
3115
14
3116
3
3117
3
3118
1
3119
6
3120
4
3121
3
3122
5
3123
6
3124
5
3125
1
3126
3
3127
4
3128
2
3129
13
3130
8
3131
2
3132
11
3133
1
3134
2
3135
15
3136
0
3137
9
3138
3
3139
3
3140
11
3141
5
3142
5
3143
1
3144
4
3145
4
3146
8
3147
15
3148
5
3149
15
3150
3
3151
8
3152
4
3153
6
3154
2
3155
4
3156
4
3157
5
3158
5
3159
3
3160
2
3161
0
3162
3
3163
5
3164
4
3165
11
3166
0
3167
7
3168
4
3169
3
3170
0
3171
1
3172
8
3173
9
3174
1
3175
3
3176
3
3177
10
3178
8
3179
4
3180
3
3181
4
3182
3
3183
3
3184
8
3185
0
3186
2
3187
4
3188
4
3189
3
3190
9
3191
0
3192
5
3193
5
3194
2
3195
5
3196
8
3197
7
3198
1
3199
3
3200
2
3201
2
3202
1
3203
9
3204
3
3205
4
3206
2
3207
2
3208
0
3209
5
3210
0
3211
3
3212
3
3213
1
3214
1
3215
10
3216
3
3217
0
3218
0
3219
1
3220
12
3221
1
3222
3
3223
8
3224
9
3225
2
3226
2
3227
3
3228
2
3229
3
3230
1
3231
13
3232
5
3233
1
3234
7
3235
7
3236
8
3237
1
3238
5
3239
4
3240
2
3241
6
3242
5
3243
5
3244
4
3245
4
3246
3
3247
2
3248
6
3249
2
3250
2
3251
3
3252
3
3253
8
3254
4
3255
2
3256
4
3257
2
3258
4
3259
5
3260
4
3261
8
3262
0
3263
8
3264
9
3265
7
3266
1
3267
5
3268
2
3269
2
3270
4
3271
3
3272
0
3273
5
3274
5
3275
3
3276
1
3277
4
3278
11
3279
1
3280
2
3281
6
3282
10
3283
7
3284
8
3285
11
3286
7
3287
3
3288
0
3289
1
3290
6
3291
2
3292
9
3293
7
3294
2
3295
10
3296
3
3297
5
3298
4
3299
7
3300
6
3301
0
3302
16
3303
5
3304
8
3305
3
3306
4
3307
2
3308
3
3309
5
3310
4
3311
7
3312
2
3313
2
3314
4
3315
1
3316
3
3317
4
3318
0
3319
5
3320
0
3321
5
3322
7
3323
6
3324
5
3325
0
3326
5
3327
1
3328
5
3329
3
3330
2
3331
2
3332
0
3333
5
3334
8
3335
4
3336
3
3337
0
3338
5
3339
2
3340
1
3341
5
3342
4
3343
6
3344
4
3345
7
3346
8
3347
4
3348
4
3349
10
3350
4
3351
1
3352
4
3353
7
3354
5
3355
12
3356
0
3357
11
3358
5
3359
7
3360
1
3361
4
3362
5
3363
1
3364
5
3365
10
3366
3
3367
0
3368
2
3369
4
3370
6
3371
5
3372
5
3373
1
3374
0
3375
8
3376
0
3377
4
3378
11
3379
5
3380
2
3381
2
3382
3
3383
3
3384
3
3385
0
3386
6
3387
4
3388
6
3389
2
3390
2
3391
4
3392
13
3393
5
3394
5
3395
5
3396
2
3397
3
3398
6
3399
5
3400
1
3401
2
3402
5
3403
11
3404
3
3405
5
3406
0
3407
7
3408
11
3409
1
3410
5
3411
4
3412
3
3413
2
3414
8
3415
9
3416
5
3417
5
3418
5
3419
1
3420
8
3421
7
3422
3
3423
7
3424
3
3425
5
3426
13
3427
0
3428
3
3429
2
3430
8
3431
10
3432
3
3433
1
3434
5
3435
7
3436
1
3437
0
3438
8
3439
4
3440
1
3441
4
3442
1
3443
0
3444
9
3445
1
3446
4
3447
7
3448
1
3449
5
3450
11
3451
4
3452
9
3453
2
3454
2
3455
10
3456
13
3457
15
3458
1
3459
7
3460
2
3461
0
3462
4
3463
3
3464
2
3465
6
3466
12
3467
10
3468
3
3469
5
3470
3
3471
3
3472
4
3473
4
3474
6
3475
13
3476
0
3477
13
3478
3
3479
14
3480
5
3481
3
3482
4
3483
3
3484
3
3485
6
3486
1
3487
3
3488
0
3489
3
3490
5
3491
6
3492
1
3493
1
3494
5
3495
3
3496
1
3497
5
3498
1
3499
4
3500
8
3501
2
3502
2
3503
7
3504
7
3505
8
3506
2
3507
15
3508
1
3509
1
3510
8
3511
6
3512
3
3513
2
3514
3
3515
0
3516
4
3517
10
3518
8
3519
3
3520
4
3521
4
3522
3
3523
4
3524
3
3525
4
3526
3
3527
4
3528
2
3529
4
3530
9
3531
4
3532
4
3533
6
3534
7
3535
3
3536
6
3537
7
3538
12
3539
12
3540
1
3541
8
3542
4
3543
0
3544
2
3545
1
3546
3
3547
4
3548
1
3549
4
3550
1
3551
5
3552
3
3553
4
3554
2
3555
1
3556
0
3557
5
3558
5
3559
14
3560
10
3561
4
3562
3
3563
4
3564
6
3565
1
3566
12
3567
7
3568
5
3569
7
3570
2
3571
2
3572
6
3573
2
3574
1
3575
2
3576
1
3577
4
3578
3
3579
1
3580
2
3581
8
3582
7
3583
2
3584
1
3585
3
3586
4
3587
5
3588
5
3589
8
3590
11
3591
5
3592
0
3593
1
3594
11
3595
8
3596
3
3597
6
3598
8
3599
2
3600
9
3601
7
3602
3
3603
3
3604
11
3605
4
3606
13
3607
3
3608
3
3609
1
3610
3
3611
0
3612
4
3613
6
3614
8
3615
1
3616
3
3617
5
3618
1
3619
9
3620
0
3621
5
3622
6
3623
3
3624
2
3625
9
3626
0
3627
1
3628
8
3629
4
3630
3
3631
0
3632
8
3633
6
3634
5
3635
3
3636
11
3637
8
3638
5
3639
5
3640
2
3641
3
3642
6
3643
8
3644
4
3645
1
3646
2
3647
7
3648
2
3649
9
3650
9
3651
3
3652
5
3653
3
3654
6
3655
1
3656
2
3657
1
3658
3
3659
2
3660
6
3661
7
3662
6
3663
4
3664
1
3665
2
3666
6
3667
4
3668
7
3669
7
3670
2
3671
5
3672
8
3673
6
3674
7
3675
3
3676
2
3677
1
3678
5
3679
9
3680
4
3681
5
3682
5
3683
3
3684
8
3685
11
3686
8
3687
5
3688
1
3689
7
3690
3
3691
5
3692
6
3693
2
3694
0
3695
1
3696
1
3697
12
3698
2
3699
4
3700
3
3701
9
3702
2
3703
7
3704
3
3705
6
3706
3
3707
3
3708
5
3709
7
3710
3
3711
7
3712
6
3713
6
3714
1
3715
2
3716
16
3717
3
3718
2
3719
7
3720
1
3721
5
3722
6
3723
12
3724
5
3725
1
3726
7
3727
6
3728
15
3729
9
3730
1
3731
1
3732
2
3733
4
3734
5
3735
2
3736
1
3737
5
3738
4
3739
5
3740
5
3741
8
3742
13
3743
6
3744
1
3745
1
3746
5
3747
11
3748
2
3749
1
3750
0
3751
3
3752
4
3753
0
3754
5
3755
1
3756
1
3757
3
3758
1
3759
2
3760
2
3761
1
3762
4
3763
6
3764
2
3765
1
3766
0
3767
1
3768
10
3769
5
3770
7
3771
4
3772
4
3773
4
3774
6
3775
12
3776
3
3777
7
3778
4
3779
6
3780
1
3781
13
3782
2
3783
3
3784
2
3785
5
3786
8
3787
8
3788
4
3789
15
3790
0
3791
1
3792
0
3793
4
3794
1
3795
5
3796
22
3797
4
3798
5
3799
10
3800
3
3801
3
3802
3
3803
12
3804
4
3805
3
3806
3
3807
5
3808
5
3809
1
3810
4
3811
8
3812
4
3813
21
3814
13
3815
9
3816
5
3817
2
3818
21
3819
7
3820
4
3821
4
3822
9
3823
2
3824
2
3825
3
3826
6
3827
0
3828
10
3829
0
3830
2
3831
6
3832
5
3833
6
3834
0
3835
3
3836
0
3837
8
3838
1
3839
4
3840
0
3841
7
3842
4
3843
9
3844
3
3845
3
3846
7
3847
4
3848
6
3849
3
3850
4
3851
9
3852
5
3853
1
3854
9
3855
0
3856
5
3857
3
3858
10
3859
1
3860
15
3861
5
3862
3
3863
5
3864
4
3865
2
3866
2
3867
0
3868
13
3869
8
3870
1
3871
1
3872
1
3873
5
3874
15
3875
17
3876
5
3877
8
3878
4
3879
1
3880
1
3881
1
3882
8
3883
1
3884
4
3885
6
3886
5
3887
1
3888
5
3889
2
3890
4
3891
6
3892
5
3893
1
3894
6
3895
5
3896
1
3897
3
3898
0
3899
4
3900
5
3901
3
3902
2
3903
2
3904
3
3905
2
3906
3
3907
4
3908
6
3909
6
3910
3
3911
3
3912
3
3913
2
3914
7
3915
3
3916
8
3917
0
3918
1
3919
2
3920
1
3921
4
3922
4
3923
1
3924
4
3925
1
3926
9
3927
2
3928
9
3929
2
3930
1
3931
4
3932
3
3933
4
3934
5
3935
3
3936
16
3937
6
3938
3
3939
6
3940
7
3941
5
3942
3
3943
2
3944
3
3945
7
3946
2
3947
1
3948
5
3949
6
3950
4
3951
1
3952
3
3953
3
3954
0
3955
1
3956
4
3957
1
3958
0
3959
4
3960
5
3961
7
3962
4
3963
3
3964
3
3965
6
3966
1
3967
11
3968
4
3969
11
3970
3
3971
6
3972
2
3973
0
3974
1
3975
3
3976
10
3977
0
3978
0
3979
3
3980
1
3981
7
3982
5
3983
5
3984
8
3985
3
3986
6
3987
9
3988
7
3989
8
3990
4
3991
2
3992
2
3993
2
3994
7
3995
0
3996
8
3997
10
3998
3
3999
1
4000
1
4001
3
4002
1
4003
3
4004
1
4005
3
4006
2
4007
1
4008
4
4009
13
4010
2
4011
9
4012
0
4013
5
4014
9
4015
3
4016
5
4017
1
4018
10
4019
2
4020
0
4021
10
4022
3
4023
1
4024
15
4025
3
4026
3
4027
8
4028
2
4029
4
4030
5
4031
12
4032
3
4033
16
4034
6
4035
2
4036
13
4037
7
4038
10
4039
3
4040
5
4041
4
4042
8
4043
1
4044
4
4045
13
4046
6
4047
5
4048
5
4049
1
4050
3
4051
0
4052
5
4053
2
4054
8
4055
14
4056
4
4057
4
4058
2
4059
7
4060
16
4061
2
4062
5
4063
10
4064
4
4065
3
4066
4
4067
3
4068
6
4069
0
4070
7
4071
8
4072
4
4073
0
4074
2
4075
4
4076
4
4077
3
4078
1
4079
8
4080
1
4081
5
4082
1
4083
4
4084
9
4085
2
4086
5
4087
13
4088
5
4089
5
4090
11
4091
3
4092
2
4093
5
4094
13
4095
3
4096
2
4097
4
4098
3
4099
6
4100
4
4101
1
4102
6
4103
7
4104
6
4105
3
4106
3
4107
6
4108
15
4109
3
4110
0
4111
1
4112
0
4113
10
4114
9
4115
6
4116
4
4117
3
4118
6
4119
5
4120
2
4121
5
4122
3
4123
4
4124
4
4125
3
4126
5
4127
8
4128
1
4129
8
4130
6
4131
8
4132
1
4133
5
4134
2
4135
6
4136
5
4137
0
4138
2
4139
9
4140
0
4141
5
4142
4
4143
8
4144
8
4145
2
4146
8
4147
0
4148
5
4149
5
4150
1
4151
3
4152
1
4153
4
4154
0
4155
3
4156
12
4157
4
4158
0
4159
2
4160
8
4161
4
4162
5
4163
2
4164
3
4165
6
4166
7
4167
3
4168
7
4169
2
4170
10
4171
5
4172
2
4173
0
4174
3
4175
2
4176
4
4177
4
4178
4
4179
1
4180
2
4181
6
4182
2
4183
1
4184
6
4185
4
4186
5
4187
4
4188
11
4189
12
4190
3
4191
5
4192
3
4193
6
4194
5
4195
5
4196
5
4197
7
4198
1
4199
0
4200
2
4201
3
4202
8
4203
3
4204
1
4205
0
4206
5
4207
6
4208
10
4209
7
4210
4
4211
8
4212
1
4213
3
4214
5
4215
0
4216
10
4217
2
4218
11
4219
13
4220
1
4221
2
4222
4
4223
2
4224
3
4225
7
4226
6
4227
1
4228
0
4229
0
4230
10
4231
0
4232
1
4233
10
4234
8
4235
2
4236
2
4237
5
4238
0
4239
7
4240
10
4241
6
4242
2
4243
3
4244
4
4245
3
4246
14
4247
8
4248
5
4249
1
4250
7
4251
5
4252
2
4253
1
4254
3
4255
6
4256
0
4257
3
4258
1
4259
5
4260
5
4261
0
4262
2
4263
10
4264
5
4265
3
4266
2
4267
4
4268
3
4269
5
4270
1
4271
6
4272
5
4273
4
4274
4
4275
0
4276
5
4277
10
4278
4
4279
7
4280
4
4281
0
4282
10
4283
9
4284
7
4285
2
4286
2
4287
1
4288
7
4289
6
4290
13
4291
6
4292
4
4293
7
4294
4
4295
1
4296
1
4297
3
4298
7
4299
4
4300
9
4301
4
4302
1
4303
7
4304
9
4305
4
4306
4
4307
4
4308
6
4309
2
4310
6
4311
8
4312
4
4313
3
4314
9
4315
6
4316
0
4317
0
4318
0
4319
1
4320
7
4321
7
4322
14
4323
3
4324
1
4325
5
4326
10
4327
10
4328
0
4329
3
4330
7
4331
2
4332
11
4333
11
4334
2
4335
3
4336
2
4337
11
4338
4
4339
6
4340
9
4341
3
4342
3
4343
9
4344
5
4345
4
4346
5
4347
3
4348
4
4349
10
4350
5
4351
2
4352
4
4353
4
4354
4
4355
3
4356
4
4357
5
4358
6
4359
4
4360
10
4361
3
4362
6
4363
1
4364
8
4365
5
4366
2
4367
0
4368
0
4369
7
4370
13
4371
0
4372
2
4373
2
4374
2
4375
7
4376
8
4377
2
4378
1
4379
13
4380
8
4381
11
4382
3
4383
8
4384
5
4385
5
4386
1
4387
3
4388
1
4389
0
4390
3
4391
3
4392
5
4393
3
4394
6
4395
5
4396
0
4397
7
4398
7
4399
0
4400
5
4401
6
4402
5
4403
1
4404
1
4405
5
4406
9
4407
4
4408
4
4409
6
4410
1
4411
0
4412
4
4413
6
4414
2
4415
1
4416
7
4417
1
4418
2
4419
4
4420
6
4421
4
4422
2
4423
3
4424
3
4425
3
4426
8
4427
7
4428
3
4429
4
4430
1
4431
6
4432
4
4433
5
4434
4
4435
4
4436
4
4437
3
4438
0
4439
7
4440
1
4441
3
4442
1
4443
0
4444
5
4445
1
4446
2
4447
3
4448
12
4449
1
4450
5
4451
14
4452
1
4453
6
4454
21
4455
5
4456
3
4457
4
4458
1
4459
3
4460
6
4461
4
4462
0
4463
4
4464
4
4465
2
4466
6
4467
2
4468
6
4469
9
4470
1
4471
2
4472
8
4473
4
4474
6
4475
13
4476
3
4477
3
4478
7
4479
6
4480
3
4481
0
4482
1
4483
11
4484
5
4485
3
4486
3
4487
8
4488
7
4489
4
4490
9
4491
13
4492
2
4493
0
4494
5
4495
8
4496
1
4497
9
4498
5
4499
19
4500
8
4501
0
4502
5
4503
0
4504
1
4505
0
4506
4
4507
2
4508
13
4509
8
4510
7
4511
3
4512
3
4513
7
4514
3
4515
9
4516
20
4517
3
4518
5
4519
9
4520
9
4521
3
4522
3
4523
5
4524
4
4525
6
4526
5
4527
4
4528
11
4529
0
4530
3
4531
2
4532
4
4533
0
4534
6
4535
3
4536
5
4537
12
4538
4
4539
3
4540
0
4541
0
4542
1
4543
1
4544
1
4545
1
4546
0
4547
1
4548
6
4549
2
4550
0
4551
0
4552
3
4553
7
4554
7
4555
2
4556
1
4557
4
4558
13
4559
4
4560
5
4561
5
4562
2
4563
11
4564
3
4565
12
4566
5
4567
3
4568
0
4569
5
4570
1
4571
4
4572
4
4573
4
4574
9
4575
8
4576
3
4577
3
4578
0
4579
6
4580
1
4581
0
4582
3
4583
6
4584
3
4585
6
4586
4
4587
5
4588
7
4589
2
4590
5
4591
5
4592
9
4593
4
4594
5
4595
0
4596
6
4597
3
4598
3
4599
4
4600
4
4601
2
4602
4
4603
4
4604
4
4605
11
4606
5
4607
9
4608
3
4609
5
4610
5
4611
1
4612
7
4613
3
4614
1
4615
2
4616
7
4617
14
4618
7
4619
8
4620
9
4621
4
4622
6
4623
3
4624
12
4625
8
4626
18
4627
0
4628
0
4629
3
4630
6
4631
6
4632
2
4633
1
4634
4
4635
3
4636
1
4637
5
4638
3
4639
5
4640
1
4641
5
4642
6
4643
0
4644
4
4645
5
4646
4
4647
4
4648
3
4649
1
4650
0
4651
4
4652
4
4653
4
4654
3
4655
2
4656
5
4657
8
4658
3
4659
4
4660
3
4661
8
4662
14
4663
4
4664
4
4665
2
4666
1
4667
3
4668
5
4669
3
4670
12
4671
8
4672
9
4673
2
4674
0
4675
5
4676
2
4677
3
4678
4
4679
5
4680
1
4681
0
4682
4
4683
4
4684
4
4685
1
4686
1
4687
0
4688
8
4689
10
4690
3
4691
6
4692
5
4693
9
4694
3
4695
5
4696
4
4697
3
4698
5
4699
3
4700
4
4701
12
4702
3
4703
5
4704
8
4705
3
4706
3
4707
6
4708
11
4709
12
4710
6
4711
5
4712
4
4713
3
4714
2
4715
9
4716
10
4717
6
4718
0
4719
17
4720
1
4721
7
4722
10
4723
3
4724
1
4725
7
4726
1
4727
7
4728
3
4729
5
4730
5
4731
4
4732
5
4733
7
4734
1
4735
6
4736
6
4737
3
4738
3
4739
2
4740
4
4741
6
4742
6
4743
3
4744
0
4745
3
4746
11
4747
1
4748
6
4749
12
4750
7
4751
1
4752
6
4753
3
4754
7
4755
4
4756
3
4757
3
4758
7
4759
4
4760
4
4761
2
4762
6
4763
5
4764
1
4765
14
4766
5
4767
6
4768
9
4769
5
4770
3
4771
1
4772
1
4773
2
4774
10
4775
4
4776
5
4777
12
4778
2
4779
3
4780
1
4781
4
4782
1
4783
2
4784
3
4785
1
4786
1
4787
10
4788
2
4789
3
4790
6
4791
1
4792
4
4793
6
4794
5
4795
2
4796
4
4797
6
4798
3
4799
2
4800
9
4801
3
4802
1
4803
4
4804
6
4805
13
4806
6
4807
3
4808
4
4809
4
4810
2
4811
3
4812
3
4813
2
4814
1
4815
8
4816
1
4817
6
4818
3
4819
3
4820
8
4821
2
4822
3
4823
3
4824
2
4825
1
4826
4
4827
6
4828
3
4829
8
4830
3
4831
1
4832
4
4833
5
4834
0
4835
3
4836
4
4837
6
4838
9
4839
1
4840
4
4841
2
4842
4
4843
3
4844
11
4845
4
4846
1
4847
4
4848
6
4849
5
4850
6
4851
5
4852
0
4853
3
4854
3
4855
5
4856
1
4857
1
4858
5
4859
1
4860
6
4861
11
4862
1
4863
14
4864
0
4865
4
4866
12
4867
5
4868
5
4869
2
4870
3
4871
0
4872
3
4873
4
4874
2
4875
5
4876
6
4877
7
4878
6
4879
5
4880
2
4881
2
4882
2
4883
8
4884
8
4885
5
4886
0
4887
4
4888
4
4889
11
4890
2
4891
2
4892
4
4893
8
4894
2
4895
7
4896
8
4897
3
4898
2
4899
14
4900
2
4901
5
4902
6
4903
5
4904
9
4905
5
4906
7
4907
5
4908
1
4909
11
4910
3
4911
4
4912
4
4913
8
4914
9
4915
3
4916
4
4917
7
4918
0
4919
4
4920
11
4921
2
4922
8
4923
3
4924
4
4925
1
4926
4
4927
7
4928
6
4929
2
4930
5
4931
5
4932
11
4933
1
4934
4
4935
2
4936
7
4937
12
4938
11
4939
14
4940
2
4941
2
4942
3
4943
8
4944
6
4945
4
4946
9
4947
2
4948
2
4949
5
4950
1
4951
9
4952
5
4953
7
4954
3
4955
0
4956
3
4957
4
4958
3
4959
0
4960
4
4961
1
4962
4
4963
9
4964
3
4965
9
4966
12
4967
5
4968
3
4969
8
4970
1
4971
2
4972
2
4973
7
4974
6
4975
7
4976
6
4977
6
4978
4
4979
14
4980
9
4981
1
4982
4
4983
3
4984
10
4985
11
4986
15
4987
0
4988
0
4989
2
4990
3
4991
9
4992
0
4993
4
4994
14
4995
5
4996
8
4997
1
4998
2
4999
6
5000
6
5001
9
5002
1
5003
3
5004
0
5005
8
5006
2
5007
19
5008
0
5009
2
5010
0
5011
4
5012
3
5013
1
5014
2
5015
6
5016
10
5017
9
5018
10
5019
5
5020
1
5021
3
5022
2
5023
4
5024
3
5025
0
5026
4
5027
1
5028
4
5029
1
5030
13
5031
3
5032
7
5033
4
5034
4
5035
10
5036
6
5037
5
5038
4
5039
3
5040
7
5041
4
5042
10
5043
8
5044
0
5045
2
5046
4
5047
2
5048
3
5049
4
5050
8
5051
1
5052
4
5053
4
5054
7
5055
1
5056
2
5057
5
5058
3
5059
5
5060
6
5061
1
5062
9
5063
3
5064
0
5065
1
5066
3
5067
0
5068
0
5069
2
5070
8
5071
3
5072
3
5073
4
5074
7
5075
4
5076
9
5077
1
5078
2
5079
8
5080
5
5081
3
5082
9
5083
1
5084
2
5085
3
5086
3
5087
2
5088
14
5089
1
5090
11
5091
1
5092
5
5093
1
5094
3
5095
4
5096
0
5097
2
5098
3
5099
1
5100
0
5101
0
5102
1
5103
4
5104
3
5105
0
5106
5
5107
4
5108
0
5109
6
5110
9
5111
4
5112
7
5113
6
5114
6
5115
2
5116
1
5117
5
5118
5
5119
1
5120
7
5121
10
5122
3
5123
5
5124
5
5125
7
5126
0
5127
2
5128
0
5129
1
5130
3
5131
7
5132
3
5133
7
5134
3
5135
8
5136
5
5137
4
5138
2
5139
8
5140
5
5141
5
5142
5
5143
4
5144
3
5145
10
5146
3
5147
3
5148
2
5149
11
5150
4
5151
1
5152
8
5153
8
5154
7
5155
4
5156
6
5157
6
5158
6
5159
3
5160
10
5161
2
5162
4
5163
1
5164
3
5165
3
5166
0
5167
8
5168
10
5169
5
5170
3
5171
2
5172
5
5173
10
5174
4
5175
3
5176
6
5177
3
5178
1
5179
4
5180
1
5181
10
5182
8
5183
4
5184
2
5185
5
5186
1
5187
3
5188
6
5189
15
5190
2
5191
2
5192
3
5193
0
5194
1
5195
3
5196
0
5197
7
5198
4
5199
2
5200
7
5201
2
5202
6
5203
5
5204
3
5205
1
5206
2
5207
1
5208
3
5209
3
5210
3
5211
6
5212
2
5213
3
5214
2
5215
4
5216
3
5217
3
5218
5
5219
3
5220
1
5221
4
5222
3
5223
3
5224
4
5225
3
5226
1
5227
0
5228
1
5229
1
5230
5
5231
1
5232
5
5233
6
5234
21
5235
1
5236
0
5237
4
5238
4
5239
4
5240
6
5241
2
5242
0
5243
8
5244
0
5245
2
5246
15
5247
8
5248
3
5249
5
5250
2
5251
3
5252
6
5253
1
5254
3
5255
8
5256
1
5257
5
5258
3
5259
0
5260
1
5261
3
5262
4
5263
4
5264
6
5265
4
5266
0
5267
5
5268
7
5269
4
5270
5
5271
4
5272
2
5273
2
5274
4
5275
3
5276
13
5277
2
5278
4
5279
7
5280
2
5281
4
5282
2
5283
8
5284
3
5285
1
5286
1
5287
5
5288
9
5289
10
5290
2
5291
4
5292
2
5293
1
5294
4
5295
4
5296
1
5297
5
5298
2
5299
3
5300
8
5301
6
5302
0
5303
3
5304
4
5305
2
5306
2
5307
10
5308
0
5309
10
5310
0
5311
1
5312
4
5313
6
5314
3
5315
3
5316
0
5317
9
5318
1
5319
4
5320
5
5321
4
5322
3
5323
3
5324
6
5325
5
5326
2
5327
2
5328
3
5329
4
5330
3
5331
5
5332
5
5333
8
5334
6
5335
8
5336
3
5337
5
5338
6
5339
2
5340
4
5341
3
5342
3
5343
3
5344
0
5345
0
5346
4
5347
3
5348
4
5349
5
5350
13
5351
4
5352
5
5353
7
5354
5
5355
7
5356
2
5357
4
5358
1
5359
7
5360
6
5361
7
5362
0
5363
2
5364
6
5365
7
5366
0
5367
0
5368
3
5369
6
5370
2
5371
8
5372
0
5373
3
5374
9
5375
13
5376
9
5377
9
5378
14
5379
3
5380
3
5381
0
5382
2
5383
3
5384
13
5385
5
5386
7
5387
0
5388
5
5389
3
5390
5
5391
4
5392
9
5393
3
5394
7
5395
7
5396
4
5397
4
5398
11
5399
12
5400
6
5401
3
5402
0
5403
5
5404
14
5405
4
5406
6
5407
3
5408
4
5409
4
5410
1
5411
2
5412
0
5413
7
5414
4
5415
6
5416
10
5417
5
5418
3
5419
2
5420
3
5421
8
5422
3
5423
0
5424
1
5425
2
5426
9
5427
5
5428
5
5429
8
5430
7
5431
5
5432
8
5433
4
5434
3
5435
2
5436
6
5437
10
5438
2
5439
11
5440
3
5441
9
5442
1
5443
1
5444
3
5445
5
5446
4
5447
5
5448
4
5449
0
5450
3
5451
4
5452
2
5453
7
5454
2
5455
3
5456
8
5457
0
5458
7
5459
2
5460
3
5461
3
5462
6
5463
0
5464
5
5465
5
5466
11
5467
5
5468
12
5469
8
5470
4
5471
8
5472
12
5473
10
5474
5
5475
4
5476
6
5477
2
5478
3
5479
9
5480
12
5481
6
5482
1
5483
8
5484
7
5485
1
5486
5
5487
0
5488
8
5489
0
5490
5
5491
3
5492
4
5493
3
5494
3
5495
7
5496
1
5497
6
5498
13
5499
4
5500
13
5501
6
5502
9
5503
1
5504
0
5505
3
5506
1
5507
2
5508
10
5509
2
5510
7
5511
3
5512
0
5513
5
5514
3
5515
2
5516
4
5517
2
5518
0
5519
2
5520
4
5521
1
5522
1
5523
6
5524
1
5525
0
5526
2
5527
2
5528
8
5529
8
5530
1
5531
0
5532
4
5533
4
5534
3
5535
1
5536
7
5537
0
5538
7
5539
5
5540
1
5541
4
5542
4
5543
4
5544
4
5545
7
5546
4
5547
8
5548
2
5549
7
5550
1
5551
3
5552
7
5553
3
5554
9
5555
2
5556
3
5557
8
5558
2
5559
2
5560
4
5561
3
5562
4
5563
12
5564
3
5565
5
5566
9
5567
0
5568
2
5569
3
5570
2
5571
4
5572
2
5573
0
5574
5
5575
1
5576
8
5577
4
5578
1
5579
1
5580
3
5581
13
5582
2
5583
6
5584
3
5585
2
5586
6
5587
0
5588
1
5589
7
5590
1
5591
0
5592
8
5593
11
5594
9
5595
0
5596
5
5597
4
5598
8
5599
3
5600
3
5601
1
5602
8
5603
4
5604
4
5605
9
5606
1
5607
4
5608
0
5609
4
5610
2
5611
2
5612
6
5613
7
5614
0
5615
7
5616
5
5617
1
5618
21
5619
3
5620
3
5621
3
5622
7
5623
2
5624
7
5625
1
5626
6
5627
12
5628
6
5629
6
5630
6
5631
7
5632
1
5633
0
5634
5
5635
3
5636
4
5637
15
5638
15
5639
2
5640
3
5641
8
5642
3
5643
2
5644
2
5645
15
5646
3
5647
4
5648
4
5649
4
5650
15
5651
14
5652
6
5653
2
5654
1
5655
3
5656
1
5657
5
5658
3
5659
4
5660
6
5661
2
5662
3
5663
4
5664
3
5665
7
5666
1
5667
6
5668
6
5669
1
5670
0
5671
5
5672
7
5673
3
5674
3
5675
2
5676
3
5677
6
5678
2
5679
6
5680
15
5681
5
5682
3
5683
9
5684
0
5685
1
5686
8
5687
6
5688
1
5689
5
5690
4
5691
8
5692
5
5693
1
5694
4
5695
15
5696
5
5697
2
5698
0
5699
6
5700
7
5701
3
5702
8
5703
3
5704
5
5705
1
5706
2
5707
6
5708
6
5709
0
5710
6
5711
0
5712
1
5713
4
5714
5
5715
0
5716
1
5717
7
5718
4
5719
1
5720
5
5721
1
5722
1
5723
4
5724
1
5725
4
5726
8
5727
4
5728
0
5729
3
5730
8
5731
2
5732
0
5733
1
5734
6
5735
6
5736
4
5737
1
5738
3
5739
11
5740
3
5741
10
5742
0
5743
3
5744
4
5745
0
5746
1
5747
9
5748
5
5749
2
5750
6
5751
1
5752
4
5753
2
5754
2
5755
4
5756
5
5757
3
5758
4
5759
3
5760
5
5761
2
5762
3
5763
1
5764
2
5765
4
5766
4
5767
1
5768
0
5769
3
5770
5
5771
10
5772
1
5773
6
5774
1
5775
4
5776
2
5777
5
5778
3
5779
6
5780
3
5781
8
5782
6
5783
3
5784
6
5785
4
5786
7
5787
3
5788
6
5789
10
5790
13
5791
5
5792
8
5793
7
5794
10
5795
11
5796
8
5797
10
5798
5
5799
8
5800
3
5801
4
5802
2
5803
4
5804
5
5805
6
5806
4
5807
0
5808
9
5809
1
5810
11
5811
6
5812
4
5813
3
5814
15
5815
2
5816
3
5817
8
5818
13
5819
5
5820
5
5821
4
5822
1
5823
2
5824
8
5825
1
5826
4
5827
3
5828
3
5829
1
5830
1
5831
6
5832
1
5833
10
5834
9
5835
8
5836
8
5837
7
5838
2
5839
1
5840
6
5841
2
5842
6
5843
4
5844
0
5845
1
5846
11
5847
4
5848
8
5849
4
5850
4
5851
6
5852
5
5853
4
5854
4
5855
1
5856
4
5857
4
5858
2
5859
4
5860
5
5861
10
5862
4
5863
3
5864
5
5865
4
5866
4
5867
5
5868
7
5869
3
5870
3
5871
3
5872
2
5873
1
5874
21
5875
6
5876
5
5877
5
5878
4
5879
9
5880
6
5881
5
5882
4
5883
4
5884
8
5885
1
5886
6
5887
4
5888
1
5889
5
5890
6
5891
2
5892
5
5893
1
5894
0
5895
2
5896
9
5897
5
5898
4
5899
14
5900
3
5901
9
5902
10
5903
4
5904
4
5905
6
5906
12
5907
2
5908
10
5909
4
5910
6
5911
9
5912
7
5913
3
5914
1
5915
3
5916
1
5917
2
5918
5
5919
9
5920
9
5921
3
5922
1
5923
5
5924
5
5925
1
5926
3
5927
4
5928
1
5929
7
5930
8
5931
0
5932
11
5933
14
5934
7
5935
6
5936
8
5937
7
5938
2
5939
4
5940
2
5941
6
5942
4
5943
6
5944
4
5945
6
5946
3
5947
5
5948
1
5949
9
5950
11
5951
5
5952
4
5953
10
5954
2
5955
2
5956
0
5957
4
5958
4
5959
15
5960
2
5961
6
5962
1
5963
2
5964
2
5965
2
5966
8
5967
11
5968
5
5969
4
5970
3
5971
3
5972
1
5973
13
5974
2
5975
1
5976
5
5977
4
5978
0
5979
10
5980
6
5981
4
5982
11
5983
4
5984
3
5985
1
5986
3
5987
10
5988
4
5989
12
5990
1
5991
15
5992
3
5993
1
5994
3
5995
4
5996
5
5997
5
5998
6
5999
2
6000
9
6001
9
6002
9
6003
2
6004
2
6005
3
6006
3
6007
1
6008
4
6009
9
6010
4
6011
3
6012
3
6013
1
6014
4
6015
2
6016
2
6017
1
6018
6
6019
9
6020
4
6021
6
6022
0
6023
6
6024
2
6025
8
6026
3
6027
11
6028
1
6029
5
6030
11
6031
3
6032
3
6033
8
6034
5
6035
1
6036
0
6037
3
6038
4
6039
4
6040
0
6041
6
6042
3
6043
3
6044
3
6045
5
6046
8
6047
1
6048
2
6049
2
6050
0
6051
8
6052
3
6053
3
6054
9
6055
6
6056
1
6057
6
6058
3
6059
4
6060
9
6061
4
6062
1
6063
2
6064
5
6065
3
6066
4
6067
6
6068
0
6069
9
6070
5
6071
0
6072
8
6073
6
6074
1
6075
3
6076
13
6077
0
6078
1
6079
4
6080
11
6081
1
6082
12
6083
8
6084
5
6085
1
6086
13
6087
3
6088
3
6089
7
6090
4
6091
3
6092
6
6093
0
6094
4
6095
2
6096
2
6097
3
6098
4
6099
12
6100
0
6101
1
6102
1
6103
2
6104
2
6105
7
6106
0
6107
1
6108
2
6109
4
6110
1
6111
4
6112
1
6113
11
6114
7
6115
2
6116
4
6117
1
6118
2
6119
3
6120
10
6121
4
6122
4
6123
5
6124
10
6125
1
6126
3
6127
0
6128
10
6129
7
6130
3
6131
4
6132
3
6133
3
6134
5
6135
3
6136
0
6137
6
6138
10
6139
5
6140
3
6141
2
6142
6
6143
4
6144
1
6145
2
6146
4
6147
7
6148
7
6149
12
6150
3
6151
1
6152
4
6153
3
6154
5
6155
9
6156
2
6157
8
6158
3
6159
4
6160
1
6161
15
6162
0
6163
6
6164
5
6165
2
6166
1
6167
2
6168
3
6169
0
6170
12
6171
8
6172
6
6173
5
6174
1
6175
3
6176
7
6177
8
6178
7
6179
5
6180
1
6181
6
6182
1
6183
6
6184
2
6185
3
6186
12
6187
8
6188
5
6189
3
6190
7
6191
2
6192
4
6193
2
6194
4
6195
4
6196
5
6197
2
6198
1
6199
4
6200
9
6201
0
6202
2
6203
2
6204
3
6205
6
6206
0
6207
1
6208
3
6209
6
6210
1
6211
9
6212
11
6213
3
6214
6
6215
1
6216
2
6217
3
6218
1
6219
5
6220
2
6221
12
6222
3
6223
3
6224
10
6225
0
6226
3
6227
0
6228
8
6229
3
6230
3
6231
3
6232
7
6233
7
6234
4
6235
3
6236
2
6237
1
6238
7
6239
3
6240
1
6241
20
6242
5
6243
1
6244
3
6245
5
6246
9
6247
0
6248
9
6249
4
6250
6
6251
5
6252
2
6253
1
6254
0
6255
10
6256
4
6257
3
6258
8
6259
7
6260
2
6261
4
6262
4
6263
3
6264
9
6265
5
6266
1
6267
2
6268
13
6269
6
6270
7
6271
1
6272
3
6273
5
6274
3
6275
1
6276
3
6277
4
6278
2
6279
3
6280
8
6281
3
6282
3
6283
1
6284
1
6285
1
6286
0
6287
1
6288
1
6289
14
6290
4
6291
3
6292
5
6293
4
6294
1
6295
2
6296
7
6297
1
6298
2
6299
4
6300
9
6301
1
6302
3
6303
7
6304
3
6305
10
6306
12
6307
2
6308
3
6309
3
6310
0
6311
10
6312
5
6313
3
6314
2
6315
3
6316
5
6317
6
6318
3
6319
1
6320
1
6321
3
6322
5
6323
10
6324
0
6325
13
6326
2
6327
9
6328
8
6329
7
6330
2
6331
2
6332
2
6333
1
6334
5
6335
2
6336
4
6337
3
6338
5
6339
4
6340
3
6341
6
6342
5
6343
7
6344
1
6345
3
6346
0
6347
0
6348
6
6349
8
6350
9
6351
0
6352
8
6353
3
6354
0
6355
3
6356
0
6357
1
6358
2
6359
3
6360
4
6361
6
6362
3
6363
4
6364
4
6365
2
6366
2
6367
2
6368
0
6369
5
6370
4
6371
4
6372
6
6373
12
6374
3
6375
3
6376
1
6377
5
6378
6
6379
4
6380
0
6381
0
6382
3
6383
4
6384
1
6385
5
6386
4
6387
2
6388
4
6389
3
6390
4
6391
2
6392
4
6393
3
6394
8
6395
5
6396
2
6397
3
6398
4
6399
2
6400
6
6401
3
6402
0
6403
0
6404
7
6405
4
6406
4
6407
7
6408
3
6409
1
6410
1
6411
2
6412
0
6413
0
6414
8
6415
1
6416
4
6417
6
6418
6
6419
13
6420
11
6421
5
6422
6
6423
9
6424
2
6425
2
6426
0
6427
6
6428
14
6429
2
6430
1
6431
7
6432
5
6433
4
6434
13
6435
1
6436
4
6437
4
6438
7
6439
13
6440
3
6441
3
6442
10
6443
7
6444
5
6445
0
6446
4
6447
3
6448
2
6449
6
6450
4
6451
5
6452
3
6453
5
6454
3
6455
5
6456
4
6457
0
6458
9
6459
10
6460
2
6461
5
6462
2
6463
14
6464
6
6465
2
6466
2
6467
4
6468
4
6469
17
6470
2
6471
2
6472
7
6473
4
6474
2
6475
0
6476
4
6477
11
6478
3
6479
5
6480
0
6481
0
6482
5
6483
8
6484
2
6485
3
6486
4
6487
1
6488
4
6489
13
6490
2
6491
3
6492
1
6493
3
6494
3
6495
6
6496
3
6497
1
6498
4
6499
5
6500
3
6501
3
6502
4
6503
3
6504
1
6505
11
6506
1
6507
3
6508
2
6509
5
6510
4
6511
4
6512
3
6513
4
6514
6
6515
1
6516
2
6517
4
6518
0
6519
4
6520
4
6521
5
6522
5
6523
2
6524
8
6525
4
6526
1
6527
2
6528
0
6529
2
6530
0
6531
6
6532
13
6533
6
6534
2
6535
3
6536
5
6537
4
6538
7
6539
3
6540
8
6541
1
6542
5
6543
4
6544
4
6545
14
6546
8
6547
0
6548
4
6549
6
6550
4
6551
10
6552
5
6553
0
6554
2
6555
5
6556
7
6557
7
6558
7
6559
7
6560
4
6561
6
6562
9
6563
4
6564
6
6565
3
6566
4
6567
3
6568
7
6569
3
6570
15
6571
5
6572
6
6573
4
6574
5
6575
1
6576
1
6577
2
6578
3
6579
2
6580
0
6581
8
6582
13
6583
0
6584
4
6585
1
6586
6
6587
4
6588
3
6589
5
6590
2
6591
3
6592
4
6593
4
6594
4
6595
3
6596
8
6597
4
6598
3
6599
3
6600
5
6601
3
6602
5
6603
4
6604
4
6605
7
6606
3
6607
3
6608
2
6609
3
6610
2
6611
8
6612
0
6613
4
6614
2
6615
0
6616
5
6617
8
6618
1
6619
3
6620
10
6621
21
6622
11
6623
11
6624
1
6625
4
6626
3
6627
5
6628
2
6629
12
6630
3
6631
12
6632
7
6633
5
6634
4
6635
3
6636
4
6637
1
6638
9
6639
9
6640
11
6641
8
6642
4
6643
4
6644
9
6645
5
6646
8
6647
2
6648
5
6649
14
6650
4
6651
9
6652
6
6653
4
6654
1
6655
3
6656
10
6657
11
6658
6
6659
9
6660
3
6661
6
6662
2
6663
3
6664
1
6665
7
6666
7
6667
7
6668
5
6669
12
6670
4
6671
0
6672
9
6673
11
6674
3
6675
4
6676
6
6677
1
6678
5
6679
4
6680
4
6681
4
6682
5
6683
4
6684
1
6685
2
6686
2
6687
1
6688
0
6689
5
6690
0
6691
4
6692
8
6693
2
6694
0
6695
5
6696
3
6697
1
6698
4
6699
1
6700
1
6701
5
6702
4
6703
4
6704
8
6705
5
6706
2
6707
9
6708
3
6709
5
6710
2
6711
4
6712
7
6713
2
6714
3
6715
0
6716
6
6717
1
6718
1
6719
3
6720
5
6721
7
6722
0
6723
1
6724
10
6725
4
6726
5
6727
4
6728
4
6729
4
6730
2
6731
0
6732
6
6733
5
6734
3
6735
0
6736
5
6737
6
6738
14
6739
3
6740
5
6741
3
6742
11
6743
6
6744
7
6745
19
6746
7
6747
3
6748
1
6749
3
6750
1
6751
9
6752
3
6753
2
6754
7
6755
5
6756
3
6757
12
6758
2
6759
4
6760
1
6761
16
6762
2
6763
5
6764
7
6765
1
6766
7
6767
1
6768
1
6769
4
6770
7
6771
1
6772
7
6773
5
6774
2
6775
7
6776
12
6777
1
6778
2
6779
3
6780
2
6781
2
6782
9
6783
3
6784
0
6785
0
6786
3
6787
2
6788
4
6789
3
6790
6
6791
2
6792
7
6793
3
6794
6
6795
3
6796
5
6797
4
6798
11
6799
2
6800
3
6801
2
6802
2
6803
5
6804
4
6805
15
6806
4
6807
6
6808
4
6809
3
6810
5
6811
1
6812
1
6813
3
6814
6
6815
1
6816
3
6817
4
6818
3
6819
5
6820
7
6821
2
6822
4
6823
3
6824
8
6825
3
6826
6
6827
7
6828
4
6829
4
6830
5
6831
14
6832
0
6833
7
6834
4
6835
2
6836
3
6837
0
6838
0
6839
6
6840
0
6841
5
6842
4
6843
6
6844
6
6845
12
6846
10
6847
10
6848
3
6849
6
6850
6
6851
1
6852
15
6853
4
6854
4
6855
3
6856
4
6857
6
6858
2
6859
1
6860
2
6861
5
6862
1
6863
2
6864
1
6865
14
6866
2
6867
1
6868
3
6869
1
6870
5
6871
1
6872
8
6873
8
6874
4
6875
5
6876
0
6877
3
6878
4
6879
3
6880
4
6881
1
6882
4
6883
7
6884
0
6885
4
6886
6
6887
2
6888
6
6889
4
6890
1
6891
8
6892
5
6893
14
6894
3
6895
3
6896
1
6897
1
6898
14
6899
8
6900
4
6901
3
6902
1
6903
5
6904
2
6905
10
6906
5
6907
15
6908
6
6909
6
6910
0
6911
4
6912
2
6913
3
6914
5
6915
11
6916
15
6917
6
6918
5
6919
13
6920
2
6921
3
6922
4
6923
3
6924
4
6925
5
6926
0
6927
8
6928
6
6929
7
6930
7
6931
4
6932
2
6933
3
6934
0
6935
5
6936
3
6937
1
6938
2
6939
13
6940
11
6941
3
6942
5
6943
3
6944
4
6945
3
6946
3
6947
8
6948
10
6949
10
6950
1
6951
1
6952
5
6953
10
6954
7
6955
6
6956
3
6957
4
6958
3
6959
2
6960
5
6961
4
6962
6
6963
13
6964
4
6965
6
6966
5
6967
1
6968
9
6969
4
6970
2
6971
2
6972
4
6973
5
6974
4
6975
3
6976
3
6977
7
6978
8
6979
3
6980
2
6981
1
6982
0
6983
2
6984
13
6985
4
6986
2
6987
1
6988
0
6989
4
6990
3
6991
1
6992
11
6993
1
6994
6
6995
8
6996
1
6997
3
6998
3
6999
13
7000
5
7001
1
7002
1
7003
2
7004
14
7005
4
7006
2
7007
6
7008
13
7009
0
7010
10
7011
2
7012
3
7013
1
7014
0
7015
4
7016
4
7017
4
7018
12
7019
1
7020
4
7021
5
7022
4
7023
1
7024
0
7025
4
7026
2
7027
6
7028
0
7029
8
7030
2
7031
3
7032
8
7033
1
7034
5
7035
3
7036
4
7037
2
7038
6
7039
3
7040
3
7041
4
7042
4
7043
12
7044
2
7045
3
7046
2
7047
2
7048
4
7049
2
7050
0
7051
4
7052
4
7053
3
7054
5
7055
4
7056
1
7057
5
7058
6
7059
3
7060
1
7061
3
7062
1
7063
10
7064
4
7065
1
7066
3
7067
3
7068
5
7069
0
7070
5
7071
4
7072
2
7073
0
7074
6
7075
6
7076
3
7077
1
7078
0
7079
11
7080
0
7081
2
7082
1
7083
1
7084
5
7085
2
7086
2
7087
1
7088
2
7089
1
7090
2
7091
4
7092
6
7093
3
7094
6
7095
11
7096
7
7097
6
7098
15
7099
2
7100
6
7101
3
7102
3
7103
4
7104
2
7105
5
7106
14
7107
3
7108
9
7109
3
7110
3
7111
7
7112
4
7113
9
7114
1
7115
5
7116
5
7117
2
7118
14
7119
7
7120
12
7121
2
7122
7
7123
6
7124
5
7125
3
7126
1
7127
9
7128
5
7129
4
7130
4
7131
4
7132
9
7133
15
7134
2
7135
3
7136
1
7137
2
7138
4
7139
0
7140
5
7141
12
7142
4
7143
2
7144
5
7145
1
7146
3
7147
4
7148
3
7149
2
7150
5
7151
7
7152
3
7153
4
7154
2
7155
5
7156
4
7157
8
7158
1
7159
13
7160
10
7161
3
7162
0
7163
0
7164
3
7165
4
7166
3
7167
6
7168
1
7169
4
7170
5
7171
6
7172
7
7173
2
7174
1
7175
12
7176
0
7177
6
7178
1
7179
8
7180
1
7181
3
7182
2
7183
3
7184
7
7185
2
7186
3
7187
3
7188
5
7189
1
7190
10
7191
4
7192
3
7193
0
7194
4
7195
8
7196
7
7197
11
7198
4
7199
4
7200
1
7201
0
7202
4
7203
2
7204
1
7205
6
7206
15
7207
2
7208
6
7209
5
7210
1
7211
2
7212
4
7213
4
7214
0
7215
0
7216
11
7217
1
7218
6
7219
8
7220
2
7221
9
7222
3
7223
0
7224
2
7225
0
7226
2
7227
5
7228
5
7229
1
7230
0
7231
2
7232
8
7233
3
7234
2
7235
2
7236
4
7237
2
7238
10
7239
12
7240
2
7241
6
7242
5
7243
13
7244
2
7245
1
7246
4
7247
4
7248
5
7249
2
7250
8
7251
13
7252
4
7253
0
7254
1
7255
1
7256
3
7257
7
7258
5
7259
2
7260
2
7261
1
7262
7
7263
4
7264
10
7265
3
7266
4
7267
5
7268
13
7269
2
7270
9
7271
3
7272
3
7273
2
7274
3
7275
4
7276
5
7277
6
7278
3
7279
1
7280
4
7281
9
7282
1
7283
1
7284
1
7285
4
7286
11
7287
12
7288
1
7289
5
7290
4
7291
17
7292
2
7293
1
7294
1
7295
4
7296
7
7297
1
7298
9
7299
6
7300
1
7301
2
7302
3
7303
3
7304
6
7305
3
7306
6
7307
4
7308
3
7309
7
7310
9
7311
5
7312
5
7313
4
7314
6
7315
8
7316
1
7317
1
7318
0
7319
1
7320
6
7321
7
7322
4
7323
3
7324
1
7325
4
7326
1
7327
14
7328
2
7329
8
7330
6
7331
6
7332
3
7333
3
7334
1
7335
2
7336
8
7337
4
7338
4
7339
0
7340
6
7341
3
7342
12
7343
3
7344
1
7345
5
7346
4
7347
3
7348
8
7349
1
7350
8
7351
9
7352
3
7353
1
7354
4
7355
3
7356
3
7357
2
7358
6
7359
0
7360
1
7361
8
7362
7
7363
4
7364
7
7365
1
7366
8
7367
0
7368
3
7369
2
7370
15
7371
5
7372
4
7373
8
7374
1
7375
4
7376
2
7377
1
7378
7
7379
8
7380
22
7381
2
7382
9
7383
5
7384
9
7385
6
7386
10
7387
7
7388
1
7389
1
7390
10
7391
6
7392
5
7393
1
7394
5
7395
10
7396
1
7397
15
7398
5
7399
3
7400
5
7401
5
7402
9
7403
1
7404
1
7405
4
7406
4
7407
7
7408
2
7409
4
7410
5
7411
5
7412
4
7413
2
7414
1
7415
14
7416
7
7417
9
7418
3
7419
3
7420
12
7421
10
7422
10
7423
4
7424
4
7425
0
7426
4
7427
2
7428
4
7429
8
7430
1
7431
2
7432
0
7433
3
7434
11
7435
10
7436
3
7437
6
7438
6
7439
6
7440
4
7441
8
7442
1
7443
2
7444
0
7445
6
7446
6
7447
3
7448
2
7449
6
7450
4
7451
15
7452
3
7453
3
7454
3
7455
6
7456
1
7457
1
7458
7
7459
1
7460
4
7461
9
7462
1
7463
0
7464
2
7465
0
7466
1
7467
8
7468
1
7469
9
7470
11
7471
3
7472
4
7473
3
7474
2
7475
2
7476
10
7477
8
7478
6
7479
3
7480
3
7481
7
7482
3
7483
4
7484
8
7485
6
7486
8
7487
7
7488
4
7489
0
7490
4
7491
5
7492
3
7493
3
7494
3
7495
14
7496
10
7497
3
7498
1
7499
2
7500
4
7501
2
7502
4
7503
5
7504
3
7505
2
7506
6
7507
4
7508
8
7509
8
7510
12
7511
3
7512
0
7513
4
7514
4
7515
5
7516
11
7517
2
7518
4
7519
9
7520
7
7521
3
7522
0
7523
2
7524
9
7525
4
7526
0
7527
2
7528
7
7529
7
7530
2
7531
4
7532
7
7533
1
7534
0
7535
1
7536
3
7537
3
7538
4
7539
2
7540
5
7541
3
7542
2
7543
5
7544
4
7545
11
7546
4
7547
3
7548
1
7549
4
7550
4
7551
1
7552
11
7553
4
7554
9
7555
4
7556
1
7557
2
7558
5
7559
8
7560
4
7561
9
7562
5
7563
3
7564
1
7565
5
7566
3
7567
1
7568
0
7569
5
7570
8
7571
2
7572
13
7573
1
7574
6
7575
5
7576
10
7577
0
7578
4
7579
9
7580
6
7581
1
7582
5
7583
1
7584
1
7585
3
7586
4
7587
4
7588
3
7589
0
7590
3
7591
1
7592
8
7593
6
7594
6
7595
7
7596
1
7597
4
7598
5
7599
7
7600
14
7601
4
7602
0
7603
12
7604
4
7605
3
7606
2
7607
3
7608
3
7609
2
7610
1
7611
4
7612
2
7613
5
7614
6
7615
7
7616
2
7617
5
7618
12
7619
4
7620
6
7621
0
7622
3
7623
5
7624
4
7625
0
7626
6
7627
5
7628
11
7629
13
7630
0
7631
1
7632
3
7633
3
7634
3
7635
3
7636
2
7637
7
7638
8
7639
7
7640
4
7641
8
7642
1
7643
7
7644
2
7645
1
7646
5
7647
16
7648
5
7649
6
7650
5
7651
0
7652
3
7653
2
7654
3
7655
2
7656
2
7657
10
7658
7
7659
9
7660
5
7661
4
7662
2
7663
9
7664
5
7665
2
7666
8
7667
13
7668
1
7669
4
7670
12
7671
7
7672
0
7673
2
7674
13
7675
6
7676
4
7677
0
7678
3
7679
11
7680
9
7681
3
7682
12
7683
6
7684
5
7685
4
7686
1
7687
5
7688
7
7689
5
7690
5
7691
9
7692
3
7693
4
7694
7
7695
4
7696
8
7697
3
7698
8
7699
4
7700
2
7701
3
7702
8
7703
2
7704
0
7705
1
7706
10
7707
3
7708
7
7709
4
7710
9
7711
5
7712
3
7713
2
7714
3
7715
1
7716
5
7717
2
7718
0
7719
2
7720
3
7721
1
7722
3
7723
2
7724
11
7725
3
7726
4
7727
4
7728
1
7729
4
7730
8
7731
2
7732
8
7733
2
7734
4
7735
2
7736
5
7737
2
7738
4
7739
6
7740
6
7741
11
7742
3
7743
3
7744
1
7745
4
7746
3
7747
1
7748
2
7749
2
7750
7
7751
3
7752
2
7753
6
7754
0
7755
1
7756
4
7757
2
7758
7
7759
6
7760
5
7761
1
7762
4
7763
4
7764
0
7765
5
7766
2
7767
6
7768
2
7769
0
7770
4
7771
0
7772
8
7773
4
7774
1
7775
1
7776
1
7777
14
7778
5
7779
8
7780
2
7781
2
7782
3
7783
5
7784
10
7785
10
7786
3
7787
6
7788
3
7789
4
7790
3
7791
3
7792
9
7793
4
7794
1
7795
0
7796
5
7797
5
7798
6
7799
11
7800
11
7801
17
7802
6
7803
1
7804
5
7805
6
7806
3
7807
0
7808
10
7809
1
7810
8
7811
0
7812
7
7813
14
7814
7
7815
9
7816
9
7817
4
7818
3
7819
1
7820
12
7821
10
7822
6
7823
4
7824
10
7825
8
7826
9
7827
5
7828
4
7829
11
7830
8
7831
8
7832
3
7833
5
7834
1
7835
4
7836
7
7837
15
7838
1
7839
1
7840
6
7841
2
7842
4
7843
4
7844
9
7845
4
7846
2
7847
4
7848
0
7849
1
7850
2
7851
3
7852
3
7853
1
7854
1
7855
5
7856
2
7857
2
7858
1
7859
4
7860
1
7861
11
7862
5
7863
20
7864
5
7865
8
7866
0
7867
2
7868
2
7869
5
7870
5
7871
9
7872
4
7873
7
7874
3
7875
5
7876
5
7877
11
7878
11
7879
1
7880
11
7881
1
7882
4
7883
4
7884
0
7885
3
7886
7
7887
2
7888
0
7889
2
7890
1
7891
1
7892
10
7893
5
7894
2
7895
5
7896
6
7897
7
7898
2
7899
5
7900
3
7901
9
7902
1
7903
2
7904
6
7905
4
7906
1
7907
1
7908
5
7909
5
7910
2
7911
1
7912
11
7913
4
7914
0
7915
7
7916
6
7917
5
7918
1
7919
4
7920
6
7921
3
7922
2
7923
2
7924
10
7925
9
7926
17
7927
0
7928
2
7929
3
7930
2
7931
5
7932
4
7933
4
7934
1
7935
4
7936
4
7937
3
7938
13
7939
2
7940
3
7941
5
7942
6
7943
0
7944
4
7945
0
7946
7
7947
4
7948
0
7949
7
7950
2
7951
8
7952
1
7953
2
7954
3
7955
4
7956
5
7957
3
7958
4
7959
12
7960
14
7961
4
7962
0
7963
6
7964
5
7965
7
7966
8
7967
3
7968
8
7969
3
7970
7
7971
1
7972
12
7973
5
7974
4
7975
6
7976
5
7977
5
7978
1
7979
3
7980
1
7981
3
7982
3
7983
3
7984
9
7985
0
7986
1
7987
1
7988
4
7989
1
7990
9
7991
2
7992
4
7993
2
7994
3
7995
0
7996
0
7997
1
7998
10
7999
2
8000
3
8001
2
8002
3
8003
5
8004
4
8005
2
8006
5
8007
2
8008
2
8009
6
8010
8
8011
0
8012
10
8013
10
8014
5
8015
1
8016
8
8017
4
8018
4
8019
4
8020
11
8021
3
8022
5
8023
14
8024
0
8025
5
8026
5
8027
2
8028
8
8029
1
8030
0
8031
1
8032
4
8033
1
8034
6
8035
1
8036
3
8037
13
8038
2
8039
4
8040
5
8041
2
8042
5
8043
6
8044
9
8045
6
8046
3
8047
1
8048
1
8049
0
8050
0
8051
3
8052
2
8053
4
8054
13
8055
1
8056
0
8057
3
8058
2
8059
9
8060
4
8061
2
8062
5
8063
8
8064
12
8065
9
8066
6
8067
5
8068
4
8069
0
8070
9
8071
5
8072
2
8073
0
8074
9
8075
3
8076
10
8077
6
8078
3
8079
6
8080
10
8081
1
8082
3
8083
0
8084
1
8085
5
8086
4
8087
5
8088
7
8089
1
8090
3
8091
12
8092
14
8093
2
8094
6
8095
5
8096
6
8097
0
8098
4
8099
3
8100
2
8101
4
8102
6
8103
8
8104
4
8105
4
8106
4
8107
4
8108
0
8109
2
8110
2
8111
3
8112
0
8113
5
8114
2
8115
8
8116
3
8117
6
8118
5
8119
3
8120
6
8121
9
8122
2
8123
2
8124
2
8125
1
8126
8
8127
5
8128
2
8129
6
8130
7
8131
4
8132
7
8133
1
8134
2
8135
5
8136
4
8137
2
8138
13
8139
0
8140
3
8141
3
8142
9
8143
4
8144
3
8145
7
8146
2
8147
7
8148
3
8149
4
8150
6
8151
1
8152
5
8153
7
8154
8
8155
3
8156
4
8157
3
8158
13
8159
9
8160
4
8161
4
8162
8
8163
3
8164
9
8165
2
8166
8
8167
3
8168
3
8169
6
8170
6
8171
8
8172
4
8173
8
8174
4
8175
1
8176
3
8177
2
8178
2
8179
1
8180
3
8181
6
8182
2
8183
2
8184
0
8185
5
8186
1
8187
5
8188
3
8189
1
8190
4
8191
4
8192
6
8193
7
8194
3
8195
0
8196
5
8197
6
8198
3
8199
7
8200
2
8201
5
8202
5
8203
0
8204
1
8205
5
8206
5
8207
2
8208
1
8209
3
8210
1
8211
9
8212
15
8213
1
8214
9
8215
6
8216
11
8217
5
8218
4
8219
5
8220
1
8221
8
8222
6
8223
6
8224
2
8225
1
8226
3
8227
5
8228
3
8229
4
8230
1
8231
4
8232
6
8233
2
8234
6
8235
7
8236
2
8237
3
8238
5
8239
3
8240
1
8241
0
8242
9
8243
2
8244
1
8245
5
8246
7
8247
4
8248
3
8249
6
8250
0
8251
13
8252
4
8253
2
8254
3
8255
2
8256
7
8257
4
8258
7
8259
4
8260
3
8261
2
8262
4
8263
2
8264
4
8265
1
8266
2
8267
4
8268
1
8269
3
8270
0
8271
8
8272
2
8273
0
8274
3
8275
14
8276
5
8277
8
8278
13
8279
8
8280
4
8281
11
8282
2
8283
6
8284
1
8285
2
8286
3
8287
6
8288
4
8289
8
8290
2
8291
1
8292
3
8293
6
8294
5
8295
7
8296
3
8297
7
8298
4
8299
1
8300
1
8301
2
8302
5
8303
1
8304
4
8305
2
8306
2
8307
3
8308
0
8309
8
8310
4
8311
3
8312
1
8313
1
8314
15
8315
4
8316
0
8317
8
8318
5
8319
1
8320
9
8321
4
8322
5
8323
0
8324
3
8325
5
8326
5
8327
7
8328
5
8329
2
8330
3
8331
5
8332
4
8333
1
8334
1
8335
1
8336
5
8337
6
8338
2
8339
5
8340
8
8341
4
8342
1
8343
9
8344
8
8345
1
8346
2
8347
7
8348
3
8349
3
8350
0
8351
4
8352
9
8353
3
8354
3
8355
0
8356
7
8357
5
8358
3
8359
11
8360
1
8361
3
8362
1
8363
12
8364
6
8365
4
8366
9
8367
0
8368
2
8369
3
8370
2
8371
10
8372
11
8373
5
8374
3
8375
0
8376
4
8377
13
8378
2
8379
5
8380
1
8381
0
8382
15
8383
13
8384
15
8385
1
8386
5
8387
0
8388
4
8389
7
8390
2
8391
3
8392
3
8393
10
8394
4
8395
4
8396
1
8397
0
8398
3
8399
1
8400
4
8401
13
8402
3
8403
0
8404
5
8405
1
8406
2
8407
8
8408
3
8409
2
8410
8
8411
1
8412
3
8413
6
8414
14
8415
2
8416
10
8417
8
8418
11
8419
3
8420
2
8421
4
8422
7
8423
5
8424
8
8425
3
8426
9
8427
9
8428
6
8429
5
8430
13
8431
4
8432
11
8433
12
8434
5
8435
3
8436
5
8437
2
8438
0
8439
4
8440
4
8441
9
8442
3
8443
5
8444
0
8445
5
8446
3
8447
0
8448
6
8449
2
8450
4
8451
9
8452
3
8453
3
8454
4
8455
5
8456
0
8457
4
8458
1
8459
4
8460
14
8461
6
8462
9
8463
5
8464
6
8465
2
8466
4
8467
3
8468
1
8469
1
8470
6
8471
2
8472
3
8473
0
8474
12
8475
1
8476
1
8477
3
8478
6
8479
10
8480
4
8481
2
8482
4
8483
0
8484
8
8485
2
8486
3
8487
5
8488
12
8489
2
8490
1
8491
3
8492
15
8493
6
8494
6
8495
6
8496
4
8497
1
8498
5
8499
6
8500
6
8501
1
8502
10
8503
0
8504
3
8505
6
8506
1
8507
5
8508
6
8509
1
8510
6
8511
5
8512
1
8513
5
8514
3
8515
2
8516
13
8517
15
8518
6
8519
1
8520
7
8521
7
8522
2
8523
4
8524
0
8525
4
8526
6
8527
4
8528
3
8529
2
8530
2
8531
1
8532
3
8533
2
8534
1
8535
3
8536
5
8537
4
8538
0
8539
2
8540
6
8541
4
8542
8
8543
2
8544
4
8545
3
8546
6
8547
4
8548
4
8549
1
8550
2
8551
8
8552
4
8553
1
8554
6
8555
5
8556
7
8557
5
8558
1
8559
1
8560
11
8561
5
8562
5
8563
11
8564
0
8565
6
8566
7
8567
7
8568
12
8569
3
8570
2
8571
1
8572
4
8573
4
8574
5
8575
4
8576
10
8577
8
8578
2
8579
13
8580
0
8581
2
8582
10
8583
3
8584
4
8585
1
8586
5
8587
3
8588
3
8589
0
8590
4
8591
1
8592
3
8593
9
8594
3
8595
2
8596
5
8597
6
8598
4
8599
4
8600
4
8601
5
8602
5
8603
5
8604
4
8605
10
8606
1
8607
3
8608
1
8609
6
8610
2
8611
10
8612
2
8613
2
8614
6
8615
3
8616
3
8617
8
8618
2
8619
5
8620
0
8621
6
8622
3
8623
3
8624
4
8625
7
8626
5
8627
3
8628
4
8629
1
8630
0
8631
11
8632
7
8633
6
8634
8
8635
4
8636
13
8637
4
8638
9
8639
11
8640
6
8641
4
8642
5
8643
3
8644
4
8645
15
8646
2
8647
15
8648
5
8649
6
8650
2
8651
13
8652
3
8653
11
8654
1
8655
2
8656
4
8657
4
8658
4
8659
1
8660
2
8661
3
8662
6
8663
6
8664
6
8665
3
8666
2
8667
3
8668
7
8669
6
8670
4
8671
15
8672
5
8673
2
8674
3
8675
12
8676
5
8677
1
8678
5
8679
3
8680
2
8681
8
8682
5
8683
7
8684
7
8685
0
8686
7
8687
2
8688
6
8689
5
8690
4
8691
0
8692
3
8693
3
8694
0
8695
0
8696
5
8697
5
8698
1
8699
0
8700
12
8701
7
8702
2
8703
11
8704
5
8705
3
8706
6
8707
5
8708
6
8709
6
8710
0
8711
10
8712
5
8713
2
8714
5
8715
4
8716
5
8717
3
8718
3
8719
7
8720
6
8721
8
8722
5
8723
9
8724
1
8725
3
8726
10
8727
14
8728
3
8729
7
8730
6
8731
1
8732
6
8733
0
8734
7
8735
0
8736
2
8737
0
8738
3
8739
8
8740
0
8741
6
8742
2
8743
13
8744
7
8745
2
8746
0
8747
4
8748
3
8749
2
8750
3
8751
6
8752
11
8753
2
8754
9
8755
5
8756
4
8757
1
8758
11
8759
4
8760
2
8761
7
8762
4
8763
8
8764
14
8765
3
8766
8
8767
8
8768
10
8769
9
8770
2
8771
3
8772
8
8773
6
8774
1
8775
5
8776
7
8777
2
8778
4
8779
1
8780
1
8781
2
8782
8
8783
0
8784
4
8785
0
8786
4
8787
1
8788
5
8789
7
8790
6
8791
2
8792
7
8793
16
8794
5
8795
8
8796
16
8797
3
8798
9
8799
1
8800
4
8801
14
8802
4
8803
6
8804
5
8805
4
8806
4
8807
3
8808
8
8809
3
8810
6
8811
12
8812
11
8813
11
8814
2
8815
6
8816
4
8817
1
8818
10
8819
2
8820
4
8821
3
8822
1
8823
2
8824
5
8825
4
8826
8
8827
3
8828
5
8829
5
8830
2
8831
8
8832
8
8833
3
8834
0
8835
5
8836
5
8837
4
8838
2
8839
8
8840
3
8841
3
8842
8
8843
2
8844
4
8845
3
8846
9
8847
4
8848
6
8849
2
8850
3
8851
4
8852
5
8853
3
8854
0
8855
1
8856
7
8857
6
8858
2
8859
4
8860
14
8861
2
8862
4
8863
6
8864
4
8865
13
8866
5
8867
4
8868
4
8869
10
8870
1
8871
10
8872
15
8873
3
8874
0
8875
3
8876
5
8877
2
8878
4
8879
2
8880
5
8881
1
8882
10
8883
1
8884
4
8885
5
8886
3
8887
1
8888
0
8889
5
8890
3
8891
2
8892
2
8893
6
8894
2
8895
5
8896
11
8897
6
8898
6
8899
7
8900
1
8901
14
8902
5
8903
4
8904
12
8905
6
8906
2
8907
2
8908
7
8909
3
8910
6
8911
2
8912
7
8913
4
8914
2
8915
3
8916
2
8917
3
8918
8
8919
1
8920
6
8921
2
8922
1
8923
7
8924
3
8925
2
8926
1
8927
6
8928
10
8929
0
8930
1
8931
1
8932
2
8933
5
8934
4
8935
4
8936
5
8937
3
8938
8
8939
7
8940
4
8941
1
8942
4
8943
6
8944
2
8945
3
8946
3
8947
5
8948
7
8949
5
8950
1
8951
2
8952
3
8953
2
8954
2
8955
9
8956
8
8957
6
8958
0
8959
2
8960
5
8961
3
8962
2
8963
5
8964
5
8965
4
8966
1
8967
8
8968
10
8969
15
8970
5
8971
3
8972
4
8973
4
8974
2
8975
8
8976
3
8977
4
8978
3
8979
1
8980
6
8981
1
8982
6
8983
5
8984
1
8985
7
8986
1
8987
9
8988
1
8989
10
8990
4
8991
7
8992
12
8993
1
8994
3
8995
8
8996
0
8997
0
8998
1
8999
2
9000
4
9001
4
9002
5
9003
3
9004
0
9005
0
9006
6
9007
9
9008
4
9009
7
9010
5
9011
5
9012
1
9013
2
9014
0
9015
7
9016
3
9017
2
9018
3
9019
3
9020
4
9021
3
9022
3
9023
3
9024
7
9025
5
9026
9
9027
1
9028
2
9029
0
9030
2
9031
4
9032
2
9033
5
9034
0
9035
5
9036
5
9037
3
9038
5
9039
5
9040
0
9041
5
9042
4
9043
16
9044
10
9045
3
9046
9
9047
4
9048
1
9049
2
9050
13
9051
3
9052
4
9053
5
9054
4
9055
1
9056
1
9057
3
9058
7
9059
4
9060
6
9061
1
9062
4
9063
5
9064
8
9065
2
9066
4
9067
3
9068
6
9069
6
9070
0
9071
5
9072
4
9073
6
9074
14
9075
4
9076
7
9077
3
9078
4
9079
0
9080
3
9081
4
9082
5
9083
7
9084
1
9085
2
9086
3
9087
5
9088
8
9089
3
9090
3
9091
10
9092
5
9093
3
9094
9
9095
3
9096
14
9097
2
9098
2
9099
3
9100
9
9101
7
9102
4
9103
8
9104
5
9105
8
9106
2
9107
6
9108
5
9109
5
9110
3
9111
2
9112
4
9113
5
9114
6
9115
6
9116
7
9117
8
9118
5
9119
0
9120
3
9121
4
9122
2
9123
4
9124
13
9125
1
9126
4
9127
2
9128
3
9129
3
9130
6
9131
1
9132
2
9133
8
9134
3
9135
3
9136
1
9137
3
9138
6
9139
1
9140
3
9141
6
9142
1
9143
5
9144
8
9145
3
9146
4
9147
4
9148
0
9149
5
9150
6
9151
5
9152
4
9153
3
9154
6
9155
3
9156
9
9157
12
9158
4
9159
2
9160
4
9161
12
9162
5
9163
8
9164
0
9165
2
9166
3
9167
3
9168
1
9169
1
9170
6
9171
4
9172
6
9173
0
9174
4
9175
3
9176
1
9177
2
9178
2
9179
0
9180
7
9181
1
9182
5
9183
4
9184
2
9185
16
9186
1
9187
6
9188
0
9189
7
9190
6
9191
3
9192
0
9193
5
9194
1
9195
0
9196
4
9197
12
9198
10
9199
2
9200
4
9201
5
9202
2
9203
3
9204
5
9205
4
9206
0
9207
7
9208
5
9209
3
9210
3
9211
13
9212
7
9213
1
9214
5
9215
5
9216
3
9217
0
9218
1
9219
8
9220
8
9221
3
9222
6
9223
8
9224
6
9225
3
9226
5
9227
5
9228
1
9229
4
9230
1
9231
4
9232
1
9233
8
9234
1
9235
8
9236
4
9237
3
9238
7
9239
11
9240
3
9241
4
9242
2
9243
5
9244
0
9245
4
9246
1
9247
1
9248
2
9249
5
9250
7
9251
6
9252
6
9253
3
9254
3
9255
4
9256
3
9257
1
9258
5
9259
9
9260
1
9261
5
9262
2
9263
7
9264
4
9265
1
9266
10
9267
0
9268
0
9269
1
9270
11
9271
4
9272
2
9273
0
9274
4
9275
1
9276
2
9277
8
9278
3
9279
12
9280
14
9281
9
9282
3
9283
4
9284
8
9285
4
9286
2
9287
3
9288
3
9289
5
9290
4
9291
4
9292
13
9293
6
9294
3
9295
6
9296
1
9297
2
9298
4
9299
0
9300
3
9301
4
9302
4
9303
2
9304
8
9305
5
9306
4
9307
0
9308
2
9309
3
9310
1
9311
3
9312
3
9313
14
9314
1
9315
2
9316
4
9317
4
9318
8
9319
6
9320
0
9321
7
9322
2
9323
9
9324
2
9325
2
9326
7
9327
1
9328
2
9329
5
9330
0
9331
10
9332
7
9333
1
9334
7
9335
4
9336
2
9337
3
9338
5
9339
12
9340
2
9341
6
9342
1
9343
0
9344
8
9345
7
9346
6
9347
6
9348
2
9349
0
9350
10
9351
4
9352
6
9353
2
9354
0
9355
3
9356
5
9357
2
9358
4
9359
4
9360
9
9361
4
9362
9
9363
1
9364
3
9365
10
9366
13
9367
3
9368
8
9369
3
9370
4
9371
4
9372
7
9373
8
9374
1
9375
6
9376
1
9377
1
9378
4
9379
0
9380
0
9381
4
9382
11
9383
9
9384
0
9385
0
9386
2
9387
4
9388
4
9389
1
9390
3
9391
6
9392
7
9393
0
9394
1
9395
5
9396
9
9397
3
9398
9
9399
3
9400
1
9401
3
9402
6
9403
2
9404
2
9405
5
9406
3
9407
4
9408
6
9409
7
9410
1
9411
4
9412
7
9413
3
9414
6
9415
0
9416
0
9417
9
9418
1
9419
3
9420
8
9421
4
9422
9
9423
3
9424
1
9425
3
9426
4
9427
3
9428
8
9429
3
9430
0
9431
3
9432
5
9433
0
9434
1
9435
0
9436
10
9437
7
9438
6
9439
6
9440
2
9441
4
9442
4
9443
3
9444
5
9445
1
9446
4
9447
3
9448
9
9449
5
9450
7
9451
4
9452
4
9453
2
9454
4
9455
15
9456
7
9457
3
9458
3
9459
3
9460
13
9461
6
9462
6
9463
0
9464
5
9465
0
9466
2
9467
1
9468
5
9469
4
9470
1
9471
5
9472
0
9473
7
9474
4
9475
9
9476
4
9477
1
9478
2
9479
0
9480
3
9481
3
9482
2
9483
5
9484
0
9485
0
9486
22
9487
12
9488
2
9489
2
9490
7
9491
4
9492
4
9493
6
9494
8
9495
6
9496
1
9497
2
9498
6
9499
13
9500
4
9501
8
9502
5
9503
1
9504
1
9505
3
9506
3
9507
9
9508
6
9509
7
9510
3
9511
0
9512
8
9513
15
9514
2
9515
4
9516
3
9517
7
9518
9
9519
1
9520
1
9521
4
9522
6
9523
1
9524
7
9525
3
9526
3
9527
12
9528
3
9529
6
9530
3
9531
10
9532
9
9533
2
9534
1
9535
1
9536
3
9537
10
9538
0
9539
3
9540
3
9541
4
9542
9
9543
1
9544
6
9545
4
9546
0
9547
1
9548
4
9549
4
9550
0
9551
4
9552
0
9553
4
9554
1
9555
3
9556
7
9557
4
9558
7
9559
8
9560
0
9561
0
9562
3
9563
7
9564
6
9565
6
9566
2
9567
9
9568
11
9569
8
9570
2
9571
3
9572
6
9573
0
9574
0
9575
3
9576
6
9577
6
9578
3
9579
3
9580
3
9581
1
9582
5
9583
0
9584
2
9585
7
9586
3
9587
10
9588
4
9589
5
9590
2
9591
4
9592
3
9593
10
9594
0
9595
6
9596
0
9597
9
9598
15
9599
13
9600
6
9601
4
9602
8
9603
3
9604
4
9605
3
9606
2
9607
0
9608
3
9609
2
9610
11
9611
7
9612
4
9613
1
9614
4
9615
14
9616
2
9617
3
9618
11
9619
4
9620
0
9621
5
9622
0
9623
2
9624
3
9625
3
9626
4
9627
3
9628
5
9629
1
9630
1
9631
4
9632
2
9633
6
9634
5
9635
8
9636
0
9637
1
9638
0
9639
1
9640
2
9641
5
9642
10
9643
1
9644
3
9645
5
9646
2
9647
5
9648
3
9649
3
9650
6
9651
9
9652
0
9653
5
9654
4
9655
6
9656
4
9657
7
9658
7
9659
1
9660
6
9661
0
9662
4
9663
14
9664
2
9665
4
9666
1
9667
5
9668
9
9669
1
9670
5
9671
6
9672
1
9673
12
9674
3
9675
15
9676
9
9677
0
9678
12
9679
5
9680
3
9681
2
9682
2
9683
1
9684
0
9685
2
9686
2
9687
12
9688
9
9689
4
9690
7
9691
6
9692
6
9693
15
9694
4
9695
1
9696
3
9697
0
9698
0
9699
8
9700
11
9701
4
9702
4
9703
5
9704
0
9705
3
9706
3
9707
3
9708
8
9709
3
9710
4
9711
4
9712
2
9713
7
9714
5
9715
3
9716
10
9717
9
9718
5
9719
4
9720
4
9721
4
9722
9
9723
3
9724
3
9725
0
9726
17
9727
4
9728
1
9729
5
9730
7
9731
9
9732
3
9733
1
9734
5
9735
2
9736
6
9737
7
9738
9
9739
6
9740
9
9741
5
9742
7
9743
6
9744
6
9745
7
9746
3
9747
5
9748
3
9749
3
9750
5
9751
12
9752
1
9753
5
9754
0
9755
5
9756
4
9757
12
9758
4
9759
4
9760
7
9761
5
9762
3
9763
14
9764
1
9765
7
9766
4
9767
3
9768
2
9769
5
9770
15
9771
6
9772
1
9773
1
9774
3
9775
7
9776
3
9777
2
9778
0
9779
3
9780
0
9781
2
9782
5
9783
4
9784
1
9785
14
9786
5
9787
5
9788
5
9789
3
9790
3
9791
1
9792
4
9793
1
9794
8
9795
6
9796
1
9797
6
9798
4
9799
5
9800
7
9801
1
9802
1
9803
3
9804
4
9805
6
9806
7
9807
2
9808
4
9809
9
9810
0
9811
8
9812
1
9813
6
9814
0
9815
8
9816
5
9817
1
9818
0
9819
4
9820
9
9821
1
9822
7
9823
10
9824
1
9825
4
9826
12
9827
3
9828
7
9829
5
9830
4
9831
6
9832
1
9833
6
9834
3
9835
3
9836
0
9837
1
9838
14
9839
3
9840
0
9841
3
9842
3
9843
6
9844
6
9845
4
9846
6
9847
6
9848
1
9849
5
9850
6
9851
1
9852
4
9853
0
9854
2
9855
9
9856
6
9857
8
9858
10
9859
11
9860
2
9861
2
9862
0
9863
1
9864
0
9865
1
9866
2
9867
2
9868
1
9869
2
9870
12
9871
0
9872
9
9873
3
9874
2
9875
5
9876
4
9877
6
9878
1
9879
2
9880
4
9881
5
9882
4
9883
4
9884
4
9885
2
9886
5
9887
3
9888
3
9889
6
9890
3
9891
4
9892
2
9893
1
9894
3
9895
6
9896
5
9897
0
9898
6
9899
11
9900
7
9901
4
9902
5
9903
7
9904
3
9905
0
9906
5
9907
1
9908
5
9909
0
9910
4
9911
7
9912
7
9913
2
9914
0
9915
5
9916
6
9917
0
9918
3
9919
3
9920
6
9921
3
9922
1
9923
0
9924
5
9925
7
9926
8
9927
1
9928
12
9929
4
9930
4
9931
4
9932
4
9933
7
9934
3
9935
6
9936
7
9937
6
9938
1
9939
2
9940
2
9941
3
9942
4
9943
4
9944
6
9945
6
9946
11
9947
4
9948
3
9949
2
9950
3
9951
1
9952
2
9953
6
9954
3
9955
6
9956
10
9957
5
9958
3
9959
3
9960
9
9961
0
9962
1
9963
12
9964
4
9965
3
9966
10
9967
0
9968
1
9969
4
9970
2
9971
3
9972
1
9973
6
9974
4
9975
4
9976
3
9977
6
9978
5
9979
3
9980
0
9981
5
9982
9
9983
10
9984
0
9985
8
9986
6
9987
9
9988
0
9989
1
9990
4
9991
7
9992
11
9993
4
9994
5
9995
3
9996
3
9997
2
9998
1
9999
2
10000
2
Warning messages:
1: Removed 4260 rows containing missing values (geom_point). 
2: Removed 4258 rows containing missing values (geom_point). 
3: Removed 167 rows containing missing values (geom_point). 
4: In fun(libname, pkgname) :
  Can't find a usable tk.tcl in the following directories: 
    /n/sw/centos6/tcl8.5.14/lib/tcl8.5/tk8.5 /n/sw/centos6/tcl8.5.14/lib/tk8.5 ./lib/tk8.5 ./library



This probably means that tk wasn't installed properly.
5: In rm(splicingSigGenes) : object 'splicingSigGenes' not found
6: In rm(spliceAnnot) : object 'spliceAnnot' not found
