[1] "linc-Brn1a_vs_WT_Embryonic"
[1] "linc-Brn1a"
Warning message:
In dir.create(filename) : 'linc-Brn1a_vs_WT_Embryonic' already exists
Loading required package: BiocGenerics
Loading required package: methods
Loading required package: parallel

Attaching package: 'BiocGenerics'

The following objects are masked from 'package:parallel':

    clusterApply, clusterApplyLB, clusterCall, clusterEvalQ,
    clusterExport, clusterMap, parApply, parCapply, parLapply,
    parLapplyLB, parRapply, parSapply, parSapplyLB

The following object is masked from 'package:stats':

    xtabs

The following objects are masked from 'package:base':

    anyDuplicated, append, as.data.frame, as.vector, cbind,
    colnames, duplicated, eval, evalq, Filter, Find, get,
    intersect, is.unsorted, lapply, Map, mapply, match, mget,
    order, paste, pmax, pmax.int, pmin, pmin.int, Position, rank,
    rbind, Reduce, rep.int, rownames, sapply, setdiff, sort,
    table, tapply, union, unique, unlist

Loading required package: RSQLite
Loading required package: DBI
Loading required package: ggplot2
Loading required package: reshape2
Loading required package: fastcluster

Attaching package: 'fastcluster'

The following object is masked from 'package:stats':

    hclust

Loading required package: rtracklayer
Loading required package: GenomicRanges
Loading required package: IRanges
Loading required package: XVector
Loading required package: Gviz
Loading required package: grid

Attaching package: 'cummeRbund'

The following object is masked from 'package:GenomicRanges':

    promoters

The following object is masked from 'package:IRanges':

    promoters

The following object is masked from 'package:BiocGenerics':

    conditions


Attaching package: 'limma'

The following object is masked from 'package:BiocGenerics':

    plotMA

KernSmooth 2.23 loaded
Copyright M. P. Wand 1997-2009

Attaching package: 'gplots'

The following object is masked from 'package:rtracklayer':

    space

The following object is masked from 'package:IRanges':

    space

The following object is masked from 'package:stats':

    lowess


Attaching package: 'RMySQL'

The following objects are masked from 'package:RSQLite':

    dbBuildTableDefinition, isIdCurrent, safe.write

Read 674 records
Read 38949 items
Read 217 records
Read 4964 items
Read 186 records
Read 13247 items
Read 2 records
Read 1004 items
Creating database /n/rinn_data1/seq/lgoff/Projects/BrainMap/data/diffs/linc-Brn1a_vs_WT_Embryonic/cuffData.db
Reading Run Info File /n/rinn_data1/seq/lgoff/Projects/BrainMap/data/diffs/linc-Brn1a_vs_WT_Embryonic/run.info
Writing runInfo Table
Reading Read Group Info  /n/rinn_data1/seq/lgoff/Projects/BrainMap/data/diffs/linc-Brn1a_vs_WT_Embryonic/read_groups.info
Writing replicates Table
Reading Var Model Info  /n/rinn_data1/seq/lgoff/Projects/BrainMap/data/diffs/linc-Brn1a_vs_WT_Embryonic/var_model.info
Writing varModel Table
Reading GTF file
Writing GTF features to 'features' table...
Reading /n/rinn_data1/seq/lgoff/Projects/BrainMap/data/diffs/linc-Brn1a_vs_WT_Embryonic/genes.fpkm_tracking
Checking samples table...
Populating samples table...
Writing genes table
Reshaping geneData table
Recasting
Writing geneData table
Reading /n/rinn_data1/seq/lgoff/Projects/BrainMap/data/diffs/linc-Brn1a_vs_WT_Embryonic/gene_exp.diff
Writing geneExpDiffData table
Reading /n/rinn_data1/seq/lgoff/Projects/BrainMap/data/diffs/linc-Brn1a_vs_WT_Embryonic/promoters.diff
Writing promoterDiffData table
No records found in /n/rinn_data1/seq/lgoff/Projects/BrainMap/data/diffs/linc-Brn1a_vs_WT_Embryonic/promoters.diff
Reading /n/rinn_data1/seq/lgoff/Projects/BrainMap/data/diffs/linc-Brn1a_vs_WT_Embryonic/genes.count_tracking
Reshaping geneCount table
Recasting
Writing geneCount table
Reading read group info in /n/rinn_data1/seq/lgoff/Projects/BrainMap/data/diffs/linc-Brn1a_vs_WT_Embryonic/genes.read_group_tracking
Writing geneReplicateData table
Reading /n/rinn_data1/seq/lgoff/Projects/BrainMap/data/diffs/linc-Brn1a_vs_WT_Embryonic/isoforms.fpkm_tracking
Checking samples table...
OK!
Writing isoforms table
Reshaping isoformData table
Recasting
Writing isoformData table
Reading /n/rinn_data1/seq/lgoff/Projects/BrainMap/data/diffs/linc-Brn1a_vs_WT_Embryonic/isoform_exp.diff
Writing isoformExpDiffData table
Reading /n/rinn_data1/seq/lgoff/Projects/BrainMap/data/diffs/linc-Brn1a_vs_WT_Embryonic/isoforms.count_tracking
Reshaping isoformCount table
Recasting
Writing isoformCount table
Reading read group info in /n/rinn_data1/seq/lgoff/Projects/BrainMap/data/diffs/linc-Brn1a_vs_WT_Embryonic/isoforms.read_group_tracking
Writing isoformReplicateData table
Reading /n/rinn_data1/seq/lgoff/Projects/BrainMap/data/diffs/linc-Brn1a_vs_WT_Embryonic/tss_groups.fpkm_tracking
Checking samples table...
OK!
Writing TSS table
No records found in /n/rinn_data1/seq/lgoff/Projects/BrainMap/data/diffs/linc-Brn1a_vs_WT_Embryonic/tss_groups.fpkm_tracking
TSS FPKM tracking file was empty.
Reading /n/rinn_data1/seq/lgoff/Projects/BrainMap/data/diffs/linc-Brn1a_vs_WT_Embryonic/tss_group_exp.diff
No records found in /n/rinn_data1/seq/lgoff/Projects/BrainMap/data/diffs/linc-Brn1a_vs_WT_Embryonic/tss_group_exp.diff
Reading /n/rinn_data1/seq/lgoff/Projects/BrainMap/data/diffs/linc-Brn1a_vs_WT_Embryonic/splicing.diff
No records found in /n/rinn_data1/seq/lgoff/Projects/BrainMap/data/diffs/linc-Brn1a_vs_WT_Embryonic/splicing.diff
Reading /n/rinn_data1/seq/lgoff/Projects/BrainMap/data/diffs/linc-Brn1a_vs_WT_Embryonic/tss_groups.count_tracking
No records found in /n/rinn_data1/seq/lgoff/Projects/BrainMap/data/diffs/linc-Brn1a_vs_WT_Embryonic/tss_groups.count_tracking
Reading read group info in /n/rinn_data1/seq/lgoff/Projects/BrainMap/data/diffs/linc-Brn1a_vs_WT_Embryonic/tss_groups.read_group_tracking
No records found in /n/rinn_data1/seq/lgoff/Projects/BrainMap/data/diffs/linc-Brn1a_vs_WT_Embryonic/tss_groups.read_group_tracking
Reading /n/rinn_data1/seq/lgoff/Projects/BrainMap/data/diffs/linc-Brn1a_vs_WT_Embryonic/cds.fpkm_tracking
Checking samples table...
OK!
Writing CDS table
Reshaping CDSData table
Recasting
Writing CDSData table
Reading /n/rinn_data1/seq/lgoff/Projects/BrainMap/data/diffs/linc-Brn1a_vs_WT_Embryonic/cds_exp.diff
Writing CDSExpDiffData table
Reading /n/rinn_data1/seq/lgoff/Projects/BrainMap/data/diffs/linc-Brn1a_vs_WT_Embryonic/cds.diff
Writing CDSDiffData table
Reading /n/rinn_data1/seq/lgoff/Projects/BrainMap/data/diffs/linc-Brn1a_vs_WT_Embryonic/cds.count_tracking
Reshaping CDSCount table
Recasting
Writing CDSCount table
Reading read group info in /n/rinn_data1/seq/lgoff/Projects/BrainMap/data/diffs/linc-Brn1a_vs_WT_Embryonic/cds.read_group_tracking
Writing CDSReplicateData table
Indexing Tables...
Scale for 'x' is already present. Adding another scale for 'x', which will replace the existing scale.
geom_smooth: method="auto" and size of largest group is >=1000, so using gam with formula: y ~ s(x, bs = "cs"). Use 'method = x' to change the smoothing method.
Scale for 'x' is already present. Adding another scale for 'x', which will replace the existing scale.
geom_smooth: method="auto" and size of largest group is >=1000, so using gam with formula: y ~ s(x, bs = "cs"). Use 'method = x' to change the smoothing method.
Getting gene information:
	FPKM
	Differential Expression Data
	Annotation Data
	Replicate FPKMs
	Counts
Getting isoforms information:
	FPKM
	Differential Expression Data
	Annotation Data
	Replicate FPKMs
	Counts
Getting CDS information:
	FPKM
	Differential Expression Data
	Annotation Data
	Replicate FPKMs
	Counts
Getting TSS information:
	FPKM
	Differential Expression Data
	Annotation Data
	Replicate FPKMs
	Counts
Getting promoter information:
	distData
Getting splicing information:
	distData
Getting relCDS information:
	distData
Scale for 'colour' is already present. Adding another scale for 'colour', which will replace the existing scale.
ymax not defined: adjusting position using y instead
Using tracking_id, rep_name as id variables
No id variables; using all as measure variables
Loading required package: AnnotationDbi
Loading required package: Biobase
Welcome to Bioconductor

    Vignettes contain introductory material; view with
    'browseVignettes()'. To cite Bioconductor, see
    'citation("Biobase")', and for packages 'citation("pkgname")'.


Attaching package: 'Biobase'

The following object is masked from 'package:cummeRbund':

    samples


Attaching package: 'GenomicFeatures'

The following objects are masked from 'package:cummeRbund':

    features, genes

	BamTracks
	plotting...
Getting gene information:
	FPKM
	Differential Expression Data
	Annotation Data
	Replicate FPKMs
	Counts
Getting isoforms information:
	FPKM
	Differential Expression Data
	Annotation Data
	Replicate FPKMs
	Counts
Getting CDS information:
	FPKM
	Differential Expression Data
	Annotation Data
	Replicate FPKMs
	Counts
Getting TSS information:
	FPKM
	Differential Expression Data
	Annotation Data
	Replicate FPKMs
	Counts
Getting promoter information:
	distData
Getting splicing information:
	distData
Getting relCDS information:
	distData
Using tracking_id, rep_name as id variables
No id variables; using all as measure variables
Using tracking_id, sample_name as id variables
Using tracking_id, rep_name as id variables
No id variables; using all as measure variables
Getting gene information:
	FPKM
	Differential Expression Data
	Annotation Data
	Replicate FPKMs
	Counts
Getting isoforms information:
	FPKM
	Differential Expression Data
	Annotation Data
	Replicate FPKMs
	Counts
Getting CDS information:
	FPKM
	Differential Expression Data
	Annotation Data
	Replicate FPKMs
	Counts
Getting TSS information:
	FPKM
	Differential Expression Data
	Annotation Data
	Replicate FPKMs
	Counts
Getting promoter information:
	distData
Getting splicing information:
	distData
Getting relCDS information:
	distData
Using tracking_id, rep_name as id variables
No id variables; using all as measure variables
Using tracking_id, rep_name as id variables
No id variables; using all as measure variables



Attaching package: 'DOSE'

The following object is masked from 'package:ReactomePA':

    gseAnalyzer

Getting gene information:
	FPKM
	Differential Expression Data
	Annotation Data
	Replicate FPKMs
	Counts
Getting isoforms information:
	FPKM
	Differential Expression Data
	Annotation Data
	Replicate FPKMs
	Counts
Getting CDS information:
	FPKM
	Differential Expression Data
	Annotation Data
	Replicate FPKMs
	Counts
Getting TSS information:
	FPKM
	Differential Expression Data
	Annotation Data
	Replicate FPKMs
	Counts
Getting promoter information:
	distData
Getting splicing information:
	distData
Getting relCDS information:
	distData

KEGG.db contains mappings based on older data because the original
  resource was removed from the the public domain before the most
  recent update was produced. This package should now be
  considered deprecated and future versions of Bioconductor may
  not have it available.  Users who want more current data are
  encouraged to look at the KEGGREST or reactome.db packages

Loading required package: biomaRt

Attaching package: 'biomaRt'

The following object is masked from 'package:cummeRbund':

    getGene

Loading required package: org.Mm.eg.db

Loading required package: GO.db
Loading required package: BSgenome
Loading required package: Biostrings

Attaching package: 'BSgenome'

The following object is masked from 'package:AnnotationDbi':

    species


Attaching package: 'plyr'

The following object is masked from 'package:cummeRbund':

    count

The following object is masked from 'package:XVector':

    compact

The following objects are masked from 'package:IRanges':

    desc, rename

First Split
Second Split
1
0
2
2
3
1
4
4
5
4
6
2
7
3
8
8
9
1
10
9
11
3
12
14
13
5
14
2
15
11
16
4
17
1
18
4
19
4
20
5
21
5
22
1
23
2
24
5
25
4
26
2
27
6
28
10
29
2
30
1
31
1
32
4
33
5
34
0
35
14
36
5
37
1
38
4
39
4
40
3
41
21
42
7
43
4
44
1
45
0
46
4
47
0
48
3
49
2
50
2
51
4
52
1
53
0
54
17
55
1
56
2
57
0
58
1
59
9
60
2
61
3
62
4
63
1
64
3
65
1
66
8
67
5
68
8
69
6
70
5
71
14
72
12
73
7
74
1
75
8
76
2
77
11
78
4
79
3
80
4
81
3
82
5
83
1
84
0
85
4
86
1
87
3
88
1
89
22
90
2
91
4
92
3
93
2
94
6
95
1
96
7
97
0
98
1
99
4
100
1
101
7
102
5
103
5
104
3
105
4
106
4
107
7
108
2
109
6
110
7
111
1
112
5
113
1
114
4
115
6
116
2
117
3
118
2
119
1
120
4
121
17
122
5
123
11
124
1
125
11
126
6
127
5
128
4
129
4
130
15
131
5
132
4
133
4
134
5
135
2
136
6
137
0
138
4
139
2
140
4
141
1
142
8
143
5
144
3
145
2
146
0
147
3
148
0
149
5
150
5
151
2
152
1
153
2
154
1
155
2
156
3
157
7
158
4
159
3
160
2
161
2
162
2
163
1
164
15
165
5
166
4
167
2
168
2
169
3
170
4
171
3
172
3
173
12
174
5
175
2
176
3
177
2
178
10
179
7
180
7
181
4
182
4
183
0
184
1
185
5
186
5
187
7
188
5
189
4
190
7
191
6
192
0
193
0
194
4
195
11
196
6
197
8
198
3
199
1
200
0
201
1
202
11
203
0
204
2
205
3
206
2
207
4
208
3
209
1
210
4
211
6
212
4
213
6
214
7
215
10
216
5
217
5
218
4
219
6
220
8
221
2
222
9
223
1
224
1
225
9
226
3
227
13
228
3
229
9
230
4
231
5
232
8
233
1
234
2
235
2
236
3
237
4
238
12
239
4
240
5
241
1
242
1
243
1
244
4
245
4
246
2
247
6
248
3
249
6
250
8
251
0
252
7
253
19
254
10
255
4
256
6
257
2
258
0
259
4
260
2
261
2
262
3
263
14
264
2
265
7
266
12
267
5
268
2
269
11
270
4
271
6
272
6
273
2
274
8
275
3
276
4
277
4
278
4
279
2
280
4
281
6
282
0
283
2
284
7
285
2
286
4
287
4
288
3
289
5
290
1
291
1
292
0
293
5
294
6
295
5
296
0
297
1
298
1
299
3
300
5
301
10
302
1
303
1
304
5
305
1
306
3
307
11
308
8
309
6
310
4
311
4
312
6
313
1
314
4
315
9
316
3
317
4
318
2
319
2
320
0
321
0
322
10
323
1
324
13
325
8
326
5
327
5
328
0
329
2
330
6
331
3
332
7
333
5
334
5
335
7
336
1
337
0
338
3
339
4
340
5
341
4
342
4
343
3
344
3
345
4
346
14
347
7
348
5
349
7
350
3
351
0
352
6
353
3
354
1
355
4
356
4
357
3
358
4
359
4
360
11
361
1
362
0
363
3
364
5
365
2
366
3
367
4
368
1
369
10
370
0
371
1
372
4
373
3
374
4
375
0
376
7
377
5
378
0
379
2
380
0
381
6
382
7
383
10
384
4
385
1
386
3
387
3
388
10
389
7
390
3
391
5
392
4
393
11
394
2
395
3
396
3
397
8
398
3
399
1
400
2
401
5
402
2
403
5
404
11
405
5
406
11
407
1
408
7
409
3
410
4
411
5
412
0
413
3
414
6
415
0
416
6
417
1
418
7
419
7
420
7
421
1
422
10
423
3
424
13
425
2
426
7
427
3
428
4
429
8
430
4
431
2
432
3
433
2
434
3
435
8
436
10
437
2
438
2
439
7
440
11
441
6
442
4
443
4
444
0
445
2
446
1
447
1
448
4
449
6
450
7
451
0
452
1
453
4
454
0
455
2
456
7
457
0
458
4
459
4
460
3
461
4
462
4
463
6
464
2
465
2
466
0
467
0
468
6
469
1
470
5
471
4
472
4
473
4
474
4
475
4
476
1
477
15
478
3
479
6
480
8
481
8
482
4
483
0
484
8
485
8
486
5
487
4
488
11
489
2
490
2
491
1
492
3
493
11
494
6
495
3
496
13
497
5
498
3
499
1
500
6
501
2
502
10
503
2
504
2
505
3
506
8
507
5
508
3
509
2
510
0
511
6
512
3
513
13
514
6
515
15
516
4
517
4
518
4
519
4
520
3
521
6
522
6
523
8
524
5
525
6
526
3
527
4
528
1
529
3
530
4
531
1
532
1
533
2
534
5
535
3
536
2
537
2
538
0
539
8
540
8
541
10
542
5
543
2
544
3
545
4
546
6
547
3
548
1
549
4
550
2
551
5
552
5
553
5
554
3
555
1
556
4
557
3
558
0
559
2
560
3
561
1
562
4
563
1
564
0
565
3
566
8
567
10
568
6
569
3
570
5
571
4
572
5
573
3
574
1
575
4
576
1
577
17
578
4
579
8
580
9
581
0
582
4
583
2
584
15
585
14
586
12
587
3
588
3
589
3
590
1
591
4
592
4
593
10
594
0
595
2
596
5
597
4
598
8
599
5
600
9
601
2
602
6
603
9
604
7
605
4
606
0
607
5
608
4
609
0
610
11
611
4
612
2
613
6
614
1
615
4
616
1
617
0
618
4
619
8
620
4
621
2
622
3
623
5
624
1
625
8
626
7
627
2
628
5
629
3
630
6
631
7
632
5
633
5
634
0
635
5
636
2
637
7
638
8
639
9
640
2
641
0
642
11
643
6
644
12
645
4
646
6
647
5
648
10
649
4
650
2
651
5
652
3
653
1
654
7
655
1
656
5
657
1
658
4
659
8
660
6
661
12
662
3
663
2
664
1
665
0
666
21
667
0
668
4
669
3
670
1
671
5
672
10
673
11
674
2
675
4
676
1
677
8
678
6
679
5
680
3
681
0
682
2
683
8
684
1
685
9
686
6
687
4
688
2
689
4
690
3
691
6
692
2
693
9
694
12
695
1
696
14
697
3
698
5
699
4
700
6
701
8
702
3
703
5
704
7
705
4
706
3
707
3
708
8
709
3
710
5
711
6
712
7
713
14
714
6
715
3
716
4
717
2
718
7
719
8
720
3
721
3
722
8
723
2
724
9
725
12
726
1
727
5
728
10
729
2
730
3
731
5
732
0
733
4
734
0
735
1
736
4
737
1
738
4
739
0
740
3
741
1
742
0
743
4
744
8
745
2
746
5
747
1
748
3
749
10
750
0
751
1
752
8
753
5
754
4
755
3
756
3
757
5
758
2
759
5
760
14
761
7
762
4
763
3
764
10
765
7
766
7
767
4
768
5
769
2
770
2
771
3
772
9
773
1
774
1
775
3
776
5
777
3
778
13
779
5
780
1
781
4
782
11
783
6
784
16
785
10
786
8
787
5
788
3
789
5
790
5
791
2
792
0
793
9
794
9
795
2
796
5
797
0
798
4
799
3
800
8
801
2
802
21
803
1
804
3
805
0
806
3
807
6
808
20
809
6
810
1
811
3
812
4
813
8
814
11
815
5
816
6
817
5
818
7
819
4
820
7
821
0
822
8
823
1
824
3
825
6
826
4
827
2
828
5
829
7
830
3
831
4
832
5
833
2
834
5
835
7
836
1
837
4
838
5
839
0
840
0
841
8
842
6
843
5
844
2
845
2
846
8
847
2
848
3
849
8
850
4
851
9
852
4
853
0
854
4
855
2
856
4
857
4
858
5
859
1
860
0
861
5
862
7
863
4
864
2
865
1
866
1
867
4
868
10
869
3
870
6
871
7
872
1
873
4
874
14
875
4
876
2
877
4
878
9
879
1
880
3
881
3
882
3
883
2
884
5
885
3
886
3
887
6
888
0
889
1
890
7
891
3
892
7
893
2
894
2
895
3
896
15
897
1
898
3
899
2
900
6
901
1
902
4
903
2
904
1
905
8
906
7
907
2
908
5
909
4
910
2
911
4
912
8
913
3
914
0
915
3
916
2
917
1
918
3
919
6
920
2
921
2
922
6
923
4
924
4
925
1
926
4
927
1
928
10
929
4
930
7
931
0
932
2
933
3
934
4
935
4
936
3
937
6
938
0
939
0
940
6
941
8
942
7
943
1
944
0
945
9
946
1
947
10
948
0
949
8
950
10
951
1
952
2
953
3
954
3
955
3
956
5
957
3
958
0
959
2
960
4
961
1
962
3
963
6
964
4
965
12
966
4
967
3
968
3
969
7
970
5
971
1
972
3
973
4
974
1
975
9
976
5
977
0
978
4
979
3
980
13
981
3
982
7
983
6
984
7
985
3
986
3
987
4
988
4
989
1
990
0
991
5
992
4
993
1
994
14
995
3
996
5
997
5
998
0
999
13
1000
7
There were 12 warnings (use warnings() to see them)
