[1] "Kantr_vs_WT_Embryonic"
[1] "Kantr"
Warning message:
In dir.create(filename) : 'Kantr_vs_WT_Embryonic' already exists
Loading required package: BiocGenerics
Loading required package: methods
Loading required package: parallel

Attaching package: 'BiocGenerics'

The following objects are masked from 'package:parallel':

    clusterApply, clusterApplyLB, clusterCall, clusterEvalQ,
    clusterExport, clusterMap, parApply, parCapply, parLapply,
    parLapplyLB, parRapply, parSapply, parSapplyLB

The following object is masked from 'package:stats':

    xtabs

The following objects are masked from 'package:base':

    anyDuplicated, append, as.data.frame, as.vector, cbind,
    colnames, duplicated, eval, evalq, Filter, Find, get,
    intersect, is.unsorted, lapply, Map, mapply, match, mget,
    order, paste, pmax, pmax.int, pmin, pmin.int, Position, rank,
    rbind, Reduce, rep.int, rownames, sapply, setdiff, sort,
    table, tapply, union, unique, unlist

Loading required package: RSQLite
Loading required package: DBI
Loading required package: ggplot2
Loading required package: reshape2
Loading required package: fastcluster

Attaching package: 'fastcluster'

The following object is masked from 'package:stats':

    hclust

Loading required package: rtracklayer
Loading required package: GenomicRanges
Loading required package: IRanges
Loading required package: XVector
Loading required package: Gviz
Loading required package: grid

Attaching package: 'cummeRbund'

The following object is masked from 'package:GenomicRanges':

    promoters

The following object is masked from 'package:IRanges':

    promoters

The following object is masked from 'package:BiocGenerics':

    conditions


Attaching package: 'limma'

The following object is masked from 'package:BiocGenerics':

    plotMA

KernSmooth 2.23 loaded
Copyright M. P. Wand 1997-2009

Attaching package: 'gplots'

The following object is masked from 'package:rtracklayer':

    space

The following object is masked from 'package:IRanges':

    space

The following object is masked from 'package:stats':

    lowess


Attaching package: 'RMySQL'

The following objects are masked from 'package:RSQLite':

    dbBuildTableDefinition, isIdCurrent, safe.write

Read 674 records
Read 38949 items
Read 217 records
Read 4964 items
Read 186 records
Read 13247 items
Read 2 records
Read 1004 items
Read 189 records
Read 31697 items
Read 1910 records
Read 385167 items
Read 615 records
Read 165360 items
Scale for 'x' is already present. Adding another scale for 'x', which will replace the existing scale.
geom_smooth: method="auto" and size of largest group is >=1000, so using gam with formula: y ~ s(x, bs = "cs"). Use 'method = x' to change the smoothing method.
Scale for 'x' is already present. Adding another scale for 'x', which will replace the existing scale.
geom_smooth: method="auto" and size of largest group is >=1000, so using gam with formula: y ~ s(x, bs = "cs"). Use 'method = x' to change the smoothing method.
Getting gene information:
	FPKM
	Differential Expression Data
	Annotation Data
	Replicate FPKMs
	Counts
Getting isoforms information:
	FPKM
	Differential Expression Data
	Annotation Data
	Replicate FPKMs
	Counts
Getting CDS information:
	FPKM
	Differential Expression Data
	Annotation Data
	Replicate FPKMs
	Counts
Getting TSS information:
	FPKM
	Differential Expression Data
	Annotation Data
	Replicate FPKMs
	Counts
Getting promoter information:
	distData
Getting splicing information:
	distData
Getting relCDS information:
	distData
Scale for 'colour' is already present. Adding another scale for 'colour', which will replace the existing scale.
ymax not defined: adjusting position using y instead
Using tracking_id, rep_name as id variables
No id variables; using all as measure variables
Loading required package: AnnotationDbi
Loading required package: Biobase
Welcome to Bioconductor

    Vignettes contain introductory material; view with
    'browseVignettes()'. To cite Bioconductor, see
    'citation("Biobase")', and for packages 'citation("pkgname")'.


Attaching package: 'Biobase'

The following object is masked from 'package:cummeRbund':

    samples


Attaching package: 'GenomicFeatures'

The following objects are masked from 'package:cummeRbund':

    features, genes

	BamTracks
	plotting...
Getting gene information:
	FPKM
	Differential Expression Data
	Annotation Data
	Replicate FPKMs
	Counts
Getting isoforms information:
	FPKM
	Differential Expression Data
	Annotation Data
	Replicate FPKMs
	Counts
Getting CDS information:
	FPKM
	Differential Expression Data
	Annotation Data
	Replicate FPKMs
	Counts
Getting TSS information:
	FPKM
	Differential Expression Data
	Annotation Data
	Replicate FPKMs
	Counts
Getting promoter information:
	distData
Getting splicing information:
	distData
Getting relCDS information:
	distData
Using tracking_id, rep_name as id variables
No id variables; using all as measure variables
Using tracking_id, sample_name as id variables
Error in seq.default(range[1], range[2], length = n) : 
  'from' cannot be NA, NaN or infinite
In addition: Warning messages:
1: Removed 5173 rows containing missing values (geom_point). 
2: Removed 5168 rows containing missing values (geom_point). 
Using tracking_id, rep_name as id variables
No id variables; using all as measure variables
Getting gene information:
	FPKM
	Differential Expression Data
	Annotation Data
	Replicate FPKMs
	Counts
Getting isoforms information:
	FPKM
	Differential Expression Data
	Annotation Data
	Replicate FPKMs
	Counts
Getting CDS information:
	FPKM
	Differential Expression Data
	Annotation Data
	Replicate FPKMs
	Counts
Getting TSS information:
	FPKM
	Differential Expression Data
	Annotation Data
	Replicate FPKMs
	Counts
Getting promoter information:
	distData
Getting splicing information:
	distData
Getting relCDS information:
	distData
Using tracking_id, rep_name as id variables
No id variables; using all as measure variables
Using tracking_id, rep_name as id variables
No id variables; using all as measure variables
Getting gene information:
	FPKM
	Differential Expression Data
	Annotation Data
	Replicate FPKMs
	Counts
Getting isoforms information:
	FPKM
	Differential Expression Data
	Annotation Data
	Replicate FPKMs
	Counts
Getting CDS information:
	FPKM
	Differential Expression Data
	Annotation Data
	Replicate FPKMs
	Counts
Getting TSS information:
	FPKM
	Differential Expression Data
	Annotation Data
	Replicate FPKMs
	Counts
Getting promoter information:
	distData
Getting splicing information:
	distData
Getting relCDS information:
	distData
Warning message:
Removed 211 rows containing missing values (geom_point). 



Attaching package: 'DOSE'

The following object is masked from 'package:ReactomePA':

    gseAnalyzer

Getting gene information:
	FPKM
	Differential Expression Data
	Annotation Data
	Replicate FPKMs
	Counts
Getting isoforms information:
	FPKM
	Differential Expression Data
	Annotation Data
	Replicate FPKMs
	Counts
Getting CDS information:
	FPKM
	Differential Expression Data
	Annotation Data
	Replicate FPKMs
	Counts
Getting TSS information:
	FPKM
	Differential Expression Data
	Annotation Data
	Replicate FPKMs
	Counts
Getting promoter information:
	distData
Getting splicing information:
	distData
Getting relCDS information:
	distData

KEGG.db contains mappings based on older data because the original
  resource was removed from the the public domain before the most
  recent update was produced. This package should now be
  considered deprecated and future versions of Bioconductor may
  not have it available.  Users who want more current data are
  encouraged to look at the KEGGREST or reactome.db packages

Loading required package: biomaRt

Attaching package: 'biomaRt'

The following object is masked from 'package:cummeRbund':

    getGene

Loading required package: org.Mm.eg.db

Loading required package: GO.db
gdata: read.xls support for 'XLS' (Excel 97-2004) files ENABLED.

gdata: read.xls support for 'XLSX' (Excel 2007+) files ENABLED.

Attaching package: 'gdata'

The following object is masked from 'package:Biobase':

    combine

The following object is masked from 'package:IRanges':

    trim

The following object is masked from 'package:BiocGenerics':

    combine

The following object is masked from 'package:stats':

    nobs

The following object is masked from 'package:utils':

    object.size

Getting gene information:
	FPKM
	Differential Expression Data
	Annotation Data
	Replicate FPKMs
	Counts
Getting isoforms information:
	FPKM
	Differential Expression Data
	Annotation Data
	Replicate FPKMs
	Counts
Getting CDS information:
	FPKM
	Differential Expression Data
	Annotation Data
	Replicate FPKMs
	Counts
Getting TSS information:
	FPKM
	Differential Expression Data
	Annotation Data
	Replicate FPKMs
	Counts
Getting promoter information:
	distData
Getting splicing information:
	distData
Getting relCDS information:
	distData
Using gene_short_name, significant, Stage as id variables
Getting gene information:
	FPKM
	Differential Expression Data
	Annotation Data
	Replicate FPKMs
	Counts
Getting isoforms information:
	FPKM
	Differential Expression Data
	Annotation Data
	Replicate FPKMs
	Counts
Getting CDS information:
	FPKM
	Differential Expression Data
	Annotation Data
	Replicate FPKMs
	Counts
Getting TSS information:
	FPKM
	Differential Expression Data
	Annotation Data
	Replicate FPKMs
	Counts
Getting promoter information:
	distData
Getting splicing information:
	distData
Getting relCDS information:
	distData
Using gene_short_name, significant, Layer as id variables
Getting gene information:
	FPKM
	Differential Expression Data
	Annotation Data
	Replicate FPKMs
	Counts
Getting isoforms information:
	FPKM
	Differential Expression Data
	Annotation Data
	Replicate FPKMs
	Counts
Getting CDS information:
	FPKM
	Differential Expression Data
	Annotation Data
	Replicate FPKMs
	Counts
Getting TSS information:
	FPKM
	Differential Expression Data
	Annotation Data
	Replicate FPKMs
	Counts
Getting promoter information:
	distData
Getting splicing information:
	distData
Getting relCDS information:
	distData
Using gene_short_name, significant, Cell_type as id variables
Getting gene information:
	FPKM
	Differential Expression Data
	Annotation Data
	Replicate FPKMs
	Counts
Getting isoforms information:
	FPKM
	Differential Expression Data
	Annotation Data
	Replicate FPKMs
	Counts
Getting CDS information:
	FPKM
	Differential Expression Data
	Annotation Data
	Replicate FPKMs
	Counts
Getting TSS information:
	FPKM
	Differential Expression Data
	Annotation Data
	Replicate FPKMs
	Counts
Getting promoter information:
	distData
Getting splicing information:
	distData
Getting relCDS information:
	distData
Using gene_short_name, significant, Cell_type as id variables
Loading required package: BSgenome
Loading required package: Biostrings

Attaching package: 'BSgenome'

The following object is masked from 'package:AnnotationDbi':

    species


Attaching package: 'plyr'

The following object is masked from 'package:cummeRbund':

    count

The following object is masked from 'package:XVector':

    compact

The following objects are masked from 'package:IRanges':

    desc, rename

First Split
Second Split
1
2
2
1
3
0
4
4
5
4
6
4
7
3
8
0
9
3
10
0
11
2
12
3
13
0
14
1
15
0
16
0
17
2
18
0
19
1
20
4
21
5
22
6
23
0
24
3
25
3
26
2
27
4
28
3
29
1
30
0
31
0
32
0
33
4
34
0
35
2
36
1
37
1
38
2
39
2
40
4
41
2
42
1
43
2
44
2
45
1
46
3
47
6
48
2
49
3
50
0
51
1
52
0
53
2
54
0
55
4
56
1
57
2
58
1
59
0
60
3
61
1
62
4
63
2
64
3
65
4
66
3
67
2
68
1
69
2
70
4
71
3
72
3
73
2
74
1
75
3
76
0
77
3
78
2
79
3
80
4
81
1
82
2
83
0
84
6
85
0
86
1
87
1
88
0
89
1
90
1
91
3
92
4
93
0
94
1
95
2
96
1
97
1
98
3
99
2
100
1
101
5
102
2
103
1
104
0
105
3
106
3
107
0
108
1
109
3
110
3
111
0
112
5
113
0
114
2
115
2
116
2
117
0
118
0
119
0
120
4
121
5
122
2
123
2
124
0
125
2
126
2
127
1
128
3
129
1
130
2
131
2
132
5
133
3
134
1
135
0
136
1
137
1
138
1
139
3
140
4
141
3
142
1
143
1
144
1
145
0
146
2
147
1
148
3
149
0
150
2
151
2
152
0
153
2
154
1
155
1
156
1
157
2
158
7
159
0
160
1
161
0
162
1
163
0
164
1
165
0
166
2
167
3
168
0
169
6
170
2
171
1
172
3
173
0
174
2
175
4
176
0
177
4
178
7
179
1
180
0
181
4
182
2
183
2
184
3
185
0
186
4
187
1
188
3
189
3
190
1
191
0
192
2
193
1
194
1
195
2
196
6
197
5
198
2
199
2
200
1
201
5
202
4
203
1
204
3
205
1
206
5
207
3
208
1
209
4
210
1
211
6
212
3
213
4
214
1
215
2
216
1
217
1
218
0
219
2
220
1
221
2
222
0
223
3
224
3
225
0
226
5
227
1
228
0
229
2
230
2
231
3
232
1
233
1
234
0
235
3
236
4
237
3
238
0
239
2
240
0
241
2
242
5
243
2
244
3
245
5
246
3
247
3
248
3
249
6
250
0
251
5
252
1
253
4
254
2
255
1
256
1
257
1
258
2
259
1
260
0
261
6
262
2
263
5
264
1
265
2
266
7
267
3
268
4
269
3
270
0
271
3
272
3
273
2
274
3
275
1
276
1
277
2
278
4
279
0
280
1
281
1
282
1
283
0
284
4
285
1
286
2
287
3
288
0
289
5
290
3
291
1
292
7
293
0
294
0
295
1
296
2
297
11
298
2
299
1
300
7
301
7
302
3
303
3
304
5
305
0
306
1
307
3
308
3
309
2
310
1
311
3
312
1
313
0
314
0
315
4
316
4
317
2
318
1
319
2
320
0
321
0
322
1
323
1
324
0
325
1
326
3
327
3
328
2
329
0
330
1
331
1
332
2
333
5
334
2
335
1
336
1
337
0
338
4
339
1
340
0
341
3
342
0
343
3
344
3
345
1
346
1
347
4
348
1
349
3
350
2
351
2
352
1
353
2
354
2
355
2
356
1
357
2
358
2
359
1
360
2
361
2
362
4
363
2
364
1
365
2
366
2
367
2
368
16
369
6
370
1
371
2
372
4
373
4
374
7
375
6
376
0
377
1
378
2
379
3
380
3
381
3
382
0
383
3
384
2
385
3
386
7
387
13
388
3
389
2
390
0
391
2
392
0
393
2
394
1
395
0
396
1
397
2
398
0
399
1
400
0
401
3
402
3
403
3
404
0
405
3
406
1
407
1
408
5
409
3
410
0
411
3
412
1
413
3
414
8
415
6
416
2
417
3
418
3
419
1
420
2
421
1
422
1
423
1
424
2
425
5
426
3
427
3
428
2
429
2
430
3
431
4
432
1
433
0
434
2
435
1
436
0
437
11
438
3
439
1
440
0
441
1
442
2
443
1
444
0
445
1
446
4
447
4
448
1
449
1
450
3
451
6
452
3
453
2
454
1
455
0
456
1
457
2
458
1
459
2
460
1
461
5
462
1
463
3
464
2
465
4
466
9
467
2
468
1
469
4
470
1
471
1
472
6
473
3
474
2
475
4
476
3
477
0
478
2
479
3
480
0
481
0
482
6
483
4
484
2
485
0
486
3
487
3
488
3
489
2
490
1
491
3
492
3
493
0
494
2
495
2
496
3
497
4
498
3
499
2
500
2
501
0
502
4
503
0
504
2
505
4
506
0
507
2
508
3
509
1
510
2
511
0
512
0
513
5
514
5
515
1
516
3
517
1
518
1
519
3
520
6
521
1
522
2
523
2
524
2
525
3
526
5
527
1
528
1
529
2
530
3
531
0
532
1
533
0
534
4
535
5
536
0
537
1
538
1
539
2
540
2
541
3
542
0
543
0
544
2
545
0
546
1
547
2
548
3
549
4
550
2
551
3
552
1
553
1
554
1
555
0
556
0
557
1
558
2
559
0
560
2
561
0
562
4
563
0
564
1
565
2
566
6
567
0
568
0
569
1
570
4
571
2
572
3
573
1
574
2
575
4
576
1
577
2
578
1
579
2
580
3
581
9
582
9
583
2
584
4
585
3
586
1
587
3
588
0
589
0
590
3
591
0
592
2
593
3
594
2
595
3
596
1
597
2
598
0
599
0
600
1
601
1
602
1
603
2
604
2
605
0
606
4
607
0
608
2
609
3
610
2
611
1
612
5
613
0
614
2
615
3
616
3
617
3
618
3
619
5
620
4
621
2
622
2
623
1
624
0
625
4
626
3
627
1
628
5
629
0
630
2
631
0
632
1
633
3
634
3
635
3
636
4
637
2
638
2
639
2
640
3
641
3
642
3
643
7
644
2
645
5
646
6
647
2
648
5
649
3
650
11
651
2
652
0
653
1
654
1
655
1
656
1
657
3
658
3
659
3
660
1
661
0
662
4
663
1
664
1
665
4
666
0
667
3
668
0
669
0
670
0
671
0
672
3
673
0
674
0
675
4
676
1
677
4
678
5
679
3
680
0
681
3
682
3
683
0
684
3
685
0
686
0
687
1
688
0
689
3
690
2
691
1
692
1
693
0
694
0
695
4
696
0
697
0
698
0
699
1
700
5
701
0
702
2
703
4
704
2
705
1
706
4
707
2
708
0
709
1
710
3
711
2
712
1
713
4
714
4
715
0
716
3
717
2
718
0
719
0
720
5
721
0
722
1
723
2
724
1
725
4
726
2
727
0
728
2
729
1
730
1
731
3
732
3
733
3
734
7
735
4
736
8
737
2
738
0
739
5
740
3
741
6
742
1
743
6
744
1
745
0
746
2
747
1
748
0
749
2
750
0
751
1
752
1
753
0
754
0
755
1
756
1
757
1
758
1
759
4
760
3
761
2
762
6
763
0
764
3
765
3
766
4
767
0
768
3
769
0
770
4
771
5
772
2
773
5
774
1
775
2
776
2
777
3
778
2
779
1
780
2
781
2
782
4
783
0
784
1
785
2
786
4
787
2
788
1
789
5
790
3
791
3
792
4
793
3
794
5
795
4
796
3
797
2
798
0
799
0
800
1
801
2
802
3
803
1
804
1
805
0
806
2
807
1
808
0
809
2
810
1
811
1
812
4
813
1
814
1
815
6
816
2
817
1
818
1
819
7
820
1
821
1
822
5
823
3
824
1
825
2
826
1
827
4
828
2
829
3
830
1
831
1
832
2
833
0
834
2
835
2
836
2
837
3
838
1
839
0
840
4
841
2
842
2
843
0
844
1
845
2
846
0
847
2
848
2
849
2
850
5
851
4
852
2
853
4
854
1
855
1
856
4
857
5
858
1
859
1
860
0
861
3
862
2
863
3
864
1
865
3
866
3
867
1
868
1
869
1
870
3
871
1
872
0
873
5
874
3
875
2
876
2
877
1
878
2
879
0
880
4
881
9
882
1
883
3
884
3
885
1
886
1
887
2
888
1
889
1
890
2
891
3
892
1
893
3
894
3
895
3
896
2
897
14
898
2
899
4
900
0
901
4
902
4
903
0
904
5
905
3
906
0
907
3
908
3
909
2
910
4
911
2
912
6
913
2
914
3
915
0
916
0
917
0
918
1
919
1
920
1
921
0
922
2
923
2
924
0
925
3
926
3
927
0
928
6
929
4
930
2
931
0
932
1
933
1
934
2
935
6
936
0
937
0
938
1
939
1
940
2
941
3
942
3
943
1
944
5
945
4
946
5
947
3
948
1
949
3
950
2
951
4
952
2
953
2
954
5
955
7
956
3
957
4
958
0
959
2
960
2
961
2
962
1
963
4
964
2
965
1
966
1
967
0
968
1
969
3
970
3
971
3
972
3
973
0
974
1
975
2
976
1
977
0
978
1
979
4
980
6
981
1
982
4
983
0
984
0
985
2
986
0
987
1
988
1
989
2
990
4
991
2
992
2
993
5
994
1
995
2
996
1
997
1
998
0
999
0
1000
5
1001
0
1002
3
1003
3
1004
2
1005
0
1006
0
1007
1
1008
3
1009
5
1010
1
1011
3
1012
2
1013
5
1014
0
1015
3
1016
1
1017
0
1018
1
1019
0
1020
1
1021
0
1022
4
1023
1
1024
2
1025
1
1026
4
1027
5
1028
2
1029
2
1030
4
1031
3
1032
4
1033
1
1034
1
1035
1
1036
0
1037
3
1038
2
1039
1
1040
8
1041
1
1042
0
1043
1
1044
5
1045
2
1046
3
1047
3
1048
3
1049
2
1050
1
1051
0
1052
1
1053
1
1054
1
1055
1
1056
3
1057
0
1058
1
1059
0
1060
0
1061
0
1062
2
1063
0
1064
4
1065
1
1066
4
1067
2
1068
5
1069
1
1070
0
1071
7
1072
3
1073
4
1074
0
1075
6
1076
6
1077
3
1078
6
1079
1
1080
1
1081
1
1082
1
1083
0
1084
2
1085
0
1086
4
1087
4
1088
0
1089
5
1090
2
1091
3
1092
1
1093
2
1094
3
1095
2
1096
1
1097
3
1098
5
1099
3
1100
3
1101
1
1102
0
1103
4
1104
0
1105
0
1106
4
1107
2
1108
2
1109
0
1110
2
1111
0
1112
1
1113
1
1114
2
1115
3
1116
4
1117
3
1118
2
1119
2
1120
5
1121
0
1122
4
1123
0
1124
1
1125
1
1126
0
1127
1
1128
7
1129
1
1130
1
1131
1
1132
0
1133
1
1134
5
1135
5
1136
0
1137
4
1138
3
1139
3
1140
4
1141
2
1142
6
1143
4
1144
4
1145
4
1146
0
1147
1
1148
0
1149
3
1150
3
1151
1
1152
0
1153
1
1154
1
1155
2
1156
1
1157
6
1158
1
1159
2
1160
0
1161
3
1162
1
1163
2
1164
3
1165
1
1166
3
1167
4
1168
2
1169
2
1170
3
1171
6
1172
2
1173
2
1174
6
1175
0
1176
0
1177
0
1178
3
1179
3
1180
2
1181
5
1182
0
1183
5
1184
1
1185
2
1186
4
1187
0
1188
1
1189
0
1190
3
1191
1
1192
3
1193
1
1194
6
1195
1
1196
4
1197
0
1198
0
1199
3
1200
0
1201
1
1202
3
1203
6
1204
1
1205
3
1206
1
1207
0
1208
2
1209
0
1210
3
1211
3
1212
4
1213
4
1214
3
1215
1
1216
0
1217
2
1218
5
1219
3
1220
0
1221
1
1222
2
1223
2
1224
1
1225
0
1226
8
1227
4
1228
8
1229
4
1230
1
1231
6
1232
1
1233
1
1234
3
1235
0
1236
2
1237
2
1238
1
1239
4
1240
0
1241
1
1242
2
1243
2
1244
1
1245
1
1246
1
1247
2
1248
3
1249
7
1250
0
1251
2
1252
1
1253
1
1254
1
1255
3
1256
4
1257
1
1258
3
1259
1
1260
4
1261
5
1262
1
1263
1
1264
2
1265
2
1266
3
1267
6
1268
6
1269
1
1270
0
1271
1
1272
0
1273
2
1274
4
1275
1
1276
4
1277
1
1278
1
1279
0
1280
3
1281
1
1282
0
1283
4
1284
1
1285
0
1286
0
1287
2
1288
2
1289
0
1290
1
1291
6
1292
12
1293
4
1294
7
1295
0
1296
3
1297
3
1298
1
1299
2
1300
0
1301
2
1302
1
1303
0
1304
5
1305
2
1306
3
1307
4
1308
0
1309
1
1310
3
1311
3
1312
0
1313
12
1314
3
1315
6
1316
2
1317
2
1318
1
1319
1
1320
0
1321
3
1322
4
1323
3
1324
5
1325
1
1326
1
1327
2
1328
4
1329
2
1330
1
1331
2
1332
1
1333
1
1334
2
1335
4
1336
2
1337
0
1338
1
1339
3
1340
1
1341
2
1342
1
1343
3
1344
1
1345
2
1346
2
1347
1
1348
0
1349
4
1350
0
1351
0
1352
0
1353
0
1354
2
1355
1
1356
6
1357
3
1358
1
1359
1
1360
2
1361
2
1362
1
1363
2
1364
0
1365
1
1366
1
1367
2
1368
1
1369
2
1370
5
1371
2
1372
3
1373
2
1374
4
1375
1
1376
3
1377
3
1378
2
1379
1
1380
5
1381
3
1382
0
1383
4
1384
3
1385
4
1386
1
1387
0
1388
2
1389
1
1390
2
1391
11
1392
2
1393
0
1394
2
1395
4
1396
2
1397
2
1398
3
1399
3
1400
4
1401
0
1402
0
1403
0
1404
8
1405
2
1406
0
1407
2
1408
0
1409
5
1410
2
1411
1
1412
1
1413
3
1414
0
1415
1
1416
0
1417
2
1418
0
1419
3
1420
1
1421
0
1422
0
1423
1
1424
2
1425
6
1426
0
1427
0
1428
1
1429
2
1430
3
1431
1
1432
3
1433
5
1434
2
1435
0
1436
4
1437
5
1438
6
1439
3
1440
2
1441
2
1442
0
1443
0
1444
3
1445
1
1446
0
1447
0
1448
4
1449
6
1450
4
1451
2
1452
1
1453
2
1454
18
1455
4
1456
1
1457
10
1458
0
1459
1
1460
1
1461
2
1462
5
1463
3
1464
4
1465
3
1466
5
1467
0
1468
1
1469
2
1470
4
1471
4
1472
3
1473
0
1474
4
1475
0
1476
1
1477
0
1478
2
1479
1
1480
0
1481
0
1482
5
1483
2
1484
2
1485
4
1486
1
1487
4
1488
0
1489
4
1490
1
1491
5
1492
3
1493
0
1494
2
1495
3
1496
6
1497
1
1498
2
1499
3
1500
4
1501
1
1502
1
1503
4
1504
6
1505
3
1506
7
1507
2
1508
3
1509
4
1510
0
1511
5
1512
4
1513
1
1514
1
1515
1
1516
4
1517
1
1518
5
1519
1
1520
22
1521
1
1522
4
1523
1
1524
1
1525
2
1526
5
1527
2
1528
1
1529
4
1530
1
1531
2
1532
7
1533
3
1534
1
1535
1
1536
8
1537
2
1538
1
1539
2
1540
1
1541
1
1542
4
1543
2
1544
3
1545
2
1546
2
1547
0
1548
0
1549
3
1550
3
1551
0
1552
1
1553
1
1554
3
1555
1
1556
3
1557
1
1558
3
1559
4
1560
2
1561
2
1562
2
1563
4
1564
0
1565
3
1566
2
1567
1
1568
1
1569
2
1570
0
1571
0
1572
3
1573
5
1574
0
1575
4
1576
1
1577
1
1578
1
1579
4
1580
3
1581
8
1582
4
1583
0
1584
2
1585
3
1586
2
1587
2
1588
1
1589
2
1590
4
1591
0
1592
7
1593
2
1594
0
1595
2
1596
4
1597
1
1598
2
1599
1
1600
6
1601
3
1602
3
1603
2
1604
2
1605
3
1606
0
1607
1
1608
6
1609
3
1610
0
1611
0
1612
6
1613
3
1614
6
1615
3
1616
2
1617
1
1618
0
1619
3
1620
2
1621
3
1622
1
1623
1
1624
3
1625
1
1626
7
1627
1
1628
3
1629
1
1630
2
1631
2
1632
3
1633
3
1634
3
1635
2
1636
2
1637
3
1638
2
1639
2
1640
2
1641
8
1642
0
1643
1
1644
2
1645
1
1646
3
1647
0
1648
1
1649
3
1650
1
1651
6
1652
0
1653
3
1654
3
1655
2
1656
6
1657
0
1658
4
1659
4
1660
0
1661
1
1662
5
1663
2
1664
2
1665
1
1666
0
1667
4
1668
2
1669
3
1670
5
1671
2
1672
1
1673
2
1674
0
1675
1
1676
0
1677
1
1678
0
1679
4
1680
4
1681
1
1682
2
1683
1
1684
1
1685
8
1686
0
1687
2
1688
0
1689
1
1690
1
1691
0
1692
4
1693
1
1694
1
1695
0
1696
0
1697
2
1698
4
1699
0
1700
1
1701
1
1702
1
1703
2
1704
2
1705
0
1706
3
1707
1
1708
1
1709
3
1710
3
1711
7
1712
4
1713
0
1714
11
1715
1
1716
0
1717
2
1718
1
1719
6
1720
3
1721
1
1722
3
1723
1
1724
8
1725
2
1726
3
1727
4
1728
5
1729
7
1730
4
1731
3
1732
4
1733
0
1734
3
1735
1
1736
1
1737
3
1738
4
1739
4
1740
6
1741
0
1742
3
1743
1
1744
1
1745
2
1746
2
1747
1
1748
5
1749
2
1750
1
1751
1
1752
2
1753
3
1754
1
1755
1
1756
1
1757
4
1758
4
1759
3
1760
0
1761
4
1762
2
1763
2
1764
0
1765
5
1766
1
1767
0
1768
4
1769
4
1770
2
1771
5
1772
1
1773
1
1774
1
1775
1
1776
2
1777
3
1778
0
1779
0
1780
6
1781
1
1782
3
1783
4
1784
4
1785
0
1786
3
1787
0
1788
0
1789
2
1790
1
1791
4
1792
4
1793
4
1794
2
1795
2
1796
3
1797
3
1798
0
1799
1
1800
2
1801
1
1802
2
1803
8
1804
3
1805
4
1806
1
1807
1
1808
3
1809
1
1810
6
1811
2
1812
2
1813
2
1814
2
1815
4
1816
1
1817
5
1818
4
1819
3
1820
3
1821
4
1822
0
1823
3
1824
3
1825
3
1826
0
1827
8
1828
4
1829
0
1830
1
1831
1
1832
3
1833
1
1834
0
1835
0
1836
1
1837
2
1838
0
1839
2
1840
2
1841
2
1842
0
1843
3
1844
2
1845
2
1846
6
1847
0
1848
1
1849
0
1850
3
1851
0
1852
2
1853
1
1854
2
1855
4
1856
2
1857
0
1858
3
1859
1
1860
2
1861
0
1862
1
1863
3
1864
0
1865
1
1866
2
1867
2
1868
3
1869
0
1870
0
1871
2
1872
0
1873
0
1874
2
1875
0
1876
0
1877
1
1878
2
1879
1
1880
2
1881
0
1882
1
1883
1
1884
2
1885
2
1886
0
1887
1
1888
3
1889
2
1890
10
1891
2
1892
2
1893
1
1894
4
1895
4
1896
1
1897
0
1898
4
1899
0
1900
0
1901
4
1902
7
1903
1
1904
2
1905
3
1906
3
1907
5
1908
3
1909
1
1910
3
1911
3
1912
2
1913
0
1914
1
1915
3
1916
6
1917
1
1918
5
1919
6
1920
2
1921
3
1922
5
1923
4
1924
0
1925
2
1926
0
1927
5
1928
1
1929
1
1930
6
1931
2
1932
1
1933
3
1934
0
1935
2
1936
1
1937
1
1938
0
1939
0
1940
0
1941
2
1942
3
1943
2
1944
3
1945
1
1946
1
1947
0
1948
2
1949
1
1950
2
1951
3
1952
1
1953
2
1954
2
1955
1
1956
0
1957
4
1958
1
1959
1
1960
4
1961
0
1962
2
1963
0
1964
2
1965
1
1966
2
1967
2
1968
2
1969
1
1970
2
1971
0
1972
2
1973
4
1974
2
1975
7
1976
3
1977
0
1978
4
1979
5
1980
1
1981
1
1982
1
1983
0
1984
2
1985
4
1986
1
1987
0
1988
3
1989
2
1990
4
1991
3
1992
3
1993
2
1994
2
1995
0
1996
4
1997
4
1998
0
1999
4
2000
1
2001
2
2002
4
2003
4
2004
4
2005
3
2006
0
2007
2
2008
0
2009
1
2010
4
2011
4
2012
1
2013
0
2014
5
2015
2
2016
4
2017
2
2018
2
2019
6
2020
1
2021
0
2022
2
2023
1
2024
1
2025
1
2026
0
2027
0
2028
3
2029
2
2030
2
2031
0
2032
2
2033
0
2034
0
2035
0
2036
3
2037
2
2038
2
2039
3
2040
0
2041
1
2042
2
2043
3
2044
2
2045
1
2046
3
2047
10
2048
2
2049
3
2050
1
2051
1
2052
1
2053
3
2054
7
2055
0
2056
1
2057
0
2058
2
2059
0
2060
2
2061
0
2062
3
2063
1
2064
0
2065
0
2066
3
2067
0
2068
3
2069
2
2070
3
2071
2
2072
11
2073
1
2074
2
2075
4
2076
0
2077
1
2078
0
2079
1
2080
0
2081
1
2082
5
2083
2
2084
1
2085
3
2086
2
2087
1
2088
1
2089
4
2090
4
2091
1
2092
1
2093
1
2094
1
2095
0
2096
4
2097
3
2098
2
2099
0
2100
2
2101
1
2102
3
2103
2
2104
2
2105
4
2106
2
2107
6
2108
1
2109
4
2110
3
2111
2
2112
4
2113
3
2114
2
2115
1
2116
4
2117
4
2118
2
2119
4
2120
5
2121
1
2122
2
2123
1
2124
1
2125
11
2126
1
2127
3
2128
7
2129
3
2130
1
2131
2
2132
2
2133
5
2134
11
2135
2
2136
0
2137
0
2138
0
2139
2
2140
2
2141
2
2142
3
2143
1
2144
0
2145
8
2146
4
2147
0
2148
4
2149
0
2150
1
2151
4
2152
0
2153
2
2154
1
2155
1
2156
8
2157
0
2158
0
2159
4
2160
1
2161
3
2162
4
2163
1
2164
2
2165
0
2166
6
2167
5
2168
3
2169
1
2170
4
2171
0
2172
4
2173
1
2174
5
2175
4
2176
1
2177
1
2178
2
2179
0
2180
0
2181
1
2182
2
2183
9
2184
3
2185
2
2186
2
2187
0
2188
3
2189
4
2190
6
2191
2
2192
0
2193
2
2194
0
2195
2
2196
3
2197
3
2198
0
2199
0
2200
0
2201
3
2202
0
2203
0
2204
1
2205
1
2206
1
2207
1
2208
3
2209
3
2210
0
2211
1
2212
1
2213
2
2214
3
2215
3
2216
1
2217
10
2218
1
2219
2
2220
6
2221
2
2222
0
2223
4
2224
0
2225
2
2226
3
2227
7
2228
4
2229
4
2230
2
2231
2
2232
2
2233
3
2234
4
2235
6
2236
3
2237
1
2238
2
2239
1
2240
1
2241
1
2242
1
2243
5
2244
2
2245
2
2246
10
2247
1
2248
1
2249
3
2250
1
2251
0
2252
2
2253
2
2254
0
2255
3
2256
1
2257
2
2258
2
2259
1
2260
0
2261
0
2262
1
2263
2
2264
6
2265
4
2266
5
2267
5
2268
3
2269
1
2270
4
2271
3
2272
2
2273
5
2274
0
2275
3
2276
0
2277
0
2278
0
2279
6
2280
0
2281
0
2282
3
2283
2
2284
2
2285
1
2286
3
2287
3
2288
2
2289
7
2290
4
2291
1
2292
0
2293
1
2294
4
2295
1
2296
1
2297
5
2298
3
2299
6
2300
1
2301
2
2302
1
2303
1
2304
2
2305
1
2306
3
2307
3
2308
0
2309
1
2310
3
2311
2
2312
0
2313
1
2314
3
2315
0
2316
1
2317
2
2318
0
2319
3
2320
4
2321
0
2322
1
2323
0
2324
5
2325
1
2326
2
2327
4
2328
0
2329
3
2330
1
2331
3
2332
3
2333
0
2334
0
2335
5
2336
1
2337
0
2338
0
2339
3
2340
3
2341
0
2342
6
2343
2
2344
2
2345
5
2346
2
2347
1
2348
4
2349
1
2350
1
2351
4
2352
1
2353
3
2354
2
2355
1
2356
4
2357
1
2358
0
2359
0
2360
2
2361
0
2362
5
2363
3
2364
3
2365
0
2366
1
2367
1
2368
0
2369
2
2370
2
2371
4
2372
4
2373
2
2374
1
2375
0
2376
1
2377
2
2378
7
2379
2
2380
4
2381
0
2382
0
2383
2
2384
1
2385
2
2386
2
2387
5
2388
2
2389
4
2390
5
2391
2
2392
0
2393
2
2394
5
2395
2
2396
3
2397
0
2398
2
2399
0
2400
4
2401
2
2402
4
2403
1
2404
2
2405
2
2406
6
2407
1
2408
3
2409
8
2410
0
2411
0
2412
0
2413
5
2414
2
2415
4
2416
3
2417
1
2418
0
2419
2
2420
0
2421
3
2422
0
2423
1
2424
7
2425
1
2426
8
2427
3
2428
0
2429
1
2430
2
2431
0
2432
1
2433
4
2434
3
2435
2
2436
2
2437
3
2438
0
2439
1
2440
1
2441
1
2442
1
2443
2
2444
1
2445
1
2446
2
2447
0
2448
1
2449
2
2450
3
2451
0
2452
2
2453
4
2454
5
2455
0
2456
0
2457
2
2458
1
2459
6
2460
2
2461
2
2462
0
2463
2
2464
4
2465
1
2466
3
2467
2
2468
1
2469
3
2470
4
2471
1
2472
1
2473
1
2474
3
2475
3
2476
2
2477
0
2478
0
2479
0
2480
0
2481
1
2482
4
2483
1
2484
1
2485
6
2486
1
2487
2
2488
2
2489
0
2490
0
2491
3
2492
2
2493
13
2494
0
2495
3
2496
2
2497
0
2498
4
2499
0
2500
2
2501
1
2502
1
2503
3
2504
1
2505
1
2506
2
2507
2
2508
1
2509
0
2510
4
2511
2
2512
1
2513
0
2514
4
2515
4
2516
1
2517
5
2518
3
2519
1
2520
0
2521
4
2522
2
2523
2
2524
2
2525
2
2526
1
2527
1
2528
1
2529
2
2530
1
2531
2
2532
2
2533
2
2534
10
2535
0
2536
0
2537
2
2538
2
2539
2
2540
4
2541
0
2542
2
2543
0
2544
1
2545
1
2546
4
2547
1
2548
3
2549
2
2550
0
2551
2
2552
2
2553
1
2554
0
2555
0
2556
5
2557
3
2558
1
2559
2
2560
5
2561
1
2562
3
2563
0
2564
3
2565
3
2566
2
2567
0
2568
4
2569
0
2570
1
2571
1
2572
0
2573
0
2574
2
2575
3
2576
2
2577
0
2578
2
2579
2
2580
0
2581
2
2582
0
2583
2
2584
0
2585
1
2586
2
2587
2
2588
3
2589
4
2590
3
2591
2
2592
0
2593
0
2594
1
2595
1
2596
5
2597
3
2598
1
2599
2
2600
0
2601
4
2602
5
2603
3
2604
2
2605
0
2606
0
2607
3
2608
1
2609
0
2610
2
2611
2
2612
2
2613
1
2614
6
2615
4
2616
1
2617
1
2618
0
2619
2
2620
0
2621
1
2622
1
2623
4
2624
5
2625
1
2626
1
2627
1
2628
2
2629
1
2630
2
2631
8
2632
5
2633
6
2634
1
2635
3
2636
4
2637
3
2638
1
2639
5
2640
3
2641
2
2642
2
2643
2
2644
2
2645
0
2646
1
2647
4
2648
2
2649
2
2650
5
2651
1
2652
2
2653
4
2654
4
2655
1
2656
5
2657
3
2658
4
2659
0
2660
2
2661
0
2662
0
2663
1
2664
5
2665
5
2666
0
2667
5
2668
1
2669
1
2670
2
2671
1
2672
6
2673
1
2674
2
2675
0
2676
4
2677
4
2678
0
2679
1
2680
1
2681
7
2682
5
2683
3
2684
4
2685
3
2686
2
2687
0
2688
1
2689
3
2690
4
2691
2
2692
0
2693
2
2694
4
2695
1
2696
1
2697
6
2698
1
2699
2
2700
2
2701
2
2702
3
2703
2
2704
2
2705
1
2706
3
2707
3
2708
14
2709
1
2710
2
2711
1
2712
2
2713
2
2714
2
2715
3
2716
0
2717
3
2718
1
2719
4
2720
6
2721
2
2722
4
2723
2
2724
1
2725
4
2726
3
2727
2
2728
3
2729
1
2730
1
2731
1
2732
0
2733
3
2734
0
2735
0
2736
7
2737
2
2738
1
2739
0
2740
6
2741
1
2742
4
2743
5
2744
3
2745
1
2746
2
2747
3
2748
3
2749
0
2750
3
2751
0
2752
1
2753
1
2754
4
2755
1
2756
3
2757
0
2758
4
2759
2
2760
4
2761
1
2762
3
2763
1
2764
17
2765
2
2766
2
2767
6
2768
0
2769
0
2770
2
2771
2
2772
2
2773
4
2774
1
2775
4
2776
2
2777
1
2778
3
2779
4
2780
6
2781
3
2782
2
2783
1
2784
2
2785
2
2786
6
2787
1
2788
5
2789
1
2790
1
2791
3
2792
1
2793
1
2794
0
2795
4
2796
3
2797
2
2798
0
2799
0
2800
2
2801
1
2802
2
2803
3
2804
3
2805
4
2806
1
2807
3
2808
0
2809
3
2810
2
2811
0
2812
2
2813
0
2814
4
2815
1
2816
0
2817
4
2818
1
2819
2
2820
0
2821
2
2822
6
2823
2
2824
4
2825
0
2826
1
2827
2
2828
2
2829
0
2830
2
2831
2
2832
0
2833
2
2834
3
2835
2
2836
3
2837
3
2838
4
2839
3
2840
2
2841
2
2842
4
2843
3
2844
1
2845
1
2846
1
2847
1
2848
0
2849
1
2850
1
2851
6
2852
2
2853
2
2854
5
2855
1
2856
0
2857
1
2858
1
2859
3
2860
2
2861
2
2862
0
2863
3
2864
0
2865
0
2866
3
2867
2
2868
3
2869
0
2870
4
2871
2
2872
3
2873
2
2874
2
2875
0
2876
2
2877
1
2878
3
2879
22
2880
0
2881
1
2882
1
2883
2
2884
1
2885
2
2886
4
2887
4
2888
3
2889
1
2890
0
2891
1
2892
3
2893
1
2894
4
2895
3
2896
2
2897
1
2898
5
2899
0
2900
4
2901
3
2902
1
2903
1
2904
3
2905
3
2906
2
2907
4
2908
2
2909
1
2910
2
2911
2
2912
1
2913
2
2914
2
2915
2
2916
2
2917
3
2918
3
2919
0
2920
1
2921
4
2922
0
2923
1
2924
0
2925
1
2926
0
2927
5
2928
3
2929
0
2930
3
2931
1
2932
3
2933
1
2934
5
2935
1
2936
1
2937
0
2938
1
2939
1
2940
0
2941
2
2942
1
2943
3
2944
1
2945
5
2946
2
2947
2
2948
3
2949
1
2950
2
2951
1
2952
2
2953
0
2954
3
2955
1
2956
3
2957
1
2958
0
2959
0
2960
5
2961
18
2962
2
2963
2
2964
0
2965
3
2966
5
2967
4
2968
2
2969
2
2970
1
2971
4
2972
1
2973
2
2974
0
2975
6
2976
1
2977
2
2978
3
2979
1
2980
1
2981
0
2982
6
2983
1
2984
3
2985
2
2986
0
2987
3
2988
0
2989
1
2990
4
2991
3
2992
2
2993
0
2994
1
2995
1
2996
3
2997
0
2998
1
2999
2
3000
4
3001
2
3002
1
3003
5
3004
2
3005
4
3006
0
3007
0
3008
3
3009
6
3010
18
3011
1
3012
0
3013
1
3014
0
3015
2
3016
2
3017
0
3018
1
3019
2
3020
1
3021
6
3022
2
3023
1
3024
4
3025
6
3026
1
3027
1
3028
7
3029
0
3030
6
3031
6
3032
2
3033
2
3034
0
3035
4
3036
7
3037
4
3038
2
3039
3
3040
1
3041
2
3042
6
3043
0
3044
1
3045
3
3046
4
3047
3
3048
0
3049
1
3050
2
3051
2
3052
1
3053
2
3054
2
3055
1
3056
3
3057
4
3058
13
3059
2
3060
3
3061
3
3062
2
3063
1
3064
1
3065
0
3066
2
3067
2
3068
3
3069
2
3070
6
3071
0
3072
4
3073
1
3074
0
3075
1
3076
6
3077
1
3078
1
3079
3
3080
2
3081
1
3082
4
3083
1
3084
5
3085
0
3086
2
3087
2
3088
2
3089
1
3090
5
3091
3
3092
1
3093
1
3094
1
3095
0
3096
2
3097
1
3098
3
3099
2
3100
0
3101
3
3102
4
3103
2
3104
3
3105
0
3106
0
3107
3
3108
0
3109
2
3110
1
3111
0
3112
1
3113
0
3114
1
3115
1
3116
4
3117
1
3118
5
3119
2
3120
2
3121
2
3122
4
3123
1
3124
2
3125
7
3126
2
3127
5
3128
1
3129
3
3130
2
3131
1
3132
1
3133
3
3134
2
3135
4
3136
3
3137
1
3138
8
3139
2
3140
1
3141
2
3142
3
3143
4
3144
8
3145
1
3146
4
3147
4
3148
1
3149
5
3150
3
3151
0
3152
0
3153
2
3154
0
3155
4
3156
2
3157
1
3158
0
3159
1
3160
1
3161
3
3162
3
3163
1
3164
1
3165
1
3166
3
3167
1
3168
1
3169
2
3170
5
3171
2
3172
1
3173
1
3174
3
3175
1
3176
6
3177
3
3178
0
3179
3
3180
3
3181
0
3182
2
3183
3
3184
3
3185
0
3186
4
3187
2
3188
4
3189
2
3190
0
3191
2
3192
0
3193
3
3194
5
3195
5
3196
1
3197
6
3198
2
3199
0
3200
2
3201
0
3202
2
3203
4
3204
0
3205
2
3206
1
3207
5
3208
2
3209
3
3210
0
3211
0
3212
9
3213
0
3214
1
3215
2
3216
1
3217
4
3218
3
3219
2
3220
2
3221
2
3222
1
3223
2
3224
9
3225
0
3226
1
3227
4
3228
5
3229
1
3230
0
3231
0
3232
1
3233
1
3234
3
3235
2
3236
4
3237
4
3238
1
3239
1
3240
1
3241
3
3242
1
3243
2
3244
0
3245
3
3246
2
3247
1
3248
13
3249
6
3250
1
3251
1
3252
1
3253
3
3254
0
3255
2
3256
2
3257
0
3258
3
3259
4
3260
0
3261
2
3262
2
3263
2
3264
1
3265
1
3266
1
3267
0
3268
8
3269
1
3270
0
3271
2
3272
4
3273
1
3274
2
3275
1
3276
1
3277
1
3278
2
3279
0
3280
0
3281
0
3282
3
3283
3
3284
2
3285
1
3286
0
3287
2
3288
2
3289
3
3290
0
3291
2
3292
3
3293
4
3294
3
3295
4
3296
0
3297
4
3298
1
3299
0
3300
2
3301
3
3302
1
3303
3
3304
0
3305
1
3306
1
3307
0
3308
3
3309
1
3310
8
3311
4
3312
2
3313
2
3314
3
3315
1
3316
1
3317
2
3318
4
3319
6
3320
7
3321
3
3322
3
3323
4
3324
2
3325
4
3326
1
3327
0
3328
3
3329
2
3330
4
3331
3
3332
5
3333
0
3334
3
3335
4
3336
0
3337
3
3338
2
3339
8
3340
3
3341
1
3342
4
3343
1
3344
4
3345
2
3346
2
3347
1
3348
3
3349
1
3350
4
3351
0
3352
3
3353
3
3354
1
3355
0
3356
2
3357
0
3358
1
3359
2
3360
3
3361
1
3362
5
3363
2
3364
0
3365
0
3366
6
3367
3
3368
3
3369
1
3370
2
3371
1
3372
0
3373
1
3374
2
3375
2
3376
0
3377
3
3378
0
3379
3
3380
3
3381
5
3382
6
3383
4
3384
4
3385
0
3386
6
3387
1
3388
6
3389
1
3390
2
3391
1
3392
4
3393
2
3394
0
3395
1
3396
1
3397
2
3398
2
3399
0
3400
4
3401
2
3402
4
3403
3
3404
3
3405
3
3406
1
3407
2
3408
1
3409
1
3410
2
3411
3
3412
4
3413
0
3414
2
3415
0
3416
0
3417
1
3418
0
3419
1
3420
0
3421
5
3422
3
3423
3
3424
3
3425
1
3426
7
3427
2
3428
0
3429
3
3430
3
3431
11
3432
3
3433
2
3434
2
3435
6
3436
0
3437
4
3438
2
3439
0
3440
3
3441
1
3442
4
3443
1
3444
3
3445
0
3446
1
3447
1
3448
0
3449
5
3450
4
3451
2
3452
1
3453
0
3454
1
3455
3
3456
4
3457
1
3458
3
3459
0
3460
0
3461
1
3462
1
3463
0
3464
0
3465
4
3466
3
3467
2
3468
4
3469
2
3470
2
3471
0
3472
0
3473
2
3474
3
3475
3
3476
1
3477
3
3478
3
3479
0
3480
3
3481
3
3482
0
3483
0
3484
4
3485
0
3486
1
3487
2
3488
2
3489
2
3490
4
3491
2
3492
0
3493
2
3494
0
3495
4
3496
3
3497
5
3498
2
3499
1
3500
0
3501
2
3502
2
3503
5
3504
1
3505
1
3506
1
3507
0
3508
1
3509
1
3510
2
3511
5
3512
2
3513
5
3514
2
3515
1
3516
1
3517
4
3518
0
3519
2
3520
0
3521
2
3522
4
3523
0
3524
4
3525
1
3526
1
3527
3
3528
2
3529
0
3530
2
3531
1
3532
5
3533
4
3534
4
3535
7
3536
0
3537
4
3538
1
3539
0
3540
2
3541
4
3542
0
3543
0
3544
1
3545
0
3546
9
3547
0
3548
5
3549
1
3550
0
3551
1
3552
3
3553
2
3554
0
3555
4
3556
1
3557
2
3558
4
3559
0
3560
0
3561
1
3562
4
3563
0
3564
4
3565
1
3566
1
3567
3
3568
1
3569
1
3570
1
3571
0
3572
1
3573
1
3574
2
3575
5
3576
0
3577
0
3578
3
3579
2
3580
1
3581
1
3582
1
3583
0
3584
1
3585
2
3586
1
3587
2
3588
0
3589
0
3590
1
3591
2
3592
3
3593
0
3594
5
3595
1
3596
3
3597
0
3598
3
3599
0
3600
0
3601
3
3602
4
3603
0
3604
1
3605
3
3606
2
3607
2
3608
4
3609
2
3610
1
3611
3
3612
0
3613
0
3614
2
3615
1
3616
0
3617
3
3618
3
3619
2
3620
1
3621
1
3622
1
3623
4
3624
3
3625
1
3626
3
3627
4
3628
2
3629
0
3630
3
3631
0
3632
6
3633
1
3634
1
3635
0
3636
2
3637
0
3638
3
3639
1
3640
1
3641
2
3642
2
3643
6
3644
2
3645
3
3646
3
3647
2
3648
18
3649
0
3650
2
3651
1
3652
1
3653
1
3654
2
3655
1
3656
1
3657
3
3658
2
3659
1
3660
4
3661
2
3662
2
3663
0
3664
3
3665
0
3666
2
3667
2
3668
1
3669
2
3670
2
3671
1
3672
4
3673
0
3674
0
3675
2
3676
0
3677
1
3678
8
3679
3
3680
2
3681
1
3682
2
3683
1
3684
2
3685
0
3686
1
3687
1
3688
3
3689
5
3690
0
3691
4
3692
4
3693
0
3694
2
3695
0
3696
0
3697
0
3698
4
3699
1
3700
2
3701
1
3702
4
3703
1
3704
3
3705
2
3706
11
3707
4
3708
4
3709
0
3710
0
3711
3
3712
22
3713
0
3714
3
3715
0
3716
2
3717
1
3718
1
3719
1
3720
0
3721
4
3722
1
3723
1
3724
3
3725
2
3726
2
3727
1
3728
3
3729
5
3730
0
3731
2
3732
1
3733
11
3734
7
3735
5
3736
1
3737
2
3738
2
3739
2
3740
4
3741
0
3742
1
3743
3
3744
4
3745
0
3746
0
3747
0
3748
2
3749
1
3750
1
3751
2
3752
3
3753
3
3754
3
3755
0
3756
1
3757
22
3758
1
3759
1
3760
2
3761
0
3762
2
3763
6
3764
1
3765
0
3766
1
3767
6
3768
1
3769
2
3770
1
3771
4
3772
3
3773
1
3774
1
3775
3
3776
2
3777
1
3778
0
3779
3
3780
2
3781
6
3782
3
3783
2
3784
0
3785
4
3786
0
3787
0
3788
3
3789
3
3790
1
3791
4
3792
1
3793
1
3794
1
3795
2
3796
3
3797
3
3798
2
3799
1
3800
0
3801
0
3802
4
3803
2
3804
1
3805
1
3806
1
3807
0
3808
0
3809
1
3810
5
3811
3
3812
4
3813
5
3814
0
3815
7
3816
1
3817
7
3818
0
3819
2
3820
22
3821
3
3822
0
3823
1
3824
1
3825
4
3826
3
3827
2
3828
1
3829
1
3830
3
3831
2
3832
2
3833
3
3834
3
3835
7
3836
0
3837
5
3838
2
3839
1
3840
2
3841
1
3842
5
3843
10
3844
3
3845
1
3846
3
3847
0
3848
0
3849
1
3850
2
3851
0
3852
3
3853
3
3854
1
3855
2
3856
4
3857
3
3858
1
3859
3
3860
2
3861
1
3862
1
3863
2
3864
2
3865
1
3866
0
3867
3
3868
2
3869
1
3870
2
3871
6
3872
1
3873
1
3874
0
3875
1
3876
2
3877
4
3878
5
3879
5
3880
2
3881
1
3882
5
3883
3
3884
4
3885
1
3886
1
3887
1
3888
2
3889
5
3890
0
3891
5
3892
4
3893
21
3894
3
3895
2
3896
1
3897
0
3898
2
3899
1
3900
3
3901
2
3902
3
3903
5
3904
1
3905
2
3906
2
3907
0
3908
1
3909
2
3910
1
3911
6
3912
2
3913
1
3914
1
3915
0
3916
2
3917
4
3918
6
3919
1
3920
0
3921
2
3922
2
3923
6
3924
5
3925
0
3926
4
3927
1
3928
1
3929
0
3930
2
3931
11
3932
2
3933
2
3934
1
3935
1
3936
5
3937
2
3938
2
3939
3
3940
0
3941
0
3942
2
3943
5
3944
6
3945
0
3946
0
3947
2
3948
3
3949
5
3950
0
3951
4
3952
2
3953
1
3954
2
3955
2
3956
3
3957
3
3958
6
3959
2
3960
3
3961
0
3962
0
3963
4
3964
2
3965
3
3966
2
3967
1
3968
1
3969
2
3970
2
3971
3
3972
2
3973
0
3974
4
3975
2
3976
0
3977
0
3978
1
3979
3
3980
0
3981
4
3982
6
3983
5
3984
0
3985
2
3986
2
3987
1
3988
5
3989
4
3990
3
3991
2
3992
0
3993
0
3994
0
3995
0
3996
2
3997
2
3998
3
3999
3
4000
5
4001
4
4002
2
4003
4
4004
1
4005
1
4006
2
4007
5
4008
4
4009
1
4010
3
4011
2
4012
5
4013
7
4014
2
4015
1
4016
0
4017
1
4018
0
4019
3
4020
1
4021
2
4022
3
4023
2
4024
3
4025
4
4026
0
4027
3
4028
4
4029
2
4030
1
4031
0
4032
0
4033
3
4034
1
4035
2
4036
1
4037
1
4038
2
4039
0
4040
1
4041
2
4042
0
4043
2
4044
6
4045
2
4046
1
4047
3
4048
2
4049
2
4050
2
4051
3
4052
2
4053
2
4054
2
4055
0
4056
21
4057
0
4058
0
4059
1
4060
2
4061
1
4062
2
4063
3
4064
6
4065
3
4066
5
4067
3
4068
4
4069
4
4070
1
4071
1
4072
1
4073
1
4074
1
4075
4
4076
3
4077
1
4078
0
4079
1
4080
1
4081
1
4082
0
4083
5
4084
5
4085
3
4086
0
4087
0
4088
0
4089
2
4090
1
4091
1
4092
0
4093
2
4094
0
4095
3
4096
1
4097
1
4098
4
4099
6
4100
1
4101
3
4102
2
4103
1
4104
4
4105
6
4106
4
4107
1
4108
2
4109
3
4110
2
4111
1
4112
4
4113
1
4114
4
4115
0
4116
4
4117
3
4118
1
4119
2
4120
1
4121
5
4122
4
4123
5
4124
2
4125
2
4126
1
4127
11
4128
1
4129
1
4130
3
4131
0
4132
5
4133
3
4134
1
4135
4
4136
1
4137
3
4138
1
4139
4
4140
4
4141
6
4142
2
4143
4
4144
2
4145
3
4146
1
4147
2
4148
6
4149
2
4150
3
4151
2
4152
2
4153
2
4154
4
4155
4
4156
2
4157
4
4158
1
4159
3
4160
1
4161
0
4162
2
4163
1
4164
0
4165
1
4166
0
4167
2
4168
4
4169
2
4170
1
4171
3
4172
3
4173
2
4174
3
4175
4
4176
1
4177
0
4178
2
4179
4
4180
3
4181
2
4182
3
4183
2
4184
0
4185
1
4186
1
4187
3
4188
3
4189
0
4190
4
4191
6
4192
2
4193
1
4194
0
4195
1
4196
1
4197
3
4198
4
4199
0
4200
2
4201
5
4202
3
4203
1
4204
7
4205
4
4206
2
4207
6
4208
0
4209
1
4210
1
4211
0
4212
1
4213
0
4214
1
4215
0
4216
9
4217
2
4218
2
4219
1
4220
1
4221
1
4222
2
4223
1
4224
2
4225
1
4226
0
4227
3
4228
1
4229
0
4230
3
4231
4
4232
4
4233
1
4234
2
4235
1
4236
1
4237
4
4238
2
4239
1
4240
5
4241
6
4242
0
4243
2
4244
6
4245
2
4246
2
4247
0
4248
5
4249
3
4250
2
4251
4
4252
3
4253
3
4254
3
4255
2
4256
0
4257
2
4258
3
4259
3
4260
3
4261
13
4262
1
4263
0
4264
1
4265
1
4266
2
4267
1
4268
1
4269
0
4270
1
4271
3
4272
1
4273
0
4274
4
4275
1
4276
1
4277
0
4278
1
4279
3
4280
3
4281
7
4282
2
4283
2
4284
3
4285
2
4286
2
4287
3
4288
0
4289
1
4290
3
4291
4
4292
0
4293
3
4294
1
4295
0
4296
2
4297
3
4298
5
4299
1
4300
0
4301
3
4302
1
4303
4
4304
4
4305
0
4306
0
4307
5
4308
1
4309
6
4310
2
4311
4
4312
1
4313
1
4314
3
4315
0
4316
5
4317
2
4318
6
4319
2
4320
2
4321
5
4322
0
4323
5
4324
1
4325
2
4326
0
4327
3
4328
1
4329
5
4330
0
4331
0
4332
2
4333
1
4334
1
4335
1
4336
0
4337
3
4338
5
4339
4
4340
3
4341
4
4342
1
4343
8
4344
1
4345
3
4346
3
4347
0
4348
4
4349
1
4350
2
4351
0
4352
1
4353
3
4354
1
4355
0
4356
0
4357
0
4358
1
4359
2
4360
0
4361
0
4362
2
4363
1
4364
2
4365
3
4366
2
4367
0
4368
1
4369
2
4370
4
4371
4
4372
2
4373
3
4374
2
4375
1
4376
3
4377
7
4378
0
4379
2
4380
0
4381
4
4382
0
4383
0
4384
2
4385
2
4386
0
4387
1
4388
0
4389
2
4390
3
4391
0
4392
0
4393
0
4394
0
4395
2
4396
2
4397
5
4398
0
4399
0
4400
2
4401
0
4402
1
4403
1
4404
0
4405
3
4406
1
4407
2
4408
1
4409
4
4410
5
4411
0
4412
1
4413
2
4414
4
4415
4
4416
1
4417
2
4418
5
4419
4
4420
1
4421
3
4422
3
4423
1
4424
3
4425
5
4426
1
4427
2
4428
4
4429
1
4430
0
4431
6
4432
1
4433
1
4434
0
4435
0
4436
1
4437
2
4438
2
4439
0
4440
4
4441
2
4442
3
4443
1
4444
3
4445
4
4446
9
4447
1
4448
2
4449
3
4450
4
4451
2
4452
0
4453
2
4454
2
4455
0
4456
6
4457
0
4458
1
4459
4
4460
4
4461
3
4462
0
4463
2
4464
4
4465
0
4466
6
4467
5
4468
0
4469
0
4470
0
4471
2
4472
2
4473
1
4474
2
4475
2
4476
3
4477
2
4478
2
4479
0
4480
2
4481
2
4482
2
4483
2
4484
0
4485
3
4486
1
4487
3
4488
3
4489
1
4490
4
4491
4
4492
0
4493
1
4494
1
4495
14
4496
4
4497
2
4498
0
4499
1
4500
4
4501
3
4502
2
4503
2
4504
0
4505
2
4506
1
4507
0
4508
2
4509
2
4510
4
4511
0
4512
4
4513
1
4514
2
4515
3
4516
3
4517
0
4518
0
4519
1
4520
1
4521
1
4522
0
4523
1
4524
2
4525
3
4526
2
4527
1
4528
2
4529
6
4530
6
4531
2
4532
2
4533
0
4534
4
4535
0
4536
0
4537
1
4538
4
4539
4
4540
3
4541
0
4542
2
4543
2
4544
0
4545
1
4546
3
4547
0
4548
0
4549
1
4550
2
4551
3
4552
4
4553
1
4554
0
4555
2
4556
1
4557
1
4558
0
4559
1
4560
2
4561
2
4562
3
4563
1
4564
2
4565
7
4566
0
4567
1
4568
3
4569
1
4570
2
4571
1
4572
2
4573
4
4574
1
4575
0
4576
2
4577
0
4578
5
4579
2
4580
2
4581
0
4582
4
4583
2
4584
6
4585
1
4586
3
4587
4
4588
3
4589
0
4590
1
4591
3
4592
3
4593
0
4594
1
4595
2
4596
2
4597
1
4598
2
4599
3
4600
0
4601
0
4602
1
4603
0
4604
0
4605
3
4606
0
4607
4
4608
2
4609
3
4610
5
4611
0
4612
2
4613
0
4614
2
4615
1
4616
2
4617
4
4618
1
4619
3
4620
1
4621
4
4622
2
4623
5
4624
1
4625
3
4626
0
4627
2
4628
3
4629
1
4630
2
4631
4
4632
1
4633
5
4634
11
4635
4
4636
4
4637
1
4638
4
4639
3
4640
4
4641
1
4642
8
4643
2
4644
5
4645
2
4646
4
4647
11
4648
0
4649
0
4650
3
4651
0
4652
2
4653
3
4654
3
4655
4
4656
1
4657
3
4658
3
4659
0
4660
2
4661
3
4662
2
4663
4
4664
1
4665
0
4666
3
4667
0
4668
2
4669
2
4670
2
4671
4
4672
0
4673
4
4674
0
4675
6
4676
2
4677
4
4678
4
4679
0
4680
0
4681
1
4682
5
4683
0
4684
3
4685
7
4686
6
4687
0
4688
2
4689
1
4690
5
4691
4
4692
0
4693
3
4694
0
4695
1
4696
2
4697
0
4698
2
4699
3
4700
1
4701
4
4702
2
4703
2
4704
1
4705
1
4706
3
4707
2
4708
1
4709
2
4710
2
4711
1
4712
4
4713
0
4714
2
4715
1
4716
3
4717
2
4718
5
4719
0
4720
0
4721
0
4722
2
4723
2
4724
1
4725
1
4726
2
4727
3
4728
5
4729
0
4730
1
4731
1
4732
3
4733
4
4734
2
4735
0
4736
3
4737
2
4738
0
4739
1
4740
3
4741
6
4742
4
4743
4
4744
3
4745
1
4746
8
4747
0
4748
3
4749
6
4750
3
4751
3
4752
4
4753
6
4754
5
4755
2
4756
2
4757
1
4758
2
4759
3
4760
7
4761
4
4762
2
4763
9
4764
4
4765
2
4766
2
4767
2
4768
1
4769
2
4770
1
4771
1
4772
0
4773
0
4774
3
4775
0
4776
3
4777
18
4778
1
4779
3
4780
1
4781
2
4782
7
4783
1
4784
1
4785
2
4786
1
4787
4
4788
1
4789
7
4790
9
4791
3
4792
5
4793
7
4794
1
4795
1
4796
1
4797
1
4798
4
4799
0
4800
10
4801
2
4802
0
4803
0
4804
2
4805
1
4806
2
4807
1
4808
3
4809
1
4810
1
4811
0
4812
1
4813
1
4814
0
4815
2
4816
5
4817
0
4818
1
4819
2
4820
3
4821
2
4822
3
4823
1
4824
4
4825
3
4826
2
4827
4
4828
0
4829
2
4830
2
4831
1
4832
3
4833
3
4834
3
4835
6
4836
1
4837
2
4838
4
4839
2
4840
0
4841
2
4842
0
4843
2
4844
6
4845
2
4846
5
4847
3
4848
2
4849
2
4850
2
4851
0
4852
5
4853
4
4854
3
4855
1
4856
0
4857
4
4858
2
4859
0
4860
1
4861
2
4862
6
4863
1
4864
2
4865
1
4866
1
4867
4
4868
1
4869
0
4870
1
4871
6
4872
2
4873
3
4874
2
4875
3
4876
0
4877
0
4878
3
4879
2
4880
2
4881
2
4882
4
4883
2
4884
3
4885
0
4886
5
4887
2
4888
0
4889
0
4890
1
4891
2
4892
1
4893
1
4894
4
4895
0
4896
4
4897
1
4898
0
4899
1
4900
3
4901
4
4902
3
4903
1
4904
5
4905
1
4906
5
4907
3
4908
0
4909
1
4910
2
4911
2
4912
6
4913
0
4914
3
4915
1
4916
1
4917
4
4918
4
4919
2
4920
0
4921
3
4922
0
4923
0
4924
0
4925
4
4926
3
4927
3
4928
1
4929
5
4930
1
4931
2
4932
2
4933
0
4934
3
4935
2
4936
2
4937
1
4938
0
4939
0
4940
2
4941
1
4942
2
4943
1
4944
1
4945
2
4946
1
4947
2
4948
3
4949
6
4950
2
4951
4
4952
0
4953
11
4954
2
4955
3
4956
1
4957
1
4958
0
4959
7
4960
1
4961
1
4962
1
4963
3
4964
2
4965
2
4966
1
4967
2
4968
2
4969
5
4970
4
4971
2
4972
1
4973
3
4974
11
4975
4
4976
1
4977
3
4978
3
4979
2
4980
0
4981
1
4982
0
4983
0
4984
3
4985
5
4986
0
4987
2
4988
2
4989
1
4990
0
4991
3
4992
1
4993
2
4994
3
4995
5
4996
2
4997
4
4998
0
4999
3
5000
1
5001
5
5002
3
5003
4
5004
0
5005
0
5006
2
5007
0
5008
3
5009
2
5010
1
5011
3
5012
2
5013
4
5014
0
5015
2
5016
4
5017
1
5018
3
5019
2
5020
1
5021
4
5022
1
5023
2
5024
0
5025
3
5026
2
5027
0
5028
4
5029
0
5030
4
5031
0
5032
3
5033
2
5034
2
5035
0
5036
3
5037
1
5038
3
5039
2
5040
0
5041
1
5042
1
5043
6
5044
1
5045
1
5046
2
5047
1
5048
1
5049
0
5050
2
5051
8
5052
1
5053
3
5054
3
5055
0
5056
3
5057
2
5058
1
5059
0
5060
1
5061
1
5062
3
5063
1
5064
0
5065
2
5066
3
5067
0
5068
2
5069
1
5070
1
5071
3
5072
3
5073
1
5074
2
5075
1
5076
2
5077
4
5078
2
5079
2
5080
0
5081
0
5082
2
5083
1
5084
2
5085
2
5086
1
5087
0
5088
2
5089
0
5090
2
5091
3
5092
1
5093
1
5094
2
5095
5
5096
0
5097
6
5098
4
5099
1
5100
1
5101
1
5102
1
5103
0
5104
4
5105
1
5106
0
5107
1
5108
1
5109
1
5110
0
5111
3
5112
2
5113
7
5114
4
5115
1
5116
1
5117
2
5118
6
5119
2
5120
1
5121
1
5122
1
5123
1
5124
2
5125
3
5126
0
5127
7
5128
0
5129
2
5130
1
5131
1
5132
1
5133
2
5134
0
5135
4
5136
0
5137
1
5138
6
5139
1
5140
0
5141
3
5142
2
5143
1
5144
2
5145
2
5146
6
5147
2
5148
2
5149
1
5150
3
5151
4
5152
1
5153
4
5154
1
5155
3
5156
1
5157
2
5158
0
5159
6
5160
2
5161
4
5162
0
5163
0
5164
2
5165
1
5166
3
5167
1
5168
5
5169
2
5170
1
5171
3
5172
0
5173
4
5174
2
5175
1
5176
0
5177
3
5178
0
5179
4
5180
2
5181
1
5182
1
5183
1
5184
2
5185
1
5186
0
5187
1
5188
2
5189
3
5190
2
5191
4
5192
1
5193
5
5194
2
5195
2
5196
3
5197
4
5198
7
5199
1
5200
5
5201
3
5202
0
5203
1
5204
3
5205
3
5206
0
5207
6
5208
5
5209
0
5210
7
5211
0
5212
3
5213
3
5214
4
5215
0
5216
2
5217
1
5218
2
5219
2
5220
0
5221
0
5222
0
5223
1
5224
2
5225
1
5226
0
5227
1
5228
2
5229
3
5230
2
5231
0
5232
3
5233
4
5234
1
5235
3
5236
4
5237
6
5238
0
5239
2
5240
3
5241
2
5242
2
5243
2
5244
5
5245
0
5246
0
5247
2
5248
0
5249
2
5250
0
5251
0
5252
4
5253
1
5254
2
5255
3
5256
1
5257
3
5258
0
5259
1
5260
1
5261
4
5262
4
5263
1
5264
1
5265
3
5266
0
5267
0
5268
1
5269
4
5270
2
5271
0
5272
2
5273
3
5274
2
5275
2
5276
1
5277
2
5278
0
5279
1
5280
1
5281
0
5282
2
5283
2
5284
6
5285
0
5286
5
5287
3
5288
2
5289
4
5290
1
5291
1
5292
6
5293
1
5294
4
5295
3
5296
1
5297
1
5298
4
5299
2
5300
4
5301
2
5302
0
5303
3
5304
0
5305
2
5306
2
5307
2
5308
2
5309
3
5310
3
5311
1
5312
1
5313
0
5314
2
5315
3
5316
4
5317
1
5318
5
5319
3
5320
1
5321
1
5322
2
5323
3
5324
1
5325
0
5326
6
5327
1
5328
0
5329
4
5330
4
5331
1
5332
2
5333
1
5334
0
5335
5
5336
1
5337
1
5338
3
5339
3
5340
0
5341
3
5342
3
5343
4
5344
2
5345
3
5346
2
5347
2
5348
1
5349
2
5350
0
5351
4
5352
2
5353
5
5354
8
5355
1
5356
3
5357
7
5358
13
5359
0
5360
1
5361
7
5362
0
5363
2
5364
2
5365
1
5366
0
5367
1
5368
4
5369
0
5370
1
5371
3
5372
7
5373
0
5374
0
5375
2
5376
0
5377
2
5378
2
5379
4
5380
2
5381
0
5382
2
5383
1
5384
2
5385
0
5386
0
5387
1
5388
1
5389
1
5390
9
5391
1
5392
5
5393
5
5394
2
5395
1
5396
4
5397
5
5398
0
5399
3
5400
5
5401
3
5402
6
5403
1
5404
1
5405
22
5406
3
5407
3
5408
1
5409
1
5410
0
5411
11
5412
1
5413
0
5414
2
5415
4
5416
1
5417
2
5418
0
5419
0
5420
0
5421
1
5422
0
5423
1
5424
5
5425
1
5426
1
5427
3
5428
2
5429
2
5430
1
5431
7
5432
4
5433
5
5434
3
5435
1
5436
1
5437
5
5438
5
5439
2
5440
1
5441
1
5442
1
5443
1
5444
3
5445
0
5446
18
5447
3
5448
2
5449
4
5450
3
5451
2
5452
4
5453
2
5454
3
5455
2
5456
0
5457
3
5458
1
5459
4
5460
1
5461
0
5462
3
5463
3
5464
5
5465
0
5466
3
5467
0
5468
3
5469
4
5470
4
5471
0
5472
9
5473
3
5474
1
5475
1
5476
2
5477
0
5478
1
5479
0
5480
3
5481
1
5482
6
5483
5
5484
3
5485
1
5486
1
5487
2
5488
1
5489
2
5490
0
5491
3
5492
4
5493
2
5494
1
5495
0
5496
4
5497
4
5498
2
5499
2
5500
0
5501
2
5502
1
5503
0
5504
1
5505
2
5506
6
5507
4
5508
3
5509
2
5510
1
5511
1
5512
3
5513
2
5514
3
5515
7
5516
2
5517
0
5518
0
5519
5
5520
0
5521
1
5522
5
5523
0
5524
1
5525
0
5526
7
5527
1
5528
0
5529
2
5530
2
5531
2
5532
3
5533
1
5534
2
5535
1
5536
1
5537
0
5538
5
5539
0
5540
1
5541
8
5542
0
5543
6
5544
0
5545
2
5546
2
5547
5
5548
1
5549
4
5550
1
5551
7
5552
3
5553
4
5554
3
5555
1
5556
8
5557
3
5558
3
5559
2
5560
1
5561
0
5562
2
5563
0
5564
5
5565
4
5566
3
5567
6
5568
1
5569
4
5570
17
5571
7
5572
3
5573
1
5574
5
5575
0
5576
3
5577
6
5578
0
5579
1
5580
1
5581
1
5582
1
5583
7
5584
0
5585
1
5586
1
5587
0
5588
1
5589
4
5590
4
5591
7
5592
0
5593
2
5594
4
5595
2
5596
8
5597
2
5598
0
5599
7
5600
4
5601
2
5602
2
5603
6
5604
1
5605
4
5606
4
5607
0
5608
1
5609
2
5610
3
5611
3
5612
2
5613
0
5614
0
5615
1
5616
3
5617
2
5618
2
5619
2
5620
3
5621
3
5622
2
5623
0
5624
2
5625
2
5626
2
5627
1
5628
3
5629
1
5630
0
5631
6
5632
2
5633
1
5634
0
5635
0
5636
3
5637
3
5638
4
5639
3
5640
3
5641
2
5642
3
5643
4
5644
3
5645
0
5646
1
5647
0
5648
0
5649
1
5650
2
5651
0
5652
1
5653
1
5654
1
5655
3
5656
2
5657
2
5658
1
5659
0
5660
3
5661
3
5662
0
5663
0
5664
3
5665
2
5666
4
5667
4
5668
2
5669
3
5670
4
5671
1
5672
4
5673
3
5674
0
5675
0
5676
3
5677
5
5678
6
5679
0
5680
2
5681
0
5682
1
5683
0
5684
6
5685
3
5686
1
5687
5
5688
5
5689
1
5690
3
5691
2
5692
1
5693
2
5694
0
5695
4
5696
3
5697
3
5698
0
5699
0
5700
0
5701
4
5702
4
5703
1
5704
1
5705
2
5706
2
5707
10
5708
3
5709
4
5710
1
5711
3
5712
2
5713
1
5714
3
5715
4
5716
0
5717
2
5718
0
5719
0
5720
1
5721
0
5722
5
5723
2
5724
0
5725
6
5726
2
5727
2
5728
1
5729
2
5730
2
5731
1
5732
1
5733
0
5734
1
5735
0
5736
1
5737
1
5738
3
5739
3
5740
0
5741
3
5742
0
5743
7
5744
4
5745
1
5746
22
5747
6
5748
0
5749
1
5750
0
5751
0
5752
7
5753
1
5754
0
5755
4
5756
2
5757
3
5758
2
5759
3
5760
0
5761
2
5762
2
5763
3
5764
2
5765
5
5766
4
5767
0
5768
3
5769
1
5770
2
5771
1
5772
1
5773
1
5774
0
5775
0
5776
3
5777
1
5778
6
5779
0
5780
3
5781
5
5782
6
5783
1
5784
1
5785
2
5786
1
5787
2
5788
1
5789
3
5790
2
5791
1
5792
0
5793
0
5794
0
5795
1
5796
3
5797
1
5798
4
5799
3
5800
0
5801
3
5802
0
5803
4
5804
0
5805
1
5806
2
5807
2
5808
4
5809
0
5810
2
5811
1
5812
0
5813
3
5814
0
5815
0
5816
4
5817
1
5818
7
5819
2
5820
1
5821
2
5822
0
5823
2
5824
4
5825
3
5826
2
5827
0
5828
0
5829
0
5830
4
5831
4
5832
1
5833
2
5834
1
5835
4
5836
2
5837
2
5838
4
5839
4
5840
1
5841
3
5842
0
5843
0
5844
4
5845
0
5846
6
5847
1
5848
4
5849
5
5850
1
5851
4
5852
1
5853
0
5854
2
5855
3
5856
5
5857
0
5858
1
5859
2
5860
2
5861
2
5862
0
5863
1
5864
2
5865
1
5866
10
5867
7
5868
4
5869
6
5870
4
5871
3
5872
0
5873
0
5874
3
5875
1
5876
3
5877
3
5878
3
5879
1
5880
1
5881
2
5882
0
5883
1
5884
3
5885
3
5886
8
5887
7
5888
2
5889
2
5890
2
5891
4
5892
4
5893
0
5894
1
5895
3
5896
0
5897
1
5898
3
5899
0
5900
3
5901
2
5902
8
5903
1
5904
4
5905
1
5906
2
5907
0
5908
1
5909
1
5910
3
5911
3
5912
3
5913
4
5914
2
5915
4
5916
2
5917
1
5918
3
5919
3
5920
1
5921
1
5922
4
5923
1
5924
1
5925
0
5926
3
5927
1
5928
1
5929
0
5930
5
5931
1
5932
1
5933
3
5934
1
5935
0
5936
0
5937
5
5938
3
5939
4
5940
2
5941
0
5942
4
5943
6
5944
1
5945
0
5946
1
5947
1
5948
4
5949
1
5950
1
5951
2
5952
2
5953
4
5954
1
5955
1
5956
2
5957
1
5958
2
5959
1
5960
5
5961
1
5962
0
5963
1
5964
1
5965
1
5966
1
5967
0
5968
5
5969
1
5970
0
5971
0
5972
1
5973
0
5974
4
5975
1
5976
0
5977
4
5978
2
5979
2
5980
3
5981
4
5982
1
5983
3
5984
4
5985
0
5986
4
5987
2
5988
5
5989
1
5990
3
5991
5
5992
3
5993
2
5994
3
5995
2
5996
1
5997
2
5998
6
5999
4
6000
5
6001
3
6002
4
6003
4
6004
17
6005
1
6006
1
6007
4
6008
4
6009
2
6010
1
6011
7
6012
2
6013
0
6014
1
6015
1
6016
2
6017
4
6018
3
6019
1
6020
0
6021
4
6022
4
6023
1
6024
2
6025
3
6026
2
6027
2
6028
0
6029
4
6030
0
6031
5
6032
2
6033
4
6034
1
6035
4
6036
1
6037
4
6038
4
6039
2
6040
1
6041
2
6042
0
6043
0
6044
1
6045
1
6046
4
6047
2
6048
1
6049
2
6050
2
6051
3
6052
2
6053
4
6054
5
6055
0
6056
4
6057
2
6058
0
6059
3
6060
2
6061
3
6062
3
6063
0
6064
5
6065
2
6066
1
6067
0
6068
2
6069
5
6070
2
6071
1
6072
3
6073
2
6074
4
6075
3
6076
1
6077
1
6078
1
6079
3
6080
2
6081
2
6082
0
6083
1
6084
0
6085
2
6086
0
6087
3
6088
2
6089
3
6090
4
6091
5
6092
4
6093
0
6094
1
6095
0
6096
2
6097
1
6098
1
6099
4
6100
3
6101
1
6102
3
6103
5
6104
1
6105
2
6106
0
6107
2
6108
0
6109
4
6110
2
6111
4
6112
6
6113
0
6114
1
6115
5
6116
0
6117
1
6118
2
6119
0
6120
1
6121
4
6122
1
6123
2
6124
4
6125
2
6126
4
6127
0
6128
0
6129
1
6130
3
6131
0
6132
2
6133
3
6134
1
6135
1
6136
3
6137
3
6138
1
6139
1
6140
3
6141
0
6142
0
6143
2
6144
3
6145
3
6146
6
6147
3
6148
1
6149
2
6150
3
6151
2
6152
1
6153
2
6154
1
6155
2
6156
6
6157
2
6158
4
6159
1
6160
4
6161
2
6162
3
6163
0
6164
0
6165
2
6166
2
6167
2
6168
1
6169
2
6170
2
6171
1
6172
0
6173
0
6174
7
6175
2
6176
1
6177
1
6178
1
6179
1
6180
11
6181
2
6182
2
6183
2
6184
1
6185
7
6186
2
6187
3
6188
4
6189
2
6190
5
6191
0
6192
0
6193
1
6194
3
6195
8
6196
2
6197
3
6198
2
6199
2
6200
1
6201
2
6202
2
6203
0
6204
3
6205
2
6206
1
6207
2
6208
0
6209
3
6210
2
6211
0
6212
3
6213
18
6214
2
6215
1
6216
4
6217
3
6218
3
6219
2
6220
4
6221
0
6222
1
6223
0
6224
4
6225
5
6226
1
6227
2
6228
3
6229
0
6230
1
6231
2
6232
1
6233
2
6234
1
6235
2
6236
5
6237
4
6238
2
6239
4
6240
3
6241
1
6242
0
6243
1
6244
3
6245
2
6246
1
6247
3
6248
4
6249
4
6250
0
6251
2
6252
3
6253
1
6254
2
6255
0
6256
2
6257
0
6258
3
6259
0
6260
3
6261
1
6262
5
6263
4
6264
2
6265
1
6266
5
6267
0
6268
1
6269
4
6270
1
6271
2
6272
0
6273
1
6274
3
6275
3
6276
3
6277
0
6278
1
6279
6
6280
2
6281
4
6282
1
6283
0
6284
6
6285
2
6286
0
6287
0
6288
3
6289
1
6290
1
6291
2
6292
0
6293
3
6294
1
6295
3
6296
2
6297
1
6298
1
6299
4
6300
2
6301
4
6302
0
6303
3
6304
7
6305
3
6306
6
6307
4
6308
2
6309
0
6310
6
6311
1
6312
4
6313
0
6314
2
6315
9
6316
0
6317
0
6318
2
6319
5
6320
4
6321
3
6322
0
6323
3
6324
5
6325
3
6326
3
6327
1
6328
1
6329
1
6330
3
6331
4
6332
1
6333
0
6334
0
6335
1
6336
4
6337
0
6338
4
6339
3
6340
0
6341
3
6342
4
6343
2
6344
5
6345
3
6346
3
6347
3
6348
1
6349
0
6350
0
6351
4
6352
2
6353
3
6354
0
6355
2
6356
2
6357
0
6358
4
6359
3
6360
0
6361
0
6362
2
6363
1
6364
4
6365
1
6366
0
6367
0
6368
3
6369
3
6370
4
6371
0
6372
1
6373
2
6374
2
6375
2
6376
1
6377
3
6378
3
6379
1
6380
4
6381
4
6382
1
6383
8
6384
22
6385
0
6386
3
6387
7
6388
4
6389
1
6390
1
6391
2
6392
2
6393
2
6394
4
6395
3
6396
4
6397
1
6398
2
6399
0
6400
0
6401
0
6402
1
6403
1
6404
2
6405
4
6406
0
6407
4
6408
1
6409
3
6410
1
6411
4
6412
4
6413
1
6414
2
6415
0
6416
3
6417
1
6418
0
6419
3
6420
3
6421
3
6422
1
6423
2
6424
0
6425
1
6426
1
6427
1
6428
2
6429
1
6430
0
6431
4
6432
3
6433
4
6434
1
6435
1
6436
1
6437
2
6438
6
6439
8
6440
1
6441
0
6442
0
6443
4
6444
4
6445
0
6446
0
6447
2
6448
2
6449
2
6450
0
6451
2
6452
3
6453
2
6454
12
6455
2
6456
4
6457
1
6458
1
6459
1
6460
2
6461
2
6462
1
6463
4
6464
0
6465
1
6466
0
6467
2
6468
2
6469
2
6470
1
6471
0
6472
0
6473
4
6474
1
6475
0
6476
0
6477
0
6478
1
6479
2
6480
4
6481
3
6482
6
6483
4
6484
3
6485
1
6486
2
6487
2
6488
0
6489
4
6490
2
6491
1
6492
0
6493
4
6494
0
6495
1
6496
3
6497
1
6498
0
6499
0
6500
1
6501
3
6502
4
6503
0
6504
7
6505
3
6506
3
6507
0
6508
0
6509
2
6510
2
6511
0
6512
1
6513
3
6514
2
6515
1
6516
1
6517
4
6518
2
6519
8
6520
3
6521
1
6522
0
6523
2
6524
2
6525
3
6526
0
6527
1
6528
2
6529
3
6530
0
6531
2
6532
21
6533
4
6534
4
6535
0
6536
1
6537
2
6538
0
6539
0
6540
3
6541
7
6542
5
6543
3
6544
0
6545
2
6546
1
6547
1
6548
4
6549
0
6550
3
6551
1
6552
3
6553
5
6554
2
6555
4
6556
1
6557
0
6558
4
6559
3
6560
1
6561
0
6562
2
6563
4
6564
2
6565
1
6566
5
6567
0
6568
2
6569
2
6570
4
6571
4
6572
3
6573
0
6574
3
6575
3
6576
2
6577
6
6578
2
6579
3
6580
4
6581
1
6582
2
6583
0
6584
3
6585
3
6586
0
6587
1
6588
3
6589
3
6590
5
6591
2
6592
0
6593
1
6594
1
6595
3
6596
2
6597
7
6598
0
6599
1
6600
0
6601
1
6602
4
6603
2
6604
2
6605
3
6606
2
6607
3
6608
0
6609
1
6610
4
6611
1
6612
1
6613
1
6614
1
6615
1
6616
2
6617
0
6618
5
6619
2
6620
0
6621
1
6622
0
6623
0
6624
2
6625
1
6626
3
6627
1
6628
5
6629
2
6630
5
6631
2
6632
5
6633
1
6634
2
6635
1
6636
1
6637
7
6638
5
6639
4
6640
1
6641
2
6642
2
6643
2
6644
4
6645
2
6646
5
6647
2
6648
1
6649
0
6650
1
6651
3
6652
1
6653
1
6654
5
6655
2
6656
0
6657
0
6658
0
6659
0
6660
2
6661
6
6662
0
6663
3
6664
0
6665
1
6666
4
6667
1
6668
6
6669
1
6670
2
6671
1
6672
5
6673
1
6674
3
6675
6
6676
1
6677
3
6678
4
6679
2
6680
1
6681
2
6682
2
6683
5
6684
1
6685
0
6686
0
6687
0
6688
4
6689
3
6690
16
6691
2
6692
3
6693
4
6694
1
6695
1
6696
3
6697
0
6698
0
6699
0
6700
1
6701
2
6702
0
6703
1
6704
0
6705
0
6706
1
6707
2
6708
2
6709
4
6710
0
6711
6
6712
0
6713
9
6714
1
6715
1
6716
3
6717
3
6718
1
6719
3
6720
2
6721
1
6722
2
6723
0
6724
3
6725
1
6726
3
6727
4
6728
3
6729
6
6730
1
6731
1
6732
3
6733
5
6734
0
6735
0
6736
1
6737
1
6738
1
6739
2
6740
8
6741
0
6742
1
6743
5
6744
1
6745
1
6746
1
6747
0
6748
0
6749
1
6750
0
6751
1
6752
2
6753
3
6754
3
6755
1
6756
5
6757
1
6758
6
6759
1
6760
4
6761
1
6762
1
6763
0
6764
2
6765
0
6766
0
6767
1
6768
0
6769
2
6770
1
6771
1
6772
3
6773
0
6774
1
6775
1
6776
2
6777
0
6778
6
6779
0
6780
0
6781
4
6782
0
6783
2
6784
3
6785
1
6786
3
6787
3
6788
2
6789
1
6790
2
6791
1
6792
4
6793
0
6794
3
6795
4
6796
0
6797
0
6798
1
6799
7
6800
4
6801
2
6802
4
6803
6
6804
4
6805
2
6806
0
6807
3
6808
0
6809
0
6810
2
6811
3
6812
0
6813
1
6814
3
6815
0
6816
4
6817
2
6818
0
6819
2
6820
0
6821
0
6822
0
6823
2
6824
4
6825
2
6826
3
6827
5
6828
0
6829
1
6830
5
6831
2
6832
5
6833
0
6834
4
6835
3
6836
2
6837
3
6838
3
6839
0
6840
1
6841
5
6842
2
6843
4
6844
3
6845
4
6846
0
6847
1
6848
1
6849
3
6850
1
6851
4
6852
5
6853
3
6854
0
6855
11
6856
2
6857
0
6858
2
6859
0
6860
0
6861
1
6862
3
6863
2
6864
0
6865
4
6866
3
6867
10
6868
1
6869
2
6870
0
6871
0
6872
2
6873
3
6874
1
6875
3
6876
1
6877
1
6878
2
6879
1
6880
0
6881
1
6882
2
6883
2
6884
4
6885
2
6886
0
6887
3
6888
4
6889
3
6890
2
6891
4
6892
0
6893
1
6894
2
6895
0
6896
2
6897
6
6898
2
6899
0
6900
1
6901
1
6902
0
6903
1
6904
1
6905
2
6906
3
6907
4
6908
3
6909
3
6910
0
6911
5
6912
4
6913
2
6914
2
6915
5
6916
0
6917
1
6918
8
6919
2
6920
5
6921
1
6922
0
6923
2
6924
0
6925
1
6926
4
6927
0
6928
3
6929
4
6930
1
6931
1
6932
2
6933
0
6934
0
6935
2
6936
7
6937
5
6938
2
6939
2
6940
1
6941
1
6942
0
6943
0
6944
2
6945
0
6946
3
6947
0
6948
0
6949
2
6950
2
6951
6
6952
0
6953
6
6954
0
6955
1
6956
1
6957
1
6958
13
6959
2
6960
2
6961
3
6962
0
6963
0
6964
2
6965
5
6966
1
6967
10
6968
0
6969
3
6970
3
6971
2
6972
0
6973
3
6974
1
6975
4
6976
2
6977
3
6978
3
6979
5
6980
0
6981
1
6982
3
6983
3
6984
1
6985
1
6986
0
6987
6
6988
1
6989
0
6990
5
6991
2
6992
0
6993
4
6994
6
6995
0
6996
4
6997
1
6998
4
6999
0
7000
3
7001
3
7002
0
7003
7
7004
1
7005
4
7006
1
7007
1
7008
0
7009
18
7010
3
7011
0
7012
5
7013
3
7014
0
7015
2
7016
3
7017
5
7018
2
7019
1
7020
0
7021
3
7022
1
7023
1
7024
3
7025
3
7026
0
7027
1
7028
3
7029
3
7030
0
7031
3
7032
5
7033
3
7034
2
7035
0
7036
3
7037
0
7038
3
7039
4
7040
2
7041
0
7042
0
7043
0
7044
4
7045
1
7046
3
7047
4
7048
3
7049
2
7050
3
7051
1
7052
2
7053
3
7054
5
7055
0
7056
1
7057
4
7058
4
7059
1
7060
2
7061
2
7062
5
7063
1
7064
0
7065
0
7066
1
7067
2
7068
0
7069
4
7070
1
7071
1
7072
1
7073
2
7074
5
7075
5
7076
3
7077
3
7078
2
7079
2
7080
1
7081
0
7082
1
7083
0
7084
3
7085
1
7086
1
7087
3
7088
5
7089
0
7090
2
7091
3
7092
1
7093
1
7094
0
7095
3
7096
4
7097
0
7098
1
7099
0
7100
1
7101
3
7102
1
7103
3
7104
1
7105
2
7106
2
7107
4
7108
5
7109
1
7110
1
7111
2
7112
2
7113
1
7114
3
7115
3
7116
4
7117
3
7118
6
7119
1
7120
1
7121
6
7122
1
7123
0
7124
2
7125
2
7126
0
7127
0
7128
3
7129
1
7130
0
7131
1
7132
4
7133
5
7134
3
7135
1
7136
3
7137
4
7138
4
7139
2
7140
0
7141
2
7142
2
7143
1
7144
1
7145
4
7146
1
7147
2
7148
3
7149
1
7150
1
7151
3
7152
6
7153
4
7154
4
7155
4
7156
2
7157
1
7158
2
7159
1
7160
0
7161
0
7162
0
7163
1
7164
4
7165
0
7166
3
7167
3
7168
0
7169
8
7170
0
7171
0
7172
2
7173
1
7174
6
7175
1
7176
0
7177
4
7178
3
7179
1
7180
1
7181
4
7182
3
7183
0
7184
2
7185
1
7186
3
7187
0
7188
0
7189
0
7190
1
7191
2
7192
2
7193
1
7194
3
7195
2
7196
1
7197
1
7198
1
7199
1
7200
3
7201
2
7202
1
7203
7
7204
6
7205
0
7206
3
7207
3
7208
2
7209
3
7210
1
7211
4
7212
1
7213
0
7214
0
7215
0
7216
5
7217
0
7218
0
7219
3
7220
0
7221
0
7222
1
7223
3
7224
1
7225
2
7226
0
7227
5
7228
3
7229
6
7230
2
7231
5
7232
3
7233
1
7234
2
7235
0
7236
0
7237
2
7238
1
7239
3
7240
4
7241
1
7242
2
7243
0
7244
2
7245
0
7246
0
7247
5
7248
2
7249
1
7250
0
7251
0
7252
1
7253
3
7254
1
7255
1
7256
0
7257
0
7258
2
7259
4
7260
4
7261
2
7262
2
7263
3
7264
1
7265
1
7266
4
7267
4
7268
3
7269
1
7270
1
7271
3
7272
1
7273
5
7274
0
7275
1
7276
1
7277
2
7278
4
7279
3
7280
1
7281
4
7282
2
7283
2
7284
1
7285
0
7286
0
7287
1
7288
0
7289
5
7290
0
7291
4
7292
0
7293
2
7294
1
7295
2
7296
2
7297
2
7298
0
7299
2
7300
3
7301
0
7302
2
7303
4
7304
1
7305
1
7306
2
7307
0
7308
1
7309
4
7310
0
7311
1
7312
0
7313
0
7314
1
7315
6
7316
1
7317
2
7318
0
7319
1
7320
3
7321
6
7322
4
7323
3
7324
5
7325
2
7326
5
7327
1
7328
4
7329
1
7330
2
7331
3
7332
1
7333
4
7334
0
7335
0
7336
1
7337
6
7338
3
7339
7
7340
2
7341
1
7342
2
7343
2
7344
1
7345
2
7346
1
7347
6
7348
1
7349
4
7350
0
7351
2
7352
2
7353
2
7354
10
7355
4
7356
4
7357
5
7358
1
7359
0
7360
3
7361
3
7362
4
7363
2
7364
0
7365
3
7366
1
7367
1
7368
4
7369
1
7370
5
7371
3
7372
0
7373
6
7374
1
7375
4
7376
1
7377
2
7378
1
7379
2
7380
4
7381
2
7382
9
7383
1
7384
2
7385
0
7386
3
7387
0
7388
2
7389
1
7390
4
7391
0
7392
5
7393
3
7394
2
7395
0
7396
2
7397
5
7398
1
7399
1
7400
2
7401
4
7402
3
7403
2
7404
4
7405
2
7406
1
7407
1
7408
1
7409
2
7410
2
7411
0
7412
3
7413
0
7414
3
7415
8
7416
1
7417
0
7418
1
7419
2
7420
2
7421
4
7422
2
7423
2
7424
3
7425
3
7426
0
7427
1
7428
0
7429
4
7430
3
7431
2
7432
3
7433
3
7434
1
7435
2
7436
5
7437
0
7438
6
7439
0
7440
0
7441
2
7442
0
7443
1
7444
1
7445
3
7446
1
7447
2
7448
1
7449
4
7450
4
7451
2
7452
2
7453
1
7454
4
7455
3
7456
4
7457
0
7458
4
7459
1
7460
7
7461
4
7462
0
7463
5
7464
6
7465
7
7466
2
7467
2
7468
0
7469
3
7470
3
7471
1
7472
2
7473
1
7474
0
7475
1
7476
4
7477
3
7478
1
7479
4
7480
0
7481
0
7482
2
7483
0
7484
2
7485
1
7486
1
7487
3
7488
0
7489
1
7490
1
7491
2
7492
4
7493
1
7494
0
7495
2
7496
0
7497
4
7498
1
7499
3
7500
1
7501
0
7502
0
7503
3
7504
3
7505
2
7506
0
7507
4
7508
3
7509
2
7510
5
7511
2
7512
4
7513
1
7514
0
7515
6
7516
0
7517
3
7518
2
7519
19
7520
2
7521
0
7522
0
7523
2
7524
6
7525
0
7526
0
7527
1
7528
2
7529
7
7530
5
7531
4
7532
3
7533
1
7534
4
7535
11
7536
2
7537
4
7538
3
7539
0
7540
1
7541
1
7542
2
7543
3
7544
0
7545
7
7546
1
7547
0
7548
0
7549
3
7550
3
7551
3
7552
1
7553
4
7554
2
7555
1
7556
1
7557
0
7558
3
7559
2
7560
1
7561
4
7562
2
7563
0
7564
1
7565
1
7566
3
7567
0
7568
1
7569
4
7570
0
7571
3
7572
0
7573
2
7574
2
7575
0
7576
18
7577
3
7578
0
7579
2
7580
0
7581
3
7582
0
7583
3
7584
2
7585
4
7586
1
7587
1
7588
0
7589
2
7590
0
7591
2
7592
4
7593
2
7594
4
7595
1
7596
6
7597
3
7598
2
7599
4
7600
1
7601
4
7602
4
7603
2
7604
2
7605
0
7606
3
7607
2
7608
2
7609
0
7610
2
7611
0
7612
2
7613
2
7614
1
7615
3
7616
3
7617
3
7618
0
7619
5
7620
2
7621
2
7622
0
7623
0
7624
1
7625
0
7626
2
7627
0
7628
1
7629
1
7630
0
7631
3
7632
2
7633
2
7634
5
7635
0
7636
1
7637
3
7638
2
7639
0
7640
4
7641
0
7642
0
7643
3
7644
2
7645
2
7646
5
7647
0
7648
1
7649
0
7650
4
7651
4
7652
5
7653
5
7654
2
7655
4
7656
7
7657
3
7658
2
7659
4
7660
0
7661
3
7662
1
7663
3
7664
0
7665
2
7666
2
7667
1
7668
1
7669
1
7670
1
7671
3
7672
0
7673
4
7674
1
7675
1
7676
7
7677
1
7678
2
7679
5
7680
2
7681
4
7682
2
7683
0
7684
1
7685
4
7686
3
7687
2
7688
0
7689
2
7690
7
7691
2
7692
3
7693
2
7694
2
7695
1
7696
3
7697
4
7698
2
7699
2
7700
1
7701
3
7702
1
7703
3
7704
2
7705
4
7706
4
7707
0
7708
1
7709
1
7710
0
7711
1
7712
0
7713
0
7714
1
7715
1
7716
4
7717
6
7718
1
7719
0
7720
2
7721
3
7722
1
7723
1
7724
1
7725
2
7726
8
7727
0
7728
2
7729
2
7730
2
7731
4
7732
1
7733
3
7734
1
7735
4
7736
1
7737
0
7738
1
7739
4
7740
0
7741
3
7742
1
7743
3
7744
4
7745
2
7746
4
7747
3
7748
0
7749
3
7750
0
7751
1
7752
1
7753
1
7754
4
7755
3
7756
3
7757
5
7758
0
7759
4
7760
4
7761
2
7762
0
7763
1
7764
5
7765
2
7766
0
7767
0
7768
2
7769
0
7770
4
7771
0
7772
2
7773
4
7774
5
7775
6
7776
1
7777
1
7778
2
7779
1
7780
1
7781
1
7782
1
7783
0
7784
2
7785
2
7786
4
7787
5
7788
4
7789
2
7790
2
7791
2
7792
3
7793
3
7794
1
7795
0
7796
1
7797
0
7798
4
7799
1
7800
1
7801
1
7802
1
7803
2
7804
2
7805
1
7806
2
7807
3
7808
2
7809
3
7810
4
7811
1
7812
6
7813
5
7814
3
7815
4
7816
1
7817
0
7818
4
7819
1
7820
2
7821
0
7822
2
7823
2
7824
1
7825
2
7826
2
7827
2
7828
1
7829
1
7830
9
7831
2
7832
1
7833
0
7834
0
7835
2
7836
0
7837
4
7838
1
7839
2
7840
1
7841
2
7842
3
7843
4
7844
2
7845
2
7846
1
7847
1
7848
1
7849
6
7850
2
7851
1
7852
0
7853
9
7854
1
7855
0
7856
2
7857
6
7858
1
7859
1
7860
1
7861
2
7862
8
7863
6
7864
2
7865
1
7866
2
7867
2
7868
1
7869
5
7870
3
7871
1
7872
2
7873
2
7874
0
7875
2
7876
10
7877
2
7878
3
7879
2
7880
3
7881
5
7882
0
7883
7
7884
2
7885
2
7886
6
7887
3
7888
3
7889
3
7890
0
7891
8
7892
8
7893
8
7894
3
7895
6
7896
2
7897
2
7898
1
7899
0
7900
3
7901
2
7902
1
7903
2
7904
7
7905
7
7906
3
7907
2
7908
1
7909
0
7910
3
7911
1
7912
4
7913
6
7914
2
7915
4
7916
1
7917
1
7918
0
7919
4
7920
3
7921
1
7922
3
7923
3
7924
1
7925
2
7926
3
7927
4
7928
3
7929
1
7930
1
7931
8
7932
1
7933
4
7934
2
7935
0
7936
1
7937
4
7938
22
7939
2
7940
3
7941
3
7942
1
7943
4
7944
2
7945
2
7946
2
7947
0
7948
4
7949
0
7950
2
7951
0
7952
0
7953
0
7954
3
7955
5
7956
3
7957
1
7958
7
7959
6
7960
1
7961
5
7962
3
7963
0
7964
2
7965
1
7966
4
7967
0
7968
4
7969
4
7970
4
7971
2
7972
2
7973
5
7974
1
7975
4
7976
4
7977
0
7978
1
7979
1
7980
3
7981
0
7982
3
7983
2
7984
1
7985
1
7986
4
7987
2
7988
2
7989
5
7990
0
7991
2
7992
1
7993
1
7994
1
7995
1
7996
1
7997
1
7998
17
7999
2
8000
4
8001
1
8002
3
8003
0
8004
2
8005
0
8006
0
8007
4
8008
2
8009
0
8010
5
8011
1
8012
1
8013
1
8014
2
8015
4
8016
0
8017
0
8018
1
8019
1
8020
4
8021
2
8022
2
8023
0
8024
2
8025
1
8026
2
8027
1
8028
1
8029
3
8030
2
8031
4
8032
7
8033
2
8034
2
8035
1
8036
2
8037
3
8038
0
8039
7
8040
3
8041
0
8042
3
8043
3
8044
3
8045
5
8046
0
8047
2
8048
3
8049
0
8050
2
8051
0
8052
0
8053
4
8054
1
8055
0
8056
2
8057
0
8058
1
8059
5
8060
0
8061
1
8062
0
8063
0
8064
1
8065
1
8066
3
8067
6
8068
2
8069
4
8070
2
8071
1
8072
2
8073
1
8074
0
8075
0
8076
2
8077
2
8078
2
8079
4
8080
2
8081
0
8082
5
8083
2
8084
1
8085
3
8086
1
8087
3
8088
0
8089
1
8090
2
8091
5
8092
5
8093
2
8094
6
8095
1
8096
0
8097
0
8098
1
8099
5
8100
2
8101
0
8102
1
8103
5
8104
3
8105
0
8106
1
8107
5
8108
3
8109
0
8110
2
8111
2
8112
5
8113
1
8114
0
8115
1
8116
1
8117
0
8118
5
8119
5
8120
1
8121
3
8122
4
8123
1
8124
4
8125
4
8126
0
8127
3
8128
0
8129
0
8130
1
8131
1
8132
1
8133
3
8134
0
8135
3
8136
1
8137
1
8138
4
8139
3
8140
3
8141
2
8142
1
8143
2
8144
0
8145
0
8146
2
8147
1
8148
0
8149
4
8150
5
8151
5
8152
3
8153
3
8154
1
8155
1
8156
1
8157
2
8158
0
8159
4
8160
1
8161
1
8162
0
8163
3
8164
0
8165
3
8166
0
8167
1
8168
1
8169
4
8170
2
8171
2
8172
0
8173
1
8174
6
8175
2
8176
6
8177
2
8178
0
8179
1
8180
5
8181
3
8182
1
8183
4
8184
3
8185
3
8186
0
8187
4
8188
2
8189
3
8190
1
8191
0
8192
4
8193
3
8194
1
8195
4
8196
1
8197
4
8198
0
8199
2
8200
1
8201
4
8202
1
8203
0
8204
3
8205
1
8206
3
8207
1
8208
1
8209
1
8210
1
8211
1
8212
8
8213
0
8214
0
8215
1
8216
3
8217
2
8218
3
8219
3
8220
3
8221
1
8222
4
8223
5
8224
0
8225
7
8226
0
8227
2
8228
1
8229
3
8230
0
8231
2
8232
0
8233
6
8234
1
8235
1
8236
1
8237
1
8238
5
8239
2
8240
0
8241
1
8242
0
8243
3
8244
1
8245
1
8246
2
8247
1
8248
4
8249
3
8250
5
8251
1
8252
1
8253
1
8254
2
8255
0
8256
1
8257
0
8258
1
8259
2
8260
1
8261
2
8262
2
8263
3
8264
0
8265
0
8266
0
8267
1
8268
2
8269
2
8270
6
8271
2
8272
1
8273
1
8274
2
8275
4
8276
4
8277
3
8278
2
8279
2
8280
2
8281
0
8282
0
8283
1
8284
1
8285
1
8286
5
8287
2
8288
4
8289
1
8290
0
8291
0
8292
1
8293
0
8294
7
8295
2
8296
6
8297
2
8298
3
8299
8
8300
3
8301
2
8302
3
8303
3
8304
3
8305
0
8306
3
8307
1
8308
3
8309
3
8310
3
8311
2
8312
4
8313
2
8314
1
8315
0
8316
3
8317
1
8318
1
8319
1
8320
0
8321
0
8322
1
8323
1
8324
1
8325
1
8326
0
8327
0
8328
4
8329
0
8330
0
8331
0
8332
3
8333
7
8334
6
8335
2
8336
2
8337
5
8338
2
8339
3
8340
5
8341
0
8342
2
8343
0
8344
1
8345
0
8346
2
8347
5
8348
0
8349
1
8350
1
8351
5
8352
7
8353
4
8354
0
8355
1
8356
0
8357
0
8358
3
8359
2
8360
2
8361
3
8362
0
8363
3
8364
5
8365
1
8366
4
8367
5
8368
2
8369
0
8370
2
8371
2
8372
5
8373
3
8374
2
8375
0
8376
0
8377
3
8378
0
8379
1
8380
2
8381
1
8382
2
8383
2
8384
1
8385
3
8386
0
8387
1
8388
3
8389
1
8390
1
8391
2
8392
1
8393
1
8394
2
8395
3
8396
3
8397
0
8398
1
8399
2
8400
3
8401
4
8402
2
8403
2
8404
2
8405
4
8406
4
8407
8
8408
3
8409
2
8410
6
8411
2
8412
2
8413
4
8414
2
8415
0
8416
0
8417
1
8418
1
8419
1
8420
1
8421
1
8422
1
8423
1
8424
1
8425
2
8426
4
8427
3
8428
1
8429
1
8430
0
8431
1
8432
7
8433
3
8434
0
8435
0
8436
1
8437
4
8438
1
8439
0
8440
3
8441
1
8442
1
8443
1
8444
4
8445
4
8446
0
8447
4
8448
1
8449
1
8450
2
8451
4
8452
4
8453
1
8454
1
8455
2
8456
3
8457
1
8458
2
8459
4
8460
3
8461
5
8462
0
8463
0
8464
1
8465
1
8466
7
8467
2
8468
0
8469
2
8470
5
8471
0
8472
4
8473
1
8474
0
8475
3
8476
2
8477
1
8478
3
8479
2
8480
2
8481
2
8482
3
8483
5
8484
2
8485
0
8486
2
8487
0
8488
0
8489
2
8490
4
8491
2
8492
1
8493
2
8494
1
8495
4
8496
1
8497
1
8498
1
8499
0
8500
1
8501
3
8502
5
8503
1
8504
4
8505
1
8506
2
8507
4
8508
0
8509
2
8510
0
8511
1
8512
2
8513
0
8514
4
8515
5
8516
2
8517
5
8518
2
8519
4
8520
2
8521
2
8522
5
8523
5
8524
3
8525
4
8526
3
8527
1
8528
0
8529
2
8530
0
8531
0
8532
0
8533
0
8534
3
8535
4
8536
2
8537
3
8538
1
8539
1
8540
2
8541
1
8542
0
8543
1
8544
1
8545
1
8546
2
8547
2
8548
4
8549
1
8550
4
8551
0
8552
5
8553
11
8554
1
8555
0
8556
1
8557
6
8558
1
8559
2
8560
2
8561
0
8562
1
8563
2
8564
4
8565
3
8566
0
8567
1
8568
4
8569
1
8570
5
8571
3
8572
3
8573
4
8574
3
8575
1
8576
0
8577
2
8578
0
8579
3
8580
7
8581
0
8582
1
8583
0
8584
7
8585
2
8586
0
8587
1
8588
0
8589
3
8590
0
8591
3
8592
1
8593
3
8594
4
8595
4
8596
2
8597
1
8598
3
8599
1
8600
4
8601
3
8602
1
8603
1
8604
0
8605
0
8606
2
8607
0
8608
0
8609
7
8610
1
8611
4
8612
3
8613
3
8614
1
8615
1
8616
1
8617
1
8618
0
8619
4
8620
1
8621
4
8622
2
8623
3
8624
8
8625
1
8626
2
8627
4
8628
1
8629
1
8630
1
8631
1
8632
3
8633
4
8634
1
8635
5
8636
2
8637
6
8638
2
8639
0
8640
3
8641
1
8642
1
8643
2
8644
3
8645
1
8646
6
8647
0
8648
0
8649
3
8650
3
8651
1
8652
1
8653
2
8654
1
8655
1
8656
1
8657
1
8658
1
8659
7
8660
2
8661
0
8662
4
8663
3
8664
1
8665
0
8666
0
8667
3
8668
1
8669
0
8670
0
8671
2
8672
5
8673
3
8674
1
8675
0
8676
2
8677
3
8678
1
8679
3
8680
0
8681
2
8682
1
8683
3
8684
1
8685
2
8686
0
8687
0
8688
1
8689
3
8690
3
8691
1
8692
1
8693
3
8694
3
8695
2
8696
2
8697
2
8698
5
8699
4
8700
2
8701
4
8702
1
8703
7
8704
4
8705
5
8706
3
8707
3
8708
6
8709
1
8710
2
8711
0
8712
0
8713
1
8714
1
8715
1
8716
3
8717
0
8718
2
8719
0
8720
3
8721
0
8722
2
8723
1
8724
4
8725
1
8726
1
8727
1
8728
3
8729
1
8730
1
8731
0
8732
3
8733
2
8734
1
8735
0
8736
4
8737
3
8738
4
8739
0
8740
2
8741
3
8742
3
8743
8
8744
0
8745
4
8746
2
8747
1
8748
8
8749
3
8750
0
8751
0
8752
0
8753
2
8754
3
8755
4
8756
3
8757
3
8758
0
8759
0
8760
2
8761
2
8762
0
8763
2
8764
5
8765
2
8766
1
8767
2
8768
1
8769
2
8770
3
8771
1
8772
0
8773
1
8774
2
8775
3
8776
4
8777
5
8778
3
8779
1
8780
0
8781
5
8782
0
8783
2
8784
3
8785
3
8786
1
8787
4
8788
1
8789
1
8790
1
8791
2
8792
0
8793
1
8794
4
8795
0
8796
3
8797
2
8798
3
8799
1
8800
1
8801
1
8802
1
8803
0
8804
1
8805
4
8806
1
8807
2
8808
0
8809
3
8810
4
8811
3
8812
1
8813
2
8814
4
8815
4
8816
0
8817
0
8818
2
8819
0
8820
4
8821
5
8822
3
8823
0
8824
5
8825
1
8826
0
8827
1
8828
1
8829
0
8830
1
8831
0
8832
4
8833
0
8834
2
8835
3
8836
2
8837
1
8838
2
8839
3
8840
3
8841
5
8842
0
8843
3
8844
2
8845
8
8846
4
8847
2
8848
3
8849
2
8850
6
8851
1
8852
2
8853
3
8854
2
8855
1
8856
0
8857
2
8858
2
8859
6
8860
6
8861
4
8862
1
8863
2
8864
3
8865
0
8866
7
8867
2
8868
3
8869
0
8870
2
8871
2
8872
1
8873
1
8874
1
8875
2
8876
1
8877
2
8878
1
8879
4
8880
2
8881
2
8882
0
8883
4
8884
4
8885
3
8886
0
8887
2
8888
3
8889
1
8890
1
8891
0
8892
3
8893
1
8894
3
8895
2
8896
2
8897
3
8898
1
8899
0
8900
1
8901
2
8902
0
8903
2
8904
1
8905
0
8906
0
8907
10
8908
1
8909
4
8910
3
8911
2
8912
0
8913
2
8914
1
8915
6
8916
0
8917
0
8918
3
8919
1
8920
1
8921
5
8922
2
8923
4
8924
3
8925
3
8926
10
8927
3
8928
2
8929
0
8930
2
8931
3
8932
4
8933
1
8934
2
8935
2
8936
0
8937
1
8938
0
8939
1
8940
2
8941
3
8942
0
8943
1
8944
3
8945
4
8946
4
8947
1
8948
3
8949
3
8950
1
8951
6
8952
2
8953
1
8954
1
8955
3
8956
0
8957
0
8958
1
8959
0
8960
1
8961
3
8962
0
8963
5
8964
1
8965
3
8966
1
8967
4
8968
1
8969
2
8970
2
8971
2
8972
2
8973
1
8974
1
8975
1
8976
0
8977
5
8978
3
8979
5
8980
3
8981
3
8982
2
8983
6
8984
0
8985
1
8986
1
8987
5
8988
0
8989
4
8990
6
8991
2
8992
2
8993
1
8994
3
8995
4
8996
3
8997
1
8998
3
8999
2
9000
3
9001
3
9002
5
9003
1
9004
3
9005
3
9006
2
9007
1
9008
1
9009
2
9010
0
9011
1
9012
2
9013
2
9014
2
9015
0
9016
3
9017
6
9018
4
9019
1
9020
0
9021
3
9022
10
9023
3
9024
3
9025
3
9026
0
9027
3
9028
0
9029
2
9030
0
9031
0
9032
3
9033
3
9034
1
9035
1
9036
3
9037
1
9038
2
9039
1
9040
2
9041
3
9042
4
9043
0
9044
2
9045
2
9046
0
9047
1
9048
0
9049
1
9050
1
9051
2
9052
11
9053
3
9054
0
9055
1
9056
2
9057
0
9058
1
9059
0
9060
0
9061
0
9062
11
9063
3
9064
1
9065
2
9066
0
9067
3
9068
1
9069
1
9070
1
9071
3
9072
5
9073
6
9074
0
9075
1
9076
0
9077
1
9078
0
9079
4
9080
3
9081
1
9082
0
9083
3
9084
0
9085
6
9086
0
9087
1
9088
1
9089
0
9090
5
9091
3
9092
4
9093
1
9094
4
9095
5
9096
2
9097
4
9098
0
9099
2
9100
1
9101
2
9102
3
9103
5
9104
1
9105
5
9106
1
9107
3
9108
0
9109
6
9110
3
9111
1
9112
0
9113
1
9114
1
9115
4
9116
5
9117
2
9118
3
9119
3
9120
2
9121
5
9122
5
9123
9
9124
3
9125
0
9126
5
9127
0
9128
3
9129
2
9130
3
9131
4
9132
0
9133
1
9134
1
9135
5
9136
4
9137
1
9138
2
9139
5
9140
5
9141
0
9142
5
9143
2
9144
11
9145
0
9146
3
9147
4
9148
1
9149
1
9150
2
9151
1
9152
1
9153
0
9154
3
9155
4
9156
3
9157
0
9158
4
9159
3
9160
0
9161
4
9162
2
9163
4
9164
3
9165
1
9166
3
9167
1
9168
0
9169
3
9170
1
9171
0
9172
3
9173
2
9174
2
9175
2
9176
7
9177
2
9178
1
9179
2
9180
2
9181
0
9182
1
9183
2
9184
6
9185
6
9186
0
9187
4
9188
2
9189
1
9190
0
9191
10
9192
1
9193
1
9194
1
9195
2
9196
3
9197
1
9198
2
9199
0
9200
0
9201
2
9202
2
9203
3
9204
4
9205
3
9206
0
9207
1
9208
3
9209
9
9210
0
9211
1
9212
2
9213
3
9214
1
9215
1
9216
1
9217
3
9218
0
9219
1
9220
0
9221
4
9222
1
9223
2
9224
0
9225
4
9226
0
9227
3
9228
1
9229
3
9230
4
9231
0
9232
5
9233
0
9234
3
9235
2
9236
1
9237
2
9238
0
9239
0
9240
1
9241
4
9242
0
9243
1
9244
3
9245
1
9246
3
9247
5
9248
4
9249
4
9250
22
9251
1
9252
1
9253
4
9254
3
9255
2
9256
4
9257
4
9258
2
9259
0
9260
3
9261
1
9262
1
9263
5
9264
3
9265
1
9266
3
9267
3
9268
3
9269
0
9270
0
9271
0
9272
1
9273
0
9274
3
9275
2
9276
3
9277
2
9278
6
9279
2
9280
3
9281
0
9282
4
9283
0
9284
2
9285
2
9286
1
9287
1
9288
1
9289
3
9290
1
9291
4
9292
6
9293
5
9294
1
9295
2
9296
2
9297
2
9298
1
9299
5
9300
4
9301
10
9302
2
9303
4
9304
6
9305
2
9306
2
9307
1
9308
1
9309
0
9310
0
9311
2
9312
2
9313
3
9314
1
9315
5
9316
3
9317
1
9318
2
9319
1
9320
0
9321
2
9322
3
9323
2
9324
1
9325
1
9326
4
9327
6
9328
1
9329
1
9330
0
9331
1
9332
2
9333
0
9334
1
9335
0
9336
1
9337
4
9338
2
9339
11
9340
2
9341
1
9342
1
9343
5
9344
0
9345
2
9346
0
9347
2
9348
0
9349
1
9350
4
9351
0
9352
1
9353
0
9354
2
9355
2
9356
2
9357
3
9358
2
9359
1
9360
1
9361
1
9362
1
9363
1
9364
2
9365
1
9366
4
9367
2
9368
2
9369
2
9370
3
9371
2
9372
1
9373
1
9374
3
9375
0
9376
1
9377
3
9378
2
9379
2
9380
2
9381
0
9382
1
9383
2
9384
1
9385
3
9386
2
9387
2
9388
3
9389
3
9390
5
9391
2
9392
1
9393
4
9394
3
9395
3
9396
3
9397
1
9398
3
9399
1
9400
4
9401
5
9402
3
9403
2
9404
6
9405
4
9406
0
9407
6
9408
3
9409
6
9410
5
9411
2
9412
1
9413
2
9414
3
9415
5
9416
2
9417
0
9418
4
9419
2
9420
0
9421
1
9422
4
9423
3
9424
0
9425
3
9426
4
9427
0
9428
2
9429
1
9430
1
9431
4
9432
3
9433
1
9434
0
9435
1
9436
1
9437
2
9438
0
9439
0
9440
7
9441
5
9442
0
9443
4
9444
0
9445
1
9446
6
9447
3
9448
0
9449
0
9450
0
9451
1
9452
3
9453
1
9454
0
9455
3
9456
2
9457
3
9458
3
9459
3
9460
3
9461
6
9462
2
9463
1
9464
1
9465
2
9466
2
9467
4
9468
13
9469
3
9470
0
9471
3
9472
3
9473
2
9474
2
9475
2
9476
3
9477
0
9478
2
9479
3
9480
10
9481
3
9482
2
9483
1
9484
3
9485
3
9486
6
9487
2
9488
3
9489
2
9490
1
9491
3
9492
1
9493
0
9494
4
9495
1
9496
0
9497
4
9498
2
9499
1
9500
1
9501
5
9502
1
9503
3
9504
1
9505
1
9506
7
9507
0
9508
0
9509
0
9510
1
9511
0
9512
3
9513
1
9514
3
9515
1
9516
3
9517
1
9518
4
9519
3
9520
4
9521
4
9522
4
9523
4
9524
5
9525
0
9526
2
9527
3
9528
6
9529
4
9530
5
9531
4
9532
11
9533
3
9534
1
9535
3
9536
4
9537
2
9538
0
9539
4
9540
1
9541
1
9542
1
9543
1
9544
5
9545
2
9546
1
9547
0
9548
3
9549
3
9550
1
9551
6
9552
1
9553
3
9554
4
9555
1
9556
3
9557
2
9558
3
9559
1
9560
4
9561
1
9562
4
9563
4
9564
0
9565
1
9566
2
9567
0
9568
7
9569
6
9570
5
9571
0
9572
4
9573
3
9574
0
9575
2
9576
2
9577
0
9578
2
9579
4
9580
0
9581
4
9582
1
9583
2
9584
1
9585
0
9586
1
9587
2
9588
0
9589
3
9590
3
9591
4
9592
1
9593
1
9594
2
9595
2
9596
1
9597
1
9598
3
9599
2
9600
3
9601
2
9602
2
9603
0
9604
4
9605
5
9606
1
9607
2
9608
0
9609
0
9610
3
9611
5
9612
0
9613
1
9614
1
9615
7
9616
0
9617
2
9618
4
9619
0
9620
1
9621
3
9622
8
9623
2
9624
1
9625
3
9626
1
9627
2
9628
2
9629
4
9630
0
9631
0
9632
3
9633
3
9634
4
9635
1
9636
1
9637
1
9638
0
9639
4
9640
2
9641
1
9642
0
9643
0
9644
1
9645
4
9646
1
9647
0
9648
4
9649
5
9650
4
9651
0
9652
3
9653
0
9654
0
9655
2
9656
1
9657
4
9658
4
9659
3
9660
4
9661
1
9662
3
9663
2
9664
11
9665
0
9666
0
9667
0
9668
2
9669
8
9670
2
9671
6
9672
3
9673
2
9674
3
9675
0
9676
0
9677
1
9678
1
9679
2
9680
2
9681
3
9682
5
9683
2
9684
1
9685
5
9686
4
9687
2
9688
3
9689
5
9690
3
9691
1
9692
3
9693
0
9694
4
9695
4
9696
4
9697
2
9698
3
9699
1
9700
0
9701
0
9702
5
9703
0
9704
1
9705
8
9706
1
9707
1
9708
4
9709
1
9710
2
9711
3
9712
5
9713
0
9714
1
9715
1
9716
3
9717
1
9718
1
9719
1
9720
3
9721
0
9722
2
9723
1
9724
1
9725
6
9726
1
9727
3
9728
2
9729
8
9730
2
9731
2
9732
1
9733
0
9734
1
9735
2
9736
1
9737
1
9738
0
9739
3
9740
4
9741
2
9742
4
9743
1
9744
7
9745
6
9746
6
9747
2
9748
3
9749
1
9750
5
9751
0
9752
1
9753
0
9754
5
9755
3
9756
6
9757
1
9758
2
9759
4
9760
5
9761
1
9762
0
9763
0
9764
3
9765
2
9766
1
9767
1
9768
3
9769
0
9770
2
9771
6
9772
1
9773
0
9774
2
9775
0
9776
3
9777
2
9778
2
9779
1
9780
0
9781
4
9782
0
9783
2
9784
4
9785
4
9786
1
9787
2
9788
3
9789
4
9790
4
9791
8
9792
1
9793
2
9794
1
9795
0
9796
1
9797
2
9798
1
9799
1
9800
3
9801
1
9802
3
9803
2
9804
4
9805
2
9806
2
9807
4
9808
3
9809
2
9810
3
9811
2
9812
3
9813
1
9814
2
9815
2
9816
1
9817
2
9818
2
9819
3
9820
0
9821
8
9822
3
9823
1
9824
0
9825
1
9826
6
9827
3
9828
2
9829
0
9830
2
9831
1
9832
0
9833
3
9834
2
9835
3
9836
1
9837
2
9838
0
9839
5
9840
4
9841
3
9842
1
9843
5
9844
4
9845
2
9846
0
9847
0
9848
1
9849
2
9850
2
9851
4
9852
1
9853
2
9854
2
9855
3
9856
2
9857
6
9858
2
9859
1
9860
1
9861
4
9862
7
9863
1
9864
0
9865
0
9866
1
9867
3
9868
1
9869
5
9870
1
9871
3
9872
7
9873
3
9874
3
9875
0
9876
5
9877
1
9878
3
9879
3
9880
0
9881
1
9882
7
9883
0
9884
2
9885
3
9886
0
9887
3
9888
4
9889
1
9890
2
9891
1
9892
5
9893
2
9894
2
9895
0
9896
0
9897
2
9898
1
9899
3
9900
1
9901
4
9902
3
9903
1
9904
0
9905
9
9906
4
9907
3
9908
2
9909
5
9910
5
9911
4
9912
2
9913
0
9914
3
9915
4
9916
3
9917
7
9918
5
9919
5
9920
0
9921
3
9922
2
9923
3
9924
1
9925
5
9926
0
9927
0
9928
1
9929
4
9930
3
9931
1
9932
19
9933
2
9934
4
9935
1
9936
1
9937
2
9938
3
9939
2
9940
1
9941
0
9942
2
9943
3
9944
0
9945
0
9946
1
9947
0
9948
0
9949
2
9950
0
9951
3
9952
1
9953
5
9954
1
9955
2
9956
0
9957
1
9958
1
9959
2
9960
8
9961
0
9962
6
9963
2
9964
7
9965
4
9966
1
9967
2
9968
2
9969
0
9970
1
9971
1
9972
2
9973
6
9974
2
9975
0
9976
3
9977
0
9978
2
9979
1
9980
2
9981
2
9982
5
9983
4
9984
0
9985
2
9986
2
9987
5
9988
1
9989
3
9990
0
9991
8
9992
4
9993
3
9994
0
9995
3
9996
5
9997
0
9998
5
9999
0
10000
2
Warning messages:
1: In rm(x_ordered) : object 'x_ordered' not found
2: In fun(libname, pkgname) :
  Can't find a usable tk.tcl in the following directories: 
    /n/sw/centos6/tcl8.5.14/lib/tcl8.5/tk8.5 /n/sw/centos6/tcl8.5.14/lib/tk8.5 ./lib/tk8.5 ./library



This probably means that tk wasn't installed properly.
3: In rm(splicingSigGenes) : object 'splicingSigGenes' not found
4: In rm(spliceAnnot) : object 'spliceAnnot' not found
