f4b90d6330834bc27d638ae4a953744b  Lane2_flowcellA_Sample_JR716_Peril_L43_E14-5_whole_brain_wtM1_CAGATC.R1.fastq.gz
d2c461ef57c09753e0a16683795ea804  Lane2_flowcellA_Sample_JR716_Peril_L43_E14-5_whole_brain_wtM1_CAGATC.R2.fastq.gz
efa514c494d6a26c646c38df2e5e2c47  Lane2_flowcellA_Sample_JR717_Peril_L43_E14-5_whole_brain_wtF3_ACTTGA.R1.fastq.gz
ac137ac957c59864fe1b532bcb38d8ac  Lane2_flowcellA_Sample_JR717_Peril_L43_E14-5_whole_brain_wtF3_ACTTGA.R2.fastq.gz
fd49198eeb83eb73c3b710137bef9eb3  Lane2_flowcellA_Sample_JR718_Peril_L43_E14-5_whole_brain_koM4_GATCAG.R1.fastq.gz
a4dfb437a77ad8f0322772e10dabab04  Lane2_flowcellA_Sample_JR718_Peril_L43_E14-5_whole_brain_koM4_GATCAG.R2.fastq.gz
06b8b9995167eefd40a7f192c9e5b1ba  Lane2_flowcellA_Sample_JR719_Peril_L43_E14-5_whole_brain_wtM8_TAGCTT.R1.fastq.gz
209b7effd88d7921ada11f2465d0ff5a  Lane2_flowcellA_Sample_JR719_Peril_L43_E14-5_whole_brain_wtM8_TAGCTT.R2.fastq.gz
080203c4dd220ae0171cb30d22017b62  Lane2_flowcellA_Sample_JR720_Peril_L43_E14-5_whole_brain_koF9_GGCTAC.R1.fastq.gz
80fde20d058d405790eb72db5650df9d  Lane2_flowcellA_Sample_JR720_Peril_L43_E14-5_whole_brain_koF9_GGCTAC.R2.fastq.gz
2c28189d875f36e274de202eb24c0d1b  Lane2_flowcellA_Sample_JR721_Peril_L43_E14-5_whole_brain_koF10_CTTGTA.R1.fastq.gz
be5205fdacfd1845a962d0a4134a310e  Lane2_flowcellA_Sample_JR721_Peril_L43_E14-5_whole_brain_koF10_CTTGTA.R2.fastq.gz
6ada1fc84010153508b3bca957e2dbb6  Lane2_flowcellA_Sample_JR734_linc-Evi1_190-3_A27_WT-F_adult_brain_CGATGT.R1.fastq.gz
923a5b20d1382ebcfaf653a603c7233c  Lane2_flowcellA_Sample_JR734_linc-Evi1_190-3_A27_WT-F_adult_brain_CGATGT.R2.fastq.gz
8550adf0996aa0e81fb0773170d66494  Lane2_flowcellA_Sample_JR735_linc-HoxA1_290-4_A29_WT-M_adult_brain_TGACCA.R1.fastq.gz
6964c68f6d90a102e1a44eb76d827f51  Lane2_flowcellA_Sample_JR735_linc-HoxA1_290-4_A29_WT-M_adult_brain_TGACCA.R2.fastq.gz
dfbd6141e68c95af74f632ca3dc66cdc  Lane2_flowcellA_Sample_JR736_linc-Enc1_299-4_A5_KO-M_adult_brain_CAGATC.R1.fastq.gz
a979f6020c0220509d1380288cd6d2a1  Lane2_flowcellA_Sample_JR736_linc-Enc1_299-4_A5_KO-M_adult_brain_CAGATC.R2.fastq.gz
7afdf012af6a5d96874bcfa299aa7b17  Lane2_flowcellA_Sample_JR737_linc-Evi1_190-5_A17_KO-M_adult_brain_GTCCGC.R1.fastq.gz
c669e7ccd01e295b2197b5709164b9d8  Lane2_flowcellA_Sample_JR737_linc-Evi1_190-5_A17_KO-M_adult_brain_GTCCGC.R2.fastq.gz
fdf7b3f56a7cbcae907fcdc34e0f59b9  Lane2_flowcellA_Sample_JR738_linc-HoxA1_290-3_A18_KO-F_adult_brain_CCGTCC.R1.fastq.gz
c13ac28081071afb4747920342dbd34d  Lane2_flowcellA_Sample_JR738_linc-HoxA1_290-3_A18_KO-F_adult_brain_CCGTCC.R2.fastq.gz
586c5a2a8487bdb0fbc230705dae1dc2  Lane2_flowcellA_Sample_JR739_linc-Insig2_315-1_A9_KO-M_adult_brain_GTTTCG.R1.fastq.gz
3c455b6c28f5689d490570268d37bfcd  Lane2_flowcellA_Sample_JR739_linc-Insig2_315-1_A9_KO-M_adult_brain_GTTTCG.R2.fastq.gz
58fb0d9a096e801bb04abc65e9d83918  Lane2_flowcellA_Sample_JR740_linc-Egfr_339-6_A3_WT-F_adult_brain_ATCACG.R1.fastq.gz
d241a5f42af9beb1e7fd58fc3d8b8acb  Lane2_flowcellA_Sample_JR740_linc-Egfr_339-6_A3_WT-F_adult_brain_ATCACG.R2.fastq.gz
c8e0a730ef2282a5ba4b62bf1d558c16  Lane2_flowcellA_Sample_JR741_linc-Irx5_299-4_A6_KO-M_adult_brain_ACTTGA.R1.fastq.gz
921e2b271cc834348a0175a1d3025a84  Lane2_flowcellA_Sample_JR741_linc-Irx5_299-4_A6_KO-M_adult_brain_ACTTGA.R2.fastq.gz
4433d8ef32e9accb5e9b8c444d9c5853  Lane2_flowcellA_Sample_JR742_linc-Jarid1c_301-3_A38_KO-F_adult_brain_TAGCTT.R1.fastq.gz
6e9ccf19c6e7b4556f43260c4b96ac26  Lane2_flowcellA_Sample_JR742_linc-Jarid1c_301-3_A38_KO-F_adult_brain_TAGCTT.R2.fastq.gz
e6ef9255925620facc41a7bb5b924818  Lane2_flowcellA_Sample_JR743_linc-p21_260-1_A11_KO-M_adult_brain_GGCTAC.R1.fastq.gz
5a9b934e692ba648c3cf72bd3dfac982  Lane2_flowcellA_Sample_JR743_linc-p21_260-1_A11_KO-M_adult_brain_GGCTAC.R2.fastq.gz
499f4bf9cc8e57fa174d5a19108e6154  Lane2_flowcellA_Sample_JR744_linc-Sox2_351-8_A16_KO-M_adult_brain_GTCCGC.R1.fastq.gz
9700e11e722a89cf84cd60e81b493bc5  Lane2_flowcellA_Sample_JR744_linc-Sox2_351-8_A16_KO-M_adult_brain_GTCCGC.R2.fastq.gz
ae4fc1cbae8c84609aa5bc496d7a925e  Lane2_flowcellA_Sample_JR745_Tug1_200-3_A26_KO-M_adult_brain_ACTGAT.R1.fastq.gz
75c1cb8c5b31fbb7ecfc7462d2e9887a  Lane2_flowcellA_Sample_JR745_Tug1_200-3_A26_KO-M_adult_brain_ACTGAT.R2.fastq.gz
c07bce2de4b3c4215fc5d1a793589abe  Lane2_flowcellA_Sample_JR746_linc-Jarid1c_L12-7_WT-M_E14.5_brain_ACAGTG.R1.fastq.gz
2b97dc6b6eb6cc380bea6ed42e80b92b  Lane2_flowcellA_Sample_JR746_linc-Jarid1c_L12-7_WT-M_E14.5_brain_ACAGTG.R2.fastq.gz
1fa6559427fcdd33a40923fd36f0eaf6  Lane2_flowcellA_Sample_JR747_linc-Jarid1c_L13-2_KO-F_E14.5_brain_GCCAAT.R1.fastq.gz
8f32e86d560721ca2e7a1f6704ab5586  Lane2_flowcellA_Sample_JR747_linc-Jarid1c_L13-2_KO-F_E14.5_brain_GCCAAT.R2.fastq.gz
5b4ad6881e26fddbb5c4ace470507f1e  Lane2_flowcellA_Sample_JR748_linc-p21_L17-2_WT-F_E14.5_brain_CTTGTA.R1.fastq.gz
057bbdf961ce5957fe6ab7d580f9427b  Lane2_flowcellA_Sample_JR748_linc-p21_L17-2_WT-F_E14.5_brain_CTTGTA.R2.fastq.gz
ee21eb1c536a99170778f1b288f932ec  Lane2_flowcellA_Sample_JR749_linc-p21_L17-3_KO-M_E14.5_brain_AGTCAA.R1.fastq.gz
5cf30afdee3cf658ae2d7b79b8d9e49d  Lane2_flowcellA_Sample_JR749_linc-p21_L17-3_KO-M_E14.5_brain_AGTCAA.R2.fastq.gz
34aa5eabb9e65a64c3208927133ee674  Lane2_flowcellA_Sample_JR750_linc-Evi1_L19-1_WT-F_E14.5_brain_GTGAAA.R1.fastq.gz
73cc2c9ac1f2eaf4d0c1bf3db69876f4  Lane2_flowcellA_Sample_JR750_linc-Evi1_L19-1_WT-F_E14.5_brain_GTGAAA.R2.fastq.gz
42d3affbe673838bfb2ea360f8713c94  Lane2_flowcellA_Sample_JR751_linc-Evi1_L19-7_KO-F_E14.5_brain_GAGTGG.R1.fastq.gz
17640f8e7e819286d3428c9f44703ff0  Lane2_flowcellA_Sample_JR751_linc-Evi1_L19-7_KO-F_E14.5_brain_GAGTGG.R2.fastq.gz
46a69be221ba4eaf6db2f9e981fbf8d1  Lane2_flowcellA_Sample_JR752_linc-Enc1_L12-1_KO-F_E14_5_brain_CGATGT.R1.fastq.gz
6fadfbe0244da65fa8bd250a9099543a  Lane2_flowcellA_Sample_JR752_linc-Enc1_L12-1_KO-F_E14_5_brain_CGATGT.R2.fastq.gz
21fccc1e1e64dd59fb68005a10c7b83d  Lane2_flowcellA_Sample_JR753_linc-Enc1_L12-4_WT-M_E14_5_brain_TGACCA.R1.fastq.gz
5abde7d98446103d0bff0869f4f4c450  Lane2_flowcellA_Sample_JR753_linc-Enc1_L12-4_WT-M_E14_5_brain_TGACCA.R2.fastq.gz
8d8eebdea9486573d70a37d0b602e4ee  Lane2_flowcellA_Sample_JR754_linc-HoxA1_L1-6_KO-F_E14_5_brain_CAGATC.R1.fastq.gz
2065d4fb0b70638f3c68322fb40f69ca  Lane2_flowcellA_Sample_JR754_linc-HoxA1_L1-6_KO-F_E14_5_brain_CAGATC.R2.fastq.gz
de93c338f2b580516249c4ca8bae0d8e  Lane2_flowcellA_Sample_JR755_linc-HoxA1_L1-7_WT-F_E14_5_brain_GATCAG.R1.fastq.gz
8bdedf94596896bc74a920a731b34160  Lane2_flowcellA_Sample_JR755_linc-HoxA1_L1-7_WT-F_E14_5_brain_GATCAG.R2.fastq.gz
4ce0a5fa75c16a7b3971c884021f0950  Lane2_flowcellA_Sample_JR756_Tug1_L12-3_WT-F_E14_5_brain_CCGTCC.R1.fastq.gz
98ea64d07cd63f8c31fb3235543e46a7  Lane2_flowcellA_Sample_JR756_Tug1_L12-3_WT-F_E14_5_brain_CCGTCC.R2.fastq.gz
dd6513c2b29a6e7d2245a4f3e4cad7a8  Lane2_flowcellA_Sample_JR757_Tug1_L12-4_KO-F_E14_5_brain_GTTTCG.R1.fastq.gz
2bdc086f1adc0b18ba1a4a9a349ef2d9  Lane2_flowcellA_Sample_JR757_Tug1_L12-4_KO-F_E14_5_brain_GTTTCG.R2.fastq.gz
325f746b3b60e39d6e0315dd7a72b062  Lane2_flowcellA_Sample_JR758_linc-Brn1b_L42-3_KO-F_E14_5_brain_ATCACG.R1.fastq.gz
a61c7bbb7f36f98d85c457039581ffd8  Lane2_flowcellA_Sample_JR758_linc-Brn1b_L42-3_KO-F_E14_5_brain_ATCACG.R2.fastq.gz
a6bee7b217c60a517c8a4e6093cfb472  Lane2_flowcellA_Sample_JR759_linc-HoxA1_L2-8_KO-M_E14_5_brain_ACTTGA.R1.fastq.gz
ee0c14b25dc7aaca5aa494019ee2a781  Lane2_flowcellA_Sample_JR759_linc-HoxA1_L2-8_KO-M_E14_5_brain_ACTTGA.R2.fastq.gz
5ed3d631a27fe12669c225cacc867060  Lane2_flowcellA_Sample_JR760_linc-Insig2_L27-4_KO-F_E14_5_brain_TAGCTT.R1.fastq.gz
8eb770ab968b3da192ece47122353379  Lane2_flowcellA_Sample_JR760_linc-Insig2_L27-4_KO-F_E14_5_brain_TAGCTT.R2.fastq.gz
61d3343e3f2bc007e3504864dd7f4ea5  Lane2_flowcellA_Sample_JR761_linc-Insig2_L27-7_WT-M_E14_5_brain_GGCTAC.R1.fastq.gz
bb4741d531a510d90adde2442395df24  Lane2_flowcellA_Sample_JR761_linc-Insig2_L27-7_WT-M_E14_5_brain_GGCTAC.R2.fastq.gz
ddfba2ce523327571a8ff27cd7bf2e12  Lane2_flowcellA_Sample_JR762_linc-Jarid1c_L12-1_WT-M_E14_5_brain_GTCCGC.R1.fastq.gz
d1360f37da7a0a5647da4dce7975963f  Lane2_flowcellA_Sample_JR762_linc-Jarid1c_L12-1_WT-M_E14_5_brain_GTCCGC.R2.fastq.gz
91627e4424939a850ac3652c3e7de7c3  Lane2_flowcellA_Sample_JR764_linc-Brn1b_L42-6_KO-M_E14_5_brain_ACAGTG.R1.fastq.gz
73640a7e921f21dcc1ac06d69ccea5eb  Lane2_flowcellA_Sample_JR764_linc-Brn1b_L42-6_KO-M_E14_5_brain_ACAGTG.R2.fastq.gz
2ac5013c33d981ae0f26ba599473a86c  Lane2_flowcellA_Sample_JR767_linc-HoxA1_L2-6_KO-M_E14_5_brain_AGTCAA.R1.fastq.gz
9ca475b44d3e9f5dca787ca90a6538c9  Lane2_flowcellA_Sample_JR767_linc-HoxA1_L2-6_KO-M_E14_5_brain_AGTCAA.R2.fastq.gz
f504a76a8163501eafadfa5e18bf2cac  Lane2_flowcellA_Sample_JR768_linc-HoxA1_L2-7_WT-M_E14_5_brain_GTGAAA.R1.fastq.gz
e87d63b7aa5726e4456a6c74d68a441a  Lane2_flowcellA_Sample_JR768_linc-HoxA1_L2-7_WT-M_E14_5_brain_GTGAAA.R2.fastq.gz
1d34d8b562cda9536de8b2a6833143b6  Lane2_flowcellA_Sample_JR770_linc-Enc1_L12-5_KO-F_E14_5_brain_CGATGT.R1.fastq.gz
a566ec05dc0fd0c059fef94d647f1134  Lane2_flowcellA_Sample_JR770_linc-Enc1_L12-5_KO-F_E14_5_brain_CGATGT.R2.fastq.gz
def1baefd4a17e3d626ee0c17d35eaa4  Lane2_flowcellA_Sample_JR771_linc-Evi1_L20-3_WT-F_E14_5_brain_TGACCA.R1.fastq.gz
cd0305b232e2314ebe8fb49c98dced3a  Lane2_flowcellA_Sample_JR771_linc-Evi1_L20-3_WT-F_E14_5_brain_TGACCA.R2.fastq.gz
0362af045abca7ac69886c865294da46  Lane2_flowcellA_Sample_JR772_linc-Evi1_L20-4_KO-F_E14_5_brain_CAGATC.R1.fastq.gz
bd9862e637dd0eae24f6d707f2718475  Lane2_flowcellA_Sample_JR772_linc-Evi1_L20-4_KO-F_E14_5_brain_CAGATC.R2.fastq.gz
aab6fb523a9b6843485622d30b94b3b8  Lane2_flowcellA_Sample_JR773_linc-Insig2_L23-7_KO-F_E14_5_brain_GATCAG.R1.fastq.gz
076509422838e55deb66a3cecc8f4f3c  Lane2_flowcellA_Sample_JR773_linc-Insig2_L23-7_KO-F_E14_5_brain_GATCAG.R2.fastq.gz
929cfa075560a45805d6de485feef808  Lane2_flowcellA_Sample_JR774_linc-Jarid1c_L12-2_WT-M_E14_5_brain_CCGTCC.R1.fastq.gz
608fa181c3753a1e86d55f9e2a60aeb1  Lane2_flowcellA_Sample_JR774_linc-Jarid1c_L12-2_WT-M_E14_5_brain_CCGTCC.R2.fastq.gz
15e93b55aa2331255deefc16191564b4  Lane2_flowcellA_Sample_JR775_linc-Jarid1c_L12-8_KO-M_E14_5_brain_GTTTCG.R1.fastq.gz
4df2800261a10c2ef675c95d92a28407  Lane2_flowcellA_Sample_JR775_linc-Jarid1c_L12-8_KO-M_E14_5_brain_GTTTCG.R2.fastq.gz
7e906623ec766b8af2c0c19d979eb73f  Lane2_flowcellA_Sample_JR776_linc-Cox2_153-3_A13_KO-M_adult_brain_ATCACG.R1.fastq.gz
f82b95c224ec6bcf6541adf6569ffa8d  Lane2_flowcellA_Sample_JR776_linc-Cox2_153-3_A13_KO-M_adult_brain_ATCACG.R2.fastq.gz
ca9e200b7d9d59821508323ddea27aeb  Lane2_flowcellA_Sample_JR777_linc-Egfr_340-4_A33_KO-M_adult_brain_ACTTGA.R1.fastq.gz
f97a18bdc369b6f6c51f7284035c5b77  Lane2_flowcellA_Sample_JR777_linc-Egfr_340-4_A33_KO-M_adult_brain_ACTTGA.R2.fastq.gz
de3d0ae9ee58dc234dfed80b9312c815  Lane2_flowcellA_Sample_JR778_linc-Enc1_300-7_A25_WT-M_adult_brain_TAGCTT.R1.fastq.gz
edaec3c98b63e861c06dd6ce216d3dab  Lane2_flowcellA_Sample_JR778_linc-Enc1_300-7_A25_WT-M_adult_brain_TAGCTT.R2.fastq.gz
dce50db0eeea22cd433ba629e1481b5d  Lane2_flowcellA_Sample_JR779_linc-Enc1_300-4_A21_KO-F_adult_brain_GGCTAC.R1.fastq.gz
8414414838ac21fe06f96a91a9fd248b  Lane2_flowcellA_Sample_JR779_linc-Enc1_300-4_A21_KO-F_adult_brain_GGCTAC.R2.fastq.gz
f72865ac2ca47d50e4ef56913fb71486  Lane2_flowcellA_Sample_JR780_linc-Evi1_190-4_A20_KO-M_adult_brain_ACTGAT.R1.fastq.gz
324f12cc7964071bd312366c2c0efcec  Lane2_flowcellA_Sample_JR780_linc-Evi1_190-4_A20_KO-M_adult_brain_ACTGAT.R2.fastq.gz
5057a6846fdf37cfd17bcda8224670e7  Lane2_flowcellA_Sample_JR781_linc-P21_261-2_A51_WT-M_adult_brain_ACAGTG.R1.fastq.gz
ea6668160a056dd5331bba6e4e0a8b02  Lane2_flowcellA_Sample_JR781_linc-P21_261-2_A51_WT-M_adult_brain_ACAGTG.R2.fastq.gz
8db7044208715717a3d076baf8a7d216  Lane2_flowcellA_Sample_JR782_linc-HoxA1_290-5_A22_KO-M_adult_brain_GCCAAT.R1.fastq.gz
743d7fb2132c6f2f9792a141f260fba8  Lane2_flowcellA_Sample_JR782_linc-HoxA1_290-5_A22_KO-M_adult_brain_GCCAAT.R2.fastq.gz
bef5574e81fd5e9bf3e150ec738a57b9  Lane2_flowcellA_Sample_JR783_linc-Insig2_315-2_A10_KO-F_adult_brain_CTTGTA.R1.fastq.gz
f2a0e3629b1275f617285ca7227e7a17  Lane2_flowcellA_Sample_JR783_linc-Insig2_315-2_A10_KO-F_adult_brain_CTTGTA.R2.fastq.gz
c60fe259bdc37203132bd0dbe2c14cdf  Lane2_flowcellA_Sample_JR784_linc-Irx5_300-2_A57_KO-M_adult_brain_AGTCAA.R1.fastq.gz
5c1a66beba7ba48fa7b7e6e7444b8635  Lane2_flowcellA_Sample_JR784_linc-Irx5_300-2_A57_KO-M_adult_brain_AGTCAA.R2.fastq.gz
49347dd693bf475e666be10ec7e5bb5f  Lane2_flowcellA_Sample_JR785_linc-Irx5_301-2_A55_WT-F_adult_brain_GTGAAA.R1.fastq.gz
09ccc6fc3762af8a9cfe5efdf5fd405b  Lane2_flowcellA_Sample_JR785_linc-Irx5_301-2_A55_WT-F_adult_brain_GTGAAA.R2.fastq.gz
96be115878b43b56b67fefd2d95f6c89  Lane2_flowcellA_Sample_JR786_linc-p21_260-8_A12_KO-F_adult_brain_GAGTGG.R1.fastq.gz
cd0096d31ec7d25983b9802956c3427c  Lane2_flowcellA_Sample_JR786_linc-p21_260-8_A12_KO-F_adult_brain_GAGTGG.R2.fastq.gz
913a67dabf6fbe099f374f7bd7934828  Lane2_flowcellA_Sample_JR787_linc-Egfr_L6-4_KO-M_E14_5_brain_CGATGT.R1.fastq.gz
0fdf32f317020279e5cd891f01a3779b  Lane2_flowcellA_Sample_JR787_linc-Egfr_L6-4_KO-M_E14_5_brain_CGATGT.R2.fastq.gz
32b8a7e2db30fd7517552012023e1629  Lane2_flowcellA_Sample_JR788_linc-Evi1_L23-4_KO-M_E14_5_brain_ATCACG.R1.fastq.gz
d4d4d3d93a11ecb0a14e9a3754421991  Lane2_flowcellA_Sample_JR788_linc-Evi1_L23-4_KO-M_E14_5_brain_ATCACG.R2.fastq.gz
655f1bebe2620d03227062f95799bcf1  Lane2_flowcellA_Sample_JR789_linc-Irx5_L20-5_WT-M_E14_5_brain_ACTTGA.R1.fastq.gz
4e8b4836a82d29c7f1fa0219ab560057  Lane2_flowcellA_Sample_JR789_linc-Irx5_L20-5_WT-M_E14_5_brain_ACTTGA.R2.fastq.gz
9900ed452ad27f0cc2bcc836b6516fd4  Lane2_flowcellA_Sample_JR790_linc-Irx5_L20-7_KO-M_E14_5_brain_TAGCTT.R1.fastq.gz
6b5ee4fbb0f3a1a13b37f7d4994d8747  Lane2_flowcellA_Sample_JR790_linc-Irx5_L20-7_KO-M_E14_5_brain_TAGCTT.R2.fastq.gz
ec27e1057f8a833472efa06d5bd88354  Lane2_flowcellA_Sample_JR792_linc-Sox2_L49-2_KO-F_E14_5_brain_ACTGAT.R1.fastq.gz
5b70828d88a26cfb474ed2a26eabb140  Lane2_flowcellA_Sample_JR792_linc-Sox2_L49-2_KO-F_E14_5_brain_ACTGAT.R2.fastq.gz
b8288fe375a261861db9352ee0dfff1b  Lane2_flowcellA_Sample_JR793_linc-Irx5_L20-2_KO-F_E14_5_brain_GATCAG.R1.fastq.gz
a485a4519e34d7c3bd560bebd289f3c0  Lane2_flowcellA_Sample_JR793_linc-Irx5_L20-2_KO-F_E14_5_brain_GATCAG.R2.fastq.gz
37000768c12464c2c237eb1e26dbbafd  Lane2_flowcellA_Sample_JR796_linc-Brn1a_318-3_A28_WT-M_adult_brain_ACAGTG.R1.fastq.gz
875c425e4f7e9425866eb5798af7ea66  Lane2_flowcellA_Sample_JR796_linc-Brn1a_318-3_A28_WT-M_adult_brain_ACAGTG.R2.fastq.gz
d9b8eab7effb5b6f353855bbb1400d68  Lane2_flowcellA_Sample_JR797_linc-Brn1b_385-6_A49_WT-M_adult_brain_GCCAAT.R1.fastq.gz
60845cb0f20f8d0124a82b719fd400e0  Lane2_flowcellA_Sample_JR797_linc-Brn1b_385-6_A49_WT-M_adult_brain_GCCAAT.R2.fastq.gz
cda54a754d2cdb571b4a3aeaeb871fac  Lane2_flowcellA_Sample_JR798_linc-Cox2_171-1_A44_KO-F_adult_brain_CTTGTA.R1.fastq.gz
a242a8b3aa77c54e44771db89efc6f3b  Lane2_flowcellA_Sample_JR798_linc-Cox2_171-1_A44_KO-F_adult_brain_CTTGTA.R2.fastq.gz
4dd31c24a0239e3ffec9309e84458889  Lane2_flowcellA_Sample_JR799_linc-Egfr_340-1_A34_KO-F_adult_brain_AGTCAA.R1.fastq.gz
6cb8a65c47f40452e7902abfe29f0f22  Lane2_flowcellA_Sample_JR799_linc-Egfr_340-1_A34_KO-F_adult_brain_AGTCAA.R2.fastq.gz
bbe1055d619f35254c67955d5ef86564  Lane2_flowcellA_Sample_JR800_linc-Enc1_300-3_A24_WT-M_adult_brain_GTGAAA.R1.fastq.gz
7f3295da9d71ab302a97c8c1d6ff8151  Lane2_flowcellA_Sample_JR800_linc-Enc1_300-3_A24_WT-M_adult_brain_GTGAAA.R2.fastq.gz
72a1e141eacb9184b4623a2de2f93553  Lane2_flowcellA_Sample_JR801_linc-Evi1_192-2_A46_KO-M_adult_brain_GAGTGG.R1.fastq.gz
da5186736b9a87713605216b310f8452  Lane2_flowcellA_Sample_JR801_linc-Evi1_192-2_A46_KO-M_adult_brain_GAGTGG.R2.fastq.gz
a8b545fd5e471766001fbc5e1f010bd9  Lane2_flowcellA_Sample_JR802_linc-Evi1_192-5_A52_WT-F_adult_brain_CGATGT.R1.fastq.gz
6f716be24290a7b111e0f5615862384a  Lane2_flowcellA_Sample_JR802_linc-Evi1_192-5_A52_WT-F_adult_brain_CGATGT.R2.fastq.gz
70d389b0650d5b975b68d272e3f3c7ab  Lane2_flowcellA_Sample_JR803_linc-HoxA1_289-4_A1_WT-M_adult_brain_TGACCA.R1.fastq.gz
7241418948b3af84ab49c0a81c284e50  Lane2_flowcellA_Sample_JR803_linc-HoxA1_289-4_A1_WT-M_adult_brain_TGACCA.R2.fastq.gz
4f572cc74c69e86a349b9a900ce116fe  Lane2_flowcellA_Sample_JR804_linc-Insig2_316-5_A42_KO-M_adult_brain_CAGATC.R1.fastq.gz
bd34a8bb516d4bd9f0772cfb7ede886c  Lane2_flowcellA_Sample_JR804_linc-Insig2_316-5_A42_KO-M_adult_brain_CAGATC.R2.fastq.gz
98444f72324f62fe923475a8661e7b75  Lane2_flowcellA_Sample_JR805_linc-P21_261-6_A47_KO-M_adult_brain_GATCAG.R1.fastq.gz
282e191e0537dde0c26e4cab9e5e2e31  Lane2_flowcellA_Sample_JR805_linc-P21_261-6_A47_KO-M_adult_brain_GATCAG.R2.fastq.gz
eb5a40456062dd1f9fe498741e73dabb  Lane2_flowcellA_Sample_JR806_linc-Sox2_351-4_A15_KO-M_adult_brain_CCGTCC.R1.fastq.gz
4cf9c9e86bacde60e9a2816b505ecc3a  Lane2_flowcellA_Sample_JR806_linc-Sox2_351-4_A15_KO-M_adult_brain_CCGTCC.R2.fastq.gz
058fb204faab90472403e70442625cc1  Lane2_flowcellA_Sample_JR807_Tug1_201-3_A31_KO-M_adult_brain_GTTTCG.R1.fastq.gz
d6b704020a61e19c2d09e2475831eb8e  Lane2_flowcellA_Sample_JR807_Tug1_201-3_A31_KO-M_adult_brain_GTTTCG.R2.fastq.gz
e37bd49262171dcd3055857da76d72af  Lane2_flowcellA_Sample_JR808_linc-Brn1b_L43-5_KO-M_E14_5_brain_ACAGTG.R1.fastq.gz
adb22378b64620286455216ae467cb5a  Lane2_flowcellA_Sample_JR808_linc-Brn1b_L43-5_KO-M_E14_5_brain_ACAGTG.R2.fastq.gz
dfd108b65019d5cc9639fc8ad4a2d6c2  Lane2_flowcellA_Sample_JR809_linc-Cox2_L1-3_KO-F_E14_5_brain_GCCAAT.R1.fastq.gz
45c33abbcf4760cbb518b01c8d8ef7d9  Lane2_flowcellA_Sample_JR809_linc-Cox2_L1-3_KO-F_E14_5_brain_GCCAAT.R2.fastq.gz
7402d4a2f22c0dc6d9d91decae6d6161  Lane2_flowcellA_Sample_JR810_linc-Egfr_L6-5_KO-F_E14_5_brain_CTTGTA.R1.fastq.gz
5855568ed299ec1f42a71f44fb70c746  Lane2_flowcellA_Sample_JR810_linc-Egfr_L6-5_KO-F_E14_5_brain_CTTGTA.R2.fastq.gz
f399c519906f6b4df9aecddf08a08b31  Lane2_flowcellA_Sample_JR811_linc-HoxA1_L2-3_WT-M_E14_5_brain_AGTCAA.R1.fastq.gz
1f5e197590ab06288c48856ef069da0f  Lane2_flowcellA_Sample_JR811_linc-HoxA1_L2-3_WT-M_E14_5_brain_AGTCAA.R2.fastq.gz
355493fbfde80f15da6af9b10b59e4df  Lane2_flowcellA_Sample_JR812_linc-Jarid1c_L13-4_KO-M_E14_5_brain_GTGAAA.R1.fastq.gz
d476f18740e1c5d8806b3ded09bd7405  Lane2_flowcellA_Sample_JR812_linc-Jarid1c_L13-4_KO-M_E14_5_brain_GTGAAA.R2.fastq.gz
5edcbab0da47458d1a1cd22c11c696c0  Lane2_flowcellA_Sample_JR814_linc-p21_20-3_KO-F_E14_5_brain_CGATGT.R1.fastq.gz
c67157853b30b7637c162e825383aab3  Lane2_flowcellA_Sample_JR814_linc-p21_20-3_KO-F_E14_5_brain_CGATGT.R2.fastq.gz
646cdcafd46e463405251d775ab6d5c8  Lane2_flowcellA_Sample_JR815_linc-Irx5_L20-1_WT-F_E14_5_brain_TGACCA.R1.fastq.gz
e70530dfa0950b9f72707d8735ca70ee  Lane2_flowcellA_Sample_JR815_linc-Irx5_L20-1_WT-F_E14_5_brain_TGACCA.R2.fastq.gz
7dab71a84ff84f57a0dc030d05a6ffc3  Lane2_flowcellA_Sample_JR816_linc-Cox2_L1-5_KO-M_E14_5_brain_CAGATC.R1.fastq.gz
a91fbd90a63c0547dad73a0a548406a5  Lane2_flowcellA_Sample_JR816_linc-Cox2_L1-5_KO-M_E14_5_brain_CAGATC.R2.fastq.gz
cbc6c2c478e380c1d5fa29c4e989122b  Lane2_flowcellA_Sample_JR819_linc-Jarid1c_301-4_A39_KO-M_adult_brain_TAGCTT.R1.fastq.gz
bd782e299812495fb0bc54e6c7fb86a6  Lane2_flowcellA_Sample_JR819_linc-Jarid1c_301-4_A39_KO-M_adult_brain_TAGCTT.R2.fastq.gz
bfb25e1e6dc4d42d90cf70f87d9d28d9  Lane2_flowcellA_Sample_JR820_linc-Jarid1c_308-1_A59_WT-M_adult_brain_GGCTAC.R1.fastq.gz
ad93669ac32f58a05482c2afca6ad09c  Lane2_flowcellA_Sample_JR820_linc-Jarid1c_308-1_A59_WT-M_adult_brain_GGCTAC.R2.fastq.gz
cfe78851c1ffbaa937036690630b9c54  Lane2_flowcellA_Sample_JR821_linc-Jarid1c_308-10_A58_WT-M_adult_brain_GTCCGC.R1.fastq.gz
19c364c6dd7fff7384bb8886f463e0c7  Lane2_flowcellA_Sample_JR821_linc-Jarid1c_308-10_A58_WT-M_adult_brain_GTCCGC.R2.fastq.gz
1ace4b510f5561b0d8238dcfedc81ea9  Lane2_flowcellA_Sample_JR822_linc-Sox2_8_A61_KO-M_adult_brain_ACTGAT.R1.fastq.gz
046baad8fd055d92dbd20e27296e79df  Lane2_flowcellA_Sample_JR822_linc-Sox2_8_A61_KO-M_adult_brain_ACTGAT.R2.fastq.gz
1550751be8cf0dacc4ca09a0af054ed1  Lane2_flowcellA_Sample_JR823_linc-Jarid1c_301-7_A37_KO-F_adult_brain_ACAGTG.R1.fastq.gz
0bcaebc79ba61453942cc28f5ff5061c  Lane2_flowcellA_Sample_JR823_linc-Jarid1c_301-7_A37_KO-F_adult_brain_ACAGTG.R2.fastq.gz
dd9c963707d5b83fbd8a23e436aa5b40  Lane2_flowcellA_Sample_JR824_linc-Jarid1c_300-3_A60_WT-M_adult_brain_GCCAAT.R1.fastq.gz
a0e94b6eb938929528f1773a2e762ace  Lane2_flowcellA_Sample_JR824_linc-Jarid1c_300-3_A60_WT-M_adult_brain_GCCAAT.R2.fastq.gz
80d4f91b525cd235ad0bde3946da5b59  Lane2_flowcellA_Sample_JR825_linc-Enc1_301-4_A45_KO-M_adult_brain_CTTGTA.R1.fastq.gz
df4a1f348a8abf615b119721c70272af  Lane2_flowcellA_Sample_JR825_linc-Enc1_301-4_A45_KO-M_adult_brain_CTTGTA.R2.fastq.gz
a8bee7db3fce036d74f4af6b6b0f3dd1  Lane2_flowcellA_Sample_JR826_linc-HoxA1_291-3_A43_KO-F_adult_brain_AGTCAA.R1.fastq.gz
10e2f86b959b86288b0cd72ef0cff537  Lane2_flowcellA_Sample_JR826_linc-HoxA1_291-3_A43_KO-F_adult_brain_AGTCAA.R2.fastq.gz
52b7070942a42783e9dd04069001b21f  Lane2_flowcellA_Sample_JR827_linc-Enc1_300-5_A35_WT-F_adult_brain_GTGAAA.R1.fastq.gz
3439f5301bd4eaf5a612a7a524841f28  Lane2_flowcellA_Sample_JR827_linc-Enc1_300-5_A35_WT-F_adult_brain_GTGAAA.R2.fastq.gz
fadad3fe81f300e17d78df5ab630b351  Lane2_flowcellA_Sample_JR829_linc-Cox2_L2-2_KO-M_E14_5_brain_CCGTCC.R1.fastq.gz
60a444a39dafa2ffced9a8c4eff5c184  Lane2_flowcellA_Sample_JR829_linc-Cox2_L2-2_KO-M_E14_5_brain_CCGTCC.R2.fastq.gz
49aafb5fa8fc6c2e2107bd4c1990e7b5  Lane2_flowcellA_Sample_JR830_linc-Irx5_L21-10_KO-F_E14_5_brain_GTTTCG.R1.fastq.gz
d927138f7818f1f826a5567e8ffc87d6  Lane2_flowcellA_Sample_JR830_linc-Irx5_L21-10_KO-F_E14_5_brain_GTTTCG.R2.fastq.gz
b071be4d5e3066dc07d404dff44bebc7  Lane2_flowcellA_Sample_JR835linc-Brn1b_386-4A62_KO-F_adultbrain_CGATGT.R1.fastq.gz
ecc8a5a61b72a4ae4be0349830ed45fc  Lane2_flowcellA_Sample_JR835linc-Brn1b_386-4A62_KO-F_adultbrain_CGATGT.R2.fastq.gz
89fee57a721ea85cbfd20275b564a7b9  Lane2_flowcellA_Sample_JR836linc-Brn1b_386-8A63_KO-F_adultbrain_TGACCA.R1.fastq.gz
a12b2221d2059c4b52540706694a870d  Lane2_flowcellA_Sample_JR836linc-Brn1b_386-8A63_KO-F_adultbrain_TGACCA.R2.fastq.gz
ed5f1088854176104974143b08643150  Lane2_flowcellA_Sample_JR837linc-Brn1a_320-4A64_KO-M_adultbrain_CAGATC.R1.fastq.gz
8eb728341d38beaf9ae63dc2afd75fa8  Lane2_flowcellA_Sample_JR837linc-Brn1a_320-4A64_KO-M_adultbrain_CAGATC.R2.fastq.gz
2f1d288fb66aa0ab2159cbf73f0946a9  Lane2_flowcellA_Sample_JR838linc-Egfr_L9-4_KO-M_E14_5brain_GATCAG.R1.fastq.gz
845b0da1346236700a0220b521e63e36  Lane2_flowcellA_Sample_JR838linc-Egfr_L9-4_KO-M_E14_5brain_GATCAG.R2.fastq.gz
a8619f81f282808f24d419a6f209d16f  Lane2_flowcellA_Sample_JR839linc-Enc1_L17-1_KO-M_E14_5brain_CCGTCC.R1.fastq.gz
2fa00114200e54a8c8099158936214b8  Lane2_flowcellA_Sample_JR839linc-Enc1_L17-1_KO-M_E14_5brain_CCGTCC.R2.fastq.gz
1f9a3e658481df97cf3a5d94fb43b4b1  Lane2_flowcellA_Sample_JR857Tug1_L13-8_KO-M_E14_5brain_GTTTCG.R1.fastq.gz
1adcc346b4be23e232b7152cfa524031  Lane2_flowcellA_Sample_JR857Tug1_L13-8_KO-M_E14_5brain_GTTTCG.R2.fastq.gz
cdae0dcb43b9580cc0680dfb1449ee9f  Lane2_flowcellA_Sample_JR858_linc-Brn1a_L38-4_KO-F_E14_5_brain_ATCACG.R1.fastq.gz
8d5e71a117ba01198cf3681cc7500ed2  Lane2_flowcellA_Sample_JR858_linc-Brn1a_L38-4_KO-F_E14_5_brain_ATCACG.R2.fastq.gz
5230d3cbd32480d868a87a2c7ff70f97  Lane2_flowcellA_Sample_JR859_linc-Brn1a_L39-2_KO-M_E14_5_brain_ACTTGA.R1.fastq.gz
e2c043b7a681c875019133603664351c  Lane2_flowcellA_Sample_JR859_linc-Brn1a_L39-2_KO-M_E14_5_brain_ACTTGA.R2.fastq.gz
fee1d1b9d2ca0f02c0805f3915b61d67  Lane2_flowcellA_Sample_JR860_linc-Brn1a_L39-5_KO-F_E14_5_brain_TAGCTT.R1.fastq.gz
a7e15c64228cfc58dbf45fca4516b92a  Lane2_flowcellA_Sample_JR860_linc-Brn1a_L39-5_KO-F_E14_5_brain_TAGCTT.R2.fastq.gz
457a1b199ed1e19070266a5facc2000a  Lane2_flowcellA_Sample_JR861_Tug1_L14-4_KO-M_E14_5_brain_GGCTAC.R1.fastq.gz
92697435eb2f2295687ffebbe998a120  Lane2_flowcellA_Sample_JR861_Tug1_L14-4_KO-M_E14_5_brain_GGCTAC.R2.fastq.gz
0e3803d6dea686f0a42d619cfebc0d3f  Lane2_flowcellA_Sample_JR862_linc-p21_L20-6_KO-F_E14_5_brain_GTCCGC.R1.fastq.gz
691f49e7ec1e4e0f2d64fb6774d68de4  Lane2_flowcellA_Sample_JR862_linc-p21_L20-6_KO-F_E14_5_brain_GTCCGC.R2.fastq.gz
cd3d77f513cbd3f426e95ee3168fad60  Lane2_flowcellA_Sample_JR863_linc-Insig2_L23-3_KO-M_E14_5_brain_ACTGAT.R1.fastq.gz
ce9c2acdd52ea478da46b01376cfcae9  Lane2_flowcellA_Sample_JR863_linc-Insig2_L23-3_KO-M_E14_5_brain_ACTGAT.R2.fastq.gz
53b02c912d92c01d6211badb234d2c4c  Lane2_flowcellA_Sample_linc-Brn1a_317-1_A4_WT-F_adult_brain_GCCAAT.R1.fastq.gz
334067228238d17698ca5a6f60cd2d93  Lane2_flowcellA_Sample_linc-Brn1a_317-1_A4_WT-F_adult_brain_GCCAAT.R2.fastq.gz
a199f228873c3a64946aa7eda5a4f372  Lane2_flowcellA_Sample_linc-Brn1a_317-4_A2_WT-M_adult_brain_ACAGTG.R1.fastq.gz
d8928f538bfd7583ec0deb80aa989a5d  Lane2_flowcellA_Sample_linc-Brn1a_317-4_A2_WT-M_adult_brain_ACAGTG.R2.fastq.gz
5b8e378050b9657b885164d53043668c  Lane2_flowcellA_Sample_linc-Brn1a_318-7_A19_KO-M_adult_brain_CTTGTA.R1.fastq.gz
11fd3d1c5f2f9e2f8e89fd350db14ba5  Lane2_flowcellA_Sample_linc-Brn1a_318-7_A19_KO-M_adult_brain_CTTGTA.R2.fastq.gz
c81544943b67166d5d42471f427d9ce1  Lane2_flowcellA_Sample_linc-Brn1b_385-7_A32_KO-M_adult_brain_AGTCAA.R1.fastq.gz
07764147f8a5817d806eb19bebd78dd6  Lane2_flowcellA_Sample_linc-Brn1b_385-7_A32_KO-M_adult_brain_AGTCAA.R2.fastq.gz
e4057907d5276c047c7e5c78caf88e9d  Lane2_flowcellA_Sample_linc-Cox2_153-2_A14_KO-F_adult_brain_GTGAAA.R1.fastq.gz
2d19b890f2bee01659cbe6a98dfe29a5  Lane2_flowcellA_Sample_linc-Cox2_153-2_A14_KO-F_adult_brain_GTGAAA.R2.fastq.gz
f136d70d76540743704f71096df20293  Lane2_flowcellB_Sample_JR858_linc-Brn1a_L38-4_KO-F_E14_5_brain_ATCACG.R1.fastq.gz
e39b69895e8936f511d4f03f7a000520  Lane2_flowcellB_Sample_JR858_linc-Brn1a_L38-4_KO-F_E14_5_brain_ATCACG.R2.fastq.gz
354f1833cf7a51f7c5b7755670e65da2  Lane2_flowcellB_Sample_JR859_linc-Brn1a_L39-2_KO-M_E14_5_brain_ACTTGA.R1.fastq.gz
b826e0142a3263c816f11d98d2ae592f  Lane2_flowcellB_Sample_JR859_linc-Brn1a_L39-2_KO-M_E14_5_brain_ACTTGA.R2.fastq.gz
9dea841d2beaea682543a177155ec1e6  Lane2_flowcellB_Sample_JR860_linc-Brn1a_L39-5_KO-F_E14_5_brain_TAGCTT.R1.fastq.gz
95a4d5eefee484577b74ad9f48ef3180  Lane2_flowcellB_Sample_JR860_linc-Brn1a_L39-5_KO-F_E14_5_brain_TAGCTT.R2.fastq.gz
7f6a50b33e783c616ca8711176068c89  Lane2_flowcellB_Sample_JR861_Tug1_L14-4_KO-M_E14_5_brain_GGCTAC.R1.fastq.gz
5d428f643a446cc59bb05d4ecc2f6c03  Lane2_flowcellB_Sample_JR861_Tug1_L14-4_KO-M_E14_5_brain_GGCTAC.R2.fastq.gz
92a25fd28dba292ac9a830fdcad53fc8  Lane2_flowcellB_Sample_JR862_linc-p21_L20-6_KO-F_E14_5_brain_GTCCGC.R1.fastq.gz
b6d0845af64bcd0574a55f3a2584c7eb  Lane2_flowcellB_Sample_JR862_linc-p21_L20-6_KO-F_E14_5_brain_GTCCGC.R2.fastq.gz
64c57f479269afc0dbe31e17784ec350  Lane2_flowcellB_Sample_JR863_linc-Insig2_L23-3_KO-M_E14_5_brain_ACTGAT.R1.fastq.gz
095da33451af1b0a469c63416d7ef436  Lane2_flowcellB_Sample_JR863_linc-Insig2_L23-3_KO-M_E14_5_brain_ACTGAT.R2.fastq.gz
